[2020-12-28 13:54:51,023] {scheduler_job.py:181} INFO - Started process (PID=15005) to work on /opt/anaconda3/lib/python3.7/site-packages/airflow/example_dags/example_branch_operator.py
[2020-12-28 13:54:51,024] {scheduler_job.py:629} INFO - Processing file /opt/anaconda3/lib/python3.7/site-packages/airflow/example_dags/example_branch_operator.py for tasks to queue
[2020-12-28 13:54:51,025] {logging_mixin.py:103} INFO - [2020-12-28 13:54:51,024] {dagbag.py:440} INFO - Filling up the DagBag from /opt/anaconda3/lib/python3.7/site-packages/airflow/example_dags/example_branch_operator.py
[2020-12-28 13:54:51,036] {scheduler_job.py:639} INFO - DAG(s) dict_keys(['example_branch_operator']) retrieved from /opt/anaconda3/lib/python3.7/site-packages/airflow/example_dags/example_branch_operator.py
[2020-12-28 13:54:51,039] {logging_mixin.py:103} INFO - [2020-12-28 13:54:51,038] {dag.py:1813} INFO - Sync 1 DAGs
[2020-12-28 13:54:51,070] {logging_mixin.py:103} INFO - [2020-12-28 13:54:51,070] {dag.py:2266} INFO - Setting next_dagrun for example_branch_operator to 2020-12-26 00:00:00+00:00
[2020-12-28 13:54:51,098] {scheduler_job.py:189} INFO - Processing /opt/anaconda3/lib/python3.7/site-packages/airflow/example_dags/example_branch_operator.py took 0.078 seconds
[2020-12-28 13:55:16,760] {scheduler_job.py:181} INFO - Started process (PID=15111) to work on /opt/anaconda3/lib/python3.7/site-packages/airflow/example_dags/example_branch_operator.py
[2020-12-28 13:55:16,761] {scheduler_job.py:629} INFO - Processing file /opt/anaconda3/lib/python3.7/site-packages/airflow/example_dags/example_branch_operator.py for tasks to queue
[2020-12-28 13:55:16,763] {logging_mixin.py:103} INFO - [2020-12-28 13:55:16,762] {dagbag.py:440} INFO - Filling up the DagBag from /opt/anaconda3/lib/python3.7/site-packages/airflow/example_dags/example_branch_operator.py
[2020-12-28 13:55:16,779] {scheduler_job.py:639} INFO - DAG(s) dict_keys(['example_branch_operator']) retrieved from /opt/anaconda3/lib/python3.7/site-packages/airflow/example_dags/example_branch_operator.py
[2020-12-28 13:55:16,780] {logging_mixin.py:103} INFO - [2020-12-28 13:55:16,780] {dag.py:1813} INFO - Sync 1 DAGs
[2020-12-28 13:55:16,804] {logging_mixin.py:103} INFO - [2020-12-28 13:55:16,803] {dag.py:2266} INFO - Setting next_dagrun for example_branch_operator to 2020-12-26 00:00:00+00:00
[2020-12-28 13:55:16,813] {scheduler_job.py:189} INFO - Processing /opt/anaconda3/lib/python3.7/site-packages/airflow/example_dags/example_branch_operator.py took 0.056 seconds
[2020-12-28 13:55:43,576] {scheduler_job.py:181} INFO - Started process (PID=15208) to work on /opt/anaconda3/lib/python3.7/site-packages/airflow/example_dags/example_branch_operator.py
[2020-12-28 13:55:43,577] {scheduler_job.py:629} INFO - Processing file /opt/anaconda3/lib/python3.7/site-packages/airflow/example_dags/example_branch_operator.py for tasks to queue
[2020-12-28 13:55:43,578] {logging_mixin.py:103} INFO - [2020-12-28 13:55:43,578] {dagbag.py:440} INFO - Filling up the DagBag from /opt/anaconda3/lib/python3.7/site-packages/airflow/example_dags/example_branch_operator.py
[2020-12-28 13:55:43,592] {scheduler_job.py:639} INFO - DAG(s) dict_keys(['example_branch_operator']) retrieved from /opt/anaconda3/lib/python3.7/site-packages/airflow/example_dags/example_branch_operator.py
[2020-12-28 13:55:43,593] {logging_mixin.py:103} INFO - [2020-12-28 13:55:43,593] {dag.py:1813} INFO - Sync 1 DAGs
[2020-12-28 13:55:43,617] {logging_mixin.py:103} INFO - [2020-12-28 13:55:43,617] {dag.py:2266} INFO - Setting next_dagrun for example_branch_operator to 2020-12-26 00:00:00+00:00
[2020-12-28 13:55:43,629] {scheduler_job.py:189} INFO - Processing /opt/anaconda3/lib/python3.7/site-packages/airflow/example_dags/example_branch_operator.py took 0.057 seconds
[2020-12-28 13:56:09,278] {scheduler_job.py:181} INFO - Started process (PID=15296) to work on /opt/anaconda3/lib/python3.7/site-packages/airflow/example_dags/example_branch_operator.py
[2020-12-28 13:56:09,280] {scheduler_job.py:629} INFO - Processing file /opt/anaconda3/lib/python3.7/site-packages/airflow/example_dags/example_branch_operator.py for tasks to queue
[2020-12-28 13:56:09,281] {logging_mixin.py:103} INFO - [2020-12-28 13:56:09,280] {dagbag.py:440} INFO - Filling up the DagBag from /opt/anaconda3/lib/python3.7/site-packages/airflow/example_dags/example_branch_operator.py
[2020-12-28 13:56:09,295] {scheduler_job.py:639} INFO - DAG(s) dict_keys(['example_branch_operator']) retrieved from /opt/anaconda3/lib/python3.7/site-packages/airflow/example_dags/example_branch_operator.py
[2020-12-28 13:56:09,297] {logging_mixin.py:103} INFO - [2020-12-28 13:56:09,297] {dag.py:1813} INFO - Sync 1 DAGs
[2020-12-28 13:56:09,320] {logging_mixin.py:103} INFO - [2020-12-28 13:56:09,320] {dag.py:2266} INFO - Setting next_dagrun for example_branch_operator to 2020-12-26 00:00:00+00:00
[2020-12-28 13:56:09,334] {scheduler_job.py:189} INFO - Processing /opt/anaconda3/lib/python3.7/site-packages/airflow/example_dags/example_branch_operator.py took 0.059 seconds
[2020-12-28 13:56:36,133] {scheduler_job.py:181} INFO - Started process (PID=15403) to work on /opt/anaconda3/lib/python3.7/site-packages/airflow/example_dags/example_branch_operator.py
[2020-12-28 13:56:36,135] {scheduler_job.py:629} INFO - Processing file /opt/anaconda3/lib/python3.7/site-packages/airflow/example_dags/example_branch_operator.py for tasks to queue
[2020-12-28 13:56:36,136] {logging_mixin.py:103} INFO - [2020-12-28 13:56:36,136] {dagbag.py:440} INFO - Filling up the DagBag from /opt/anaconda3/lib/python3.7/site-packages/airflow/example_dags/example_branch_operator.py
[2020-12-28 13:56:36,151] {scheduler_job.py:639} INFO - DAG(s) dict_keys(['example_branch_operator']) retrieved from /opt/anaconda3/lib/python3.7/site-packages/airflow/example_dags/example_branch_operator.py
[2020-12-28 13:56:36,152] {logging_mixin.py:103} INFO - [2020-12-28 13:56:36,152] {dag.py:1813} INFO - Sync 1 DAGs
[2020-12-28 13:56:36,176] {logging_mixin.py:103} INFO - [2020-12-28 13:56:36,176] {dag.py:2266} INFO - Setting next_dagrun for example_branch_operator to 2020-12-26 00:00:00+00:00
[2020-12-28 13:56:36,189] {scheduler_job.py:189} INFO - Processing /opt/anaconda3/lib/python3.7/site-packages/airflow/example_dags/example_branch_operator.py took 0.059 seconds
[2020-12-28 13:57:01,825] {scheduler_job.py:181} INFO - Started process (PID=15502) to work on /opt/anaconda3/lib/python3.7/site-packages/airflow/example_dags/example_branch_operator.py
[2020-12-28 13:57:01,827] {scheduler_job.py:629} INFO - Processing file /opt/anaconda3/lib/python3.7/site-packages/airflow/example_dags/example_branch_operator.py for tasks to queue
[2020-12-28 13:57:01,828] {logging_mixin.py:103} INFO - [2020-12-28 13:57:01,828] {dagbag.py:440} INFO - Filling up the DagBag from /opt/anaconda3/lib/python3.7/site-packages/airflow/example_dags/example_branch_operator.py
[2020-12-28 13:57:01,842] {scheduler_job.py:639} INFO - DAG(s) dict_keys(['example_branch_operator']) retrieved from /opt/anaconda3/lib/python3.7/site-packages/airflow/example_dags/example_branch_operator.py
[2020-12-28 13:57:01,843] {logging_mixin.py:103} INFO - [2020-12-28 13:57:01,843] {dag.py:1813} INFO - Sync 1 DAGs
[2020-12-28 13:57:01,867] {logging_mixin.py:103} INFO - [2020-12-28 13:57:01,866] {dag.py:2266} INFO - Setting next_dagrun for example_branch_operator to 2020-12-26 00:00:00+00:00
[2020-12-28 13:57:01,880] {scheduler_job.py:189} INFO - Processing /opt/anaconda3/lib/python3.7/site-packages/airflow/example_dags/example_branch_operator.py took 0.058 seconds
[2020-12-28 13:57:28,160] {scheduler_job.py:181} INFO - Started process (PID=15606) to work on /opt/anaconda3/lib/python3.7/site-packages/airflow/example_dags/example_branch_operator.py
[2020-12-28 13:57:28,162] {scheduler_job.py:629} INFO - Processing file /opt/anaconda3/lib/python3.7/site-packages/airflow/example_dags/example_branch_operator.py for tasks to queue
[2020-12-28 13:57:28,163] {logging_mixin.py:103} INFO - [2020-12-28 13:57:28,163] {dagbag.py:440} INFO - Filling up the DagBag from /opt/anaconda3/lib/python3.7/site-packages/airflow/example_dags/example_branch_operator.py
[2020-12-28 13:57:28,177] {scheduler_job.py:639} INFO - DAG(s) dict_keys(['example_branch_operator']) retrieved from /opt/anaconda3/lib/python3.7/site-packages/airflow/example_dags/example_branch_operator.py
[2020-12-28 13:57:28,179] {logging_mixin.py:103} INFO - [2020-12-28 13:57:28,179] {dag.py:1813} INFO - Sync 1 DAGs
[2020-12-28 13:57:28,202] {logging_mixin.py:103} INFO - [2020-12-28 13:57:28,202] {dag.py:2266} INFO - Setting next_dagrun for example_branch_operator to 2020-12-26 00:00:00+00:00
[2020-12-28 13:57:28,215] {scheduler_job.py:189} INFO - Processing /opt/anaconda3/lib/python3.7/site-packages/airflow/example_dags/example_branch_operator.py took 0.059 seconds
[2020-12-28 13:57:55,046] {scheduler_job.py:181} INFO - Started process (PID=15678) to work on /opt/anaconda3/lib/python3.7/site-packages/airflow/example_dags/example_branch_operator.py
[2020-12-28 13:57:55,048] {scheduler_job.py:629} INFO - Processing file /opt/anaconda3/lib/python3.7/site-packages/airflow/example_dags/example_branch_operator.py for tasks to queue
[2020-12-28 13:57:55,049] {logging_mixin.py:103} INFO - [2020-12-28 13:57:55,048] {dagbag.py:440} INFO - Filling up the DagBag from /opt/anaconda3/lib/python3.7/site-packages/airflow/example_dags/example_branch_operator.py
[2020-12-28 13:57:55,063] {scheduler_job.py:639} INFO - DAG(s) dict_keys(['example_branch_operator']) retrieved from /opt/anaconda3/lib/python3.7/site-packages/airflow/example_dags/example_branch_operator.py
[2020-12-28 13:57:55,064] {logging_mixin.py:103} INFO - [2020-12-28 13:57:55,064] {dag.py:1813} INFO - Sync 1 DAGs
[2020-12-28 13:57:55,087] {logging_mixin.py:103} INFO - [2020-12-28 13:57:55,086] {dag.py:2266} INFO - Setting next_dagrun for example_branch_operator to 2020-12-26 00:00:00+00:00
[2020-12-28 13:57:55,100] {scheduler_job.py:189} INFO - Processing /opt/anaconda3/lib/python3.7/site-packages/airflow/example_dags/example_branch_operator.py took 0.057 seconds
[2020-12-28 13:58:20,772] {scheduler_job.py:181} INFO - Started process (PID=15776) to work on /opt/anaconda3/lib/python3.7/site-packages/airflow/example_dags/example_branch_operator.py
[2020-12-28 13:58:20,774] {scheduler_job.py:629} INFO - Processing file /opt/anaconda3/lib/python3.7/site-packages/airflow/example_dags/example_branch_operator.py for tasks to queue
[2020-12-28 13:58:20,775] {logging_mixin.py:103} INFO - [2020-12-28 13:58:20,775] {dagbag.py:440} INFO - Filling up the DagBag from /opt/anaconda3/lib/python3.7/site-packages/airflow/example_dags/example_branch_operator.py
[2020-12-28 13:58:20,789] {scheduler_job.py:639} INFO - DAG(s) dict_keys(['example_branch_operator']) retrieved from /opt/anaconda3/lib/python3.7/site-packages/airflow/example_dags/example_branch_operator.py
[2020-12-28 13:58:20,790] {logging_mixin.py:103} INFO - [2020-12-28 13:58:20,790] {dag.py:1813} INFO - Sync 1 DAGs
[2020-12-28 13:58:20,814] {logging_mixin.py:103} INFO - [2020-12-28 13:58:20,814] {dag.py:2266} INFO - Setting next_dagrun for example_branch_operator to 2020-12-26 00:00:00+00:00
[2020-12-28 13:58:20,828] {scheduler_job.py:189} INFO - Processing /opt/anaconda3/lib/python3.7/site-packages/airflow/example_dags/example_branch_operator.py took 0.059 seconds
[2020-12-28 13:58:47,584] {scheduler_job.py:181} INFO - Started process (PID=15867) to work on /opt/anaconda3/lib/python3.7/site-packages/airflow/example_dags/example_branch_operator.py
[2020-12-28 13:58:47,586] {scheduler_job.py:629} INFO - Processing file /opt/anaconda3/lib/python3.7/site-packages/airflow/example_dags/example_branch_operator.py for tasks to queue
[2020-12-28 13:58:47,588] {logging_mixin.py:103} INFO - [2020-12-28 13:58:47,587] {dagbag.py:440} INFO - Filling up the DagBag from /opt/anaconda3/lib/python3.7/site-packages/airflow/example_dags/example_branch_operator.py
[2020-12-28 13:58:47,602] {scheduler_job.py:639} INFO - DAG(s) dict_keys(['example_branch_operator']) retrieved from /opt/anaconda3/lib/python3.7/site-packages/airflow/example_dags/example_branch_operator.py
[2020-12-28 13:58:47,603] {logging_mixin.py:103} INFO - [2020-12-28 13:58:47,603] {dag.py:1813} INFO - Sync 1 DAGs
[2020-12-28 13:58:47,628] {logging_mixin.py:103} INFO - [2020-12-28 13:58:47,627] {dag.py:2266} INFO - Setting next_dagrun for example_branch_operator to 2020-12-26 00:00:00+00:00
[2020-12-28 13:58:47,641] {scheduler_job.py:189} INFO - Processing /opt/anaconda3/lib/python3.7/site-packages/airflow/example_dags/example_branch_operator.py took 0.061 seconds
[2020-12-28 13:59:13,324] {scheduler_job.py:181} INFO - Started process (PID=15953) to work on /opt/anaconda3/lib/python3.7/site-packages/airflow/example_dags/example_branch_operator.py
[2020-12-28 13:59:13,326] {scheduler_job.py:629} INFO - Processing file /opt/anaconda3/lib/python3.7/site-packages/airflow/example_dags/example_branch_operator.py for tasks to queue
[2020-12-28 13:59:13,327] {logging_mixin.py:103} INFO - [2020-12-28 13:59:13,327] {dagbag.py:440} INFO - Filling up the DagBag from /opt/anaconda3/lib/python3.7/site-packages/airflow/example_dags/example_branch_operator.py
[2020-12-28 13:59:13,341] {scheduler_job.py:639} INFO - DAG(s) dict_keys(['example_branch_operator']) retrieved from /opt/anaconda3/lib/python3.7/site-packages/airflow/example_dags/example_branch_operator.py
[2020-12-28 13:59:13,343] {logging_mixin.py:103} INFO - [2020-12-28 13:59:13,342] {dag.py:1813} INFO - Sync 1 DAGs
[2020-12-28 13:59:13,367] {logging_mixin.py:103} INFO - [2020-12-28 13:59:13,367] {dag.py:2266} INFO - Setting next_dagrun for example_branch_operator to 2020-12-26 00:00:00+00:00
[2020-12-28 13:59:13,381] {scheduler_job.py:189} INFO - Processing /opt/anaconda3/lib/python3.7/site-packages/airflow/example_dags/example_branch_operator.py took 0.060 seconds
[2020-12-28 13:59:38,651] {scheduler_job.py:181} INFO - Started process (PID=16034) to work on /opt/anaconda3/lib/python3.7/site-packages/airflow/example_dags/example_branch_operator.py
[2020-12-28 13:59:38,652] {scheduler_job.py:629} INFO - Processing file /opt/anaconda3/lib/python3.7/site-packages/airflow/example_dags/example_branch_operator.py for tasks to queue
[2020-12-28 13:59:38,653] {logging_mixin.py:103} INFO - [2020-12-28 13:59:38,653] {dagbag.py:440} INFO - Filling up the DagBag from /opt/anaconda3/lib/python3.7/site-packages/airflow/example_dags/example_branch_operator.py
[2020-12-28 13:59:38,667] {scheduler_job.py:639} INFO - DAG(s) dict_keys(['example_branch_operator']) retrieved from /opt/anaconda3/lib/python3.7/site-packages/airflow/example_dags/example_branch_operator.py
[2020-12-28 13:59:38,669] {logging_mixin.py:103} INFO - [2020-12-28 13:59:38,668] {dag.py:1813} INFO - Sync 1 DAGs
[2020-12-28 13:59:38,691] {logging_mixin.py:103} INFO - [2020-12-28 13:59:38,691] {dag.py:2266} INFO - Setting next_dagrun for example_branch_operator to 2020-12-26 00:00:00+00:00
[2020-12-28 13:59:38,705] {scheduler_job.py:189} INFO - Processing /opt/anaconda3/lib/python3.7/site-packages/airflow/example_dags/example_branch_operator.py took 0.057 seconds
[2020-12-28 14:00:04,766] {scheduler_job.py:181} INFO - Started process (PID=16121) to work on /opt/anaconda3/lib/python3.7/site-packages/airflow/example_dags/example_branch_operator.py
[2020-12-28 14:00:04,767] {scheduler_job.py:629} INFO - Processing file /opt/anaconda3/lib/python3.7/site-packages/airflow/example_dags/example_branch_operator.py for tasks to queue
[2020-12-28 14:00:04,768] {logging_mixin.py:103} INFO - [2020-12-28 14:00:04,768] {dagbag.py:440} INFO - Filling up the DagBag from /opt/anaconda3/lib/python3.7/site-packages/airflow/example_dags/example_branch_operator.py
[2020-12-28 14:00:04,782] {scheduler_job.py:639} INFO - DAG(s) dict_keys(['example_branch_operator']) retrieved from /opt/anaconda3/lib/python3.7/site-packages/airflow/example_dags/example_branch_operator.py
[2020-12-28 14:00:04,783] {logging_mixin.py:103} INFO - [2020-12-28 14:00:04,783] {dag.py:1813} INFO - Sync 1 DAGs
[2020-12-28 14:00:04,807] {logging_mixin.py:103} INFO - [2020-12-28 14:00:04,807] {dag.py:2266} INFO - Setting next_dagrun for example_branch_operator to 2020-12-26 00:00:00+00:00
[2020-12-28 14:00:04,822] {scheduler_job.py:189} INFO - Processing /opt/anaconda3/lib/python3.7/site-packages/airflow/example_dags/example_branch_operator.py took 0.059 seconds
[2020-12-28 14:00:30,465] {scheduler_job.py:181} INFO - Started process (PID=16223) to work on /opt/anaconda3/lib/python3.7/site-packages/airflow/example_dags/example_branch_operator.py
[2020-12-28 14:00:30,467] {scheduler_job.py:629} INFO - Processing file /opt/anaconda3/lib/python3.7/site-packages/airflow/example_dags/example_branch_operator.py for tasks to queue
[2020-12-28 14:00:30,468] {logging_mixin.py:103} INFO - [2020-12-28 14:00:30,468] {dagbag.py:440} INFO - Filling up the DagBag from /opt/anaconda3/lib/python3.7/site-packages/airflow/example_dags/example_branch_operator.py
[2020-12-28 14:00:30,482] {scheduler_job.py:639} INFO - DAG(s) dict_keys(['example_branch_operator']) retrieved from /opt/anaconda3/lib/python3.7/site-packages/airflow/example_dags/example_branch_operator.py
[2020-12-28 14:00:30,483] {logging_mixin.py:103} INFO - [2020-12-28 14:00:30,483] {dag.py:1813} INFO - Sync 1 DAGs
[2020-12-28 14:00:30,508] {logging_mixin.py:103} INFO - [2020-12-28 14:00:30,507] {dag.py:2266} INFO - Setting next_dagrun for example_branch_operator to 2020-12-26 00:00:00+00:00
[2020-12-28 14:00:30,523] {scheduler_job.py:189} INFO - Processing /opt/anaconda3/lib/python3.7/site-packages/airflow/example_dags/example_branch_operator.py took 0.062 seconds
[2020-12-28 14:00:57,027] {scheduler_job.py:181} INFO - Started process (PID=16314) to work on /opt/anaconda3/lib/python3.7/site-packages/airflow/example_dags/example_branch_operator.py
[2020-12-28 14:00:57,028] {scheduler_job.py:629} INFO - Processing file /opt/anaconda3/lib/python3.7/site-packages/airflow/example_dags/example_branch_operator.py for tasks to queue
[2020-12-28 14:00:57,028] {logging_mixin.py:103} INFO - [2020-12-28 14:00:57,028] {dagbag.py:440} INFO - Filling up the DagBag from /opt/anaconda3/lib/python3.7/site-packages/airflow/example_dags/example_branch_operator.py
[2020-12-28 14:00:57,041] {scheduler_job.py:639} INFO - DAG(s) dict_keys(['example_branch_operator']) retrieved from /opt/anaconda3/lib/python3.7/site-packages/airflow/example_dags/example_branch_operator.py
[2020-12-28 14:00:57,042] {logging_mixin.py:103} INFO - [2020-12-28 14:00:57,042] {dag.py:1813} INFO - Sync 1 DAGs
[2020-12-28 14:00:57,062] {logging_mixin.py:103} INFO - [2020-12-28 14:00:57,062] {dag.py:2266} INFO - Setting next_dagrun for example_branch_operator to 2020-12-26 00:00:00+00:00
[2020-12-28 14:00:57,076] {scheduler_job.py:189} INFO - Processing /opt/anaconda3/lib/python3.7/site-packages/airflow/example_dags/example_branch_operator.py took 0.052 seconds
[2020-12-28 14:01:24,131] {scheduler_job.py:181} INFO - Started process (PID=16401) to work on /opt/anaconda3/lib/python3.7/site-packages/airflow/example_dags/example_branch_operator.py
[2020-12-28 14:01:24,132] {scheduler_job.py:629} INFO - Processing file /opt/anaconda3/lib/python3.7/site-packages/airflow/example_dags/example_branch_operator.py for tasks to queue
[2020-12-28 14:01:24,133] {logging_mixin.py:103} INFO - [2020-12-28 14:01:24,133] {dagbag.py:440} INFO - Filling up the DagBag from /opt/anaconda3/lib/python3.7/site-packages/airflow/example_dags/example_branch_operator.py
[2020-12-28 14:01:24,148] {scheduler_job.py:639} INFO - DAG(s) dict_keys(['example_branch_operator']) retrieved from /opt/anaconda3/lib/python3.7/site-packages/airflow/example_dags/example_branch_operator.py
[2020-12-28 14:01:24,150] {logging_mixin.py:103} INFO - [2020-12-28 14:01:24,149] {dag.py:1813} INFO - Sync 1 DAGs
[2020-12-28 14:01:24,174] {logging_mixin.py:103} INFO - [2020-12-28 14:01:24,173] {dag.py:2266} INFO - Setting next_dagrun for example_branch_operator to 2020-12-26 00:00:00+00:00
[2020-12-28 14:01:24,187] {scheduler_job.py:189} INFO - Processing /opt/anaconda3/lib/python3.7/site-packages/airflow/example_dags/example_branch_operator.py took 0.059 seconds
[2020-12-28 14:01:49,857] {scheduler_job.py:181} INFO - Started process (PID=16489) to work on /opt/anaconda3/lib/python3.7/site-packages/airflow/example_dags/example_branch_operator.py
[2020-12-28 14:01:49,858] {scheduler_job.py:629} INFO - Processing file /opt/anaconda3/lib/python3.7/site-packages/airflow/example_dags/example_branch_operator.py for tasks to queue
[2020-12-28 14:01:49,859] {logging_mixin.py:103} INFO - [2020-12-28 14:01:49,859] {dagbag.py:440} INFO - Filling up the DagBag from /opt/anaconda3/lib/python3.7/site-packages/airflow/example_dags/example_branch_operator.py
[2020-12-28 14:01:49,874] {scheduler_job.py:639} INFO - DAG(s) dict_keys(['example_branch_operator']) retrieved from /opt/anaconda3/lib/python3.7/site-packages/airflow/example_dags/example_branch_operator.py
[2020-12-28 14:01:49,875] {logging_mixin.py:103} INFO - [2020-12-28 14:01:49,875] {dag.py:1813} INFO - Sync 1 DAGs
[2020-12-28 14:01:49,898] {logging_mixin.py:103} INFO - [2020-12-28 14:01:49,898] {dag.py:2266} INFO - Setting next_dagrun for example_branch_operator to 2020-12-26 00:00:00+00:00
[2020-12-28 14:01:49,911] {scheduler_job.py:189} INFO - Processing /opt/anaconda3/lib/python3.7/site-packages/airflow/example_dags/example_branch_operator.py took 0.058 seconds
[2020-12-28 14:02:16,154] {scheduler_job.py:181} INFO - Started process (PID=16685) to work on /opt/anaconda3/lib/python3.7/site-packages/airflow/example_dags/example_branch_operator.py
[2020-12-28 14:02:16,156] {scheduler_job.py:629} INFO - Processing file /opt/anaconda3/lib/python3.7/site-packages/airflow/example_dags/example_branch_operator.py for tasks to queue
[2020-12-28 14:02:16,157] {logging_mixin.py:103} INFO - [2020-12-28 14:02:16,157] {dagbag.py:440} INFO - Filling up the DagBag from /opt/anaconda3/lib/python3.7/site-packages/airflow/example_dags/example_branch_operator.py
[2020-12-28 14:02:16,171] {scheduler_job.py:639} INFO - DAG(s) dict_keys(['example_branch_operator']) retrieved from /opt/anaconda3/lib/python3.7/site-packages/airflow/example_dags/example_branch_operator.py
[2020-12-28 14:02:16,172] {logging_mixin.py:103} INFO - [2020-12-28 14:02:16,172] {dag.py:1813} INFO - Sync 1 DAGs
[2020-12-28 14:02:16,196] {logging_mixin.py:103} INFO - [2020-12-28 14:02:16,195] {dag.py:2266} INFO - Setting next_dagrun for example_branch_operator to 2020-12-26 00:00:00+00:00
[2020-12-28 14:02:16,210] {scheduler_job.py:189} INFO - Processing /opt/anaconda3/lib/python3.7/site-packages/airflow/example_dags/example_branch_operator.py took 0.060 seconds
[2020-12-28 14:02:41,872] {scheduler_job.py:181} INFO - Started process (PID=16765) to work on /opt/anaconda3/lib/python3.7/site-packages/airflow/example_dags/example_branch_operator.py
[2020-12-28 14:02:41,874] {scheduler_job.py:629} INFO - Processing file /opt/anaconda3/lib/python3.7/site-packages/airflow/example_dags/example_branch_operator.py for tasks to queue
[2020-12-28 14:02:41,875] {logging_mixin.py:103} INFO - [2020-12-28 14:02:41,874] {dagbag.py:440} INFO - Filling up the DagBag from /opt/anaconda3/lib/python3.7/site-packages/airflow/example_dags/example_branch_operator.py
[2020-12-28 14:02:41,889] {scheduler_job.py:639} INFO - DAG(s) dict_keys(['example_branch_operator']) retrieved from /opt/anaconda3/lib/python3.7/site-packages/airflow/example_dags/example_branch_operator.py
[2020-12-28 14:02:41,890] {logging_mixin.py:103} INFO - [2020-12-28 14:02:41,890] {dag.py:1813} INFO - Sync 1 DAGs
[2020-12-28 14:02:41,913] {logging_mixin.py:103} INFO - [2020-12-28 14:02:41,913] {dag.py:2266} INFO - Setting next_dagrun for example_branch_operator to 2020-12-26 00:00:00+00:00
[2020-12-28 14:02:41,927] {scheduler_job.py:189} INFO - Processing /opt/anaconda3/lib/python3.7/site-packages/airflow/example_dags/example_branch_operator.py took 0.059 seconds
[2020-12-28 14:03:08,747] {scheduler_job.py:181} INFO - Started process (PID=16852) to work on /opt/anaconda3/lib/python3.7/site-packages/airflow/example_dags/example_branch_operator.py
[2020-12-28 14:03:08,749] {scheduler_job.py:629} INFO - Processing file /opt/anaconda3/lib/python3.7/site-packages/airflow/example_dags/example_branch_operator.py for tasks to queue
[2020-12-28 14:03:08,750] {logging_mixin.py:103} INFO - [2020-12-28 14:03:08,749] {dagbag.py:440} INFO - Filling up the DagBag from /opt/anaconda3/lib/python3.7/site-packages/airflow/example_dags/example_branch_operator.py
[2020-12-28 14:03:08,764] {scheduler_job.py:639} INFO - DAG(s) dict_keys(['example_branch_operator']) retrieved from /opt/anaconda3/lib/python3.7/site-packages/airflow/example_dags/example_branch_operator.py
[2020-12-28 14:03:08,765] {logging_mixin.py:103} INFO - [2020-12-28 14:03:08,765] {dag.py:1813} INFO - Sync 1 DAGs
[2020-12-28 14:03:08,789] {logging_mixin.py:103} INFO - [2020-12-28 14:03:08,789] {dag.py:2266} INFO - Setting next_dagrun for example_branch_operator to 2020-12-26 00:00:00+00:00
[2020-12-28 14:03:08,802] {scheduler_job.py:189} INFO - Processing /opt/anaconda3/lib/python3.7/site-packages/airflow/example_dags/example_branch_operator.py took 0.058 seconds
[2020-12-28 14:03:34,438] {scheduler_job.py:181} INFO - Started process (PID=16939) to work on /opt/anaconda3/lib/python3.7/site-packages/airflow/example_dags/example_branch_operator.py
[2020-12-28 14:03:34,439] {scheduler_job.py:629} INFO - Processing file /opt/anaconda3/lib/python3.7/site-packages/airflow/example_dags/example_branch_operator.py for tasks to queue
[2020-12-28 14:03:34,440] {logging_mixin.py:103} INFO - [2020-12-28 14:03:34,440] {dagbag.py:440} INFO - Filling up the DagBag from /opt/anaconda3/lib/python3.7/site-packages/airflow/example_dags/example_branch_operator.py
[2020-12-28 14:03:34,454] {scheduler_job.py:639} INFO - DAG(s) dict_keys(['example_branch_operator']) retrieved from /opt/anaconda3/lib/python3.7/site-packages/airflow/example_dags/example_branch_operator.py
[2020-12-28 14:03:34,455] {logging_mixin.py:103} INFO - [2020-12-28 14:03:34,455] {dag.py:1813} INFO - Sync 1 DAGs
[2020-12-28 14:03:34,480] {logging_mixin.py:103} INFO - [2020-12-28 14:03:34,480] {dag.py:2266} INFO - Setting next_dagrun for example_branch_operator to 2020-12-26 00:00:00+00:00
[2020-12-28 14:03:34,494] {scheduler_job.py:189} INFO - Processing /opt/anaconda3/lib/python3.7/site-packages/airflow/example_dags/example_branch_operator.py took 0.060 seconds
[2020-12-28 14:04:00,151] {scheduler_job.py:181} INFO - Started process (PID=17045) to work on /opt/anaconda3/lib/python3.7/site-packages/airflow/example_dags/example_branch_operator.py
[2020-12-28 14:04:00,152] {scheduler_job.py:629} INFO - Processing file /opt/anaconda3/lib/python3.7/site-packages/airflow/example_dags/example_branch_operator.py for tasks to queue
[2020-12-28 14:04:00,153] {logging_mixin.py:103} INFO - [2020-12-28 14:04:00,153] {dagbag.py:440} INFO - Filling up the DagBag from /opt/anaconda3/lib/python3.7/site-packages/airflow/example_dags/example_branch_operator.py
[2020-12-28 14:04:00,167] {scheduler_job.py:639} INFO - DAG(s) dict_keys(['example_branch_operator']) retrieved from /opt/anaconda3/lib/python3.7/site-packages/airflow/example_dags/example_branch_operator.py
[2020-12-28 14:04:00,169] {logging_mixin.py:103} INFO - [2020-12-28 14:04:00,168] {dag.py:1813} INFO - Sync 1 DAGs
[2020-12-28 14:04:00,191] {logging_mixin.py:103} INFO - [2020-12-28 14:04:00,191] {dag.py:2266} INFO - Setting next_dagrun for example_branch_operator to 2020-12-26 00:00:00+00:00
[2020-12-28 14:04:00,204] {scheduler_job.py:189} INFO - Processing /opt/anaconda3/lib/python3.7/site-packages/airflow/example_dags/example_branch_operator.py took 0.057 seconds
[2020-12-28 14:04:28,149] {scheduler_job.py:181} INFO - Started process (PID=17167) to work on /opt/anaconda3/lib/python3.7/site-packages/airflow/example_dags/example_branch_operator.py
[2020-12-28 14:04:28,150] {scheduler_job.py:629} INFO - Processing file /opt/anaconda3/lib/python3.7/site-packages/airflow/example_dags/example_branch_operator.py for tasks to queue
[2020-12-28 14:04:28,152] {logging_mixin.py:103} INFO - [2020-12-28 14:04:28,151] {dagbag.py:440} INFO - Filling up the DagBag from /opt/anaconda3/lib/python3.7/site-packages/airflow/example_dags/example_branch_operator.py
[2020-12-28 14:04:28,166] {scheduler_job.py:639} INFO - DAG(s) dict_keys(['example_branch_operator']) retrieved from /opt/anaconda3/lib/python3.7/site-packages/airflow/example_dags/example_branch_operator.py
[2020-12-28 14:04:28,167] {logging_mixin.py:103} INFO - [2020-12-28 14:04:28,167] {dag.py:1813} INFO - Sync 1 DAGs
[2020-12-28 14:04:28,180] {logging_mixin.py:103} INFO - [2020-12-28 14:04:28,180] {dag.py:1832} INFO - Creating ORM DAG for example_branch_operator
[2020-12-28 14:04:28,192] {logging_mixin.py:103} INFO - [2020-12-28 14:04:28,191] {dag.py:2266} INFO - Setting next_dagrun for example_branch_operator to 2020-12-26 00:00:00+00:00
[2020-12-28 14:04:28,212] {scheduler_job.py:189} INFO - Processing /opt/anaconda3/lib/python3.7/site-packages/airflow/example_dags/example_branch_operator.py took 0.066 seconds
[2020-12-28 14:04:54,963] {scheduler_job.py:181} INFO - Started process (PID=17272) to work on /opt/anaconda3/lib/python3.7/site-packages/airflow/example_dags/example_branch_operator.py
[2020-12-28 14:04:54,964] {scheduler_job.py:629} INFO - Processing file /opt/anaconda3/lib/python3.7/site-packages/airflow/example_dags/example_branch_operator.py for tasks to queue
[2020-12-28 14:04:54,964] {logging_mixin.py:103} INFO - [2020-12-28 14:04:54,964] {dagbag.py:440} INFO - Filling up the DagBag from /opt/anaconda3/lib/python3.7/site-packages/airflow/example_dags/example_branch_operator.py
[2020-12-28 14:04:54,975] {scheduler_job.py:639} INFO - DAG(s) dict_keys(['example_branch_operator']) retrieved from /opt/anaconda3/lib/python3.7/site-packages/airflow/example_dags/example_branch_operator.py
[2020-12-28 14:04:54,976] {logging_mixin.py:103} INFO - [2020-12-28 14:04:54,975] {dag.py:1813} INFO - Sync 1 DAGs
[2020-12-28 14:04:54,996] {logging_mixin.py:103} INFO - [2020-12-28 14:04:54,996] {dag.py:2266} INFO - Setting next_dagrun for example_branch_operator to 2020-12-26 00:00:00+00:00
[2020-12-28 14:04:55,004] {scheduler_job.py:189} INFO - Processing /opt/anaconda3/lib/python3.7/site-packages/airflow/example_dags/example_branch_operator.py took 0.044 seconds
[2020-12-28 14:05:21,320] {scheduler_job.py:181} INFO - Started process (PID=17380) to work on /opt/anaconda3/lib/python3.7/site-packages/airflow/example_dags/example_branch_operator.py
[2020-12-28 14:05:21,322] {scheduler_job.py:629} INFO - Processing file /opt/anaconda3/lib/python3.7/site-packages/airflow/example_dags/example_branch_operator.py for tasks to queue
[2020-12-28 14:05:21,323] {logging_mixin.py:103} INFO - [2020-12-28 14:05:21,322] {dagbag.py:440} INFO - Filling up the DagBag from /opt/anaconda3/lib/python3.7/site-packages/airflow/example_dags/example_branch_operator.py
[2020-12-28 14:05:21,337] {scheduler_job.py:639} INFO - DAG(s) dict_keys(['example_branch_operator']) retrieved from /opt/anaconda3/lib/python3.7/site-packages/airflow/example_dags/example_branch_operator.py
[2020-12-28 14:05:21,338] {logging_mixin.py:103} INFO - [2020-12-28 14:05:21,338] {dag.py:1813} INFO - Sync 1 DAGs
[2020-12-28 14:05:21,361] {logging_mixin.py:103} INFO - [2020-12-28 14:05:21,361] {dag.py:2266} INFO - Setting next_dagrun for example_branch_operator to 2020-12-26 00:00:00+00:00
[2020-12-28 14:05:21,374] {scheduler_job.py:189} INFO - Processing /opt/anaconda3/lib/python3.7/site-packages/airflow/example_dags/example_branch_operator.py took 0.057 seconds
[2020-12-28 14:05:49,269] {scheduler_job.py:181} INFO - Started process (PID=17485) to work on /opt/anaconda3/lib/python3.7/site-packages/airflow/example_dags/example_branch_operator.py
[2020-12-28 14:05:49,270] {scheduler_job.py:629} INFO - Processing file /opt/anaconda3/lib/python3.7/site-packages/airflow/example_dags/example_branch_operator.py for tasks to queue
[2020-12-28 14:05:49,271] {logging_mixin.py:103} INFO - [2020-12-28 14:05:49,271] {dagbag.py:440} INFO - Filling up the DagBag from /opt/anaconda3/lib/python3.7/site-packages/airflow/example_dags/example_branch_operator.py
[2020-12-28 14:05:49,286] {scheduler_job.py:639} INFO - DAG(s) dict_keys(['example_branch_operator']) retrieved from /opt/anaconda3/lib/python3.7/site-packages/airflow/example_dags/example_branch_operator.py
[2020-12-28 14:05:49,287] {logging_mixin.py:103} INFO - [2020-12-28 14:05:49,287] {dag.py:1813} INFO - Sync 1 DAGs
[2020-12-28 14:05:49,310] {logging_mixin.py:103} INFO - [2020-12-28 14:05:49,310] {dag.py:2266} INFO - Setting next_dagrun for example_branch_operator to 2020-12-26 00:00:00+00:00
[2020-12-28 14:05:49,323] {scheduler_job.py:189} INFO - Processing /opt/anaconda3/lib/python3.7/site-packages/airflow/example_dags/example_branch_operator.py took 0.058 seconds
