[2020-12-28 13:54:43,616] {scheduler_job.py:181} INFO - Started process (PID=14967) to work on /opt/anaconda3/lib/python3.7/site-packages/airflow/example_dags/example_xcomargs.py
[2020-12-28 13:54:43,617] {scheduler_job.py:629} INFO - Processing file /opt/anaconda3/lib/python3.7/site-packages/airflow/example_dags/example_xcomargs.py for tasks to queue
[2020-12-28 13:54:43,618] {logging_mixin.py:103} INFO - [2020-12-28 13:54:43,618] {dagbag.py:440} INFO - Filling up the DagBag from /opt/anaconda3/lib/python3.7/site-packages/airflow/example_dags/example_xcomargs.py
[2020-12-28 13:54:43,629] {scheduler_job.py:639} INFO - DAG(s) dict_keys(['example_xcom_args', 'example_xcom_args_with_operators']) retrieved from /opt/anaconda3/lib/python3.7/site-packages/airflow/example_dags/example_xcomargs.py
[2020-12-28 13:54:43,631] {logging_mixin.py:103} INFO - [2020-12-28 13:54:43,630] {dag.py:1813} INFO - Sync 2 DAGs
[2020-12-28 13:54:43,645] {logging_mixin.py:103} INFO - [2020-12-28 13:54:43,645] {dag.py:2266} INFO - Setting next_dagrun for example_xcom_args to None
[2020-12-28 13:54:43,646] {logging_mixin.py:103} INFO - [2020-12-28 13:54:43,646] {dag.py:2266} INFO - Setting next_dagrun for example_xcom_args_with_operators to None
[2020-12-28 13:54:43,665] {scheduler_job.py:189} INFO - Processing /opt/anaconda3/lib/python3.7/site-packages/airflow/example_dags/example_xcomargs.py took 0.052 seconds
[2020-12-28 13:55:09,340] {scheduler_job.py:181} INFO - Started process (PID=15086) to work on /opt/anaconda3/lib/python3.7/site-packages/airflow/example_dags/example_xcomargs.py
[2020-12-28 13:55:09,342] {scheduler_job.py:629} INFO - Processing file /opt/anaconda3/lib/python3.7/site-packages/airflow/example_dags/example_xcomargs.py for tasks to queue
[2020-12-28 13:55:09,343] {logging_mixin.py:103} INFO - [2020-12-28 13:55:09,342] {dagbag.py:440} INFO - Filling up the DagBag from /opt/anaconda3/lib/python3.7/site-packages/airflow/example_dags/example_xcomargs.py
[2020-12-28 13:55:09,356] {scheduler_job.py:639} INFO - DAG(s) dict_keys(['example_xcom_args', 'example_xcom_args_with_operators']) retrieved from /opt/anaconda3/lib/python3.7/site-packages/airflow/example_dags/example_xcomargs.py
[2020-12-28 13:55:09,357] {logging_mixin.py:103} INFO - [2020-12-28 13:55:09,357] {dag.py:1813} INFO - Sync 2 DAGs
[2020-12-28 13:55:09,373] {logging_mixin.py:103} INFO - [2020-12-28 13:55:09,373] {dag.py:2266} INFO - Setting next_dagrun for example_xcom_args to None
[2020-12-28 13:55:09,374] {logging_mixin.py:103} INFO - [2020-12-28 13:55:09,374] {dag.py:2266} INFO - Setting next_dagrun for example_xcom_args_with_operators to None
[2020-12-28 13:55:09,386] {scheduler_job.py:189} INFO - Processing /opt/anaconda3/lib/python3.7/site-packages/airflow/example_dags/example_xcomargs.py took 0.050 seconds
[2020-12-28 13:55:36,204] {scheduler_job.py:181} INFO - Started process (PID=15178) to work on /opt/anaconda3/lib/python3.7/site-packages/airflow/example_dags/example_xcomargs.py
[2020-12-28 13:55:36,206] {scheduler_job.py:629} INFO - Processing file /opt/anaconda3/lib/python3.7/site-packages/airflow/example_dags/example_xcomargs.py for tasks to queue
[2020-12-28 13:55:36,207] {logging_mixin.py:103} INFO - [2020-12-28 13:55:36,206] {dagbag.py:440} INFO - Filling up the DagBag from /opt/anaconda3/lib/python3.7/site-packages/airflow/example_dags/example_xcomargs.py
[2020-12-28 13:55:36,220] {scheduler_job.py:639} INFO - DAG(s) dict_keys(['example_xcom_args', 'example_xcom_args_with_operators']) retrieved from /opt/anaconda3/lib/python3.7/site-packages/airflow/example_dags/example_xcomargs.py
[2020-12-28 13:55:36,221] {logging_mixin.py:103} INFO - [2020-12-28 13:55:36,221] {dag.py:1813} INFO - Sync 2 DAGs
[2020-12-28 13:55:36,237] {logging_mixin.py:103} INFO - [2020-12-28 13:55:36,237] {dag.py:2266} INFO - Setting next_dagrun for example_xcom_args to None
[2020-12-28 13:55:36,238] {logging_mixin.py:103} INFO - [2020-12-28 13:55:36,238] {dag.py:2266} INFO - Setting next_dagrun for example_xcom_args_with_operators to None
[2020-12-28 13:55:36,258] {scheduler_job.py:189} INFO - Processing /opt/anaconda3/lib/python3.7/site-packages/airflow/example_dags/example_xcomargs.py took 0.058 seconds
[2020-12-28 13:56:01,869] {scheduler_job.py:181} INFO - Started process (PID=15272) to work on /opt/anaconda3/lib/python3.7/site-packages/airflow/example_dags/example_xcomargs.py
[2020-12-28 13:56:01,871] {scheduler_job.py:629} INFO - Processing file /opt/anaconda3/lib/python3.7/site-packages/airflow/example_dags/example_xcomargs.py for tasks to queue
[2020-12-28 13:56:01,872] {logging_mixin.py:103} INFO - [2020-12-28 13:56:01,872] {dagbag.py:440} INFO - Filling up the DagBag from /opt/anaconda3/lib/python3.7/site-packages/airflow/example_dags/example_xcomargs.py
[2020-12-28 13:56:01,884] {scheduler_job.py:639} INFO - DAG(s) dict_keys(['example_xcom_args', 'example_xcom_args_with_operators']) retrieved from /opt/anaconda3/lib/python3.7/site-packages/airflow/example_dags/example_xcomargs.py
[2020-12-28 13:56:01,886] {logging_mixin.py:103} INFO - [2020-12-28 13:56:01,886] {dag.py:1813} INFO - Sync 2 DAGs
[2020-12-28 13:56:01,902] {logging_mixin.py:103} INFO - [2020-12-28 13:56:01,901] {dag.py:2266} INFO - Setting next_dagrun for example_xcom_args to None
[2020-12-28 13:56:01,903] {logging_mixin.py:103} INFO - [2020-12-28 13:56:01,903] {dag.py:2266} INFO - Setting next_dagrun for example_xcom_args_with_operators to None
[2020-12-28 13:56:01,915] {scheduler_job.py:189} INFO - Processing /opt/anaconda3/lib/python3.7/site-packages/airflow/example_dags/example_xcomargs.py took 0.049 seconds
[2020-12-28 13:56:28,718] {scheduler_job.py:181} INFO - Started process (PID=15381) to work on /opt/anaconda3/lib/python3.7/site-packages/airflow/example_dags/example_xcomargs.py
[2020-12-28 13:56:28,719] {scheduler_job.py:629} INFO - Processing file /opt/anaconda3/lib/python3.7/site-packages/airflow/example_dags/example_xcomargs.py for tasks to queue
[2020-12-28 13:56:28,721] {logging_mixin.py:103} INFO - [2020-12-28 13:56:28,720] {dagbag.py:440} INFO - Filling up the DagBag from /opt/anaconda3/lib/python3.7/site-packages/airflow/example_dags/example_xcomargs.py
[2020-12-28 13:56:28,733] {scheduler_job.py:639} INFO - DAG(s) dict_keys(['example_xcom_args', 'example_xcom_args_with_operators']) retrieved from /opt/anaconda3/lib/python3.7/site-packages/airflow/example_dags/example_xcomargs.py
[2020-12-28 13:56:28,735] {logging_mixin.py:103} INFO - [2020-12-28 13:56:28,734] {dag.py:1813} INFO - Sync 2 DAGs
[2020-12-28 13:56:28,751] {logging_mixin.py:103} INFO - [2020-12-28 13:56:28,751] {dag.py:2266} INFO - Setting next_dagrun for example_xcom_args to None
[2020-12-28 13:56:28,752] {logging_mixin.py:103} INFO - [2020-12-28 13:56:28,752] {dag.py:2266} INFO - Setting next_dagrun for example_xcom_args_with_operators to None
[2020-12-28 13:56:28,771] {scheduler_job.py:189} INFO - Processing /opt/anaconda3/lib/python3.7/site-packages/airflow/example_dags/example_xcomargs.py took 0.057 seconds
[2020-12-28 13:56:54,719] {scheduler_job.py:181} INFO - Started process (PID=15467) to work on /opt/anaconda3/lib/python3.7/site-packages/airflow/example_dags/example_xcomargs.py
[2020-12-28 13:56:54,721] {scheduler_job.py:629} INFO - Processing file /opt/anaconda3/lib/python3.7/site-packages/airflow/example_dags/example_xcomargs.py for tasks to queue
[2020-12-28 13:56:54,722] {logging_mixin.py:103} INFO - [2020-12-28 13:56:54,722] {dagbag.py:440} INFO - Filling up the DagBag from /opt/anaconda3/lib/python3.7/site-packages/airflow/example_dags/example_xcomargs.py
[2020-12-28 13:56:54,734] {scheduler_job.py:639} INFO - DAG(s) dict_keys(['example_xcom_args', 'example_xcom_args_with_operators']) retrieved from /opt/anaconda3/lib/python3.7/site-packages/airflow/example_dags/example_xcomargs.py
[2020-12-28 13:56:54,736] {logging_mixin.py:103} INFO - [2020-12-28 13:56:54,735] {dag.py:1813} INFO - Sync 2 DAGs
[2020-12-28 13:56:54,752] {logging_mixin.py:103} INFO - [2020-12-28 13:56:54,751] {dag.py:2266} INFO - Setting next_dagrun for example_xcom_args to None
[2020-12-28 13:56:54,753] {logging_mixin.py:103} INFO - [2020-12-28 13:56:54,753] {dag.py:2266} INFO - Setting next_dagrun for example_xcom_args_with_operators to None
[2020-12-28 13:56:54,765] {scheduler_job.py:189} INFO - Processing /opt/anaconda3/lib/python3.7/site-packages/airflow/example_dags/example_xcomargs.py took 0.050 seconds
[2020-12-28 13:57:21,283] {scheduler_job.py:181} INFO - Started process (PID=15592) to work on /opt/anaconda3/lib/python3.7/site-packages/airflow/example_dags/example_xcomargs.py
[2020-12-28 13:57:21,284] {scheduler_job.py:629} INFO - Processing file /opt/anaconda3/lib/python3.7/site-packages/airflow/example_dags/example_xcomargs.py for tasks to queue
[2020-12-28 13:57:21,285] {logging_mixin.py:103} INFO - [2020-12-28 13:57:21,285] {dagbag.py:440} INFO - Filling up the DagBag from /opt/anaconda3/lib/python3.7/site-packages/airflow/example_dags/example_xcomargs.py
[2020-12-28 13:57:21,297] {scheduler_job.py:639} INFO - DAG(s) dict_keys(['example_xcom_args', 'example_xcom_args_with_operators']) retrieved from /opt/anaconda3/lib/python3.7/site-packages/airflow/example_dags/example_xcomargs.py
[2020-12-28 13:57:21,298] {logging_mixin.py:103} INFO - [2020-12-28 13:57:21,298] {dag.py:1813} INFO - Sync 2 DAGs
[2020-12-28 13:57:21,312] {logging_mixin.py:103} INFO - [2020-12-28 13:57:21,312] {dag.py:2266} INFO - Setting next_dagrun for example_xcom_args to None
[2020-12-28 13:57:21,313] {logging_mixin.py:103} INFO - [2020-12-28 13:57:21,313] {dag.py:2266} INFO - Setting next_dagrun for example_xcom_args_with_operators to None
[2020-12-28 13:57:21,330] {scheduler_job.py:189} INFO - Processing /opt/anaconda3/lib/python3.7/site-packages/airflow/example_dags/example_xcomargs.py took 0.050 seconds
[2020-12-28 13:57:48,129] {scheduler_job.py:181} INFO - Started process (PID=15648) to work on /opt/anaconda3/lib/python3.7/site-packages/airflow/example_dags/example_xcomargs.py
[2020-12-28 13:57:48,130] {scheduler_job.py:629} INFO - Processing file /opt/anaconda3/lib/python3.7/site-packages/airflow/example_dags/example_xcomargs.py for tasks to queue
[2020-12-28 13:57:48,131] {logging_mixin.py:103} INFO - [2020-12-28 13:57:48,131] {dagbag.py:440} INFO - Filling up the DagBag from /opt/anaconda3/lib/python3.7/site-packages/airflow/example_dags/example_xcomargs.py
[2020-12-28 13:57:48,143] {scheduler_job.py:639} INFO - DAG(s) dict_keys(['example_xcom_args', 'example_xcom_args_with_operators']) retrieved from /opt/anaconda3/lib/python3.7/site-packages/airflow/example_dags/example_xcomargs.py
[2020-12-28 13:57:48,144] {logging_mixin.py:103} INFO - [2020-12-28 13:57:48,144] {dag.py:1813} INFO - Sync 2 DAGs
[2020-12-28 13:57:48,161] {logging_mixin.py:103} INFO - [2020-12-28 13:57:48,161] {dag.py:2266} INFO - Setting next_dagrun for example_xcom_args to None
[2020-12-28 13:57:48,163] {logging_mixin.py:103} INFO - [2020-12-28 13:57:48,162] {dag.py:2266} INFO - Setting next_dagrun for example_xcom_args_with_operators to None
[2020-12-28 13:57:48,175] {scheduler_job.py:189} INFO - Processing /opt/anaconda3/lib/python3.7/site-packages/airflow/example_dags/example_xcomargs.py took 0.049 seconds
[2020-12-28 13:58:13,878] {scheduler_job.py:181} INFO - Started process (PID=15753) to work on /opt/anaconda3/lib/python3.7/site-packages/airflow/example_dags/example_xcomargs.py
[2020-12-28 13:58:13,880] {scheduler_job.py:629} INFO - Processing file /opt/anaconda3/lib/python3.7/site-packages/airflow/example_dags/example_xcomargs.py for tasks to queue
[2020-12-28 13:58:13,881] {logging_mixin.py:103} INFO - [2020-12-28 13:58:13,881] {dagbag.py:440} INFO - Filling up the DagBag from /opt/anaconda3/lib/python3.7/site-packages/airflow/example_dags/example_xcomargs.py
[2020-12-28 13:58:13,894] {scheduler_job.py:639} INFO - DAG(s) dict_keys(['example_xcom_args', 'example_xcom_args_with_operators']) retrieved from /opt/anaconda3/lib/python3.7/site-packages/airflow/example_dags/example_xcomargs.py
[2020-12-28 13:58:13,895] {logging_mixin.py:103} INFO - [2020-12-28 13:58:13,895] {dag.py:1813} INFO - Sync 2 DAGs
[2020-12-28 13:58:13,912] {logging_mixin.py:103} INFO - [2020-12-28 13:58:13,912] {dag.py:2266} INFO - Setting next_dagrun for example_xcom_args to None
[2020-12-28 13:58:13,913] {logging_mixin.py:103} INFO - [2020-12-28 13:58:13,913] {dag.py:2266} INFO - Setting next_dagrun for example_xcom_args_with_operators to None
[2020-12-28 13:58:13,932] {scheduler_job.py:189} INFO - Processing /opt/anaconda3/lib/python3.7/site-packages/airflow/example_dags/example_xcomargs.py took 0.058 seconds
[2020-12-28 13:58:40,205] {scheduler_job.py:181} INFO - Started process (PID=15843) to work on /opt/anaconda3/lib/python3.7/site-packages/airflow/example_dags/example_xcomargs.py
[2020-12-28 13:58:40,207] {scheduler_job.py:629} INFO - Processing file /opt/anaconda3/lib/python3.7/site-packages/airflow/example_dags/example_xcomargs.py for tasks to queue
[2020-12-28 13:58:40,208] {logging_mixin.py:103} INFO - [2020-12-28 13:58:40,207] {dagbag.py:440} INFO - Filling up the DagBag from /opt/anaconda3/lib/python3.7/site-packages/airflow/example_dags/example_xcomargs.py
[2020-12-28 13:58:40,221] {scheduler_job.py:639} INFO - DAG(s) dict_keys(['example_xcom_args', 'example_xcom_args_with_operators']) retrieved from /opt/anaconda3/lib/python3.7/site-packages/airflow/example_dags/example_xcomargs.py
[2020-12-28 13:58:40,222] {logging_mixin.py:103} INFO - [2020-12-28 13:58:40,222] {dag.py:1813} INFO - Sync 2 DAGs
[2020-12-28 13:58:40,238] {logging_mixin.py:103} INFO - [2020-12-28 13:58:40,238] {dag.py:2266} INFO - Setting next_dagrun for example_xcom_args to None
[2020-12-28 13:58:40,239] {logging_mixin.py:103} INFO - [2020-12-28 13:58:40,239] {dag.py:2266} INFO - Setting next_dagrun for example_xcom_args_with_operators to None
[2020-12-28 13:58:40,252] {scheduler_job.py:189} INFO - Processing /opt/anaconda3/lib/python3.7/site-packages/airflow/example_dags/example_xcomargs.py took 0.051 seconds
[2020-12-28 13:59:05,919] {scheduler_job.py:181} INFO - Started process (PID=15929) to work on /opt/anaconda3/lib/python3.7/site-packages/airflow/example_dags/example_xcomargs.py
[2020-12-28 13:59:05,921] {scheduler_job.py:629} INFO - Processing file /opt/anaconda3/lib/python3.7/site-packages/airflow/example_dags/example_xcomargs.py for tasks to queue
[2020-12-28 13:59:05,922] {logging_mixin.py:103} INFO - [2020-12-28 13:59:05,922] {dagbag.py:440} INFO - Filling up the DagBag from /opt/anaconda3/lib/python3.7/site-packages/airflow/example_dags/example_xcomargs.py
[2020-12-28 13:59:05,934] {scheduler_job.py:639} INFO - DAG(s) dict_keys(['example_xcom_args', 'example_xcom_args_with_operators']) retrieved from /opt/anaconda3/lib/python3.7/site-packages/airflow/example_dags/example_xcomargs.py
[2020-12-28 13:59:05,936] {logging_mixin.py:103} INFO - [2020-12-28 13:59:05,936] {dag.py:1813} INFO - Sync 2 DAGs
[2020-12-28 13:59:05,952] {logging_mixin.py:103} INFO - [2020-12-28 13:59:05,951] {dag.py:2266} INFO - Setting next_dagrun for example_xcom_args to None
[2020-12-28 13:59:05,953] {logging_mixin.py:103} INFO - [2020-12-28 13:59:05,953] {dag.py:2266} INFO - Setting next_dagrun for example_xcom_args_with_operators to None
[2020-12-28 13:59:05,972] {scheduler_job.py:189} INFO - Processing /opt/anaconda3/lib/python3.7/site-packages/airflow/example_dags/example_xcomargs.py took 0.056 seconds
[2020-12-28 13:59:31,622] {scheduler_job.py:181} INFO - Started process (PID=16011) to work on /opt/anaconda3/lib/python3.7/site-packages/airflow/example_dags/example_xcomargs.py
[2020-12-28 13:59:31,624] {scheduler_job.py:629} INFO - Processing file /opt/anaconda3/lib/python3.7/site-packages/airflow/example_dags/example_xcomargs.py for tasks to queue
[2020-12-28 13:59:31,625] {logging_mixin.py:103} INFO - [2020-12-28 13:59:31,625] {dagbag.py:440} INFO - Filling up the DagBag from /opt/anaconda3/lib/python3.7/site-packages/airflow/example_dags/example_xcomargs.py
[2020-12-28 13:59:31,639] {scheduler_job.py:639} INFO - DAG(s) dict_keys(['example_xcom_args', 'example_xcom_args_with_operators']) retrieved from /opt/anaconda3/lib/python3.7/site-packages/airflow/example_dags/example_xcomargs.py
[2020-12-28 13:59:31,641] {logging_mixin.py:103} INFO - [2020-12-28 13:59:31,641] {dag.py:1813} INFO - Sync 2 DAGs
[2020-12-28 13:59:31,658] {logging_mixin.py:103} INFO - [2020-12-28 13:59:31,658] {dag.py:2266} INFO - Setting next_dagrun for example_xcom_args to None
[2020-12-28 13:59:31,659] {logging_mixin.py:103} INFO - [2020-12-28 13:59:31,659] {dag.py:2266} INFO - Setting next_dagrun for example_xcom_args_with_operators to None
[2020-12-28 13:59:31,674] {scheduler_job.py:189} INFO - Processing /opt/anaconda3/lib/python3.7/site-packages/airflow/example_dags/example_xcomargs.py took 0.055 seconds
[2020-12-28 13:59:57,355] {scheduler_job.py:181} INFO - Started process (PID=16098) to work on /opt/anaconda3/lib/python3.7/site-packages/airflow/example_dags/example_xcomargs.py
[2020-12-28 13:59:57,356] {scheduler_job.py:629} INFO - Processing file /opt/anaconda3/lib/python3.7/site-packages/airflow/example_dags/example_xcomargs.py for tasks to queue
[2020-12-28 13:59:57,356] {logging_mixin.py:103} INFO - [2020-12-28 13:59:57,356] {dagbag.py:440} INFO - Filling up the DagBag from /opt/anaconda3/lib/python3.7/site-packages/airflow/example_dags/example_xcomargs.py
[2020-12-28 13:59:57,367] {scheduler_job.py:639} INFO - DAG(s) dict_keys(['example_xcom_args', 'example_xcom_args_with_operators']) retrieved from /opt/anaconda3/lib/python3.7/site-packages/airflow/example_dags/example_xcomargs.py
[2020-12-28 13:59:57,368] {logging_mixin.py:103} INFO - [2020-12-28 13:59:57,367] {dag.py:1813} INFO - Sync 2 DAGs
[2020-12-28 13:59:57,379] {logging_mixin.py:103} INFO - [2020-12-28 13:59:57,379] {dag.py:2266} INFO - Setting next_dagrun for example_xcom_args to None
[2020-12-28 13:59:57,380] {logging_mixin.py:103} INFO - [2020-12-28 13:59:57,380] {dag.py:2266} INFO - Setting next_dagrun for example_xcom_args_with_operators to None
[2020-12-28 13:59:57,394] {scheduler_job.py:189} INFO - Processing /opt/anaconda3/lib/python3.7/site-packages/airflow/example_dags/example_xcomargs.py took 0.043 seconds
[2020-12-28 14:00:24,190] {scheduler_job.py:181} INFO - Started process (PID=16185) to work on /opt/anaconda3/lib/python3.7/site-packages/airflow/example_dags/example_xcomargs.py
[2020-12-28 14:00:24,191] {scheduler_job.py:629} INFO - Processing file /opt/anaconda3/lib/python3.7/site-packages/airflow/example_dags/example_xcomargs.py for tasks to queue
[2020-12-28 14:00:24,192] {logging_mixin.py:103} INFO - [2020-12-28 14:00:24,192] {dagbag.py:440} INFO - Filling up the DagBag from /opt/anaconda3/lib/python3.7/site-packages/airflow/example_dags/example_xcomargs.py
[2020-12-28 14:00:24,205] {scheduler_job.py:639} INFO - DAG(s) dict_keys(['example_xcom_args', 'example_xcom_args_with_operators']) retrieved from /opt/anaconda3/lib/python3.7/site-packages/airflow/example_dags/example_xcomargs.py
[2020-12-28 14:00:24,206] {logging_mixin.py:103} INFO - [2020-12-28 14:00:24,206] {dag.py:1813} INFO - Sync 2 DAGs
[2020-12-28 14:00:24,223] {logging_mixin.py:103} INFO - [2020-12-28 14:00:24,223] {dag.py:2266} INFO - Setting next_dagrun for example_xcom_args to None
[2020-12-28 14:00:24,224] {logging_mixin.py:103} INFO - [2020-12-28 14:00:24,224] {dag.py:2266} INFO - Setting next_dagrun for example_xcom_args_with_operators to None
[2020-12-28 14:00:24,236] {scheduler_job.py:189} INFO - Processing /opt/anaconda3/lib/python3.7/site-packages/airflow/example_dags/example_xcomargs.py took 0.050 seconds
[2020-12-28 14:00:49,914] {scheduler_job.py:181} INFO - Started process (PID=16289) to work on /opt/anaconda3/lib/python3.7/site-packages/airflow/example_dags/example_xcomargs.py
[2020-12-28 14:00:49,916] {scheduler_job.py:629} INFO - Processing file /opt/anaconda3/lib/python3.7/site-packages/airflow/example_dags/example_xcomargs.py for tasks to queue
[2020-12-28 14:00:49,917] {logging_mixin.py:103} INFO - [2020-12-28 14:00:49,917] {dagbag.py:440} INFO - Filling up the DagBag from /opt/anaconda3/lib/python3.7/site-packages/airflow/example_dags/example_xcomargs.py
[2020-12-28 14:00:49,930] {scheduler_job.py:639} INFO - DAG(s) dict_keys(['example_xcom_args', 'example_xcom_args_with_operators']) retrieved from /opt/anaconda3/lib/python3.7/site-packages/airflow/example_dags/example_xcomargs.py
[2020-12-28 14:00:49,931] {logging_mixin.py:103} INFO - [2020-12-28 14:00:49,931] {dag.py:1813} INFO - Sync 2 DAGs
[2020-12-28 14:00:49,948] {logging_mixin.py:103} INFO - [2020-12-28 14:00:49,947] {dag.py:2266} INFO - Setting next_dagrun for example_xcom_args to None
[2020-12-28 14:00:49,949] {logging_mixin.py:103} INFO - [2020-12-28 14:00:49,948] {dag.py:2266} INFO - Setting next_dagrun for example_xcom_args_with_operators to None
[2020-12-28 14:00:49,966] {scheduler_job.py:189} INFO - Processing /opt/anaconda3/lib/python3.7/site-packages/airflow/example_dags/example_xcomargs.py took 0.055 seconds
[2020-12-28 14:01:16,724] {scheduler_job.py:181} INFO - Started process (PID=16378) to work on /opt/anaconda3/lib/python3.7/site-packages/airflow/example_dags/example_xcomargs.py
[2020-12-28 14:01:16,725] {scheduler_job.py:629} INFO - Processing file /opt/anaconda3/lib/python3.7/site-packages/airflow/example_dags/example_xcomargs.py for tasks to queue
[2020-12-28 14:01:16,726] {logging_mixin.py:103} INFO - [2020-12-28 14:01:16,726] {dagbag.py:440} INFO - Filling up the DagBag from /opt/anaconda3/lib/python3.7/site-packages/airflow/example_dags/example_xcomargs.py
[2020-12-28 14:01:16,739] {scheduler_job.py:639} INFO - DAG(s) dict_keys(['example_xcom_args', 'example_xcom_args_with_operators']) retrieved from /opt/anaconda3/lib/python3.7/site-packages/airflow/example_dags/example_xcomargs.py
[2020-12-28 14:01:16,741] {logging_mixin.py:103} INFO - [2020-12-28 14:01:16,740] {dag.py:1813} INFO - Sync 2 DAGs
[2020-12-28 14:01:16,757] {logging_mixin.py:103} INFO - [2020-12-28 14:01:16,756] {dag.py:2266} INFO - Setting next_dagrun for example_xcom_args to None
[2020-12-28 14:01:16,758] {logging_mixin.py:103} INFO - [2020-12-28 14:01:16,758] {dag.py:2266} INFO - Setting next_dagrun for example_xcom_args_with_operators to None
[2020-12-28 14:01:16,771] {scheduler_job.py:189} INFO - Processing /opt/anaconda3/lib/python3.7/site-packages/airflow/example_dags/example_xcomargs.py took 0.050 seconds
[2020-12-28 14:01:42,445] {scheduler_job.py:181} INFO - Started process (PID=16466) to work on /opt/anaconda3/lib/python3.7/site-packages/airflow/example_dags/example_xcomargs.py
[2020-12-28 14:01:42,447] {scheduler_job.py:629} INFO - Processing file /opt/anaconda3/lib/python3.7/site-packages/airflow/example_dags/example_xcomargs.py for tasks to queue
[2020-12-28 14:01:42,448] {logging_mixin.py:103} INFO - [2020-12-28 14:01:42,448] {dagbag.py:440} INFO - Filling up the DagBag from /opt/anaconda3/lib/python3.7/site-packages/airflow/example_dags/example_xcomargs.py
[2020-12-28 14:01:42,462] {scheduler_job.py:639} INFO - DAG(s) dict_keys(['example_xcom_args', 'example_xcom_args_with_operators']) retrieved from /opt/anaconda3/lib/python3.7/site-packages/airflow/example_dags/example_xcomargs.py
[2020-12-28 14:01:42,463] {logging_mixin.py:103} INFO - [2020-12-28 14:01:42,463] {dag.py:1813} INFO - Sync 2 DAGs
[2020-12-28 14:01:42,480] {logging_mixin.py:103} INFO - [2020-12-28 14:01:42,480] {dag.py:2266} INFO - Setting next_dagrun for example_xcom_args to None
[2020-12-28 14:01:42,481] {logging_mixin.py:103} INFO - [2020-12-28 14:01:42,481] {dag.py:2266} INFO - Setting next_dagrun for example_xcom_args_with_operators to None
[2020-12-28 14:01:42,500] {scheduler_job.py:189} INFO - Processing /opt/anaconda3/lib/python3.7/site-packages/airflow/example_dags/example_xcomargs.py took 0.058 seconds
[2020-12-28 14:02:09,300] {scheduler_job.py:181} INFO - Started process (PID=16607) to work on /opt/anaconda3/lib/python3.7/site-packages/airflow/example_dags/example_xcomargs.py
[2020-12-28 14:02:09,303] {scheduler_job.py:629} INFO - Processing file /opt/anaconda3/lib/python3.7/site-packages/airflow/example_dags/example_xcomargs.py for tasks to queue
[2020-12-28 14:02:09,304] {logging_mixin.py:103} INFO - [2020-12-28 14:02:09,304] {dagbag.py:440} INFO - Filling up the DagBag from /opt/anaconda3/lib/python3.7/site-packages/airflow/example_dags/example_xcomargs.py
[2020-12-28 14:02:09,318] {scheduler_job.py:639} INFO - DAG(s) dict_keys(['example_xcom_args', 'example_xcom_args_with_operators']) retrieved from /opt/anaconda3/lib/python3.7/site-packages/airflow/example_dags/example_xcomargs.py
[2020-12-28 14:02:09,319] {logging_mixin.py:103} INFO - [2020-12-28 14:02:09,319] {dag.py:1813} INFO - Sync 2 DAGs
[2020-12-28 14:02:09,336] {logging_mixin.py:103} INFO - [2020-12-28 14:02:09,336] {dag.py:2266} INFO - Setting next_dagrun for example_xcom_args to None
[2020-12-28 14:02:09,337] {logging_mixin.py:103} INFO - [2020-12-28 14:02:09,337] {dag.py:2266} INFO - Setting next_dagrun for example_xcom_args_with_operators to None
[2020-12-28 14:02:09,352] {scheduler_job.py:189} INFO - Processing /opt/anaconda3/lib/python3.7/site-packages/airflow/example_dags/example_xcomargs.py took 0.055 seconds
[2020-12-28 14:02:34,986] {scheduler_job.py:181} INFO - Started process (PID=16741) to work on /opt/anaconda3/lib/python3.7/site-packages/airflow/example_dags/example_xcomargs.py
[2020-12-28 14:02:34,988] {scheduler_job.py:629} INFO - Processing file /opt/anaconda3/lib/python3.7/site-packages/airflow/example_dags/example_xcomargs.py for tasks to queue
[2020-12-28 14:02:34,989] {logging_mixin.py:103} INFO - [2020-12-28 14:02:34,989] {dagbag.py:440} INFO - Filling up the DagBag from /opt/anaconda3/lib/python3.7/site-packages/airflow/example_dags/example_xcomargs.py
[2020-12-28 14:02:35,002] {scheduler_job.py:639} INFO - DAG(s) dict_keys(['example_xcom_args', 'example_xcom_args_with_operators']) retrieved from /opt/anaconda3/lib/python3.7/site-packages/airflow/example_dags/example_xcomargs.py
[2020-12-28 14:02:35,003] {logging_mixin.py:103} INFO - [2020-12-28 14:02:35,003] {dag.py:1813} INFO - Sync 2 DAGs
[2020-12-28 14:02:35,021] {logging_mixin.py:103} INFO - [2020-12-28 14:02:35,020] {dag.py:2266} INFO - Setting next_dagrun for example_xcom_args to None
[2020-12-28 14:02:35,022] {logging_mixin.py:103} INFO - [2020-12-28 14:02:35,022] {dag.py:2266} INFO - Setting next_dagrun for example_xcom_args_with_operators to None
[2020-12-28 14:02:35,040] {scheduler_job.py:189} INFO - Processing /opt/anaconda3/lib/python3.7/site-packages/airflow/example_dags/example_xcomargs.py took 0.058 seconds
[2020-12-28 14:03:01,564] {scheduler_job.py:181} INFO - Started process (PID=16829) to work on /opt/anaconda3/lib/python3.7/site-packages/airflow/example_dags/example_xcomargs.py
[2020-12-28 14:03:01,565] {scheduler_job.py:629} INFO - Processing file /opt/anaconda3/lib/python3.7/site-packages/airflow/example_dags/example_xcomargs.py for tasks to queue
[2020-12-28 14:03:01,566] {logging_mixin.py:103} INFO - [2020-12-28 14:03:01,565] {dagbag.py:440} INFO - Filling up the DagBag from /opt/anaconda3/lib/python3.7/site-packages/airflow/example_dags/example_xcomargs.py
[2020-12-28 14:03:01,575] {scheduler_job.py:639} INFO - DAG(s) dict_keys(['example_xcom_args', 'example_xcom_args_with_operators']) retrieved from /opt/anaconda3/lib/python3.7/site-packages/airflow/example_dags/example_xcomargs.py
[2020-12-28 14:03:01,576] {logging_mixin.py:103} INFO - [2020-12-28 14:03:01,576] {dag.py:1813} INFO - Sync 2 DAGs
[2020-12-28 14:03:01,589] {logging_mixin.py:103} INFO - [2020-12-28 14:03:01,589] {dag.py:2266} INFO - Setting next_dagrun for example_xcom_args to None
[2020-12-28 14:03:01,590] {logging_mixin.py:103} INFO - [2020-12-28 14:03:01,590] {dag.py:2266} INFO - Setting next_dagrun for example_xcom_args_with_operators to None
[2020-12-28 14:03:01,603] {scheduler_job.py:189} INFO - Processing /opt/anaconda3/lib/python3.7/site-packages/airflow/example_dags/example_xcomargs.py took 0.041 seconds
[2020-12-28 14:03:28,149] {scheduler_job.py:181} INFO - Started process (PID=16915) to work on /opt/anaconda3/lib/python3.7/site-packages/airflow/example_dags/example_xcomargs.py
[2020-12-28 14:03:28,150] {scheduler_job.py:629} INFO - Processing file /opt/anaconda3/lib/python3.7/site-packages/airflow/example_dags/example_xcomargs.py for tasks to queue
[2020-12-28 14:03:28,151] {logging_mixin.py:103} INFO - [2020-12-28 14:03:28,151] {dagbag.py:440} INFO - Filling up the DagBag from /opt/anaconda3/lib/python3.7/site-packages/airflow/example_dags/example_xcomargs.py
[2020-12-28 14:03:28,165] {scheduler_job.py:639} INFO - DAG(s) dict_keys(['example_xcom_args', 'example_xcom_args_with_operators']) retrieved from /opt/anaconda3/lib/python3.7/site-packages/airflow/example_dags/example_xcomargs.py
[2020-12-28 14:03:28,166] {logging_mixin.py:103} INFO - [2020-12-28 14:03:28,166] {dag.py:1813} INFO - Sync 2 DAGs
[2020-12-28 14:03:28,183] {logging_mixin.py:103} INFO - [2020-12-28 14:03:28,182] {dag.py:2266} INFO - Setting next_dagrun for example_xcom_args to None
[2020-12-28 14:03:28,184] {logging_mixin.py:103} INFO - [2020-12-28 14:03:28,184] {dag.py:2266} INFO - Setting next_dagrun for example_xcom_args_with_operators to None
[2020-12-28 14:03:28,202] {scheduler_job.py:189} INFO - Processing /opt/anaconda3/lib/python3.7/site-packages/airflow/example_dags/example_xcomargs.py took 0.057 seconds
[2020-12-28 14:03:53,871] {scheduler_job.py:181} INFO - Started process (PID=17022) to work on /opt/anaconda3/lib/python3.7/site-packages/airflow/example_dags/example_xcomargs.py
[2020-12-28 14:03:53,872] {scheduler_job.py:629} INFO - Processing file /opt/anaconda3/lib/python3.7/site-packages/airflow/example_dags/example_xcomargs.py for tasks to queue
[2020-12-28 14:03:53,873] {logging_mixin.py:103} INFO - [2020-12-28 14:03:53,872] {dagbag.py:440} INFO - Filling up the DagBag from /opt/anaconda3/lib/python3.7/site-packages/airflow/example_dags/example_xcomargs.py
[2020-12-28 14:03:53,885] {scheduler_job.py:639} INFO - DAG(s) dict_keys(['example_xcom_args', 'example_xcom_args_with_operators']) retrieved from /opt/anaconda3/lib/python3.7/site-packages/airflow/example_dags/example_xcomargs.py
[2020-12-28 14:03:53,887] {logging_mixin.py:103} INFO - [2020-12-28 14:03:53,886] {dag.py:1813} INFO - Sync 2 DAGs
[2020-12-28 14:03:53,902] {logging_mixin.py:103} INFO - [2020-12-28 14:03:53,902] {dag.py:2266} INFO - Setting next_dagrun for example_xcom_args to None
[2020-12-28 14:03:53,903] {logging_mixin.py:103} INFO - [2020-12-28 14:03:53,903] {dag.py:2266} INFO - Setting next_dagrun for example_xcom_args_with_operators to None
[2020-12-28 14:03:53,918] {scheduler_job.py:189} INFO - Processing /opt/anaconda3/lib/python3.7/site-packages/airflow/example_dags/example_xcomargs.py took 0.050 seconds
[2020-12-28 14:04:19,589] {scheduler_job.py:181} INFO - Started process (PID=17120) to work on /opt/anaconda3/lib/python3.7/site-packages/airflow/example_dags/example_xcomargs.py
[2020-12-28 14:04:19,591] {scheduler_job.py:629} INFO - Processing file /opt/anaconda3/lib/python3.7/site-packages/airflow/example_dags/example_xcomargs.py for tasks to queue
[2020-12-28 14:04:19,592] {logging_mixin.py:103} INFO - [2020-12-28 14:04:19,591] {dagbag.py:440} INFO - Filling up the DagBag from /opt/anaconda3/lib/python3.7/site-packages/airflow/example_dags/example_xcomargs.py
[2020-12-28 14:04:19,605] {scheduler_job.py:639} INFO - DAG(s) dict_keys(['example_xcom_args', 'example_xcom_args_with_operators']) retrieved from /opt/anaconda3/lib/python3.7/site-packages/airflow/example_dags/example_xcomargs.py
[2020-12-28 14:04:19,606] {logging_mixin.py:103} INFO - [2020-12-28 14:04:19,606] {dag.py:1813} INFO - Sync 2 DAGs
[2020-12-28 14:04:19,623] {logging_mixin.py:103} INFO - [2020-12-28 14:04:19,622] {dag.py:2266} INFO - Setting next_dagrun for example_xcom_args to None
[2020-12-28 14:04:19,624] {logging_mixin.py:103} INFO - [2020-12-28 14:04:19,624] {dag.py:2266} INFO - Setting next_dagrun for example_xcom_args_with_operators to None
[2020-12-28 14:04:19,643] {scheduler_job.py:189} INFO - Processing /opt/anaconda3/lib/python3.7/site-packages/airflow/example_dags/example_xcomargs.py took 0.057 seconds
[2020-12-28 14:04:46,419] {scheduler_job.py:181} INFO - Started process (PID=17242) to work on /opt/anaconda3/lib/python3.7/site-packages/airflow/example_dags/example_xcomargs.py
[2020-12-28 14:04:46,421] {scheduler_job.py:629} INFO - Processing file /opt/anaconda3/lib/python3.7/site-packages/airflow/example_dags/example_xcomargs.py for tasks to queue
[2020-12-28 14:04:46,422] {logging_mixin.py:103} INFO - [2020-12-28 14:04:46,421] {dagbag.py:440} INFO - Filling up the DagBag from /opt/anaconda3/lib/python3.7/site-packages/airflow/example_dags/example_xcomargs.py
[2020-12-28 14:04:46,434] {scheduler_job.py:639} INFO - DAG(s) dict_keys(['example_xcom_args', 'example_xcom_args_with_operators']) retrieved from /opt/anaconda3/lib/python3.7/site-packages/airflow/example_dags/example_xcomargs.py
[2020-12-28 14:04:46,436] {logging_mixin.py:103} INFO - [2020-12-28 14:04:46,435] {dag.py:1813} INFO - Sync 2 DAGs
[2020-12-28 14:04:46,448] {logging_mixin.py:103} INFO - [2020-12-28 14:04:46,448] {dag.py:1832} INFO - Creating ORM DAG for example_xcom_args_with_operators
[2020-12-28 14:04:46,449] {logging_mixin.py:103} INFO - [2020-12-28 14:04:46,449] {dag.py:1832} INFO - Creating ORM DAG for example_xcom_args
[2020-12-28 14:04:46,453] {logging_mixin.py:103} INFO - [2020-12-28 14:04:46,453] {dag.py:2266} INFO - Setting next_dagrun for example_xcom_args to None
[2020-12-28 14:04:46,454] {logging_mixin.py:103} INFO - [2020-12-28 14:04:46,454] {dag.py:2266} INFO - Setting next_dagrun for example_xcom_args_with_operators to None
[2020-12-28 14:04:46,477] {scheduler_job.py:189} INFO - Processing /opt/anaconda3/lib/python3.7/site-packages/airflow/example_dags/example_xcomargs.py took 0.061 seconds
[2020-12-28 14:05:13,305] {scheduler_job.py:181} INFO - Started process (PID=17355) to work on /opt/anaconda3/lib/python3.7/site-packages/airflow/example_dags/example_xcomargs.py
[2020-12-28 14:05:13,307] {scheduler_job.py:629} INFO - Processing file /opt/anaconda3/lib/python3.7/site-packages/airflow/example_dags/example_xcomargs.py for tasks to queue
[2020-12-28 14:05:13,308] {logging_mixin.py:103} INFO - [2020-12-28 14:05:13,307] {dagbag.py:440} INFO - Filling up the DagBag from /opt/anaconda3/lib/python3.7/site-packages/airflow/example_dags/example_xcomargs.py
[2020-12-28 14:05:13,320] {scheduler_job.py:639} INFO - DAG(s) dict_keys(['example_xcom_args', 'example_xcom_args_with_operators']) retrieved from /opt/anaconda3/lib/python3.7/site-packages/airflow/example_dags/example_xcomargs.py
[2020-12-28 14:05:13,322] {logging_mixin.py:103} INFO - [2020-12-28 14:05:13,321] {dag.py:1813} INFO - Sync 2 DAGs
[2020-12-28 14:05:13,339] {logging_mixin.py:103} INFO - [2020-12-28 14:05:13,338] {dag.py:2266} INFO - Setting next_dagrun for example_xcom_args to None
[2020-12-28 14:05:13,340] {logging_mixin.py:103} INFO - [2020-12-28 14:05:13,339] {dag.py:2266} INFO - Setting next_dagrun for example_xcom_args_with_operators to None
[2020-12-28 14:05:13,348] {scheduler_job.py:189} INFO - Processing /opt/anaconda3/lib/python3.7/site-packages/airflow/example_dags/example_xcomargs.py took 0.046 seconds
[2020-12-28 14:05:41,301] {scheduler_job.py:181} INFO - Started process (PID=17459) to work on /opt/anaconda3/lib/python3.7/site-packages/airflow/example_dags/example_xcomargs.py
[2020-12-28 14:05:41,303] {scheduler_job.py:629} INFO - Processing file /opt/anaconda3/lib/python3.7/site-packages/airflow/example_dags/example_xcomargs.py for tasks to queue
[2020-12-28 14:05:41,304] {logging_mixin.py:103} INFO - [2020-12-28 14:05:41,304] {dagbag.py:440} INFO - Filling up the DagBag from /opt/anaconda3/lib/python3.7/site-packages/airflow/example_dags/example_xcomargs.py
[2020-12-28 14:05:41,317] {scheduler_job.py:639} INFO - DAG(s) dict_keys(['example_xcom_args', 'example_xcom_args_with_operators']) retrieved from /opt/anaconda3/lib/python3.7/site-packages/airflow/example_dags/example_xcomargs.py
[2020-12-28 14:05:41,319] {logging_mixin.py:103} INFO - [2020-12-28 14:05:41,319] {dag.py:1813} INFO - Sync 2 DAGs
[2020-12-28 14:05:41,335] {logging_mixin.py:103} INFO - [2020-12-28 14:05:41,335] {dag.py:2266} INFO - Setting next_dagrun for example_xcom_args to None
[2020-12-28 14:05:41,337] {logging_mixin.py:103} INFO - [2020-12-28 14:05:41,336] {dag.py:2266} INFO - Setting next_dagrun for example_xcom_args_with_operators to None
[2020-12-28 14:05:41,357] {scheduler_job.py:189} INFO - Processing /opt/anaconda3/lib/python3.7/site-packages/airflow/example_dags/example_xcomargs.py took 0.059 seconds
