[2020-12-28 13:54:45,880] {scheduler_job.py:181} INFO - Started process (PID=14978) to work on /opt/anaconda3/lib/python3.7/site-packages/airflow/example_dags/example_kubernetes_executor_config.py
[2020-12-28 13:54:45,881] {scheduler_job.py:629} INFO - Processing file /opt/anaconda3/lib/python3.7/site-packages/airflow/example_dags/example_kubernetes_executor_config.py for tasks to queue
[2020-12-28 13:54:45,882] {logging_mixin.py:103} INFO - [2020-12-28 13:54:45,882] {dagbag.py:440} INFO - Filling up the DagBag from /opt/anaconda3/lib/python3.7/site-packages/airflow/example_dags/example_kubernetes_executor_config.py
[2020-12-28 13:54:45,889] {logging_mixin.py:103} INFO - [2020-12-28 13:54:45,889] {example_kubernetes_executor_config.py:174} WARNING - Could not import DAGs in example_kubernetes_executor_config.py: No module named 'kubernetes'
[2020-12-28 13:54:45,890] {logging_mixin.py:103} INFO - [2020-12-28 13:54:45,890] {example_kubernetes_executor_config.py:175} WARNING - Install kubernetes dependencies with: pip install apache-airflow['cncf.kubernetes']
[2020-12-28 13:54:45,890] {scheduler_job.py:641} WARNING - No viable dags retrieved from /opt/anaconda3/lib/python3.7/site-packages/airflow/example_dags/example_kubernetes_executor_config.py
[2020-12-28 13:54:45,897] {scheduler_job.py:189} INFO - Processing /opt/anaconda3/lib/python3.7/site-packages/airflow/example_dags/example_kubernetes_executor_config.py took 0.020 seconds
[2020-12-28 13:55:11,615] {scheduler_job.py:181} INFO - Started process (PID=15093) to work on /opt/anaconda3/lib/python3.7/site-packages/airflow/example_dags/example_kubernetes_executor_config.py
[2020-12-28 13:55:11,617] {scheduler_job.py:629} INFO - Processing file /opt/anaconda3/lib/python3.7/site-packages/airflow/example_dags/example_kubernetes_executor_config.py for tasks to queue
[2020-12-28 13:55:11,618] {logging_mixin.py:103} INFO - [2020-12-28 13:55:11,618] {dagbag.py:440} INFO - Filling up the DagBag from /opt/anaconda3/lib/python3.7/site-packages/airflow/example_dags/example_kubernetes_executor_config.py
[2020-12-28 13:55:11,626] {logging_mixin.py:103} INFO - [2020-12-28 13:55:11,625] {example_kubernetes_executor_config.py:174} WARNING - Could not import DAGs in example_kubernetes_executor_config.py: No module named 'kubernetes'
[2020-12-28 13:55:11,626] {logging_mixin.py:103} INFO - [2020-12-28 13:55:11,626] {example_kubernetes_executor_config.py:175} WARNING - Install kubernetes dependencies with: pip install apache-airflow['cncf.kubernetes']
[2020-12-28 13:55:11,627] {scheduler_job.py:641} WARNING - No viable dags retrieved from /opt/anaconda3/lib/python3.7/site-packages/airflow/example_dags/example_kubernetes_executor_config.py
[2020-12-28 13:55:11,633] {scheduler_job.py:189} INFO - Processing /opt/anaconda3/lib/python3.7/site-packages/airflow/example_dags/example_kubernetes_executor_config.py took 0.022 seconds
[2020-12-28 13:55:38,470] {scheduler_job.py:181} INFO - Started process (PID=15184) to work on /opt/anaconda3/lib/python3.7/site-packages/airflow/example_dags/example_kubernetes_executor_config.py
[2020-12-28 13:55:38,471] {scheduler_job.py:629} INFO - Processing file /opt/anaconda3/lib/python3.7/site-packages/airflow/example_dags/example_kubernetes_executor_config.py for tasks to queue
[2020-12-28 13:55:38,472] {logging_mixin.py:103} INFO - [2020-12-28 13:55:38,472] {dagbag.py:440} INFO - Filling up the DagBag from /opt/anaconda3/lib/python3.7/site-packages/airflow/example_dags/example_kubernetes_executor_config.py
[2020-12-28 13:55:38,479] {logging_mixin.py:103} INFO - [2020-12-28 13:55:38,479] {example_kubernetes_executor_config.py:174} WARNING - Could not import DAGs in example_kubernetes_executor_config.py: No module named 'kubernetes'
[2020-12-28 13:55:38,480] {logging_mixin.py:103} INFO - [2020-12-28 13:55:38,479] {example_kubernetes_executor_config.py:175} WARNING - Install kubernetes dependencies with: pip install apache-airflow['cncf.kubernetes']
[2020-12-28 13:55:38,480] {scheduler_job.py:641} WARNING - No viable dags retrieved from /opt/anaconda3/lib/python3.7/site-packages/airflow/example_dags/example_kubernetes_executor_config.py
[2020-12-28 13:55:38,487] {scheduler_job.py:189} INFO - Processing /opt/anaconda3/lib/python3.7/site-packages/airflow/example_dags/example_kubernetes_executor_config.py took 0.021 seconds
[2020-12-28 13:56:04,138] {scheduler_job.py:181} INFO - Started process (PID=15279) to work on /opt/anaconda3/lib/python3.7/site-packages/airflow/example_dags/example_kubernetes_executor_config.py
[2020-12-28 13:56:04,139] {scheduler_job.py:629} INFO - Processing file /opt/anaconda3/lib/python3.7/site-packages/airflow/example_dags/example_kubernetes_executor_config.py for tasks to queue
[2020-12-28 13:56:04,140] {logging_mixin.py:103} INFO - [2020-12-28 13:56:04,140] {dagbag.py:440} INFO - Filling up the DagBag from /opt/anaconda3/lib/python3.7/site-packages/airflow/example_dags/example_kubernetes_executor_config.py
[2020-12-28 13:56:04,150] {logging_mixin.py:103} INFO - [2020-12-28 13:56:04,149] {example_kubernetes_executor_config.py:174} WARNING - Could not import DAGs in example_kubernetes_executor_config.py: No module named 'kubernetes'
[2020-12-28 13:56:04,150] {logging_mixin.py:103} INFO - [2020-12-28 13:56:04,150] {example_kubernetes_executor_config.py:175} WARNING - Install kubernetes dependencies with: pip install apache-airflow['cncf.kubernetes']
[2020-12-28 13:56:04,151] {scheduler_job.py:641} WARNING - No viable dags retrieved from /opt/anaconda3/lib/python3.7/site-packages/airflow/example_dags/example_kubernetes_executor_config.py
[2020-12-28 13:56:04,157] {scheduler_job.py:189} INFO - Processing /opt/anaconda3/lib/python3.7/site-packages/airflow/example_dags/example_kubernetes_executor_config.py took 0.023 seconds
[2020-12-28 13:56:30,985] {scheduler_job.py:181} INFO - Started process (PID=15387) to work on /opt/anaconda3/lib/python3.7/site-packages/airflow/example_dags/example_kubernetes_executor_config.py
[2020-12-28 13:56:30,987] {scheduler_job.py:629} INFO - Processing file /opt/anaconda3/lib/python3.7/site-packages/airflow/example_dags/example_kubernetes_executor_config.py for tasks to queue
[2020-12-28 13:56:30,988] {logging_mixin.py:103} INFO - [2020-12-28 13:56:30,988] {dagbag.py:440} INFO - Filling up the DagBag from /opt/anaconda3/lib/python3.7/site-packages/airflow/example_dags/example_kubernetes_executor_config.py
[2020-12-28 13:56:30,996] {logging_mixin.py:103} INFO - [2020-12-28 13:56:30,996] {example_kubernetes_executor_config.py:174} WARNING - Could not import DAGs in example_kubernetes_executor_config.py: No module named 'kubernetes'
[2020-12-28 13:56:30,997] {logging_mixin.py:103} INFO - [2020-12-28 13:56:30,996] {example_kubernetes_executor_config.py:175} WARNING - Install kubernetes dependencies with: pip install apache-airflow['cncf.kubernetes']
[2020-12-28 13:56:30,997] {scheduler_job.py:641} WARNING - No viable dags retrieved from /opt/anaconda3/lib/python3.7/site-packages/airflow/example_dags/example_kubernetes_executor_config.py
[2020-12-28 13:56:31,003] {scheduler_job.py:189} INFO - Processing /opt/anaconda3/lib/python3.7/site-packages/airflow/example_dags/example_kubernetes_executor_config.py took 0.022 seconds
[2020-12-28 13:56:56,986] {scheduler_job.py:181} INFO - Started process (PID=15478) to work on /opt/anaconda3/lib/python3.7/site-packages/airflow/example_dags/example_kubernetes_executor_config.py
[2020-12-28 13:56:56,988] {scheduler_job.py:629} INFO - Processing file /opt/anaconda3/lib/python3.7/site-packages/airflow/example_dags/example_kubernetes_executor_config.py for tasks to queue
[2020-12-28 13:56:56,989] {logging_mixin.py:103} INFO - [2020-12-28 13:56:56,989] {dagbag.py:440} INFO - Filling up the DagBag from /opt/anaconda3/lib/python3.7/site-packages/airflow/example_dags/example_kubernetes_executor_config.py
[2020-12-28 13:56:56,998] {logging_mixin.py:103} INFO - [2020-12-28 13:56:56,997] {example_kubernetes_executor_config.py:174} WARNING - Could not import DAGs in example_kubernetes_executor_config.py: No module named 'kubernetes'
[2020-12-28 13:56:56,998] {logging_mixin.py:103} INFO - [2020-12-28 13:56:56,998] {example_kubernetes_executor_config.py:175} WARNING - Install kubernetes dependencies with: pip install apache-airflow['cncf.kubernetes']
[2020-12-28 13:56:56,999] {scheduler_job.py:641} WARNING - No viable dags retrieved from /opt/anaconda3/lib/python3.7/site-packages/airflow/example_dags/example_kubernetes_executor_config.py
[2020-12-28 13:56:57,007] {scheduler_job.py:189} INFO - Processing /opt/anaconda3/lib/python3.7/site-packages/airflow/example_dags/example_kubernetes_executor_config.py took 0.024 seconds
[2020-12-28 13:57:23,020] {scheduler_job.py:181} INFO - Started process (PID=15596) to work on /opt/anaconda3/lib/python3.7/site-packages/airflow/example_dags/example_kubernetes_executor_config.py
[2020-12-28 13:57:23,022] {scheduler_job.py:629} INFO - Processing file /opt/anaconda3/lib/python3.7/site-packages/airflow/example_dags/example_kubernetes_executor_config.py for tasks to queue
[2020-12-28 13:57:23,022] {logging_mixin.py:103} INFO - [2020-12-28 13:57:23,022] {dagbag.py:440} INFO - Filling up the DagBag from /opt/anaconda3/lib/python3.7/site-packages/airflow/example_dags/example_kubernetes_executor_config.py
[2020-12-28 13:57:23,029] {logging_mixin.py:103} INFO - [2020-12-28 13:57:23,029] {example_kubernetes_executor_config.py:174} WARNING - Could not import DAGs in example_kubernetes_executor_config.py: No module named 'kubernetes'
[2020-12-28 13:57:23,029] {logging_mixin.py:103} INFO - [2020-12-28 13:57:23,029] {example_kubernetes_executor_config.py:175} WARNING - Install kubernetes dependencies with: pip install apache-airflow['cncf.kubernetes']
[2020-12-28 13:57:23,030] {scheduler_job.py:641} WARNING - No viable dags retrieved from /opt/anaconda3/lib/python3.7/site-packages/airflow/example_dags/example_kubernetes_executor_config.py
[2020-12-28 13:57:23,035] {scheduler_job.py:189} INFO - Processing /opt/anaconda3/lib/python3.7/site-packages/airflow/example_dags/example_kubernetes_executor_config.py took 0.017 seconds
[2020-12-28 13:57:49,897] {scheduler_job.py:181} INFO - Started process (PID=15661) to work on /opt/anaconda3/lib/python3.7/site-packages/airflow/example_dags/example_kubernetes_executor_config.py
[2020-12-28 13:57:49,898] {scheduler_job.py:629} INFO - Processing file /opt/anaconda3/lib/python3.7/site-packages/airflow/example_dags/example_kubernetes_executor_config.py for tasks to queue
[2020-12-28 13:57:49,899] {logging_mixin.py:103} INFO - [2020-12-28 13:57:49,899] {dagbag.py:440} INFO - Filling up the DagBag from /opt/anaconda3/lib/python3.7/site-packages/airflow/example_dags/example_kubernetes_executor_config.py
[2020-12-28 13:57:49,906] {logging_mixin.py:103} INFO - [2020-12-28 13:57:49,905] {example_kubernetes_executor_config.py:174} WARNING - Could not import DAGs in example_kubernetes_executor_config.py: No module named 'kubernetes'
[2020-12-28 13:57:49,906] {logging_mixin.py:103} INFO - [2020-12-28 13:57:49,906] {example_kubernetes_executor_config.py:175} WARNING - Install kubernetes dependencies with: pip install apache-airflow['cncf.kubernetes']
[2020-12-28 13:57:49,907] {scheduler_job.py:641} WARNING - No viable dags retrieved from /opt/anaconda3/lib/python3.7/site-packages/airflow/example_dags/example_kubernetes_executor_config.py
[2020-12-28 13:57:49,913] {scheduler_job.py:189} INFO - Processing /opt/anaconda3/lib/python3.7/site-packages/airflow/example_dags/example_kubernetes_executor_config.py took 0.018 seconds
[2020-12-28 13:58:15,627] {scheduler_job.py:181} INFO - Started process (PID=15758) to work on /opt/anaconda3/lib/python3.7/site-packages/airflow/example_dags/example_kubernetes_executor_config.py
[2020-12-28 13:58:15,629] {scheduler_job.py:629} INFO - Processing file /opt/anaconda3/lib/python3.7/site-packages/airflow/example_dags/example_kubernetes_executor_config.py for tasks to queue
[2020-12-28 13:58:15,630] {logging_mixin.py:103} INFO - [2020-12-28 13:58:15,630] {dagbag.py:440} INFO - Filling up the DagBag from /opt/anaconda3/lib/python3.7/site-packages/airflow/example_dags/example_kubernetes_executor_config.py
[2020-12-28 13:58:15,637] {logging_mixin.py:103} INFO - [2020-12-28 13:58:15,637] {example_kubernetes_executor_config.py:174} WARNING - Could not import DAGs in example_kubernetes_executor_config.py: No module named 'kubernetes'
[2020-12-28 13:58:15,638] {logging_mixin.py:103} INFO - [2020-12-28 13:58:15,637] {example_kubernetes_executor_config.py:175} WARNING - Install kubernetes dependencies with: pip install apache-airflow['cncf.kubernetes']
[2020-12-28 13:58:15,638] {scheduler_job.py:641} WARNING - No viable dags retrieved from /opt/anaconda3/lib/python3.7/site-packages/airflow/example_dags/example_kubernetes_executor_config.py
[2020-12-28 13:58:15,646] {scheduler_job.py:189} INFO - Processing /opt/anaconda3/lib/python3.7/site-packages/airflow/example_dags/example_kubernetes_executor_config.py took 0.022 seconds
[2020-12-28 13:58:41,895] {scheduler_job.py:181} INFO - Started process (PID=15850) to work on /opt/anaconda3/lib/python3.7/site-packages/airflow/example_dags/example_kubernetes_executor_config.py
[2020-12-28 13:58:41,898] {scheduler_job.py:629} INFO - Processing file /opt/anaconda3/lib/python3.7/site-packages/airflow/example_dags/example_kubernetes_executor_config.py for tasks to queue
[2020-12-28 13:58:41,899] {logging_mixin.py:103} INFO - [2020-12-28 13:58:41,899] {dagbag.py:440} INFO - Filling up the DagBag from /opt/anaconda3/lib/python3.7/site-packages/airflow/example_dags/example_kubernetes_executor_config.py
[2020-12-28 13:58:41,907] {logging_mixin.py:103} INFO - [2020-12-28 13:58:41,907] {example_kubernetes_executor_config.py:174} WARNING - Could not import DAGs in example_kubernetes_executor_config.py: No module named 'kubernetes'
[2020-12-28 13:58:41,908] {logging_mixin.py:103} INFO - [2020-12-28 13:58:41,908] {example_kubernetes_executor_config.py:175} WARNING - Install kubernetes dependencies with: pip install apache-airflow['cncf.kubernetes']
[2020-12-28 13:58:41,908] {scheduler_job.py:641} WARNING - No viable dags retrieved from /opt/anaconda3/lib/python3.7/site-packages/airflow/example_dags/example_kubernetes_executor_config.py
[2020-12-28 13:58:41,916] {scheduler_job.py:189} INFO - Processing /opt/anaconda3/lib/python3.7/site-packages/airflow/example_dags/example_kubernetes_executor_config.py took 0.024 seconds
[2020-12-28 13:59:08,200] {scheduler_job.py:181} INFO - Started process (PID=15936) to work on /opt/anaconda3/lib/python3.7/site-packages/airflow/example_dags/example_kubernetes_executor_config.py
[2020-12-28 13:59:08,201] {scheduler_job.py:629} INFO - Processing file /opt/anaconda3/lib/python3.7/site-packages/airflow/example_dags/example_kubernetes_executor_config.py for tasks to queue
[2020-12-28 13:59:08,202] {logging_mixin.py:103} INFO - [2020-12-28 13:59:08,202] {dagbag.py:440} INFO - Filling up the DagBag from /opt/anaconda3/lib/python3.7/site-packages/airflow/example_dags/example_kubernetes_executor_config.py
[2020-12-28 13:59:08,211] {logging_mixin.py:103} INFO - [2020-12-28 13:59:08,211] {example_kubernetes_executor_config.py:174} WARNING - Could not import DAGs in example_kubernetes_executor_config.py: No module named 'kubernetes'
[2020-12-28 13:59:08,212] {logging_mixin.py:103} INFO - [2020-12-28 13:59:08,211] {example_kubernetes_executor_config.py:175} WARNING - Install kubernetes dependencies with: pip install apache-airflow['cncf.kubernetes']
[2020-12-28 13:59:08,212] {scheduler_job.py:641} WARNING - No viable dags retrieved from /opt/anaconda3/lib/python3.7/site-packages/airflow/example_dags/example_kubernetes_executor_config.py
[2020-12-28 13:59:08,219] {scheduler_job.py:189} INFO - Processing /opt/anaconda3/lib/python3.7/site-packages/airflow/example_dags/example_kubernetes_executor_config.py took 0.023 seconds
[2020-12-28 13:59:33,899] {scheduler_job.py:181} INFO - Started process (PID=16016) to work on /opt/anaconda3/lib/python3.7/site-packages/airflow/example_dags/example_kubernetes_executor_config.py
[2020-12-28 13:59:33,901] {scheduler_job.py:629} INFO - Processing file /opt/anaconda3/lib/python3.7/site-packages/airflow/example_dags/example_kubernetes_executor_config.py for tasks to queue
[2020-12-28 13:59:33,902] {logging_mixin.py:103} INFO - [2020-12-28 13:59:33,901] {dagbag.py:440} INFO - Filling up the DagBag from /opt/anaconda3/lib/python3.7/site-packages/airflow/example_dags/example_kubernetes_executor_config.py
[2020-12-28 13:59:33,910] {logging_mixin.py:103} INFO - [2020-12-28 13:59:33,910] {example_kubernetes_executor_config.py:174} WARNING - Could not import DAGs in example_kubernetes_executor_config.py: No module named 'kubernetes'
[2020-12-28 13:59:33,911] {logging_mixin.py:103} INFO - [2020-12-28 13:59:33,910] {example_kubernetes_executor_config.py:175} WARNING - Install kubernetes dependencies with: pip install apache-airflow['cncf.kubernetes']
[2020-12-28 13:59:33,911] {scheduler_job.py:641} WARNING - No viable dags retrieved from /opt/anaconda3/lib/python3.7/site-packages/airflow/example_dags/example_kubernetes_executor_config.py
[2020-12-28 13:59:33,917] {scheduler_job.py:189} INFO - Processing /opt/anaconda3/lib/python3.7/site-packages/airflow/example_dags/example_kubernetes_executor_config.py took 0.022 seconds
[2020-12-28 13:59:59,623] {scheduler_job.py:181} INFO - Started process (PID=16105) to work on /opt/anaconda3/lib/python3.7/site-packages/airflow/example_dags/example_kubernetes_executor_config.py
[2020-12-28 13:59:59,624] {scheduler_job.py:629} INFO - Processing file /opt/anaconda3/lib/python3.7/site-packages/airflow/example_dags/example_kubernetes_executor_config.py for tasks to queue
[2020-12-28 13:59:59,625] {logging_mixin.py:103} INFO - [2020-12-28 13:59:59,625] {dagbag.py:440} INFO - Filling up the DagBag from /opt/anaconda3/lib/python3.7/site-packages/airflow/example_dags/example_kubernetes_executor_config.py
[2020-12-28 13:59:59,632] {logging_mixin.py:103} INFO - [2020-12-28 13:59:59,632] {example_kubernetes_executor_config.py:174} WARNING - Could not import DAGs in example_kubernetes_executor_config.py: No module named 'kubernetes'
[2020-12-28 13:59:59,633] {logging_mixin.py:103} INFO - [2020-12-28 13:59:59,633] {example_kubernetes_executor_config.py:175} WARNING - Install kubernetes dependencies with: pip install apache-airflow['cncf.kubernetes']
[2020-12-28 13:59:59,633] {scheduler_job.py:641} WARNING - No viable dags retrieved from /opt/anaconda3/lib/python3.7/site-packages/airflow/example_dags/example_kubernetes_executor_config.py
[2020-12-28 13:59:59,640] {scheduler_job.py:189} INFO - Processing /opt/anaconda3/lib/python3.7/site-packages/airflow/example_dags/example_kubernetes_executor_config.py took 0.020 seconds
[2020-12-28 14:00:26,454] {scheduler_job.py:181} INFO - Started process (PID=16200) to work on /opt/anaconda3/lib/python3.7/site-packages/airflow/example_dags/example_kubernetes_executor_config.py
[2020-12-28 14:00:26,456] {scheduler_job.py:629} INFO - Processing file /opt/anaconda3/lib/python3.7/site-packages/airflow/example_dags/example_kubernetes_executor_config.py for tasks to queue
[2020-12-28 14:00:26,457] {logging_mixin.py:103} INFO - [2020-12-28 14:00:26,457] {dagbag.py:440} INFO - Filling up the DagBag from /opt/anaconda3/lib/python3.7/site-packages/airflow/example_dags/example_kubernetes_executor_config.py
[2020-12-28 14:00:26,464] {logging_mixin.py:103} INFO - [2020-12-28 14:00:26,464] {example_kubernetes_executor_config.py:174} WARNING - Could not import DAGs in example_kubernetes_executor_config.py: No module named 'kubernetes'
[2020-12-28 14:00:26,465] {logging_mixin.py:103} INFO - [2020-12-28 14:00:26,464] {example_kubernetes_executor_config.py:175} WARNING - Install kubernetes dependencies with: pip install apache-airflow['cncf.kubernetes']
[2020-12-28 14:00:26,465] {scheduler_job.py:641} WARNING - No viable dags retrieved from /opt/anaconda3/lib/python3.7/site-packages/airflow/example_dags/example_kubernetes_executor_config.py
[2020-12-28 14:00:26,471] {scheduler_job.py:189} INFO - Processing /opt/anaconda3/lib/python3.7/site-packages/airflow/example_dags/example_kubernetes_executor_config.py took 0.020 seconds
[2020-12-28 14:00:52,184] {scheduler_job.py:181} INFO - Started process (PID=16295) to work on /opt/anaconda3/lib/python3.7/site-packages/airflow/example_dags/example_kubernetes_executor_config.py
[2020-12-28 14:00:52,186] {scheduler_job.py:629} INFO - Processing file /opt/anaconda3/lib/python3.7/site-packages/airflow/example_dags/example_kubernetes_executor_config.py for tasks to queue
[2020-12-28 14:00:52,187] {logging_mixin.py:103} INFO - [2020-12-28 14:00:52,186] {dagbag.py:440} INFO - Filling up the DagBag from /opt/anaconda3/lib/python3.7/site-packages/airflow/example_dags/example_kubernetes_executor_config.py
[2020-12-28 14:00:52,194] {logging_mixin.py:103} INFO - [2020-12-28 14:00:52,194] {example_kubernetes_executor_config.py:174} WARNING - Could not import DAGs in example_kubernetes_executor_config.py: No module named 'kubernetes'
[2020-12-28 14:00:52,195] {logging_mixin.py:103} INFO - [2020-12-28 14:00:52,195] {example_kubernetes_executor_config.py:175} WARNING - Install kubernetes dependencies with: pip install apache-airflow['cncf.kubernetes']
[2020-12-28 14:00:52,195] {scheduler_job.py:641} WARNING - No viable dags retrieved from /opt/anaconda3/lib/python3.7/site-packages/airflow/example_dags/example_kubernetes_executor_config.py
[2020-12-28 14:00:52,202] {scheduler_job.py:189} INFO - Processing /opt/anaconda3/lib/python3.7/site-packages/airflow/example_dags/example_kubernetes_executor_config.py took 0.021 seconds
[2020-12-28 14:01:18,979] {scheduler_job.py:181} INFO - Started process (PID=16385) to work on /opt/anaconda3/lib/python3.7/site-packages/airflow/example_dags/example_kubernetes_executor_config.py
[2020-12-28 14:01:18,980] {scheduler_job.py:629} INFO - Processing file /opt/anaconda3/lib/python3.7/site-packages/airflow/example_dags/example_kubernetes_executor_config.py for tasks to queue
[2020-12-28 14:01:18,981] {logging_mixin.py:103} INFO - [2020-12-28 14:01:18,981] {dagbag.py:440} INFO - Filling up the DagBag from /opt/anaconda3/lib/python3.7/site-packages/airflow/example_dags/example_kubernetes_executor_config.py
[2020-12-28 14:01:18,988] {logging_mixin.py:103} INFO - [2020-12-28 14:01:18,988] {example_kubernetes_executor_config.py:174} WARNING - Could not import DAGs in example_kubernetes_executor_config.py: No module named 'kubernetes'
[2020-12-28 14:01:18,989] {logging_mixin.py:103} INFO - [2020-12-28 14:01:18,988] {example_kubernetes_executor_config.py:175} WARNING - Install kubernetes dependencies with: pip install apache-airflow['cncf.kubernetes']
[2020-12-28 14:01:18,989] {scheduler_job.py:641} WARNING - No viable dags retrieved from /opt/anaconda3/lib/python3.7/site-packages/airflow/example_dags/example_kubernetes_executor_config.py
[2020-12-28 14:01:18,995] {scheduler_job.py:189} INFO - Processing /opt/anaconda3/lib/python3.7/site-packages/airflow/example_dags/example_kubernetes_executor_config.py took 0.018 seconds
[2020-12-28 14:01:44,735] {scheduler_job.py:181} INFO - Started process (PID=16473) to work on /opt/anaconda3/lib/python3.7/site-packages/airflow/example_dags/example_kubernetes_executor_config.py
[2020-12-28 14:01:44,737] {scheduler_job.py:629} INFO - Processing file /opt/anaconda3/lib/python3.7/site-packages/airflow/example_dags/example_kubernetes_executor_config.py for tasks to queue
[2020-12-28 14:01:44,738] {logging_mixin.py:103} INFO - [2020-12-28 14:01:44,738] {dagbag.py:440} INFO - Filling up the DagBag from /opt/anaconda3/lib/python3.7/site-packages/airflow/example_dags/example_kubernetes_executor_config.py
[2020-12-28 14:01:44,746] {logging_mixin.py:103} INFO - [2020-12-28 14:01:44,746] {example_kubernetes_executor_config.py:174} WARNING - Could not import DAGs in example_kubernetes_executor_config.py: No module named 'kubernetes'
[2020-12-28 14:01:44,747] {logging_mixin.py:103} INFO - [2020-12-28 14:01:44,746] {example_kubernetes_executor_config.py:175} WARNING - Install kubernetes dependencies with: pip install apache-airflow['cncf.kubernetes']
[2020-12-28 14:01:44,747] {scheduler_job.py:641} WARNING - No viable dags retrieved from /opt/anaconda3/lib/python3.7/site-packages/airflow/example_dags/example_kubernetes_executor_config.py
[2020-12-28 14:01:44,754] {scheduler_job.py:189} INFO - Processing /opt/anaconda3/lib/python3.7/site-packages/airflow/example_dags/example_kubernetes_executor_config.py took 0.022 seconds
[2020-12-28 14:02:11,041] {scheduler_job.py:181} INFO - Started process (PID=16614) to work on /opt/anaconda3/lib/python3.7/site-packages/airflow/example_dags/example_kubernetes_executor_config.py
[2020-12-28 14:02:11,043] {scheduler_job.py:629} INFO - Processing file /opt/anaconda3/lib/python3.7/site-packages/airflow/example_dags/example_kubernetes_executor_config.py for tasks to queue
[2020-12-28 14:02:11,045] {logging_mixin.py:103} INFO - [2020-12-28 14:02:11,044] {dagbag.py:440} INFO - Filling up the DagBag from /opt/anaconda3/lib/python3.7/site-packages/airflow/example_dags/example_kubernetes_executor_config.py
[2020-12-28 14:02:11,054] {logging_mixin.py:103} INFO - [2020-12-28 14:02:11,054] {example_kubernetes_executor_config.py:174} WARNING - Could not import DAGs in example_kubernetes_executor_config.py: No module named 'kubernetes'
[2020-12-28 14:02:11,055] {logging_mixin.py:103} INFO - [2020-12-28 14:02:11,054] {example_kubernetes_executor_config.py:175} WARNING - Install kubernetes dependencies with: pip install apache-airflow['cncf.kubernetes']
[2020-12-28 14:02:11,055] {scheduler_job.py:641} WARNING - No viable dags retrieved from /opt/anaconda3/lib/python3.7/site-packages/airflow/example_dags/example_kubernetes_executor_config.py
[2020-12-28 14:02:11,065] {scheduler_job.py:189} INFO - Processing /opt/anaconda3/lib/python3.7/site-packages/airflow/example_dags/example_kubernetes_executor_config.py took 0.027 seconds
[2020-12-28 14:02:36,720] {scheduler_job.py:181} INFO - Started process (PID=16748) to work on /opt/anaconda3/lib/python3.7/site-packages/airflow/example_dags/example_kubernetes_executor_config.py
[2020-12-28 14:02:36,722] {scheduler_job.py:629} INFO - Processing file /opt/anaconda3/lib/python3.7/site-packages/airflow/example_dags/example_kubernetes_executor_config.py for tasks to queue
[2020-12-28 14:02:36,723] {logging_mixin.py:103} INFO - [2020-12-28 14:02:36,723] {dagbag.py:440} INFO - Filling up the DagBag from /opt/anaconda3/lib/python3.7/site-packages/airflow/example_dags/example_kubernetes_executor_config.py
[2020-12-28 14:02:36,730] {logging_mixin.py:103} INFO - [2020-12-28 14:02:36,730] {example_kubernetes_executor_config.py:174} WARNING - Could not import DAGs in example_kubernetes_executor_config.py: No module named 'kubernetes'
[2020-12-28 14:02:36,731] {logging_mixin.py:103} INFO - [2020-12-28 14:02:36,731] {example_kubernetes_executor_config.py:175} WARNING - Install kubernetes dependencies with: pip install apache-airflow['cncf.kubernetes']
[2020-12-28 14:02:36,731] {scheduler_job.py:641} WARNING - No viable dags retrieved from /opt/anaconda3/lib/python3.7/site-packages/airflow/example_dags/example_kubernetes_executor_config.py
[2020-12-28 14:02:36,739] {scheduler_job.py:189} INFO - Processing /opt/anaconda3/lib/python3.7/site-packages/airflow/example_dags/example_kubernetes_executor_config.py took 0.022 seconds
[2020-12-28 14:03:03,603] {scheduler_job.py:181} INFO - Started process (PID=16836) to work on /opt/anaconda3/lib/python3.7/site-packages/airflow/example_dags/example_kubernetes_executor_config.py
[2020-12-28 14:03:03,605] {scheduler_job.py:629} INFO - Processing file /opt/anaconda3/lib/python3.7/site-packages/airflow/example_dags/example_kubernetes_executor_config.py for tasks to queue
[2020-12-28 14:03:03,606] {logging_mixin.py:103} INFO - [2020-12-28 14:03:03,605] {dagbag.py:440} INFO - Filling up the DagBag from /opt/anaconda3/lib/python3.7/site-packages/airflow/example_dags/example_kubernetes_executor_config.py
[2020-12-28 14:03:03,614] {logging_mixin.py:103} INFO - [2020-12-28 14:03:03,614] {example_kubernetes_executor_config.py:174} WARNING - Could not import DAGs in example_kubernetes_executor_config.py: No module named 'kubernetes'
[2020-12-28 14:03:03,614] {logging_mixin.py:103} INFO - [2020-12-28 14:03:03,614] {example_kubernetes_executor_config.py:175} WARNING - Install kubernetes dependencies with: pip install apache-airflow['cncf.kubernetes']
[2020-12-28 14:03:03,615] {scheduler_job.py:641} WARNING - No viable dags retrieved from /opt/anaconda3/lib/python3.7/site-packages/airflow/example_dags/example_kubernetes_executor_config.py
[2020-12-28 14:03:03,622] {scheduler_job.py:189} INFO - Processing /opt/anaconda3/lib/python3.7/site-packages/airflow/example_dags/example_kubernetes_executor_config.py took 0.022 seconds
[2020-12-28 14:03:29,597] {scheduler_job.py:181} INFO - Started process (PID=16922) to work on /opt/anaconda3/lib/python3.7/site-packages/airflow/example_dags/example_kubernetes_executor_config.py
[2020-12-28 14:03:29,599] {scheduler_job.py:629} INFO - Processing file /opt/anaconda3/lib/python3.7/site-packages/airflow/example_dags/example_kubernetes_executor_config.py for tasks to queue
[2020-12-28 14:03:29,600] {logging_mixin.py:103} INFO - [2020-12-28 14:03:29,599] {dagbag.py:440} INFO - Filling up the DagBag from /opt/anaconda3/lib/python3.7/site-packages/airflow/example_dags/example_kubernetes_executor_config.py
[2020-12-28 14:03:29,608] {logging_mixin.py:103} INFO - [2020-12-28 14:03:29,608] {example_kubernetes_executor_config.py:174} WARNING - Could not import DAGs in example_kubernetes_executor_config.py: No module named 'kubernetes'
[2020-12-28 14:03:29,608] {logging_mixin.py:103} INFO - [2020-12-28 14:03:29,608] {example_kubernetes_executor_config.py:175} WARNING - Install kubernetes dependencies with: pip install apache-airflow['cncf.kubernetes']
[2020-12-28 14:03:29,609] {scheduler_job.py:641} WARNING - No viable dags retrieved from /opt/anaconda3/lib/python3.7/site-packages/airflow/example_dags/example_kubernetes_executor_config.py
[2020-12-28 14:03:29,616] {scheduler_job.py:189} INFO - Processing /opt/anaconda3/lib/python3.7/site-packages/airflow/example_dags/example_kubernetes_executor_config.py took 0.022 seconds
[2020-12-28 14:03:56,143] {scheduler_job.py:181} INFO - Started process (PID=17029) to work on /opt/anaconda3/lib/python3.7/site-packages/airflow/example_dags/example_kubernetes_executor_config.py
[2020-12-28 14:03:56,144] {scheduler_job.py:629} INFO - Processing file /opt/anaconda3/lib/python3.7/site-packages/airflow/example_dags/example_kubernetes_executor_config.py for tasks to queue
[2020-12-28 14:03:56,145] {logging_mixin.py:103} INFO - [2020-12-28 14:03:56,145] {dagbag.py:440} INFO - Filling up the DagBag from /opt/anaconda3/lib/python3.7/site-packages/airflow/example_dags/example_kubernetes_executor_config.py
[2020-12-28 14:03:56,153] {logging_mixin.py:103} INFO - [2020-12-28 14:03:56,153] {example_kubernetes_executor_config.py:174} WARNING - Could not import DAGs in example_kubernetes_executor_config.py: No module named 'kubernetes'
[2020-12-28 14:03:56,154] {logging_mixin.py:103} INFO - [2020-12-28 14:03:56,154] {example_kubernetes_executor_config.py:175} WARNING - Install kubernetes dependencies with: pip install apache-airflow['cncf.kubernetes']
[2020-12-28 14:03:56,154] {scheduler_job.py:641} WARNING - No viable dags retrieved from /opt/anaconda3/lib/python3.7/site-packages/airflow/example_dags/example_kubernetes_executor_config.py
[2020-12-28 14:03:56,161] {scheduler_job.py:189} INFO - Processing /opt/anaconda3/lib/python3.7/site-packages/airflow/example_dags/example_kubernetes_executor_config.py took 0.021 seconds
[2020-12-28 14:04:22,759] {scheduler_job.py:181} INFO - Started process (PID=17137) to work on /opt/anaconda3/lib/python3.7/site-packages/airflow/example_dags/example_kubernetes_executor_config.py
[2020-12-28 14:04:22,761] {scheduler_job.py:629} INFO - Processing file /opt/anaconda3/lib/python3.7/site-packages/airflow/example_dags/example_kubernetes_executor_config.py for tasks to queue
[2020-12-28 14:04:22,762] {logging_mixin.py:103} INFO - [2020-12-28 14:04:22,761] {dagbag.py:440} INFO - Filling up the DagBag from /opt/anaconda3/lib/python3.7/site-packages/airflow/example_dags/example_kubernetes_executor_config.py
[2020-12-28 14:04:22,767] {logging_mixin.py:103} INFO - [2020-12-28 14:04:22,767] {example_kubernetes_executor_config.py:174} WARNING - Could not import DAGs in example_kubernetes_executor_config.py: No module named 'kubernetes'
[2020-12-28 14:04:22,768] {logging_mixin.py:103} INFO - [2020-12-28 14:04:22,768] {example_kubernetes_executor_config.py:175} WARNING - Install kubernetes dependencies with: pip install apache-airflow['cncf.kubernetes']
[2020-12-28 14:04:22,768] {scheduler_job.py:641} WARNING - No viable dags retrieved from /opt/anaconda3/lib/python3.7/site-packages/airflow/example_dags/example_kubernetes_executor_config.py
[2020-12-28 14:04:22,773] {scheduler_job.py:189} INFO - Processing /opt/anaconda3/lib/python3.7/site-packages/airflow/example_dags/example_kubernetes_executor_config.py took 0.016 seconds
[2020-12-28 14:04:48,688] {scheduler_job.py:181} INFO - Started process (PID=17248) to work on /opt/anaconda3/lib/python3.7/site-packages/airflow/example_dags/example_kubernetes_executor_config.py
[2020-12-28 14:04:48,689] {scheduler_job.py:629} INFO - Processing file /opt/anaconda3/lib/python3.7/site-packages/airflow/example_dags/example_kubernetes_executor_config.py for tasks to queue
[2020-12-28 14:04:48,690] {logging_mixin.py:103} INFO - [2020-12-28 14:04:48,690] {dagbag.py:440} INFO - Filling up the DagBag from /opt/anaconda3/lib/python3.7/site-packages/airflow/example_dags/example_kubernetes_executor_config.py
[2020-12-28 14:04:48,698] {logging_mixin.py:103} INFO - [2020-12-28 14:04:48,697] {example_kubernetes_executor_config.py:174} WARNING - Could not import DAGs in example_kubernetes_executor_config.py: No module named 'kubernetes'
[2020-12-28 14:04:48,698] {logging_mixin.py:103} INFO - [2020-12-28 14:04:48,698] {example_kubernetes_executor_config.py:175} WARNING - Install kubernetes dependencies with: pip install apache-airflow['cncf.kubernetes']
[2020-12-28 14:04:48,699] {scheduler_job.py:641} WARNING - No viable dags retrieved from /opt/anaconda3/lib/python3.7/site-packages/airflow/example_dags/example_kubernetes_executor_config.py
[2020-12-28 14:04:48,706] {scheduler_job.py:189} INFO - Processing /opt/anaconda3/lib/python3.7/site-packages/airflow/example_dags/example_kubernetes_executor_config.py took 0.022 seconds
[2020-12-28 14:05:15,566] {scheduler_job.py:181} INFO - Started process (PID=17361) to work on /opt/anaconda3/lib/python3.7/site-packages/airflow/example_dags/example_kubernetes_executor_config.py
[2020-12-28 14:05:15,567] {scheduler_job.py:629} INFO - Processing file /opt/anaconda3/lib/python3.7/site-packages/airflow/example_dags/example_kubernetes_executor_config.py for tasks to queue
[2020-12-28 14:05:15,568] {logging_mixin.py:103} INFO - [2020-12-28 14:05:15,568] {dagbag.py:440} INFO - Filling up the DagBag from /opt/anaconda3/lib/python3.7/site-packages/airflow/example_dags/example_kubernetes_executor_config.py
[2020-12-28 14:05:15,575] {logging_mixin.py:103} INFO - [2020-12-28 14:05:15,575] {example_kubernetes_executor_config.py:174} WARNING - Could not import DAGs in example_kubernetes_executor_config.py: No module named 'kubernetes'
[2020-12-28 14:05:15,576] {logging_mixin.py:103} INFO - [2020-12-28 14:05:15,576] {example_kubernetes_executor_config.py:175} WARNING - Install kubernetes dependencies with: pip install apache-airflow['cncf.kubernetes']
[2020-12-28 14:05:15,576] {scheduler_job.py:641} WARNING - No viable dags retrieved from /opt/anaconda3/lib/python3.7/site-packages/airflow/example_dags/example_kubernetes_executor_config.py
[2020-12-28 14:05:15,583] {scheduler_job.py:189} INFO - Processing /opt/anaconda3/lib/python3.7/site-packages/airflow/example_dags/example_kubernetes_executor_config.py took 0.020 seconds
[2020-12-28 14:05:43,047] {scheduler_job.py:181} INFO - Started process (PID=17466) to work on /opt/anaconda3/lib/python3.7/site-packages/airflow/example_dags/example_kubernetes_executor_config.py
[2020-12-28 14:05:43,048] {scheduler_job.py:629} INFO - Processing file /opt/anaconda3/lib/python3.7/site-packages/airflow/example_dags/example_kubernetes_executor_config.py for tasks to queue
[2020-12-28 14:05:43,049] {logging_mixin.py:103} INFO - [2020-12-28 14:05:43,049] {dagbag.py:440} INFO - Filling up the DagBag from /opt/anaconda3/lib/python3.7/site-packages/airflow/example_dags/example_kubernetes_executor_config.py
[2020-12-28 14:05:43,058] {logging_mixin.py:103} INFO - [2020-12-28 14:05:43,057] {example_kubernetes_executor_config.py:174} WARNING - Could not import DAGs in example_kubernetes_executor_config.py: No module named 'kubernetes'
[2020-12-28 14:05:43,058] {logging_mixin.py:103} INFO - [2020-12-28 14:05:43,058] {example_kubernetes_executor_config.py:175} WARNING - Install kubernetes dependencies with: pip install apache-airflow['cncf.kubernetes']
[2020-12-28 14:05:43,059] {scheduler_job.py:641} WARNING - No viable dags retrieved from /opt/anaconda3/lib/python3.7/site-packages/airflow/example_dags/example_kubernetes_executor_config.py
[2020-12-28 14:05:43,065] {scheduler_job.py:189} INFO - Processing /opt/anaconda3/lib/python3.7/site-packages/airflow/example_dags/example_kubernetes_executor_config.py took 0.021 seconds
