[2020-12-28 13:54:53,617] {scheduler_job.py:181} INFO - Started process (PID=15022) to work on /opt/anaconda3/lib/python3.7/site-packages/airflow/example_dags/example_subdag_operator.py
[2020-12-28 13:54:53,618] {scheduler_job.py:629} INFO - Processing file /opt/anaconda3/lib/python3.7/site-packages/airflow/example_dags/example_subdag_operator.py for tasks to queue
[2020-12-28 13:54:53,619] {logging_mixin.py:103} INFO - [2020-12-28 13:54:53,619] {dagbag.py:440} INFO - Filling up the DagBag from /opt/anaconda3/lib/python3.7/site-packages/airflow/example_dags/example_subdag_operator.py
[2020-12-28 13:54:53,645] {scheduler_job.py:639} INFO - DAG(s) dict_keys(['example_subdag_operator.section-1', 'example_subdag_operator.section-2', 'example_subdag_operator']) retrieved from /opt/anaconda3/lib/python3.7/site-packages/airflow/example_dags/example_subdag_operator.py
[2020-12-28 13:54:53,646] {logging_mixin.py:103} INFO - [2020-12-28 13:54:53,646] {dag.py:1813} INFO - Sync 3 DAGs
[2020-12-28 13:54:53,659] {logging_mixin.py:103} INFO - [2020-12-28 13:54:53,659] {dag.py:2266} INFO - Setting next_dagrun for example_subdag_operator to 2020-12-26 00:00:00+00:00
[2020-12-28 13:54:53,660] {logging_mixin.py:103} INFO - [2020-12-28 13:54:53,660] {dag.py:2266} INFO - Setting next_dagrun for example_subdag_operator.section-1 to None
[2020-12-28 13:54:53,661] {logging_mixin.py:103} INFO - [2020-12-28 13:54:53,661] {dag.py:2266} INFO - Setting next_dagrun for example_subdag_operator.section-2 to None
[2020-12-28 13:54:53,665] {logging_mixin.py:103} INFO - [2020-12-28 13:54:53,665] {dag.py:1813} INFO - Sync 2 DAGs
[2020-12-28 13:54:53,670] {logging_mixin.py:103} INFO - [2020-12-28 13:54:53,670] {dag.py:2266} INFO - Setting next_dagrun for example_subdag_operator.section-1 to None
[2020-12-28 13:54:53,671] {logging_mixin.py:103} INFO - [2020-12-28 13:54:53,670] {dag.py:2266} INFO - Setting next_dagrun for example_subdag_operator.section-2 to None
[2020-12-28 13:54:53,681] {scheduler_job.py:189} INFO - Processing /opt/anaconda3/lib/python3.7/site-packages/airflow/example_dags/example_subdag_operator.py took 0.068 seconds
[2020-12-28 13:55:19,634] {scheduler_job.py:181} INFO - Started process (PID=15120) to work on /opt/anaconda3/lib/python3.7/site-packages/airflow/example_dags/example_subdag_operator.py
[2020-12-28 13:55:19,635] {scheduler_job.py:629} INFO - Processing file /opt/anaconda3/lib/python3.7/site-packages/airflow/example_dags/example_subdag_operator.py for tasks to queue
[2020-12-28 13:55:19,637] {logging_mixin.py:103} INFO - [2020-12-28 13:55:19,636] {dagbag.py:440} INFO - Filling up the DagBag from /opt/anaconda3/lib/python3.7/site-packages/airflow/example_dags/example_subdag_operator.py
[2020-12-28 13:55:19,661] {scheduler_job.py:639} INFO - DAG(s) dict_keys(['example_subdag_operator.section-1', 'example_subdag_operator.section-2', 'example_subdag_operator']) retrieved from /opt/anaconda3/lib/python3.7/site-packages/airflow/example_dags/example_subdag_operator.py
[2020-12-28 13:55:19,662] {logging_mixin.py:103} INFO - [2020-12-28 13:55:19,662] {dag.py:1813} INFO - Sync 3 DAGs
[2020-12-28 13:55:19,674] {logging_mixin.py:103} INFO - [2020-12-28 13:55:19,674] {dag.py:2266} INFO - Setting next_dagrun for example_subdag_operator to 2020-12-26 00:00:00+00:00
[2020-12-28 13:55:19,676] {logging_mixin.py:103} INFO - [2020-12-28 13:55:19,675] {dag.py:2266} INFO - Setting next_dagrun for example_subdag_operator.section-1 to None
[2020-12-28 13:55:19,676] {logging_mixin.py:103} INFO - [2020-12-28 13:55:19,676] {dag.py:2266} INFO - Setting next_dagrun for example_subdag_operator.section-2 to None
[2020-12-28 13:55:19,680] {logging_mixin.py:103} INFO - [2020-12-28 13:55:19,680] {dag.py:1813} INFO - Sync 2 DAGs
[2020-12-28 13:55:19,686] {logging_mixin.py:103} INFO - [2020-12-28 13:55:19,686] {dag.py:2266} INFO - Setting next_dagrun for example_subdag_operator.section-1 to None
[2020-12-28 13:55:19,687] {logging_mixin.py:103} INFO - [2020-12-28 13:55:19,686] {dag.py:2266} INFO - Setting next_dagrun for example_subdag_operator.section-2 to None
[2020-12-28 13:55:19,698] {scheduler_job.py:189} INFO - Processing /opt/anaconda3/lib/python3.7/site-packages/airflow/example_dags/example_subdag_operator.py took 0.068 seconds
[2020-12-28 13:55:46,442] {scheduler_job.py:181} INFO - Started process (PID=15218) to work on /opt/anaconda3/lib/python3.7/site-packages/airflow/example_dags/example_subdag_operator.py
[2020-12-28 13:55:46,443] {scheduler_job.py:629} INFO - Processing file /opt/anaconda3/lib/python3.7/site-packages/airflow/example_dags/example_subdag_operator.py for tasks to queue
[2020-12-28 13:55:46,444] {logging_mixin.py:103} INFO - [2020-12-28 13:55:46,443] {dagbag.py:440} INFO - Filling up the DagBag from /opt/anaconda3/lib/python3.7/site-packages/airflow/example_dags/example_subdag_operator.py
[2020-12-28 13:55:46,466] {scheduler_job.py:639} INFO - DAG(s) dict_keys(['example_subdag_operator.section-1', 'example_subdag_operator.section-2', 'example_subdag_operator']) retrieved from /opt/anaconda3/lib/python3.7/site-packages/airflow/example_dags/example_subdag_operator.py
[2020-12-28 13:55:46,467] {logging_mixin.py:103} INFO - [2020-12-28 13:55:46,467] {dag.py:1813} INFO - Sync 3 DAGs
[2020-12-28 13:55:46,478] {logging_mixin.py:103} INFO - [2020-12-28 13:55:46,478] {dag.py:2266} INFO - Setting next_dagrun for example_subdag_operator to 2020-12-26 00:00:00+00:00
[2020-12-28 13:55:46,479] {logging_mixin.py:103} INFO - [2020-12-28 13:55:46,479] {dag.py:2266} INFO - Setting next_dagrun for example_subdag_operator.section-1 to None
[2020-12-28 13:55:46,480] {logging_mixin.py:103} INFO - [2020-12-28 13:55:46,480] {dag.py:2266} INFO - Setting next_dagrun for example_subdag_operator.section-2 to None
[2020-12-28 13:55:46,484] {logging_mixin.py:103} INFO - [2020-12-28 13:55:46,483] {dag.py:1813} INFO - Sync 2 DAGs
[2020-12-28 13:55:46,489] {logging_mixin.py:103} INFO - [2020-12-28 13:55:46,488] {dag.py:2266} INFO - Setting next_dagrun for example_subdag_operator.section-1 to None
[2020-12-28 13:55:46,489] {logging_mixin.py:103} INFO - [2020-12-28 13:55:46,489] {dag.py:2266} INFO - Setting next_dagrun for example_subdag_operator.section-2 to None
[2020-12-28 13:55:46,498] {scheduler_job.py:189} INFO - Processing /opt/anaconda3/lib/python3.7/site-packages/airflow/example_dags/example_subdag_operator.py took 0.060 seconds
[2020-12-28 13:56:12,159] {scheduler_job.py:181} INFO - Started process (PID=15305) to work on /opt/anaconda3/lib/python3.7/site-packages/airflow/example_dags/example_subdag_operator.py
[2020-12-28 13:56:12,161] {scheduler_job.py:629} INFO - Processing file /opt/anaconda3/lib/python3.7/site-packages/airflow/example_dags/example_subdag_operator.py for tasks to queue
[2020-12-28 13:56:12,162] {logging_mixin.py:103} INFO - [2020-12-28 13:56:12,162] {dagbag.py:440} INFO - Filling up the DagBag from /opt/anaconda3/lib/python3.7/site-packages/airflow/example_dags/example_subdag_operator.py
[2020-12-28 13:56:12,184] {scheduler_job.py:639} INFO - DAG(s) dict_keys(['example_subdag_operator.section-1', 'example_subdag_operator.section-2', 'example_subdag_operator']) retrieved from /opt/anaconda3/lib/python3.7/site-packages/airflow/example_dags/example_subdag_operator.py
[2020-12-28 13:56:12,186] {logging_mixin.py:103} INFO - [2020-12-28 13:56:12,185] {dag.py:1813} INFO - Sync 3 DAGs
[2020-12-28 13:56:12,198] {logging_mixin.py:103} INFO - [2020-12-28 13:56:12,197] {dag.py:2266} INFO - Setting next_dagrun for example_subdag_operator to 2020-12-26 00:00:00+00:00
[2020-12-28 13:56:12,199] {logging_mixin.py:103} INFO - [2020-12-28 13:56:12,199] {dag.py:2266} INFO - Setting next_dagrun for example_subdag_operator.section-1 to None
[2020-12-28 13:56:12,199] {logging_mixin.py:103} INFO - [2020-12-28 13:56:12,199] {dag.py:2266} INFO - Setting next_dagrun for example_subdag_operator.section-2 to None
[2020-12-28 13:56:12,204] {logging_mixin.py:103} INFO - [2020-12-28 13:56:12,203] {dag.py:1813} INFO - Sync 2 DAGs
[2020-12-28 13:56:12,210] {logging_mixin.py:103} INFO - [2020-12-28 13:56:12,210] {dag.py:2266} INFO - Setting next_dagrun for example_subdag_operator.section-1 to None
[2020-12-28 13:56:12,210] {logging_mixin.py:103} INFO - [2020-12-28 13:56:12,210] {dag.py:2266} INFO - Setting next_dagrun for example_subdag_operator.section-2 to None
[2020-12-28 13:56:12,221] {scheduler_job.py:189} INFO - Processing /opt/anaconda3/lib/python3.7/site-packages/airflow/example_dags/example_subdag_operator.py took 0.066 seconds
[2020-12-28 13:56:39,011] {scheduler_job.py:181} INFO - Started process (PID=15413) to work on /opt/anaconda3/lib/python3.7/site-packages/airflow/example_dags/example_subdag_operator.py
[2020-12-28 13:56:39,013] {scheduler_job.py:629} INFO - Processing file /opt/anaconda3/lib/python3.7/site-packages/airflow/example_dags/example_subdag_operator.py for tasks to queue
[2020-12-28 13:56:39,014] {logging_mixin.py:103} INFO - [2020-12-28 13:56:39,014] {dagbag.py:440} INFO - Filling up the DagBag from /opt/anaconda3/lib/python3.7/site-packages/airflow/example_dags/example_subdag_operator.py
[2020-12-28 13:56:39,038] {scheduler_job.py:639} INFO - DAG(s) dict_keys(['example_subdag_operator.section-1', 'example_subdag_operator.section-2', 'example_subdag_operator']) retrieved from /opt/anaconda3/lib/python3.7/site-packages/airflow/example_dags/example_subdag_operator.py
[2020-12-28 13:56:39,039] {logging_mixin.py:103} INFO - [2020-12-28 13:56:39,039] {dag.py:1813} INFO - Sync 3 DAGs
[2020-12-28 13:56:39,051] {logging_mixin.py:103} INFO - [2020-12-28 13:56:39,051] {dag.py:2266} INFO - Setting next_dagrun for example_subdag_operator to 2020-12-26 00:00:00+00:00
[2020-12-28 13:56:39,053] {logging_mixin.py:103} INFO - [2020-12-28 13:56:39,052] {dag.py:2266} INFO - Setting next_dagrun for example_subdag_operator.section-1 to None
[2020-12-28 13:56:39,053] {logging_mixin.py:103} INFO - [2020-12-28 13:56:39,053] {dag.py:2266} INFO - Setting next_dagrun for example_subdag_operator.section-2 to None
[2020-12-28 13:56:39,058] {logging_mixin.py:103} INFO - [2020-12-28 13:56:39,057] {dag.py:1813} INFO - Sync 2 DAGs
[2020-12-28 13:56:39,063] {logging_mixin.py:103} INFO - [2020-12-28 13:56:39,063] {dag.py:2266} INFO - Setting next_dagrun for example_subdag_operator.section-1 to None
[2020-12-28 13:56:39,064] {logging_mixin.py:103} INFO - [2020-12-28 13:56:39,064] {dag.py:2266} INFO - Setting next_dagrun for example_subdag_operator.section-2 to None
[2020-12-28 13:56:39,074] {scheduler_job.py:189} INFO - Processing /opt/anaconda3/lib/python3.7/site-packages/airflow/example_dags/example_subdag_operator.py took 0.067 seconds
[2020-12-28 13:57:04,711] {scheduler_job.py:181} INFO - Started process (PID=15521) to work on /opt/anaconda3/lib/python3.7/site-packages/airflow/example_dags/example_subdag_operator.py
[2020-12-28 13:57:04,713] {scheduler_job.py:629} INFO - Processing file /opt/anaconda3/lib/python3.7/site-packages/airflow/example_dags/example_subdag_operator.py for tasks to queue
[2020-12-28 13:57:04,714] {logging_mixin.py:103} INFO - [2020-12-28 13:57:04,714] {dagbag.py:440} INFO - Filling up the DagBag from /opt/anaconda3/lib/python3.7/site-packages/airflow/example_dags/example_subdag_operator.py
[2020-12-28 13:57:04,735] {scheduler_job.py:639} INFO - DAG(s) dict_keys(['example_subdag_operator.section-1', 'example_subdag_operator.section-2', 'example_subdag_operator']) retrieved from /opt/anaconda3/lib/python3.7/site-packages/airflow/example_dags/example_subdag_operator.py
[2020-12-28 13:57:04,736] {logging_mixin.py:103} INFO - [2020-12-28 13:57:04,736] {dag.py:1813} INFO - Sync 3 DAGs
[2020-12-28 13:57:04,748] {logging_mixin.py:103} INFO - [2020-12-28 13:57:04,748] {dag.py:2266} INFO - Setting next_dagrun for example_subdag_operator to 2020-12-26 00:00:00+00:00
[2020-12-28 13:57:04,749] {logging_mixin.py:103} INFO - [2020-12-28 13:57:04,749] {dag.py:2266} INFO - Setting next_dagrun for example_subdag_operator.section-1 to None
[2020-12-28 13:57:04,750] {logging_mixin.py:103} INFO - [2020-12-28 13:57:04,750] {dag.py:2266} INFO - Setting next_dagrun for example_subdag_operator.section-2 to None
[2020-12-28 13:57:04,754] {logging_mixin.py:103} INFO - [2020-12-28 13:57:04,754] {dag.py:1813} INFO - Sync 2 DAGs
[2020-12-28 13:57:04,760] {logging_mixin.py:103} INFO - [2020-12-28 13:57:04,760] {dag.py:2266} INFO - Setting next_dagrun for example_subdag_operator.section-1 to None
[2020-12-28 13:57:04,761] {logging_mixin.py:103} INFO - [2020-12-28 13:57:04,761] {dag.py:2266} INFO - Setting next_dagrun for example_subdag_operator.section-2 to None
[2020-12-28 13:57:04,772] {scheduler_job.py:189} INFO - Processing /opt/anaconda3/lib/python3.7/site-packages/airflow/example_dags/example_subdag_operator.py took 0.064 seconds
[2020-12-28 13:57:31,567] {scheduler_job.py:181} INFO - Started process (PID=15612) to work on /opt/anaconda3/lib/python3.7/site-packages/airflow/example_dags/example_subdag_operator.py
[2020-12-28 13:57:31,569] {scheduler_job.py:629} INFO - Processing file /opt/anaconda3/lib/python3.7/site-packages/airflow/example_dags/example_subdag_operator.py for tasks to queue
[2020-12-28 13:57:31,571] {logging_mixin.py:103} INFO - [2020-12-28 13:57:31,570] {dagbag.py:440} INFO - Filling up the DagBag from /opt/anaconda3/lib/python3.7/site-packages/airflow/example_dags/example_subdag_operator.py
[2020-12-28 13:57:31,594] {scheduler_job.py:639} INFO - DAG(s) dict_keys(['example_subdag_operator.section-1', 'example_subdag_operator.section-2', 'example_subdag_operator']) retrieved from /opt/anaconda3/lib/python3.7/site-packages/airflow/example_dags/example_subdag_operator.py
[2020-12-28 13:57:31,595] {logging_mixin.py:103} INFO - [2020-12-28 13:57:31,595] {dag.py:1813} INFO - Sync 3 DAGs
[2020-12-28 13:57:31,607] {logging_mixin.py:103} INFO - [2020-12-28 13:57:31,607] {dag.py:2266} INFO - Setting next_dagrun for example_subdag_operator to 2020-12-26 00:00:00+00:00
[2020-12-28 13:57:31,608] {logging_mixin.py:103} INFO - [2020-12-28 13:57:31,608] {dag.py:2266} INFO - Setting next_dagrun for example_subdag_operator.section-1 to None
[2020-12-28 13:57:31,609] {logging_mixin.py:103} INFO - [2020-12-28 13:57:31,609] {dag.py:2266} INFO - Setting next_dagrun for example_subdag_operator.section-2 to None
[2020-12-28 13:57:31,614] {logging_mixin.py:103} INFO - [2020-12-28 13:57:31,613] {dag.py:1813} INFO - Sync 2 DAGs
[2020-12-28 13:57:31,619] {logging_mixin.py:103} INFO - [2020-12-28 13:57:31,619] {dag.py:2266} INFO - Setting next_dagrun for example_subdag_operator.section-1 to None
[2020-12-28 13:57:31,620] {logging_mixin.py:103} INFO - [2020-12-28 13:57:31,619] {dag.py:2266} INFO - Setting next_dagrun for example_subdag_operator.section-2 to None
[2020-12-28 13:57:31,630] {scheduler_job.py:189} INFO - Processing /opt/anaconda3/lib/python3.7/site-packages/airflow/example_dags/example_subdag_operator.py took 0.066 seconds
[2020-12-28 13:57:57,583] {scheduler_job.py:181} INFO - Started process (PID=15686) to work on /opt/anaconda3/lib/python3.7/site-packages/airflow/example_dags/example_subdag_operator.py
[2020-12-28 13:57:57,584] {scheduler_job.py:629} INFO - Processing file /opt/anaconda3/lib/python3.7/site-packages/airflow/example_dags/example_subdag_operator.py for tasks to queue
[2020-12-28 13:57:57,585] {logging_mixin.py:103} INFO - [2020-12-28 13:57:57,585] {dagbag.py:440} INFO - Filling up the DagBag from /opt/anaconda3/lib/python3.7/site-packages/airflow/example_dags/example_subdag_operator.py
[2020-12-28 13:57:57,608] {scheduler_job.py:639} INFO - DAG(s) dict_keys(['example_subdag_operator.section-1', 'example_subdag_operator.section-2', 'example_subdag_operator']) retrieved from /opt/anaconda3/lib/python3.7/site-packages/airflow/example_dags/example_subdag_operator.py
[2020-12-28 13:57:57,609] {logging_mixin.py:103} INFO - [2020-12-28 13:57:57,609] {dag.py:1813} INFO - Sync 3 DAGs
[2020-12-28 13:57:57,621] {logging_mixin.py:103} INFO - [2020-12-28 13:57:57,621] {dag.py:2266} INFO - Setting next_dagrun for example_subdag_operator to 2020-12-26 00:00:00+00:00
[2020-12-28 13:57:57,622] {logging_mixin.py:103} INFO - [2020-12-28 13:57:57,622] {dag.py:2266} INFO - Setting next_dagrun for example_subdag_operator.section-1 to None
[2020-12-28 13:57:57,623] {logging_mixin.py:103} INFO - [2020-12-28 13:57:57,623] {dag.py:2266} INFO - Setting next_dagrun for example_subdag_operator.section-2 to None
[2020-12-28 13:57:57,627] {logging_mixin.py:103} INFO - [2020-12-28 13:57:57,627] {dag.py:1813} INFO - Sync 2 DAGs
[2020-12-28 13:57:57,633] {logging_mixin.py:103} INFO - [2020-12-28 13:57:57,632] {dag.py:2266} INFO - Setting next_dagrun for example_subdag_operator.section-1 to None
[2020-12-28 13:57:57,633] {logging_mixin.py:103} INFO - [2020-12-28 13:57:57,633] {dag.py:2266} INFO - Setting next_dagrun for example_subdag_operator.section-2 to None
[2020-12-28 13:57:57,644] {scheduler_job.py:189} INFO - Processing /opt/anaconda3/lib/python3.7/site-packages/airflow/example_dags/example_subdag_operator.py took 0.064 seconds
[2020-12-28 13:58:24,161] {scheduler_job.py:181} INFO - Started process (PID=15791) to work on /opt/anaconda3/lib/python3.7/site-packages/airflow/example_dags/example_subdag_operator.py
[2020-12-28 13:58:24,163] {scheduler_job.py:629} INFO - Processing file /opt/anaconda3/lib/python3.7/site-packages/airflow/example_dags/example_subdag_operator.py for tasks to queue
[2020-12-28 13:58:24,164] {logging_mixin.py:103} INFO - [2020-12-28 13:58:24,164] {dagbag.py:440} INFO - Filling up the DagBag from /opt/anaconda3/lib/python3.7/site-packages/airflow/example_dags/example_subdag_operator.py
[2020-12-28 13:58:24,183] {scheduler_job.py:639} INFO - DAG(s) dict_keys(['example_subdag_operator.section-1', 'example_subdag_operator.section-2', 'example_subdag_operator']) retrieved from /opt/anaconda3/lib/python3.7/site-packages/airflow/example_dags/example_subdag_operator.py
[2020-12-28 13:58:24,184] {logging_mixin.py:103} INFO - [2020-12-28 13:58:24,183] {dag.py:1813} INFO - Sync 3 DAGs
[2020-12-28 13:58:24,194] {logging_mixin.py:103} INFO - [2020-12-28 13:58:24,194] {dag.py:2266} INFO - Setting next_dagrun for example_subdag_operator to 2020-12-26 00:00:00+00:00
[2020-12-28 13:58:24,195] {logging_mixin.py:103} INFO - [2020-12-28 13:58:24,195] {dag.py:2266} INFO - Setting next_dagrun for example_subdag_operator.section-1 to None
[2020-12-28 13:58:24,196] {logging_mixin.py:103} INFO - [2020-12-28 13:58:24,195] {dag.py:2266} INFO - Setting next_dagrun for example_subdag_operator.section-2 to None
[2020-12-28 13:58:24,199] {logging_mixin.py:103} INFO - [2020-12-28 13:58:24,199] {dag.py:1813} INFO - Sync 2 DAGs
[2020-12-28 13:58:24,206] {logging_mixin.py:103} INFO - [2020-12-28 13:58:24,205] {dag.py:2266} INFO - Setting next_dagrun for example_subdag_operator.section-1 to None
[2020-12-28 13:58:24,206] {logging_mixin.py:103} INFO - [2020-12-28 13:58:24,206] {dag.py:2266} INFO - Setting next_dagrun for example_subdag_operator.section-2 to None
[2020-12-28 13:58:24,216] {scheduler_job.py:189} INFO - Processing /opt/anaconda3/lib/python3.7/site-packages/airflow/example_dags/example_subdag_operator.py took 0.058 seconds
[2020-12-28 13:58:50,450] {scheduler_job.py:181} INFO - Started process (PID=15876) to work on /opt/anaconda3/lib/python3.7/site-packages/airflow/example_dags/example_subdag_operator.py
[2020-12-28 13:58:50,452] {scheduler_job.py:629} INFO - Processing file /opt/anaconda3/lib/python3.7/site-packages/airflow/example_dags/example_subdag_operator.py for tasks to queue
[2020-12-28 13:58:50,453] {logging_mixin.py:103} INFO - [2020-12-28 13:58:50,452] {dagbag.py:440} INFO - Filling up the DagBag from /opt/anaconda3/lib/python3.7/site-packages/airflow/example_dags/example_subdag_operator.py
[2020-12-28 13:58:50,474] {scheduler_job.py:639} INFO - DAG(s) dict_keys(['example_subdag_operator.section-1', 'example_subdag_operator.section-2', 'example_subdag_operator']) retrieved from /opt/anaconda3/lib/python3.7/site-packages/airflow/example_dags/example_subdag_operator.py
[2020-12-28 13:58:50,475] {logging_mixin.py:103} INFO - [2020-12-28 13:58:50,475] {dag.py:1813} INFO - Sync 3 DAGs
[2020-12-28 13:58:50,488] {logging_mixin.py:103} INFO - [2020-12-28 13:58:50,487] {dag.py:2266} INFO - Setting next_dagrun for example_subdag_operator to 2020-12-26 00:00:00+00:00
[2020-12-28 13:58:50,489] {logging_mixin.py:103} INFO - [2020-12-28 13:58:50,489] {dag.py:2266} INFO - Setting next_dagrun for example_subdag_operator.section-1 to None
[2020-12-28 13:58:50,489] {logging_mixin.py:103} INFO - [2020-12-28 13:58:50,489] {dag.py:2266} INFO - Setting next_dagrun for example_subdag_operator.section-2 to None
[2020-12-28 13:58:50,494] {logging_mixin.py:103} INFO - [2020-12-28 13:58:50,493] {dag.py:1813} INFO - Sync 2 DAGs
[2020-12-28 13:58:50,499] {logging_mixin.py:103} INFO - [2020-12-28 13:58:50,499] {dag.py:2266} INFO - Setting next_dagrun for example_subdag_operator.section-1 to None
[2020-12-28 13:58:50,499] {logging_mixin.py:103} INFO - [2020-12-28 13:58:50,499] {dag.py:2266} INFO - Setting next_dagrun for example_subdag_operator.section-2 to None
[2020-12-28 13:58:50,511] {scheduler_job.py:189} INFO - Processing /opt/anaconda3/lib/python3.7/site-packages/airflow/example_dags/example_subdag_operator.py took 0.064 seconds
[2020-12-28 13:59:16,196] {scheduler_job.py:181} INFO - Started process (PID=15962) to work on /opt/anaconda3/lib/python3.7/site-packages/airflow/example_dags/example_subdag_operator.py
[2020-12-28 13:59:16,198] {scheduler_job.py:629} INFO - Processing file /opt/anaconda3/lib/python3.7/site-packages/airflow/example_dags/example_subdag_operator.py for tasks to queue
[2020-12-28 13:59:16,199] {logging_mixin.py:103} INFO - [2020-12-28 13:59:16,199] {dagbag.py:440} INFO - Filling up the DagBag from /opt/anaconda3/lib/python3.7/site-packages/airflow/example_dags/example_subdag_operator.py
[2020-12-28 13:59:16,221] {scheduler_job.py:639} INFO - DAG(s) dict_keys(['example_subdag_operator.section-1', 'example_subdag_operator.section-2', 'example_subdag_operator']) retrieved from /opt/anaconda3/lib/python3.7/site-packages/airflow/example_dags/example_subdag_operator.py
[2020-12-28 13:59:16,223] {logging_mixin.py:103} INFO - [2020-12-28 13:59:16,223] {dag.py:1813} INFO - Sync 3 DAGs
[2020-12-28 13:59:16,235] {logging_mixin.py:103} INFO - [2020-12-28 13:59:16,235] {dag.py:2266} INFO - Setting next_dagrun for example_subdag_operator to 2020-12-26 00:00:00+00:00
[2020-12-28 13:59:16,236] {logging_mixin.py:103} INFO - [2020-12-28 13:59:16,236] {dag.py:2266} INFO - Setting next_dagrun for example_subdag_operator.section-1 to None
[2020-12-28 13:59:16,237] {logging_mixin.py:103} INFO - [2020-12-28 13:59:16,237] {dag.py:2266} INFO - Setting next_dagrun for example_subdag_operator.section-2 to None
[2020-12-28 13:59:16,241] {logging_mixin.py:103} INFO - [2020-12-28 13:59:16,241] {dag.py:1813} INFO - Sync 2 DAGs
[2020-12-28 13:59:16,247] {logging_mixin.py:103} INFO - [2020-12-28 13:59:16,246] {dag.py:2266} INFO - Setting next_dagrun for example_subdag_operator.section-1 to None
[2020-12-28 13:59:16,247] {logging_mixin.py:103} INFO - [2020-12-28 13:59:16,247] {dag.py:2266} INFO - Setting next_dagrun for example_subdag_operator.section-2 to None
[2020-12-28 13:59:16,258] {scheduler_job.py:189} INFO - Processing /opt/anaconda3/lib/python3.7/site-packages/airflow/example_dags/example_subdag_operator.py took 0.065 seconds
[2020-12-28 13:59:41,319] {scheduler_job.py:181} INFO - Started process (PID=16041) to work on /opt/anaconda3/lib/python3.7/site-packages/airflow/example_dags/example_subdag_operator.py
[2020-12-28 13:59:41,320] {scheduler_job.py:629} INFO - Processing file /opt/anaconda3/lib/python3.7/site-packages/airflow/example_dags/example_subdag_operator.py for tasks to queue
[2020-12-28 13:59:41,322] {logging_mixin.py:103} INFO - [2020-12-28 13:59:41,321] {dagbag.py:440} INFO - Filling up the DagBag from /opt/anaconda3/lib/python3.7/site-packages/airflow/example_dags/example_subdag_operator.py
[2020-12-28 13:59:41,343] {scheduler_job.py:639} INFO - DAG(s) dict_keys(['example_subdag_operator.section-1', 'example_subdag_operator.section-2', 'example_subdag_operator']) retrieved from /opt/anaconda3/lib/python3.7/site-packages/airflow/example_dags/example_subdag_operator.py
[2020-12-28 13:59:41,345] {logging_mixin.py:103} INFO - [2020-12-28 13:59:41,344] {dag.py:1813} INFO - Sync 3 DAGs
[2020-12-28 13:59:41,358] {logging_mixin.py:103} INFO - [2020-12-28 13:59:41,357] {dag.py:2266} INFO - Setting next_dagrun for example_subdag_operator to 2020-12-26 00:00:00+00:00
[2020-12-28 13:59:41,359] {logging_mixin.py:103} INFO - [2020-12-28 13:59:41,359] {dag.py:2266} INFO - Setting next_dagrun for example_subdag_operator.section-1 to None
[2020-12-28 13:59:41,360] {logging_mixin.py:103} INFO - [2020-12-28 13:59:41,359] {dag.py:2266} INFO - Setting next_dagrun for example_subdag_operator.section-2 to None
[2020-12-28 13:59:41,364] {logging_mixin.py:103} INFO - [2020-12-28 13:59:41,364] {dag.py:1813} INFO - Sync 2 DAGs
[2020-12-28 13:59:41,370] {logging_mixin.py:103} INFO - [2020-12-28 13:59:41,370] {dag.py:2266} INFO - Setting next_dagrun for example_subdag_operator.section-1 to None
[2020-12-28 13:59:41,371] {logging_mixin.py:103} INFO - [2020-12-28 13:59:41,370] {dag.py:2266} INFO - Setting next_dagrun for example_subdag_operator.section-2 to None
[2020-12-28 13:59:41,381] {scheduler_job.py:189} INFO - Processing /opt/anaconda3/lib/python3.7/site-packages/airflow/example_dags/example_subdag_operator.py took 0.066 seconds
[2020-12-28 14:00:07,638] {scheduler_job.py:181} INFO - Started process (PID=16130) to work on /opt/anaconda3/lib/python3.7/site-packages/airflow/example_dags/example_subdag_operator.py
[2020-12-28 14:00:07,639] {scheduler_job.py:629} INFO - Processing file /opt/anaconda3/lib/python3.7/site-packages/airflow/example_dags/example_subdag_operator.py for tasks to queue
[2020-12-28 14:00:07,640] {logging_mixin.py:103} INFO - [2020-12-28 14:00:07,640] {dagbag.py:440} INFO - Filling up the DagBag from /opt/anaconda3/lib/python3.7/site-packages/airflow/example_dags/example_subdag_operator.py
[2020-12-28 14:00:07,661] {scheduler_job.py:639} INFO - DAG(s) dict_keys(['example_subdag_operator.section-1', 'example_subdag_operator.section-2', 'example_subdag_operator']) retrieved from /opt/anaconda3/lib/python3.7/site-packages/airflow/example_dags/example_subdag_operator.py
[2020-12-28 14:00:07,662] {logging_mixin.py:103} INFO - [2020-12-28 14:00:07,662] {dag.py:1813} INFO - Sync 3 DAGs
[2020-12-28 14:00:07,673] {logging_mixin.py:103} INFO - [2020-12-28 14:00:07,673] {dag.py:2266} INFO - Setting next_dagrun for example_subdag_operator to 2020-12-26 00:00:00+00:00
[2020-12-28 14:00:07,674] {logging_mixin.py:103} INFO - [2020-12-28 14:00:07,674] {dag.py:2266} INFO - Setting next_dagrun for example_subdag_operator.section-1 to None
[2020-12-28 14:00:07,675] {logging_mixin.py:103} INFO - [2020-12-28 14:00:07,675] {dag.py:2266} INFO - Setting next_dagrun for example_subdag_operator.section-2 to None
[2020-12-28 14:00:07,679] {logging_mixin.py:103} INFO - [2020-12-28 14:00:07,678] {dag.py:1813} INFO - Sync 2 DAGs
[2020-12-28 14:00:07,683] {logging_mixin.py:103} INFO - [2020-12-28 14:00:07,683] {dag.py:2266} INFO - Setting next_dagrun for example_subdag_operator.section-1 to None
[2020-12-28 14:00:07,684] {logging_mixin.py:103} INFO - [2020-12-28 14:00:07,684] {dag.py:2266} INFO - Setting next_dagrun for example_subdag_operator.section-2 to None
[2020-12-28 14:00:07,693] {scheduler_job.py:189} INFO - Processing /opt/anaconda3/lib/python3.7/site-packages/airflow/example_dags/example_subdag_operator.py took 0.059 seconds
[2020-12-28 14:00:33,330] {scheduler_job.py:181} INFO - Started process (PID=16233) to work on /opt/anaconda3/lib/python3.7/site-packages/airflow/example_dags/example_subdag_operator.py
[2020-12-28 14:00:33,332] {scheduler_job.py:629} INFO - Processing file /opt/anaconda3/lib/python3.7/site-packages/airflow/example_dags/example_subdag_operator.py for tasks to queue
[2020-12-28 14:00:33,333] {logging_mixin.py:103} INFO - [2020-12-28 14:00:33,333] {dagbag.py:440} INFO - Filling up the DagBag from /opt/anaconda3/lib/python3.7/site-packages/airflow/example_dags/example_subdag_operator.py
[2020-12-28 14:00:33,355] {scheduler_job.py:639} INFO - DAG(s) dict_keys(['example_subdag_operator.section-1', 'example_subdag_operator.section-2', 'example_subdag_operator']) retrieved from /opt/anaconda3/lib/python3.7/site-packages/airflow/example_dags/example_subdag_operator.py
[2020-12-28 14:00:33,357] {logging_mixin.py:103} INFO - [2020-12-28 14:00:33,356] {dag.py:1813} INFO - Sync 3 DAGs
[2020-12-28 14:00:33,368] {logging_mixin.py:103} INFO - [2020-12-28 14:00:33,368] {dag.py:2266} INFO - Setting next_dagrun for example_subdag_operator to 2020-12-26 00:00:00+00:00
[2020-12-28 14:00:33,370] {logging_mixin.py:103} INFO - [2020-12-28 14:00:33,369] {dag.py:2266} INFO - Setting next_dagrun for example_subdag_operator.section-1 to None
[2020-12-28 14:00:33,370] {logging_mixin.py:103} INFO - [2020-12-28 14:00:33,370] {dag.py:2266} INFO - Setting next_dagrun for example_subdag_operator.section-2 to None
[2020-12-28 14:00:33,374] {logging_mixin.py:103} INFO - [2020-12-28 14:00:33,374] {dag.py:1813} INFO - Sync 2 DAGs
[2020-12-28 14:00:33,379] {logging_mixin.py:103} INFO - [2020-12-28 14:00:33,379] {dag.py:2266} INFO - Setting next_dagrun for example_subdag_operator.section-1 to None
[2020-12-28 14:00:33,380] {logging_mixin.py:103} INFO - [2020-12-28 14:00:33,379] {dag.py:2266} INFO - Setting next_dagrun for example_subdag_operator.section-2 to None
[2020-12-28 14:00:33,390] {scheduler_job.py:189} INFO - Processing /opt/anaconda3/lib/python3.7/site-packages/airflow/example_dags/example_subdag_operator.py took 0.063 seconds
[2020-12-28 14:01:00,195] {scheduler_job.py:181} INFO - Started process (PID=16324) to work on /opt/anaconda3/lib/python3.7/site-packages/airflow/example_dags/example_subdag_operator.py
[2020-12-28 14:01:00,196] {scheduler_job.py:629} INFO - Processing file /opt/anaconda3/lib/python3.7/site-packages/airflow/example_dags/example_subdag_operator.py for tasks to queue
[2020-12-28 14:01:00,197] {logging_mixin.py:103} INFO - [2020-12-28 14:01:00,197] {dagbag.py:440} INFO - Filling up the DagBag from /opt/anaconda3/lib/python3.7/site-packages/airflow/example_dags/example_subdag_operator.py
[2020-12-28 14:01:00,219] {scheduler_job.py:639} INFO - DAG(s) dict_keys(['example_subdag_operator.section-1', 'example_subdag_operator.section-2', 'example_subdag_operator']) retrieved from /opt/anaconda3/lib/python3.7/site-packages/airflow/example_dags/example_subdag_operator.py
[2020-12-28 14:01:00,220] {logging_mixin.py:103} INFO - [2020-12-28 14:01:00,220] {dag.py:1813} INFO - Sync 3 DAGs
[2020-12-28 14:01:00,231] {logging_mixin.py:103} INFO - [2020-12-28 14:01:00,231] {dag.py:2266} INFO - Setting next_dagrun for example_subdag_operator to 2020-12-26 00:00:00+00:00
[2020-12-28 14:01:00,232] {logging_mixin.py:103} INFO - [2020-12-28 14:01:00,232] {dag.py:2266} INFO - Setting next_dagrun for example_subdag_operator.section-1 to None
[2020-12-28 14:01:00,233] {logging_mixin.py:103} INFO - [2020-12-28 14:01:00,233] {dag.py:2266} INFO - Setting next_dagrun for example_subdag_operator.section-2 to None
[2020-12-28 14:01:00,237] {logging_mixin.py:103} INFO - [2020-12-28 14:01:00,236] {dag.py:1813} INFO - Sync 2 DAGs
[2020-12-28 14:01:00,242] {logging_mixin.py:103} INFO - [2020-12-28 14:01:00,242] {dag.py:2266} INFO - Setting next_dagrun for example_subdag_operator.section-1 to None
[2020-12-28 14:01:00,243] {logging_mixin.py:103} INFO - [2020-12-28 14:01:00,242] {dag.py:2266} INFO - Setting next_dagrun for example_subdag_operator.section-2 to None
[2020-12-28 14:01:00,253] {scheduler_job.py:189} INFO - Processing /opt/anaconda3/lib/python3.7/site-packages/airflow/example_dags/example_subdag_operator.py took 0.062 seconds
[2020-12-28 14:01:27,007] {scheduler_job.py:181} INFO - Started process (PID=16413) to work on /opt/anaconda3/lib/python3.7/site-packages/airflow/example_dags/example_subdag_operator.py
[2020-12-28 14:01:27,008] {scheduler_job.py:629} INFO - Processing file /opt/anaconda3/lib/python3.7/site-packages/airflow/example_dags/example_subdag_operator.py for tasks to queue
[2020-12-28 14:01:27,009] {logging_mixin.py:103} INFO - [2020-12-28 14:01:27,009] {dagbag.py:440} INFO - Filling up the DagBag from /opt/anaconda3/lib/python3.7/site-packages/airflow/example_dags/example_subdag_operator.py
[2020-12-28 14:01:27,028] {scheduler_job.py:639} INFO - DAG(s) dict_keys(['example_subdag_operator.section-1', 'example_subdag_operator.section-2', 'example_subdag_operator']) retrieved from /opt/anaconda3/lib/python3.7/site-packages/airflow/example_dags/example_subdag_operator.py
[2020-12-28 14:01:27,030] {logging_mixin.py:103} INFO - [2020-12-28 14:01:27,029] {dag.py:1813} INFO - Sync 3 DAGs
[2020-12-28 14:01:27,040] {logging_mixin.py:103} INFO - [2020-12-28 14:01:27,040] {dag.py:2266} INFO - Setting next_dagrun for example_subdag_operator to 2020-12-26 00:00:00+00:00
[2020-12-28 14:01:27,041] {logging_mixin.py:103} INFO - [2020-12-28 14:01:27,041] {dag.py:2266} INFO - Setting next_dagrun for example_subdag_operator.section-1 to None
[2020-12-28 14:01:27,042] {logging_mixin.py:103} INFO - [2020-12-28 14:01:27,042] {dag.py:2266} INFO - Setting next_dagrun for example_subdag_operator.section-2 to None
[2020-12-28 14:01:27,046] {logging_mixin.py:103} INFO - [2020-12-28 14:01:27,045] {dag.py:1813} INFO - Sync 2 DAGs
[2020-12-28 14:01:27,051] {logging_mixin.py:103} INFO - [2020-12-28 14:01:27,051] {dag.py:2266} INFO - Setting next_dagrun for example_subdag_operator.section-1 to None
[2020-12-28 14:01:27,052] {logging_mixin.py:103} INFO - [2020-12-28 14:01:27,051] {dag.py:2266} INFO - Setting next_dagrun for example_subdag_operator.section-2 to None
[2020-12-28 14:01:27,063] {scheduler_job.py:189} INFO - Processing /opt/anaconda3/lib/python3.7/site-packages/airflow/example_dags/example_subdag_operator.py took 0.058 seconds
[2020-12-28 14:01:52,743] {scheduler_job.py:181} INFO - Started process (PID=16523) to work on /opt/anaconda3/lib/python3.7/site-packages/airflow/example_dags/example_subdag_operator.py
[2020-12-28 14:01:52,745] {scheduler_job.py:629} INFO - Processing file /opt/anaconda3/lib/python3.7/site-packages/airflow/example_dags/example_subdag_operator.py for tasks to queue
[2020-12-28 14:01:52,746] {logging_mixin.py:103} INFO - [2020-12-28 14:01:52,745] {dagbag.py:440} INFO - Filling up the DagBag from /opt/anaconda3/lib/python3.7/site-packages/airflow/example_dags/example_subdag_operator.py
[2020-12-28 14:01:52,766] {scheduler_job.py:639} INFO - DAG(s) dict_keys(['example_subdag_operator.section-1', 'example_subdag_operator.section-2', 'example_subdag_operator']) retrieved from /opt/anaconda3/lib/python3.7/site-packages/airflow/example_dags/example_subdag_operator.py
[2020-12-28 14:01:52,767] {logging_mixin.py:103} INFO - [2020-12-28 14:01:52,767] {dag.py:1813} INFO - Sync 3 DAGs
[2020-12-28 14:01:52,778] {logging_mixin.py:103} INFO - [2020-12-28 14:01:52,778] {dag.py:2266} INFO - Setting next_dagrun for example_subdag_operator to 2020-12-26 00:00:00+00:00
[2020-12-28 14:01:52,780] {logging_mixin.py:103} INFO - [2020-12-28 14:01:52,779] {dag.py:2266} INFO - Setting next_dagrun for example_subdag_operator.section-1 to None
[2020-12-28 14:01:52,780] {logging_mixin.py:103} INFO - [2020-12-28 14:01:52,780] {dag.py:2266} INFO - Setting next_dagrun for example_subdag_operator.section-2 to None
[2020-12-28 14:01:52,784] {logging_mixin.py:103} INFO - [2020-12-28 14:01:52,784] {dag.py:1813} INFO - Sync 2 DAGs
[2020-12-28 14:01:52,789] {logging_mixin.py:103} INFO - [2020-12-28 14:01:52,789] {dag.py:2266} INFO - Setting next_dagrun for example_subdag_operator.section-1 to None
[2020-12-28 14:01:52,789] {logging_mixin.py:103} INFO - [2020-12-28 14:01:52,789] {dag.py:2266} INFO - Setting next_dagrun for example_subdag_operator.section-2 to None
[2020-12-28 14:01:52,800] {scheduler_job.py:189} INFO - Processing /opt/anaconda3/lib/python3.7/site-packages/airflow/example_dags/example_subdag_operator.py took 0.060 seconds
[2020-12-28 14:02:19,560] {scheduler_job.py:181} INFO - Started process (PID=16696) to work on /opt/anaconda3/lib/python3.7/site-packages/airflow/example_dags/example_subdag_operator.py
[2020-12-28 14:02:19,561] {scheduler_job.py:629} INFO - Processing file /opt/anaconda3/lib/python3.7/site-packages/airflow/example_dags/example_subdag_operator.py for tasks to queue
[2020-12-28 14:02:19,563] {logging_mixin.py:103} INFO - [2020-12-28 14:02:19,562] {dagbag.py:440} INFO - Filling up the DagBag from /opt/anaconda3/lib/python3.7/site-packages/airflow/example_dags/example_subdag_operator.py
[2020-12-28 14:02:19,585] {scheduler_job.py:639} INFO - DAG(s) dict_keys(['example_subdag_operator.section-1', 'example_subdag_operator.section-2', 'example_subdag_operator']) retrieved from /opt/anaconda3/lib/python3.7/site-packages/airflow/example_dags/example_subdag_operator.py
[2020-12-28 14:02:19,586] {logging_mixin.py:103} INFO - [2020-12-28 14:02:19,586] {dag.py:1813} INFO - Sync 3 DAGs
[2020-12-28 14:02:19,597] {logging_mixin.py:103} INFO - [2020-12-28 14:02:19,597] {dag.py:2266} INFO - Setting next_dagrun for example_subdag_operator to 2020-12-26 00:00:00+00:00
[2020-12-28 14:02:19,599] {logging_mixin.py:103} INFO - [2020-12-28 14:02:19,598] {dag.py:2266} INFO - Setting next_dagrun for example_subdag_operator.section-1 to None
[2020-12-28 14:02:19,599] {logging_mixin.py:103} INFO - [2020-12-28 14:02:19,599] {dag.py:2266} INFO - Setting next_dagrun for example_subdag_operator.section-2 to None
[2020-12-28 14:02:19,603] {logging_mixin.py:103} INFO - [2020-12-28 14:02:19,603] {dag.py:1813} INFO - Sync 2 DAGs
[2020-12-28 14:02:19,609] {logging_mixin.py:103} INFO - [2020-12-28 14:02:19,609] {dag.py:2266} INFO - Setting next_dagrun for example_subdag_operator.section-1 to None
[2020-12-28 14:02:19,610] {logging_mixin.py:103} INFO - [2020-12-28 14:02:19,610] {dag.py:2266} INFO - Setting next_dagrun for example_subdag_operator.section-2 to None
[2020-12-28 14:02:19,621] {scheduler_job.py:189} INFO - Processing /opt/anaconda3/lib/python3.7/site-packages/airflow/example_dags/example_subdag_operator.py took 0.065 seconds
[2020-12-28 14:02:45,296] {scheduler_job.py:181} INFO - Started process (PID=16776) to work on /opt/anaconda3/lib/python3.7/site-packages/airflow/example_dags/example_subdag_operator.py
[2020-12-28 14:02:45,297] {scheduler_job.py:629} INFO - Processing file /opt/anaconda3/lib/python3.7/site-packages/airflow/example_dags/example_subdag_operator.py for tasks to queue
[2020-12-28 14:02:45,298] {logging_mixin.py:103} INFO - [2020-12-28 14:02:45,298] {dagbag.py:440} INFO - Filling up the DagBag from /opt/anaconda3/lib/python3.7/site-packages/airflow/example_dags/example_subdag_operator.py
[2020-12-28 14:02:45,320] {scheduler_job.py:639} INFO - DAG(s) dict_keys(['example_subdag_operator.section-1', 'example_subdag_operator.section-2', 'example_subdag_operator']) retrieved from /opt/anaconda3/lib/python3.7/site-packages/airflow/example_dags/example_subdag_operator.py
[2020-12-28 14:02:45,321] {logging_mixin.py:103} INFO - [2020-12-28 14:02:45,321] {dag.py:1813} INFO - Sync 3 DAGs
[2020-12-28 14:02:45,334] {logging_mixin.py:103} INFO - [2020-12-28 14:02:45,333] {dag.py:2266} INFO - Setting next_dagrun for example_subdag_operator to 2020-12-26 00:00:00+00:00
[2020-12-28 14:02:45,335] {logging_mixin.py:103} INFO - [2020-12-28 14:02:45,335] {dag.py:2266} INFO - Setting next_dagrun for example_subdag_operator.section-1 to None
[2020-12-28 14:02:45,335] {logging_mixin.py:103} INFO - [2020-12-28 14:02:45,335] {dag.py:2266} INFO - Setting next_dagrun for example_subdag_operator.section-2 to None
[2020-12-28 14:02:45,339] {logging_mixin.py:103} INFO - [2020-12-28 14:02:45,339] {dag.py:1813} INFO - Sync 2 DAGs
[2020-12-28 14:02:45,345] {logging_mixin.py:103} INFO - [2020-12-28 14:02:45,344] {dag.py:2266} INFO - Setting next_dagrun for example_subdag_operator.section-1 to None
[2020-12-28 14:02:45,345] {logging_mixin.py:103} INFO - [2020-12-28 14:02:45,345] {dag.py:2266} INFO - Setting next_dagrun for example_subdag_operator.section-2 to None
[2020-12-28 14:02:45,355] {scheduler_job.py:189} INFO - Processing /opt/anaconda3/lib/python3.7/site-packages/airflow/example_dags/example_subdag_operator.py took 0.063 seconds
[2020-12-28 14:03:12,150] {scheduler_job.py:181} INFO - Started process (PID=16862) to work on /opt/anaconda3/lib/python3.7/site-packages/airflow/example_dags/example_subdag_operator.py
[2020-12-28 14:03:12,151] {scheduler_job.py:629} INFO - Processing file /opt/anaconda3/lib/python3.7/site-packages/airflow/example_dags/example_subdag_operator.py for tasks to queue
[2020-12-28 14:03:12,152] {logging_mixin.py:103} INFO - [2020-12-28 14:03:12,152] {dagbag.py:440} INFO - Filling up the DagBag from /opt/anaconda3/lib/python3.7/site-packages/airflow/example_dags/example_subdag_operator.py
[2020-12-28 14:03:12,175] {scheduler_job.py:639} INFO - DAG(s) dict_keys(['example_subdag_operator.section-1', 'example_subdag_operator.section-2', 'example_subdag_operator']) retrieved from /opt/anaconda3/lib/python3.7/site-packages/airflow/example_dags/example_subdag_operator.py
[2020-12-28 14:03:12,176] {logging_mixin.py:103} INFO - [2020-12-28 14:03:12,176] {dag.py:1813} INFO - Sync 3 DAGs
[2020-12-28 14:03:12,188] {logging_mixin.py:103} INFO - [2020-12-28 14:03:12,188] {dag.py:2266} INFO - Setting next_dagrun for example_subdag_operator to 2020-12-26 00:00:00+00:00
[2020-12-28 14:03:12,189] {logging_mixin.py:103} INFO - [2020-12-28 14:03:12,189] {dag.py:2266} INFO - Setting next_dagrun for example_subdag_operator.section-1 to None
[2020-12-28 14:03:12,190] {logging_mixin.py:103} INFO - [2020-12-28 14:03:12,189] {dag.py:2266} INFO - Setting next_dagrun for example_subdag_operator.section-2 to None
[2020-12-28 14:03:12,193] {logging_mixin.py:103} INFO - [2020-12-28 14:03:12,193] {dag.py:1813} INFO - Sync 2 DAGs
[2020-12-28 14:03:12,199] {logging_mixin.py:103} INFO - [2020-12-28 14:03:12,199] {dag.py:2266} INFO - Setting next_dagrun for example_subdag_operator.section-1 to None
[2020-12-28 14:03:12,199] {logging_mixin.py:103} INFO - [2020-12-28 14:03:12,199] {dag.py:2266} INFO - Setting next_dagrun for example_subdag_operator.section-2 to None
[2020-12-28 14:03:12,210] {scheduler_job.py:189} INFO - Processing /opt/anaconda3/lib/python3.7/site-packages/airflow/example_dags/example_subdag_operator.py took 0.063 seconds
[2020-12-28 14:03:37,826] {scheduler_job.py:181} INFO - Started process (PID=16950) to work on /opt/anaconda3/lib/python3.7/site-packages/airflow/example_dags/example_subdag_operator.py
[2020-12-28 14:03:37,827] {scheduler_job.py:629} INFO - Processing file /opt/anaconda3/lib/python3.7/site-packages/airflow/example_dags/example_subdag_operator.py for tasks to queue
[2020-12-28 14:03:37,828] {logging_mixin.py:103} INFO - [2020-12-28 14:03:37,828] {dagbag.py:440} INFO - Filling up the DagBag from /opt/anaconda3/lib/python3.7/site-packages/airflow/example_dags/example_subdag_operator.py
[2020-12-28 14:03:37,848] {scheduler_job.py:639} INFO - DAG(s) dict_keys(['example_subdag_operator.section-1', 'example_subdag_operator.section-2', 'example_subdag_operator']) retrieved from /opt/anaconda3/lib/python3.7/site-packages/airflow/example_dags/example_subdag_operator.py
[2020-12-28 14:03:37,849] {logging_mixin.py:103} INFO - [2020-12-28 14:03:37,849] {dag.py:1813} INFO - Sync 3 DAGs
[2020-12-28 14:03:37,861] {logging_mixin.py:103} INFO - [2020-12-28 14:03:37,861] {dag.py:2266} INFO - Setting next_dagrun for example_subdag_operator to 2020-12-26 00:00:00+00:00
[2020-12-28 14:03:37,862] {logging_mixin.py:103} INFO - [2020-12-28 14:03:37,862] {dag.py:2266} INFO - Setting next_dagrun for example_subdag_operator.section-1 to None
[2020-12-28 14:03:37,863] {logging_mixin.py:103} INFO - [2020-12-28 14:03:37,862] {dag.py:2266} INFO - Setting next_dagrun for example_subdag_operator.section-2 to None
[2020-12-28 14:03:37,866] {logging_mixin.py:103} INFO - [2020-12-28 14:03:37,866] {dag.py:1813} INFO - Sync 2 DAGs
[2020-12-28 14:03:37,871] {logging_mixin.py:103} INFO - [2020-12-28 14:03:37,871] {dag.py:2266} INFO - Setting next_dagrun for example_subdag_operator.section-1 to None
[2020-12-28 14:03:37,872] {logging_mixin.py:103} INFO - [2020-12-28 14:03:37,872] {dag.py:2266} INFO - Setting next_dagrun for example_subdag_operator.section-2 to None
[2020-12-28 14:03:37,882] {scheduler_job.py:189} INFO - Processing /opt/anaconda3/lib/python3.7/site-packages/airflow/example_dags/example_subdag_operator.py took 0.058 seconds
[2020-12-28 14:04:03,552] {scheduler_job.py:181} INFO - Started process (PID=17055) to work on /opt/anaconda3/lib/python3.7/site-packages/airflow/example_dags/example_subdag_operator.py
[2020-12-28 14:04:03,553] {scheduler_job.py:629} INFO - Processing file /opt/anaconda3/lib/python3.7/site-packages/airflow/example_dags/example_subdag_operator.py for tasks to queue
[2020-12-28 14:04:03,554] {logging_mixin.py:103} INFO - [2020-12-28 14:04:03,554] {dagbag.py:440} INFO - Filling up the DagBag from /opt/anaconda3/lib/python3.7/site-packages/airflow/example_dags/example_subdag_operator.py
[2020-12-28 14:04:03,577] {scheduler_job.py:639} INFO - DAG(s) dict_keys(['example_subdag_operator.section-1', 'example_subdag_operator.section-2', 'example_subdag_operator']) retrieved from /opt/anaconda3/lib/python3.7/site-packages/airflow/example_dags/example_subdag_operator.py
[2020-12-28 14:04:03,578] {logging_mixin.py:103} INFO - [2020-12-28 14:04:03,578] {dag.py:1813} INFO - Sync 3 DAGs
[2020-12-28 14:04:03,590] {logging_mixin.py:103} INFO - [2020-12-28 14:04:03,590] {dag.py:2266} INFO - Setting next_dagrun for example_subdag_operator to 2020-12-26 00:00:00+00:00
[2020-12-28 14:04:03,591] {logging_mixin.py:103} INFO - [2020-12-28 14:04:03,591] {dag.py:2266} INFO - Setting next_dagrun for example_subdag_operator.section-1 to None
[2020-12-28 14:04:03,592] {logging_mixin.py:103} INFO - [2020-12-28 14:04:03,592] {dag.py:2266} INFO - Setting next_dagrun for example_subdag_operator.section-2 to None
[2020-12-28 14:04:03,596] {logging_mixin.py:103} INFO - [2020-12-28 14:04:03,596] {dag.py:1813} INFO - Sync 2 DAGs
[2020-12-28 14:04:03,602] {logging_mixin.py:103} INFO - [2020-12-28 14:04:03,602] {dag.py:2266} INFO - Setting next_dagrun for example_subdag_operator.section-1 to None
[2020-12-28 14:04:03,603] {logging_mixin.py:103} INFO - [2020-12-28 14:04:03,603] {dag.py:2266} INFO - Setting next_dagrun for example_subdag_operator.section-2 to None
[2020-12-28 14:04:03,615] {scheduler_job.py:189} INFO - Processing /opt/anaconda3/lib/python3.7/site-packages/airflow/example_dags/example_subdag_operator.py took 0.067 seconds
[2020-12-28 14:04:31,024] {scheduler_job.py:181} INFO - Started process (PID=17177) to work on /opt/anaconda3/lib/python3.7/site-packages/airflow/example_dags/example_subdag_operator.py
[2020-12-28 14:04:31,025] {scheduler_job.py:629} INFO - Processing file /opt/anaconda3/lib/python3.7/site-packages/airflow/example_dags/example_subdag_operator.py for tasks to queue
[2020-12-28 14:04:31,026] {logging_mixin.py:103} INFO - [2020-12-28 14:04:31,025] {dagbag.py:440} INFO - Filling up the DagBag from /opt/anaconda3/lib/python3.7/site-packages/airflow/example_dags/example_subdag_operator.py
[2020-12-28 14:04:31,047] {scheduler_job.py:639} INFO - DAG(s) dict_keys(['example_subdag_operator.section-1', 'example_subdag_operator.section-2', 'example_subdag_operator']) retrieved from /opt/anaconda3/lib/python3.7/site-packages/airflow/example_dags/example_subdag_operator.py
[2020-12-28 14:04:31,048] {logging_mixin.py:103} INFO - [2020-12-28 14:04:31,048] {dag.py:1813} INFO - Sync 3 DAGs
[2020-12-28 14:04:31,055] {logging_mixin.py:103} INFO - [2020-12-28 14:04:31,055] {dag.py:1832} INFO - Creating ORM DAG for example_subdag_operator.section-2
[2020-12-28 14:04:31,056] {logging_mixin.py:103} INFO - [2020-12-28 14:04:31,056] {dag.py:1832} INFO - Creating ORM DAG for example_subdag_operator.section-1
[2020-12-28 14:04:31,057] {logging_mixin.py:103} INFO - [2020-12-28 14:04:31,057] {dag.py:1832} INFO - Creating ORM DAG for example_subdag_operator
[2020-12-28 14:04:31,061] {logging_mixin.py:103} INFO - [2020-12-28 14:04:31,060] {dag.py:2266} INFO - Setting next_dagrun for example_subdag_operator to 2020-12-26 00:00:00+00:00
[2020-12-28 14:04:31,061] {logging_mixin.py:103} INFO - [2020-12-28 14:04:31,061] {dag.py:2266} INFO - Setting next_dagrun for example_subdag_operator.section-1 to None
[2020-12-28 14:04:31,062] {logging_mixin.py:103} INFO - [2020-12-28 14:04:31,062] {dag.py:2266} INFO - Setting next_dagrun for example_subdag_operator.section-2 to None
[2020-12-28 14:04:31,069] {logging_mixin.py:103} INFO - [2020-12-28 14:04:31,069] {dag.py:1813} INFO - Sync 2 DAGs
[2020-12-28 14:04:31,076] {logging_mixin.py:103} INFO - [2020-12-28 14:04:31,075] {dag.py:2266} INFO - Setting next_dagrun for example_subdag_operator.section-1 to None
[2020-12-28 14:04:31,076] {logging_mixin.py:103} INFO - [2020-12-28 14:04:31,076] {dag.py:2266} INFO - Setting next_dagrun for example_subdag_operator.section-2 to None
[2020-12-28 14:04:31,091] {scheduler_job.py:189} INFO - Processing /opt/anaconda3/lib/python3.7/site-packages/airflow/example_dags/example_subdag_operator.py took 0.070 seconds
[2020-12-28 14:04:57,875] {scheduler_job.py:181} INFO - Started process (PID=17291) to work on /opt/anaconda3/lib/python3.7/site-packages/airflow/example_dags/example_subdag_operator.py
[2020-12-28 14:04:57,876] {scheduler_job.py:629} INFO - Processing file /opt/anaconda3/lib/python3.7/site-packages/airflow/example_dags/example_subdag_operator.py for tasks to queue
[2020-12-28 14:04:57,877] {logging_mixin.py:103} INFO - [2020-12-28 14:04:57,877] {dagbag.py:440} INFO - Filling up the DagBag from /opt/anaconda3/lib/python3.7/site-packages/airflow/example_dags/example_subdag_operator.py
[2020-12-28 14:04:57,900] {scheduler_job.py:639} INFO - DAG(s) dict_keys(['example_subdag_operator.section-1', 'example_subdag_operator.section-2', 'example_subdag_operator']) retrieved from /opt/anaconda3/lib/python3.7/site-packages/airflow/example_dags/example_subdag_operator.py
[2020-12-28 14:04:57,901] {logging_mixin.py:103} INFO - [2020-12-28 14:04:57,901] {dag.py:1813} INFO - Sync 3 DAGs
[2020-12-28 14:04:57,912] {logging_mixin.py:103} INFO - [2020-12-28 14:04:57,912] {dag.py:2266} INFO - Setting next_dagrun for example_subdag_operator to 2020-12-26 00:00:00+00:00
[2020-12-28 14:04:57,913] {logging_mixin.py:103} INFO - [2020-12-28 14:04:57,913] {dag.py:2266} INFO - Setting next_dagrun for example_subdag_operator.section-1 to None
[2020-12-28 14:04:57,914] {logging_mixin.py:103} INFO - [2020-12-28 14:04:57,914] {dag.py:2266} INFO - Setting next_dagrun for example_subdag_operator.section-2 to None
[2020-12-28 14:04:57,918] {logging_mixin.py:103} INFO - [2020-12-28 14:04:57,917] {dag.py:1813} INFO - Sync 2 DAGs
[2020-12-28 14:04:57,923] {logging_mixin.py:103} INFO - [2020-12-28 14:04:57,923] {dag.py:2266} INFO - Setting next_dagrun for example_subdag_operator.section-1 to None
[2020-12-28 14:04:57,923] {logging_mixin.py:103} INFO - [2020-12-28 14:04:57,923] {dag.py:2266} INFO - Setting next_dagrun for example_subdag_operator.section-2 to None
[2020-12-28 14:04:57,928] {scheduler_job.py:189} INFO - Processing /opt/anaconda3/lib/python3.7/site-packages/airflow/example_dags/example_subdag_operator.py took 0.057 seconds
[2020-12-28 14:05:24,725] {scheduler_job.py:181} INFO - Started process (PID=17394) to work on /opt/anaconda3/lib/python3.7/site-packages/airflow/example_dags/example_subdag_operator.py
[2020-12-28 14:05:24,727] {scheduler_job.py:629} INFO - Processing file /opt/anaconda3/lib/python3.7/site-packages/airflow/example_dags/example_subdag_operator.py for tasks to queue
[2020-12-28 14:05:24,728] {logging_mixin.py:103} INFO - [2020-12-28 14:05:24,727] {dagbag.py:440} INFO - Filling up the DagBag from /opt/anaconda3/lib/python3.7/site-packages/airflow/example_dags/example_subdag_operator.py
[2020-12-28 14:05:24,748] {scheduler_job.py:639} INFO - DAG(s) dict_keys(['example_subdag_operator.section-1', 'example_subdag_operator.section-2', 'example_subdag_operator']) retrieved from /opt/anaconda3/lib/python3.7/site-packages/airflow/example_dags/example_subdag_operator.py
[2020-12-28 14:05:24,749] {logging_mixin.py:103} INFO - [2020-12-28 14:05:24,749] {dag.py:1813} INFO - Sync 3 DAGs
[2020-12-28 14:05:24,761] {logging_mixin.py:103} INFO - [2020-12-28 14:05:24,761] {dag.py:2266} INFO - Setting next_dagrun for example_subdag_operator to 2020-12-26 00:00:00+00:00
[2020-12-28 14:05:24,762] {logging_mixin.py:103} INFO - [2020-12-28 14:05:24,762] {dag.py:2266} INFO - Setting next_dagrun for example_subdag_operator.section-1 to None
[2020-12-28 14:05:24,763] {logging_mixin.py:103} INFO - [2020-12-28 14:05:24,763] {dag.py:2266} INFO - Setting next_dagrun for example_subdag_operator.section-2 to None
[2020-12-28 14:05:24,767] {logging_mixin.py:103} INFO - [2020-12-28 14:05:24,766] {dag.py:1813} INFO - Sync 2 DAGs
[2020-12-28 14:05:24,772] {logging_mixin.py:103} INFO - [2020-12-28 14:05:24,772] {dag.py:2266} INFO - Setting next_dagrun for example_subdag_operator.section-1 to None
[2020-12-28 14:05:24,773] {logging_mixin.py:103} INFO - [2020-12-28 14:05:24,772] {dag.py:2266} INFO - Setting next_dagrun for example_subdag_operator.section-2 to None
[2020-12-28 14:05:24,783] {scheduler_job.py:189} INFO - Processing /opt/anaconda3/lib/python3.7/site-packages/airflow/example_dags/example_subdag_operator.py took 0.061 seconds
[2020-12-28 14:05:52,133] {scheduler_job.py:181} INFO - Started process (PID=17497) to work on /opt/anaconda3/lib/python3.7/site-packages/airflow/example_dags/example_subdag_operator.py
[2020-12-28 14:05:52,134] {scheduler_job.py:629} INFO - Processing file /opt/anaconda3/lib/python3.7/site-packages/airflow/example_dags/example_subdag_operator.py for tasks to queue
[2020-12-28 14:05:52,135] {logging_mixin.py:103} INFO - [2020-12-28 14:05:52,135] {dagbag.py:440} INFO - Filling up the DagBag from /opt/anaconda3/lib/python3.7/site-packages/airflow/example_dags/example_subdag_operator.py
[2020-12-28 14:05:52,157] {scheduler_job.py:639} INFO - DAG(s) dict_keys(['example_subdag_operator.section-1', 'example_subdag_operator.section-2', 'example_subdag_operator']) retrieved from /opt/anaconda3/lib/python3.7/site-packages/airflow/example_dags/example_subdag_operator.py
[2020-12-28 14:05:52,158] {logging_mixin.py:103} INFO - [2020-12-28 14:05:52,158] {dag.py:1813} INFO - Sync 3 DAGs
[2020-12-28 14:05:52,170] {logging_mixin.py:103} INFO - [2020-12-28 14:05:52,169] {dag.py:2266} INFO - Setting next_dagrun for example_subdag_operator to 2020-12-26 00:00:00+00:00
[2020-12-28 14:05:52,171] {logging_mixin.py:103} INFO - [2020-12-28 14:05:52,170] {dag.py:2266} INFO - Setting next_dagrun for example_subdag_operator.section-1 to None
[2020-12-28 14:05:52,171] {logging_mixin.py:103} INFO - [2020-12-28 14:05:52,171] {dag.py:2266} INFO - Setting next_dagrun for example_subdag_operator.section-2 to None
[2020-12-28 14:05:52,175] {logging_mixin.py:103} INFO - [2020-12-28 14:05:52,175] {dag.py:1813} INFO - Sync 2 DAGs
[2020-12-28 14:05:52,181] {logging_mixin.py:103} INFO - [2020-12-28 14:05:52,180] {dag.py:2266} INFO - Setting next_dagrun for example_subdag_operator.section-1 to None
[2020-12-28 14:05:52,181] {logging_mixin.py:103} INFO - [2020-12-28 14:05:52,181] {dag.py:2266} INFO - Setting next_dagrun for example_subdag_operator.section-2 to None
[2020-12-28 14:05:52,191] {scheduler_job.py:189} INFO - Processing /opt/anaconda3/lib/python3.7/site-packages/airflow/example_dags/example_subdag_operator.py took 0.062 seconds
