[2020-12-28 13:54:44,749] {scheduler_job.py:181} INFO - Started process (PID=14973) to work on /opt/anaconda3/lib/python3.7/site-packages/airflow/example_dags/example_trigger_target_dag.py
[2020-12-28 13:54:44,750] {scheduler_job.py:629} INFO - Processing file /opt/anaconda3/lib/python3.7/site-packages/airflow/example_dags/example_trigger_target_dag.py for tasks to queue
[2020-12-28 13:54:44,751] {logging_mixin.py:103} INFO - [2020-12-28 13:54:44,750] {dagbag.py:440} INFO - Filling up the DagBag from /opt/anaconda3/lib/python3.7/site-packages/airflow/example_dags/example_trigger_target_dag.py
[2020-12-28 13:54:44,760] {scheduler_job.py:639} INFO - DAG(s) dict_keys(['example_trigger_target_dag']) retrieved from /opt/anaconda3/lib/python3.7/site-packages/airflow/example_dags/example_trigger_target_dag.py
[2020-12-28 13:54:44,762] {logging_mixin.py:103} INFO - [2020-12-28 13:54:44,762] {dag.py:1813} INFO - Sync 1 DAGs
[2020-12-28 13:54:44,776] {logging_mixin.py:103} INFO - [2020-12-28 13:54:44,775] {dag.py:2266} INFO - Setting next_dagrun for example_trigger_target_dag to None
[2020-12-28 13:54:44,786] {scheduler_job.py:189} INFO - Processing /opt/anaconda3/lib/python3.7/site-packages/airflow/example_dags/example_trigger_target_dag.py took 0.041 seconds
[2020-12-28 13:55:10,484] {scheduler_job.py:181} INFO - Started process (PID=15090) to work on /opt/anaconda3/lib/python3.7/site-packages/airflow/example_dags/example_trigger_target_dag.py
[2020-12-28 13:55:10,485] {scheduler_job.py:629} INFO - Processing file /opt/anaconda3/lib/python3.7/site-packages/airflow/example_dags/example_trigger_target_dag.py for tasks to queue
[2020-12-28 13:55:10,486] {logging_mixin.py:103} INFO - [2020-12-28 13:55:10,486] {dagbag.py:440} INFO - Filling up the DagBag from /opt/anaconda3/lib/python3.7/site-packages/airflow/example_dags/example_trigger_target_dag.py
[2020-12-28 13:55:10,498] {scheduler_job.py:639} INFO - DAG(s) dict_keys(['example_trigger_target_dag']) retrieved from /opt/anaconda3/lib/python3.7/site-packages/airflow/example_dags/example_trigger_target_dag.py
[2020-12-28 13:55:10,499] {logging_mixin.py:103} INFO - [2020-12-28 13:55:10,499] {dag.py:1813} INFO - Sync 1 DAGs
[2020-12-28 13:55:10,516] {logging_mixin.py:103} INFO - [2020-12-28 13:55:10,515] {dag.py:2266} INFO - Setting next_dagrun for example_trigger_target_dag to None
[2020-12-28 13:55:10,528] {scheduler_job.py:189} INFO - Processing /opt/anaconda3/lib/python3.7/site-packages/airflow/example_dags/example_trigger_target_dag.py took 0.047 seconds
[2020-12-28 13:55:37,334] {scheduler_job.py:181} INFO - Started process (PID=15181) to work on /opt/anaconda3/lib/python3.7/site-packages/airflow/example_dags/example_trigger_target_dag.py
[2020-12-28 13:55:37,336] {scheduler_job.py:629} INFO - Processing file /opt/anaconda3/lib/python3.7/site-packages/airflow/example_dags/example_trigger_target_dag.py for tasks to queue
[2020-12-28 13:55:37,338] {logging_mixin.py:103} INFO - [2020-12-28 13:55:37,337] {dagbag.py:440} INFO - Filling up the DagBag from /opt/anaconda3/lib/python3.7/site-packages/airflow/example_dags/example_trigger_target_dag.py
[2020-12-28 13:55:37,349] {scheduler_job.py:639} INFO - DAG(s) dict_keys(['example_trigger_target_dag']) retrieved from /opt/anaconda3/lib/python3.7/site-packages/airflow/example_dags/example_trigger_target_dag.py
[2020-12-28 13:55:37,350] {logging_mixin.py:103} INFO - [2020-12-28 13:55:37,350] {dag.py:1813} INFO - Sync 1 DAGs
[2020-12-28 13:55:37,368] {logging_mixin.py:103} INFO - [2020-12-28 13:55:37,368] {dag.py:2266} INFO - Setting next_dagrun for example_trigger_target_dag to None
[2020-12-28 13:55:37,382] {scheduler_job.py:189} INFO - Processing /opt/anaconda3/lib/python3.7/site-packages/airflow/example_dags/example_trigger_target_dag.py took 0.050 seconds
[2020-12-28 13:56:03,004] {scheduler_job.py:181} INFO - Started process (PID=15276) to work on /opt/anaconda3/lib/python3.7/site-packages/airflow/example_dags/example_trigger_target_dag.py
[2020-12-28 13:56:03,006] {scheduler_job.py:629} INFO - Processing file /opt/anaconda3/lib/python3.7/site-packages/airflow/example_dags/example_trigger_target_dag.py for tasks to queue
[2020-12-28 13:56:03,007] {logging_mixin.py:103} INFO - [2020-12-28 13:56:03,007] {dagbag.py:440} INFO - Filling up the DagBag from /opt/anaconda3/lib/python3.7/site-packages/airflow/example_dags/example_trigger_target_dag.py
[2020-12-28 13:56:03,018] {scheduler_job.py:639} INFO - DAG(s) dict_keys(['example_trigger_target_dag']) retrieved from /opt/anaconda3/lib/python3.7/site-packages/airflow/example_dags/example_trigger_target_dag.py
[2020-12-28 13:56:03,019] {logging_mixin.py:103} INFO - [2020-12-28 13:56:03,019] {dag.py:1813} INFO - Sync 1 DAGs
[2020-12-28 13:56:03,035] {logging_mixin.py:103} INFO - [2020-12-28 13:56:03,034] {dag.py:2266} INFO - Setting next_dagrun for example_trigger_target_dag to None
[2020-12-28 13:56:03,047] {scheduler_job.py:189} INFO - Processing /opt/anaconda3/lib/python3.7/site-packages/airflow/example_dags/example_trigger_target_dag.py took 0.046 seconds
[2020-12-28 13:56:29,850] {scheduler_job.py:181} INFO - Started process (PID=15384) to work on /opt/anaconda3/lib/python3.7/site-packages/airflow/example_dags/example_trigger_target_dag.py
[2020-12-28 13:56:29,851] {scheduler_job.py:629} INFO - Processing file /opt/anaconda3/lib/python3.7/site-packages/airflow/example_dags/example_trigger_target_dag.py for tasks to queue
[2020-12-28 13:56:29,852] {logging_mixin.py:103} INFO - [2020-12-28 13:56:29,852] {dagbag.py:440} INFO - Filling up the DagBag from /opt/anaconda3/lib/python3.7/site-packages/airflow/example_dags/example_trigger_target_dag.py
[2020-12-28 13:56:29,864] {scheduler_job.py:639} INFO - DAG(s) dict_keys(['example_trigger_target_dag']) retrieved from /opt/anaconda3/lib/python3.7/site-packages/airflow/example_dags/example_trigger_target_dag.py
[2020-12-28 13:56:29,866] {logging_mixin.py:103} INFO - [2020-12-28 13:56:29,866] {dag.py:1813} INFO - Sync 1 DAGs
[2020-12-28 13:56:29,882] {logging_mixin.py:103} INFO - [2020-12-28 13:56:29,882] {dag.py:2266} INFO - Setting next_dagrun for example_trigger_target_dag to None
[2020-12-28 13:56:29,895] {scheduler_job.py:189} INFO - Processing /opt/anaconda3/lib/python3.7/site-packages/airflow/example_dags/example_trigger_target_dag.py took 0.048 seconds
[2020-12-28 13:56:55,853] {scheduler_job.py:181} INFO - Started process (PID=15471) to work on /opt/anaconda3/lib/python3.7/site-packages/airflow/example_dags/example_trigger_target_dag.py
[2020-12-28 13:56:55,855] {scheduler_job.py:629} INFO - Processing file /opt/anaconda3/lib/python3.7/site-packages/airflow/example_dags/example_trigger_target_dag.py for tasks to queue
[2020-12-28 13:56:55,856] {logging_mixin.py:103} INFO - [2020-12-28 13:56:55,856] {dagbag.py:440} INFO - Filling up the DagBag from /opt/anaconda3/lib/python3.7/site-packages/airflow/example_dags/example_trigger_target_dag.py
[2020-12-28 13:56:55,867] {scheduler_job.py:639} INFO - DAG(s) dict_keys(['example_trigger_target_dag']) retrieved from /opt/anaconda3/lib/python3.7/site-packages/airflow/example_dags/example_trigger_target_dag.py
[2020-12-28 13:56:55,869] {logging_mixin.py:103} INFO - [2020-12-28 13:56:55,868] {dag.py:1813} INFO - Sync 1 DAGs
[2020-12-28 13:56:55,885] {logging_mixin.py:103} INFO - [2020-12-28 13:56:55,884] {dag.py:2266} INFO - Setting next_dagrun for example_trigger_target_dag to None
[2020-12-28 13:56:55,897] {scheduler_job.py:189} INFO - Processing /opt/anaconda3/lib/python3.7/site-packages/airflow/example_dags/example_trigger_target_dag.py took 0.048 seconds
[2020-12-28 13:57:22,409] {scheduler_job.py:181} INFO - Started process (PID=15594) to work on /opt/anaconda3/lib/python3.7/site-packages/airflow/example_dags/example_trigger_target_dag.py
[2020-12-28 13:57:22,410] {scheduler_job.py:629} INFO - Processing file /opt/anaconda3/lib/python3.7/site-packages/airflow/example_dags/example_trigger_target_dag.py for tasks to queue
[2020-12-28 13:57:22,411] {logging_mixin.py:103} INFO - [2020-12-28 13:57:22,411] {dagbag.py:440} INFO - Filling up the DagBag from /opt/anaconda3/lib/python3.7/site-packages/airflow/example_dags/example_trigger_target_dag.py
[2020-12-28 13:57:22,422] {scheduler_job.py:639} INFO - DAG(s) dict_keys(['example_trigger_target_dag']) retrieved from /opt/anaconda3/lib/python3.7/site-packages/airflow/example_dags/example_trigger_target_dag.py
[2020-12-28 13:57:22,423] {logging_mixin.py:103} INFO - [2020-12-28 13:57:22,423] {dag.py:1813} INFO - Sync 1 DAGs
[2020-12-28 13:57:22,437] {logging_mixin.py:103} INFO - [2020-12-28 13:57:22,437] {dag.py:2266} INFO - Setting next_dagrun for example_trigger_target_dag to None
[2020-12-28 13:57:22,449] {scheduler_job.py:189} INFO - Processing /opt/anaconda3/lib/python3.7/site-packages/airflow/example_dags/example_trigger_target_dag.py took 0.043 seconds
[2020-12-28 13:57:48,733] {scheduler_job.py:181} INFO - Started process (PID=15649) to work on /opt/anaconda3/lib/python3.7/site-packages/airflow/example_dags/example_trigger_target_dag.py
[2020-12-28 13:57:48,734] {scheduler_job.py:629} INFO - Processing file /opt/anaconda3/lib/python3.7/site-packages/airflow/example_dags/example_trigger_target_dag.py for tasks to queue
[2020-12-28 13:57:48,735] {logging_mixin.py:103} INFO - [2020-12-28 13:57:48,735] {dagbag.py:440} INFO - Filling up the DagBag from /opt/anaconda3/lib/python3.7/site-packages/airflow/example_dags/example_trigger_target_dag.py
[2020-12-28 13:57:48,746] {scheduler_job.py:639} INFO - DAG(s) dict_keys(['example_trigger_target_dag']) retrieved from /opt/anaconda3/lib/python3.7/site-packages/airflow/example_dags/example_trigger_target_dag.py
[2020-12-28 13:57:48,747] {logging_mixin.py:103} INFO - [2020-12-28 13:57:48,747] {dag.py:1813} INFO - Sync 1 DAGs
[2020-12-28 13:57:48,765] {logging_mixin.py:103} INFO - [2020-12-28 13:57:48,764] {dag.py:2266} INFO - Setting next_dagrun for example_trigger_target_dag to None
[2020-12-28 13:57:48,803] {scheduler_job.py:189} INFO - Processing /opt/anaconda3/lib/python3.7/site-packages/airflow/example_dags/example_trigger_target_dag.py took 0.073 seconds
[2020-12-28 13:58:14,484] {scheduler_job.py:181} INFO - Started process (PID=15756) to work on /opt/anaconda3/lib/python3.7/site-packages/airflow/example_dags/example_trigger_target_dag.py
[2020-12-28 13:58:14,486] {scheduler_job.py:629} INFO - Processing file /opt/anaconda3/lib/python3.7/site-packages/airflow/example_dags/example_trigger_target_dag.py for tasks to queue
[2020-12-28 13:58:14,487] {logging_mixin.py:103} INFO - [2020-12-28 13:58:14,487] {dagbag.py:440} INFO - Filling up the DagBag from /opt/anaconda3/lib/python3.7/site-packages/airflow/example_dags/example_trigger_target_dag.py
[2020-12-28 13:58:14,498] {scheduler_job.py:639} INFO - DAG(s) dict_keys(['example_trigger_target_dag']) retrieved from /opt/anaconda3/lib/python3.7/site-packages/airflow/example_dags/example_trigger_target_dag.py
[2020-12-28 13:58:14,500] {logging_mixin.py:103} INFO - [2020-12-28 13:58:14,500] {dag.py:1813} INFO - Sync 1 DAGs
[2020-12-28 13:58:14,516] {logging_mixin.py:103} INFO - [2020-12-28 13:58:14,516] {dag.py:2266} INFO - Setting next_dagrun for example_trigger_target_dag to None
[2020-12-28 13:58:14,529] {scheduler_job.py:189} INFO - Processing /opt/anaconda3/lib/python3.7/site-packages/airflow/example_dags/example_trigger_target_dag.py took 0.049 seconds
[2020-12-28 13:58:40,741] {scheduler_job.py:181} INFO - Started process (PID=15847) to work on /opt/anaconda3/lib/python3.7/site-packages/airflow/example_dags/example_trigger_target_dag.py
[2020-12-28 13:58:40,743] {scheduler_job.py:629} INFO - Processing file /opt/anaconda3/lib/python3.7/site-packages/airflow/example_dags/example_trigger_target_dag.py for tasks to queue
[2020-12-28 13:58:40,744] {logging_mixin.py:103} INFO - [2020-12-28 13:58:40,744] {dagbag.py:440} INFO - Filling up the DagBag from /opt/anaconda3/lib/python3.7/site-packages/airflow/example_dags/example_trigger_target_dag.py
[2020-12-28 13:58:40,756] {scheduler_job.py:639} INFO - DAG(s) dict_keys(['example_trigger_target_dag']) retrieved from /opt/anaconda3/lib/python3.7/site-packages/airflow/example_dags/example_trigger_target_dag.py
[2020-12-28 13:58:40,758] {logging_mixin.py:103} INFO - [2020-12-28 13:58:40,757] {dag.py:1813} INFO - Sync 1 DAGs
[2020-12-28 13:58:40,774] {logging_mixin.py:103} INFO - [2020-12-28 13:58:40,774] {dag.py:2266} INFO - Setting next_dagrun for example_trigger_target_dag to None
[2020-12-28 13:58:40,788] {scheduler_job.py:189} INFO - Processing /opt/anaconda3/lib/python3.7/site-packages/airflow/example_dags/example_trigger_target_dag.py took 0.050 seconds
[2020-12-28 13:59:07,064] {scheduler_job.py:181} INFO - Started process (PID=15933) to work on /opt/anaconda3/lib/python3.7/site-packages/airflow/example_dags/example_trigger_target_dag.py
[2020-12-28 13:59:07,066] {scheduler_job.py:629} INFO - Processing file /opt/anaconda3/lib/python3.7/site-packages/airflow/example_dags/example_trigger_target_dag.py for tasks to queue
[2020-12-28 13:59:07,067] {logging_mixin.py:103} INFO - [2020-12-28 13:59:07,067] {dagbag.py:440} INFO - Filling up the DagBag from /opt/anaconda3/lib/python3.7/site-packages/airflow/example_dags/example_trigger_target_dag.py
[2020-12-28 13:59:07,079] {scheduler_job.py:639} INFO - DAG(s) dict_keys(['example_trigger_target_dag']) retrieved from /opt/anaconda3/lib/python3.7/site-packages/airflow/example_dags/example_trigger_target_dag.py
[2020-12-28 13:59:07,081] {logging_mixin.py:103} INFO - [2020-12-28 13:59:07,080] {dag.py:1813} INFO - Sync 1 DAGs
[2020-12-28 13:59:07,097] {logging_mixin.py:103} INFO - [2020-12-28 13:59:07,096] {dag.py:2266} INFO - Setting next_dagrun for example_trigger_target_dag to None
[2020-12-28 13:59:07,110] {scheduler_job.py:189} INFO - Processing /opt/anaconda3/lib/python3.7/site-packages/airflow/example_dags/example_trigger_target_dag.py took 0.049 seconds
[2020-12-28 13:59:32,766] {scheduler_job.py:181} INFO - Started process (PID=16014) to work on /opt/anaconda3/lib/python3.7/site-packages/airflow/example_dags/example_trigger_target_dag.py
[2020-12-28 13:59:32,768] {scheduler_job.py:629} INFO - Processing file /opt/anaconda3/lib/python3.7/site-packages/airflow/example_dags/example_trigger_target_dag.py for tasks to queue
[2020-12-28 13:59:32,769] {logging_mixin.py:103} INFO - [2020-12-28 13:59:32,769] {dagbag.py:440} INFO - Filling up the DagBag from /opt/anaconda3/lib/python3.7/site-packages/airflow/example_dags/example_trigger_target_dag.py
[2020-12-28 13:59:32,781] {scheduler_job.py:639} INFO - DAG(s) dict_keys(['example_trigger_target_dag']) retrieved from /opt/anaconda3/lib/python3.7/site-packages/airflow/example_dags/example_trigger_target_dag.py
[2020-12-28 13:59:32,783] {logging_mixin.py:103} INFO - [2020-12-28 13:59:32,783] {dag.py:1813} INFO - Sync 1 DAGs
[2020-12-28 13:59:32,799] {logging_mixin.py:103} INFO - [2020-12-28 13:59:32,799] {dag.py:2266} INFO - Setting next_dagrun for example_trigger_target_dag to None
[2020-12-28 13:59:32,812] {scheduler_job.py:189} INFO - Processing /opt/anaconda3/lib/python3.7/site-packages/airflow/example_dags/example_trigger_target_dag.py took 0.050 seconds
[2020-12-28 13:59:58,492] {scheduler_job.py:181} INFO - Started process (PID=16102) to work on /opt/anaconda3/lib/python3.7/site-packages/airflow/example_dags/example_trigger_target_dag.py
[2020-12-28 13:59:58,493] {scheduler_job.py:629} INFO - Processing file /opt/anaconda3/lib/python3.7/site-packages/airflow/example_dags/example_trigger_target_dag.py for tasks to queue
[2020-12-28 13:59:58,494] {logging_mixin.py:103} INFO - [2020-12-28 13:59:58,494] {dagbag.py:440} INFO - Filling up the DagBag from /opt/anaconda3/lib/python3.7/site-packages/airflow/example_dags/example_trigger_target_dag.py
[2020-12-28 13:59:58,505] {scheduler_job.py:639} INFO - DAG(s) dict_keys(['example_trigger_target_dag']) retrieved from /opt/anaconda3/lib/python3.7/site-packages/airflow/example_dags/example_trigger_target_dag.py
[2020-12-28 13:59:58,507] {logging_mixin.py:103} INFO - [2020-12-28 13:59:58,507] {dag.py:1813} INFO - Sync 1 DAGs
[2020-12-28 13:59:58,524] {logging_mixin.py:103} INFO - [2020-12-28 13:59:58,524] {dag.py:2266} INFO - Setting next_dagrun for example_trigger_target_dag to None
[2020-12-28 13:59:58,537] {scheduler_job.py:189} INFO - Processing /opt/anaconda3/lib/python3.7/site-packages/airflow/example_dags/example_trigger_target_dag.py took 0.048 seconds
[2020-12-28 14:00:25,328] {scheduler_job.py:181} INFO - Started process (PID=16189) to work on /opt/anaconda3/lib/python3.7/site-packages/airflow/example_dags/example_trigger_target_dag.py
[2020-12-28 14:00:25,330] {scheduler_job.py:629} INFO - Processing file /opt/anaconda3/lib/python3.7/site-packages/airflow/example_dags/example_trigger_target_dag.py for tasks to queue
[2020-12-28 14:00:25,331] {logging_mixin.py:103} INFO - [2020-12-28 14:00:25,331] {dagbag.py:440} INFO - Filling up the DagBag from /opt/anaconda3/lib/python3.7/site-packages/airflow/example_dags/example_trigger_target_dag.py
[2020-12-28 14:00:25,346] {scheduler_job.py:639} INFO - DAG(s) dict_keys(['example_trigger_target_dag']) retrieved from /opt/anaconda3/lib/python3.7/site-packages/airflow/example_dags/example_trigger_target_dag.py
[2020-12-28 14:00:25,347] {logging_mixin.py:103} INFO - [2020-12-28 14:00:25,347] {dag.py:1813} INFO - Sync 1 DAGs
[2020-12-28 14:00:25,371] {logging_mixin.py:103} INFO - [2020-12-28 14:00:25,371] {dag.py:2266} INFO - Setting next_dagrun for example_trigger_target_dag to None
[2020-12-28 14:00:25,388] {scheduler_job.py:189} INFO - Processing /opt/anaconda3/lib/python3.7/site-packages/airflow/example_dags/example_trigger_target_dag.py took 0.063 seconds
[2020-12-28 14:00:51,050] {scheduler_job.py:181} INFO - Started process (PID=16292) to work on /opt/anaconda3/lib/python3.7/site-packages/airflow/example_dags/example_trigger_target_dag.py
[2020-12-28 14:00:51,051] {scheduler_job.py:629} INFO - Processing file /opt/anaconda3/lib/python3.7/site-packages/airflow/example_dags/example_trigger_target_dag.py for tasks to queue
[2020-12-28 14:00:51,052] {logging_mixin.py:103} INFO - [2020-12-28 14:00:51,052] {dagbag.py:440} INFO - Filling up the DagBag from /opt/anaconda3/lib/python3.7/site-packages/airflow/example_dags/example_trigger_target_dag.py
[2020-12-28 14:00:51,064] {scheduler_job.py:639} INFO - DAG(s) dict_keys(['example_trigger_target_dag']) retrieved from /opt/anaconda3/lib/python3.7/site-packages/airflow/example_dags/example_trigger_target_dag.py
[2020-12-28 14:00:51,065] {logging_mixin.py:103} INFO - [2020-12-28 14:00:51,065] {dag.py:1813} INFO - Sync 1 DAGs
[2020-12-28 14:00:51,081] {logging_mixin.py:103} INFO - [2020-12-28 14:00:51,081] {dag.py:2266} INFO - Setting next_dagrun for example_trigger_target_dag to None
[2020-12-28 14:00:51,094] {scheduler_job.py:189} INFO - Processing /opt/anaconda3/lib/python3.7/site-packages/airflow/example_dags/example_trigger_target_dag.py took 0.047 seconds
[2020-12-28 14:01:17,853] {scheduler_job.py:181} INFO - Started process (PID=16381) to work on /opt/anaconda3/lib/python3.7/site-packages/airflow/example_dags/example_trigger_target_dag.py
[2020-12-28 14:01:17,854] {scheduler_job.py:629} INFO - Processing file /opt/anaconda3/lib/python3.7/site-packages/airflow/example_dags/example_trigger_target_dag.py for tasks to queue
[2020-12-28 14:01:17,855] {logging_mixin.py:103} INFO - [2020-12-28 14:01:17,854] {dagbag.py:440} INFO - Filling up the DagBag from /opt/anaconda3/lib/python3.7/site-packages/airflow/example_dags/example_trigger_target_dag.py
[2020-12-28 14:01:17,863] {scheduler_job.py:639} INFO - DAG(s) dict_keys(['example_trigger_target_dag']) retrieved from /opt/anaconda3/lib/python3.7/site-packages/airflow/example_dags/example_trigger_target_dag.py
[2020-12-28 14:01:17,864] {logging_mixin.py:103} INFO - [2020-12-28 14:01:17,864] {dag.py:1813} INFO - Sync 1 DAGs
[2020-12-28 14:01:17,876] {logging_mixin.py:103} INFO - [2020-12-28 14:01:17,876] {dag.py:2266} INFO - Setting next_dagrun for example_trigger_target_dag to None
[2020-12-28 14:01:17,886] {scheduler_job.py:189} INFO - Processing /opt/anaconda3/lib/python3.7/site-packages/airflow/example_dags/example_trigger_target_dag.py took 0.037 seconds
[2020-12-28 14:01:43,600] {scheduler_job.py:181} INFO - Started process (PID=16469) to work on /opt/anaconda3/lib/python3.7/site-packages/airflow/example_dags/example_trigger_target_dag.py
[2020-12-28 14:01:43,608] {scheduler_job.py:629} INFO - Processing file /opt/anaconda3/lib/python3.7/site-packages/airflow/example_dags/example_trigger_target_dag.py for tasks to queue
[2020-12-28 14:01:43,609] {logging_mixin.py:103} INFO - [2020-12-28 14:01:43,608] {dagbag.py:440} INFO - Filling up the DagBag from /opt/anaconda3/lib/python3.7/site-packages/airflow/example_dags/example_trigger_target_dag.py
[2020-12-28 14:01:43,621] {scheduler_job.py:639} INFO - DAG(s) dict_keys(['example_trigger_target_dag']) retrieved from /opt/anaconda3/lib/python3.7/site-packages/airflow/example_dags/example_trigger_target_dag.py
[2020-12-28 14:01:43,623] {logging_mixin.py:103} INFO - [2020-12-28 14:01:43,622] {dag.py:1813} INFO - Sync 1 DAGs
[2020-12-28 14:01:43,639] {logging_mixin.py:103} INFO - [2020-12-28 14:01:43,639] {dag.py:2266} INFO - Setting next_dagrun for example_trigger_target_dag to None
[2020-12-28 14:01:43,654] {scheduler_job.py:189} INFO - Processing /opt/anaconda3/lib/python3.7/site-packages/airflow/example_dags/example_trigger_target_dag.py took 0.057 seconds
[2020-12-28 14:02:10,436] {scheduler_job.py:181} INFO - Started process (PID=16611) to work on /opt/anaconda3/lib/python3.7/site-packages/airflow/example_dags/example_trigger_target_dag.py
[2020-12-28 14:02:10,438] {scheduler_job.py:629} INFO - Processing file /opt/anaconda3/lib/python3.7/site-packages/airflow/example_dags/example_trigger_target_dag.py for tasks to queue
[2020-12-28 14:02:10,440] {logging_mixin.py:103} INFO - [2020-12-28 14:02:10,439] {dagbag.py:440} INFO - Filling up the DagBag from /opt/anaconda3/lib/python3.7/site-packages/airflow/example_dags/example_trigger_target_dag.py
[2020-12-28 14:02:10,452] {scheduler_job.py:639} INFO - DAG(s) dict_keys(['example_trigger_target_dag']) retrieved from /opt/anaconda3/lib/python3.7/site-packages/airflow/example_dags/example_trigger_target_dag.py
[2020-12-28 14:02:10,453] {logging_mixin.py:103} INFO - [2020-12-28 14:02:10,453] {dag.py:1813} INFO - Sync 1 DAGs
[2020-12-28 14:02:10,471] {logging_mixin.py:103} INFO - [2020-12-28 14:02:10,470] {dag.py:2266} INFO - Setting next_dagrun for example_trigger_target_dag to None
[2020-12-28 14:02:10,484] {scheduler_job.py:189} INFO - Processing /opt/anaconda3/lib/python3.7/site-packages/airflow/example_dags/example_trigger_target_dag.py took 0.051 seconds
[2020-12-28 14:02:36,119] {scheduler_job.py:181} INFO - Started process (PID=16746) to work on /opt/anaconda3/lib/python3.7/site-packages/airflow/example_dags/example_trigger_target_dag.py
[2020-12-28 14:02:36,121] {scheduler_job.py:629} INFO - Processing file /opt/anaconda3/lib/python3.7/site-packages/airflow/example_dags/example_trigger_target_dag.py for tasks to queue
[2020-12-28 14:02:36,122] {logging_mixin.py:103} INFO - [2020-12-28 14:02:36,122] {dagbag.py:440} INFO - Filling up the DagBag from /opt/anaconda3/lib/python3.7/site-packages/airflow/example_dags/example_trigger_target_dag.py
[2020-12-28 14:02:36,133] {scheduler_job.py:639} INFO - DAG(s) dict_keys(['example_trigger_target_dag']) retrieved from /opt/anaconda3/lib/python3.7/site-packages/airflow/example_dags/example_trigger_target_dag.py
[2020-12-28 14:02:36,134] {logging_mixin.py:103} INFO - [2020-12-28 14:02:36,134] {dag.py:1813} INFO - Sync 1 DAGs
[2020-12-28 14:02:36,150] {logging_mixin.py:103} INFO - [2020-12-28 14:02:36,150] {dag.py:2266} INFO - Setting next_dagrun for example_trigger_target_dag to None
[2020-12-28 14:02:36,163] {scheduler_job.py:189} INFO - Processing /opt/anaconda3/lib/python3.7/site-packages/airflow/example_dags/example_trigger_target_dag.py took 0.047 seconds
[2020-12-28 14:03:02,459] {scheduler_job.py:181} INFO - Started process (PID=16832) to work on /opt/anaconda3/lib/python3.7/site-packages/airflow/example_dags/example_trigger_target_dag.py
[2020-12-28 14:03:02,460] {scheduler_job.py:629} INFO - Processing file /opt/anaconda3/lib/python3.7/site-packages/airflow/example_dags/example_trigger_target_dag.py for tasks to queue
[2020-12-28 14:03:02,461] {logging_mixin.py:103} INFO - [2020-12-28 14:03:02,461] {dagbag.py:440} INFO - Filling up the DagBag from /opt/anaconda3/lib/python3.7/site-packages/airflow/example_dags/example_trigger_target_dag.py
[2020-12-28 14:03:02,472] {scheduler_job.py:639} INFO - DAG(s) dict_keys(['example_trigger_target_dag']) retrieved from /opt/anaconda3/lib/python3.7/site-packages/airflow/example_dags/example_trigger_target_dag.py
[2020-12-28 14:03:02,474] {logging_mixin.py:103} INFO - [2020-12-28 14:03:02,473] {dag.py:1813} INFO - Sync 1 DAGs
[2020-12-28 14:03:02,489] {logging_mixin.py:103} INFO - [2020-12-28 14:03:02,489] {dag.py:2266} INFO - Setting next_dagrun for example_trigger_target_dag to None
[2020-12-28 14:03:02,501] {scheduler_job.py:189} INFO - Processing /opt/anaconda3/lib/python3.7/site-packages/airflow/example_dags/example_trigger_target_dag.py took 0.045 seconds
[2020-12-28 14:03:28,457] {scheduler_job.py:181} INFO - Started process (PID=16919) to work on /opt/anaconda3/lib/python3.7/site-packages/airflow/example_dags/example_trigger_target_dag.py
[2020-12-28 14:03:28,459] {scheduler_job.py:629} INFO - Processing file /opt/anaconda3/lib/python3.7/site-packages/airflow/example_dags/example_trigger_target_dag.py for tasks to queue
[2020-12-28 14:03:28,460] {logging_mixin.py:103} INFO - [2020-12-28 14:03:28,459] {dagbag.py:440} INFO - Filling up the DagBag from /opt/anaconda3/lib/python3.7/site-packages/airflow/example_dags/example_trigger_target_dag.py
[2020-12-28 14:03:28,471] {scheduler_job.py:639} INFO - DAG(s) dict_keys(['example_trigger_target_dag']) retrieved from /opt/anaconda3/lib/python3.7/site-packages/airflow/example_dags/example_trigger_target_dag.py
[2020-12-28 14:03:28,473] {logging_mixin.py:103} INFO - [2020-12-28 14:03:28,473] {dag.py:1813} INFO - Sync 1 DAGs
[2020-12-28 14:03:28,490] {logging_mixin.py:103} INFO - [2020-12-28 14:03:28,489] {dag.py:2266} INFO - Setting next_dagrun for example_trigger_target_dag to None
[2020-12-28 14:03:28,502] {scheduler_job.py:189} INFO - Processing /opt/anaconda3/lib/python3.7/site-packages/airflow/example_dags/example_trigger_target_dag.py took 0.048 seconds
[2020-12-28 14:03:55,011] {scheduler_job.py:181} INFO - Started process (PID=17026) to work on /opt/anaconda3/lib/python3.7/site-packages/airflow/example_dags/example_trigger_target_dag.py
[2020-12-28 14:03:55,012] {scheduler_job.py:629} INFO - Processing file /opt/anaconda3/lib/python3.7/site-packages/airflow/example_dags/example_trigger_target_dag.py for tasks to queue
[2020-12-28 14:03:55,013] {logging_mixin.py:103} INFO - [2020-12-28 14:03:55,013] {dagbag.py:440} INFO - Filling up the DagBag from /opt/anaconda3/lib/python3.7/site-packages/airflow/example_dags/example_trigger_target_dag.py
[2020-12-28 14:03:55,025] {scheduler_job.py:639} INFO - DAG(s) dict_keys(['example_trigger_target_dag']) retrieved from /opt/anaconda3/lib/python3.7/site-packages/airflow/example_dags/example_trigger_target_dag.py
[2020-12-28 14:03:55,026] {logging_mixin.py:103} INFO - [2020-12-28 14:03:55,026] {dag.py:1813} INFO - Sync 1 DAGs
[2020-12-28 14:03:55,042] {logging_mixin.py:103} INFO - [2020-12-28 14:03:55,042] {dag.py:2266} INFO - Setting next_dagrun for example_trigger_target_dag to None
[2020-12-28 14:03:55,055] {scheduler_job.py:189} INFO - Processing /opt/anaconda3/lib/python3.7/site-packages/airflow/example_dags/example_trigger_target_dag.py took 0.047 seconds
[2020-12-28 14:04:20,726] {scheduler_job.py:181} INFO - Started process (PID=17127) to work on /opt/anaconda3/lib/python3.7/site-packages/airflow/example_dags/example_trigger_target_dag.py
[2020-12-28 14:04:20,727] {scheduler_job.py:629} INFO - Processing file /opt/anaconda3/lib/python3.7/site-packages/airflow/example_dags/example_trigger_target_dag.py for tasks to queue
[2020-12-28 14:04:20,728] {logging_mixin.py:103} INFO - [2020-12-28 14:04:20,728] {dagbag.py:440} INFO - Filling up the DagBag from /opt/anaconda3/lib/python3.7/site-packages/airflow/example_dags/example_trigger_target_dag.py
[2020-12-28 14:04:20,736] {scheduler_job.py:639} INFO - DAG(s) dict_keys(['example_trigger_target_dag']) retrieved from /opt/anaconda3/lib/python3.7/site-packages/airflow/example_dags/example_trigger_target_dag.py
[2020-12-28 14:04:20,737] {logging_mixin.py:103} INFO - [2020-12-28 14:04:20,737] {dag.py:1813} INFO - Sync 1 DAGs
[2020-12-28 14:04:21,131] {logging_mixin.py:103} INFO - [2020-12-28 14:04:21,131] {dag.py:1813} INFO - Sync 1 DAGs
[2020-12-28 14:04:21,618] {logging_mixin.py:103} INFO - [2020-12-28 14:04:21,618] {dag.py:1813} INFO - Sync 1 DAGs
[2020-12-28 14:04:21,623] {logging_mixin.py:103} INFO - [2020-12-28 14:04:21,623] {dag.py:1832} INFO - Creating ORM DAG for example_trigger_target_dag
[2020-12-28 14:04:21,627] {logging_mixin.py:103} INFO - [2020-12-28 14:04:21,627] {dag.py:2266} INFO - Setting next_dagrun for example_trigger_target_dag to None
[2020-12-28 14:04:21,647] {scheduler_job.py:189} INFO - Processing /opt/anaconda3/lib/python3.7/site-packages/airflow/example_dags/example_trigger_target_dag.py took 0.924 seconds
[2020-12-28 14:04:47,548] {scheduler_job.py:181} INFO - Started process (PID=17245) to work on /opt/anaconda3/lib/python3.7/site-packages/airflow/example_dags/example_trigger_target_dag.py
[2020-12-28 14:04:47,569] {scheduler_job.py:629} INFO - Processing file /opt/anaconda3/lib/python3.7/site-packages/airflow/example_dags/example_trigger_target_dag.py for tasks to queue
[2020-12-28 14:04:47,571] {logging_mixin.py:103} INFO - [2020-12-28 14:04:47,570] {dagbag.py:440} INFO - Filling up the DagBag from /opt/anaconda3/lib/python3.7/site-packages/airflow/example_dags/example_trigger_target_dag.py
[2020-12-28 14:04:47,582] {scheduler_job.py:639} INFO - DAG(s) dict_keys(['example_trigger_target_dag']) retrieved from /opt/anaconda3/lib/python3.7/site-packages/airflow/example_dags/example_trigger_target_dag.py
[2020-12-28 14:04:47,583] {logging_mixin.py:103} INFO - [2020-12-28 14:04:47,583] {dag.py:1813} INFO - Sync 1 DAGs
[2020-12-28 14:04:47,600] {logging_mixin.py:103} INFO - [2020-12-28 14:04:47,600] {dag.py:2266} INFO - Setting next_dagrun for example_trigger_target_dag to None
[2020-12-28 14:04:47,610] {scheduler_job.py:189} INFO - Processing /opt/anaconda3/lib/python3.7/site-packages/airflow/example_dags/example_trigger_target_dag.py took 0.065 seconds
[2020-12-28 14:05:14,410] {scheduler_job.py:181} INFO - Started process (PID=17358) to work on /opt/anaconda3/lib/python3.7/site-packages/airflow/example_dags/example_trigger_target_dag.py
[2020-12-28 14:05:14,411] {scheduler_job.py:629} INFO - Processing file /opt/anaconda3/lib/python3.7/site-packages/airflow/example_dags/example_trigger_target_dag.py for tasks to queue
[2020-12-28 14:05:14,412] {logging_mixin.py:103} INFO - [2020-12-28 14:05:14,412] {dagbag.py:440} INFO - Filling up the DagBag from /opt/anaconda3/lib/python3.7/site-packages/airflow/example_dags/example_trigger_target_dag.py
[2020-12-28 14:05:14,423] {scheduler_job.py:639} INFO - DAG(s) dict_keys(['example_trigger_target_dag']) retrieved from /opt/anaconda3/lib/python3.7/site-packages/airflow/example_dags/example_trigger_target_dag.py
[2020-12-28 14:05:14,424] {logging_mixin.py:103} INFO - [2020-12-28 14:05:14,424] {dag.py:1813} INFO - Sync 1 DAGs
[2020-12-28 14:05:14,440] {logging_mixin.py:103} INFO - [2020-12-28 14:05:14,440] {dag.py:2266} INFO - Setting next_dagrun for example_trigger_target_dag to None
[2020-12-28 14:05:14,452] {scheduler_job.py:189} INFO - Processing /opt/anaconda3/lib/python3.7/site-packages/airflow/example_dags/example_trigger_target_dag.py took 0.046 seconds
[2020-12-28 14:05:41,905] {scheduler_job.py:181} INFO - Started process (PID=17462) to work on /opt/anaconda3/lib/python3.7/site-packages/airflow/example_dags/example_trigger_target_dag.py
[2020-12-28 14:05:41,906] {scheduler_job.py:629} INFO - Processing file /opt/anaconda3/lib/python3.7/site-packages/airflow/example_dags/example_trigger_target_dag.py for tasks to queue
[2020-12-28 14:05:41,907] {logging_mixin.py:103} INFO - [2020-12-28 14:05:41,907] {dagbag.py:440} INFO - Filling up the DagBag from /opt/anaconda3/lib/python3.7/site-packages/airflow/example_dags/example_trigger_target_dag.py
[2020-12-28 14:05:41,919] {scheduler_job.py:639} INFO - DAG(s) dict_keys(['example_trigger_target_dag']) retrieved from /opt/anaconda3/lib/python3.7/site-packages/airflow/example_dags/example_trigger_target_dag.py
[2020-12-28 14:05:41,920] {logging_mixin.py:103} INFO - [2020-12-28 14:05:41,920] {dag.py:1813} INFO - Sync 1 DAGs
[2020-12-28 14:05:41,937] {logging_mixin.py:103} INFO - [2020-12-28 14:05:41,936] {dag.py:2266} INFO - Setting next_dagrun for example_trigger_target_dag to None
[2020-12-28 14:05:41,949] {scheduler_job.py:189} INFO - Processing /opt/anaconda3/lib/python3.7/site-packages/airflow/example_dags/example_trigger_target_dag.py took 0.048 seconds
