[2020-12-28 13:54:42,082] {scheduler_job.py:181} INFO - Started process (PID=14958) to work on /opt/anaconda3/lib/python3.7/site-packages/airflow/example_dags/example_trigger_controller_dag.py
[2020-12-28 13:54:42,083] {scheduler_job.py:629} INFO - Processing file /opt/anaconda3/lib/python3.7/site-packages/airflow/example_dags/example_trigger_controller_dag.py for tasks to queue
[2020-12-28 13:54:42,084] {logging_mixin.py:103} INFO - [2020-12-28 13:54:42,084] {dagbag.py:440} INFO - Filling up the DagBag from /opt/anaconda3/lib/python3.7/site-packages/airflow/example_dags/example_trigger_controller_dag.py
[2020-12-28 13:54:42,094] {scheduler_job.py:639} INFO - DAG(s) dict_keys(['example_trigger_controller_dag']) retrieved from /opt/anaconda3/lib/python3.7/site-packages/airflow/example_dags/example_trigger_controller_dag.py
[2020-12-28 13:54:42,095] {logging_mixin.py:103} INFO - [2020-12-28 13:54:42,095] {dag.py:1813} INFO - Sync 1 DAGs
[2020-12-28 13:54:42,112] {logging_mixin.py:103} INFO - [2020-12-28 13:54:42,112] {dag.py:2266} INFO - Setting next_dagrun for example_trigger_controller_dag to 2020-12-26 00:00:00+00:00
[2020-12-28 13:54:42,125] {scheduler_job.py:189} INFO - Processing /opt/anaconda3/lib/python3.7/site-packages/airflow/example_dags/example_trigger_controller_dag.py took 0.046 seconds
[2020-12-28 13:55:07,595] {scheduler_job.py:181} INFO - Started process (PID=15079) to work on /opt/anaconda3/lib/python3.7/site-packages/airflow/example_dags/example_trigger_controller_dag.py
[2020-12-28 13:55:07,597] {scheduler_job.py:629} INFO - Processing file /opt/anaconda3/lib/python3.7/site-packages/airflow/example_dags/example_trigger_controller_dag.py for tasks to queue
[2020-12-28 13:55:07,598] {logging_mixin.py:103} INFO - [2020-12-28 13:55:07,598] {dagbag.py:440} INFO - Filling up the DagBag from /opt/anaconda3/lib/python3.7/site-packages/airflow/example_dags/example_trigger_controller_dag.py
[2020-12-28 13:55:07,611] {scheduler_job.py:639} INFO - DAG(s) dict_keys(['example_trigger_controller_dag']) retrieved from /opt/anaconda3/lib/python3.7/site-packages/airflow/example_dags/example_trigger_controller_dag.py
[2020-12-28 13:55:07,612] {logging_mixin.py:103} INFO - [2020-12-28 13:55:07,612] {dag.py:1813} INFO - Sync 1 DAGs
[2020-12-28 13:55:07,629] {logging_mixin.py:103} INFO - [2020-12-28 13:55:07,629] {dag.py:2266} INFO - Setting next_dagrun for example_trigger_controller_dag to 2020-12-26 00:00:00+00:00
[2020-12-28 13:55:07,642] {scheduler_job.py:189} INFO - Processing /opt/anaconda3/lib/python3.7/site-packages/airflow/example_dags/example_trigger_controller_dag.py took 0.050 seconds
[2020-12-28 13:55:34,463] {scheduler_job.py:181} INFO - Started process (PID=15171) to work on /opt/anaconda3/lib/python3.7/site-packages/airflow/example_dags/example_trigger_controller_dag.py
[2020-12-28 13:55:34,464] {scheduler_job.py:629} INFO - Processing file /opt/anaconda3/lib/python3.7/site-packages/airflow/example_dags/example_trigger_controller_dag.py for tasks to queue
[2020-12-28 13:55:34,465] {logging_mixin.py:103} INFO - [2020-12-28 13:55:34,465] {dagbag.py:440} INFO - Filling up the DagBag from /opt/anaconda3/lib/python3.7/site-packages/airflow/example_dags/example_trigger_controller_dag.py
[2020-12-28 13:55:34,475] {scheduler_job.py:639} INFO - DAG(s) dict_keys(['example_trigger_controller_dag']) retrieved from /opt/anaconda3/lib/python3.7/site-packages/airflow/example_dags/example_trigger_controller_dag.py
[2020-12-28 13:55:34,477] {logging_mixin.py:103} INFO - [2020-12-28 13:55:34,476] {dag.py:1813} INFO - Sync 1 DAGs
[2020-12-28 13:55:34,493] {logging_mixin.py:103} INFO - [2020-12-28 13:55:34,492] {dag.py:2266} INFO - Setting next_dagrun for example_trigger_controller_dag to 2020-12-26 00:00:00+00:00
[2020-12-28 13:55:34,506] {scheduler_job.py:189} INFO - Processing /opt/anaconda3/lib/python3.7/site-packages/airflow/example_dags/example_trigger_controller_dag.py took 0.046 seconds
[2020-12-28 13:56:00,111] {scheduler_job.py:181} INFO - Started process (PID=15266) to work on /opt/anaconda3/lib/python3.7/site-packages/airflow/example_dags/example_trigger_controller_dag.py
[2020-12-28 13:56:00,113] {scheduler_job.py:629} INFO - Processing file /opt/anaconda3/lib/python3.7/site-packages/airflow/example_dags/example_trigger_controller_dag.py for tasks to queue
[2020-12-28 13:56:00,114] {logging_mixin.py:103} INFO - [2020-12-28 13:56:00,113] {dagbag.py:440} INFO - Filling up the DagBag from /opt/anaconda3/lib/python3.7/site-packages/airflow/example_dags/example_trigger_controller_dag.py
[2020-12-28 13:56:00,123] {scheduler_job.py:639} INFO - DAG(s) dict_keys(['example_trigger_controller_dag']) retrieved from /opt/anaconda3/lib/python3.7/site-packages/airflow/example_dags/example_trigger_controller_dag.py
[2020-12-28 13:56:00,124] {logging_mixin.py:103} INFO - [2020-12-28 13:56:00,123] {dag.py:1813} INFO - Sync 1 DAGs
[2020-12-28 13:56:00,139] {logging_mixin.py:103} INFO - [2020-12-28 13:56:00,139] {dag.py:2266} INFO - Setting next_dagrun for example_trigger_controller_dag to 2020-12-26 00:00:00+00:00
[2020-12-28 13:56:00,151] {scheduler_job.py:189} INFO - Processing /opt/anaconda3/lib/python3.7/site-packages/airflow/example_dags/example_trigger_controller_dag.py took 0.043 seconds
[2020-12-28 13:56:26,446] {scheduler_job.py:181} INFO - Started process (PID=15374) to work on /opt/anaconda3/lib/python3.7/site-packages/airflow/example_dags/example_trigger_controller_dag.py
[2020-12-28 13:56:26,448] {scheduler_job.py:629} INFO - Processing file /opt/anaconda3/lib/python3.7/site-packages/airflow/example_dags/example_trigger_controller_dag.py for tasks to queue
[2020-12-28 13:56:26,449] {logging_mixin.py:103} INFO - [2020-12-28 13:56:26,449] {dagbag.py:440} INFO - Filling up the DagBag from /opt/anaconda3/lib/python3.7/site-packages/airflow/example_dags/example_trigger_controller_dag.py
[2020-12-28 13:56:26,459] {scheduler_job.py:639} INFO - DAG(s) dict_keys(['example_trigger_controller_dag']) retrieved from /opt/anaconda3/lib/python3.7/site-packages/airflow/example_dags/example_trigger_controller_dag.py
[2020-12-28 13:56:26,461] {logging_mixin.py:103} INFO - [2020-12-28 13:56:26,461] {dag.py:1813} INFO - Sync 1 DAGs
[2020-12-28 13:56:26,477] {logging_mixin.py:103} INFO - [2020-12-28 13:56:26,477] {dag.py:2266} INFO - Setting next_dagrun for example_trigger_controller_dag to 2020-12-26 00:00:00+00:00
[2020-12-28 13:56:26,490] {scheduler_job.py:189} INFO - Processing /opt/anaconda3/lib/python3.7/site-packages/airflow/example_dags/example_trigger_controller_dag.py took 0.047 seconds
[2020-12-28 13:56:53,282] {scheduler_job.py:181} INFO - Started process (PID=15460) to work on /opt/anaconda3/lib/python3.7/site-packages/airflow/example_dags/example_trigger_controller_dag.py
[2020-12-28 13:56:53,283] {scheduler_job.py:629} INFO - Processing file /opt/anaconda3/lib/python3.7/site-packages/airflow/example_dags/example_trigger_controller_dag.py for tasks to queue
[2020-12-28 13:56:53,284] {logging_mixin.py:103} INFO - [2020-12-28 13:56:53,284] {dagbag.py:440} INFO - Filling up the DagBag from /opt/anaconda3/lib/python3.7/site-packages/airflow/example_dags/example_trigger_controller_dag.py
[2020-12-28 13:56:53,293] {scheduler_job.py:639} INFO - DAG(s) dict_keys(['example_trigger_controller_dag']) retrieved from /opt/anaconda3/lib/python3.7/site-packages/airflow/example_dags/example_trigger_controller_dag.py
[2020-12-28 13:56:53,294] {logging_mixin.py:103} INFO - [2020-12-28 13:56:53,294] {dag.py:1813} INFO - Sync 1 DAGs
[2020-12-28 13:56:53,309] {logging_mixin.py:103} INFO - [2020-12-28 13:56:53,309] {dag.py:2266} INFO - Setting next_dagrun for example_trigger_controller_dag to 2020-12-26 00:00:00+00:00
[2020-12-28 13:56:53,320] {scheduler_job.py:189} INFO - Processing /opt/anaconda3/lib/python3.7/site-packages/airflow/example_dags/example_trigger_controller_dag.py took 0.040 seconds
[2020-12-28 13:57:19,019] {scheduler_job.py:181} INFO - Started process (PID=15584) to work on /opt/anaconda3/lib/python3.7/site-packages/airflow/example_dags/example_trigger_controller_dag.py
[2020-12-28 13:57:19,021] {scheduler_job.py:629} INFO - Processing file /opt/anaconda3/lib/python3.7/site-packages/airflow/example_dags/example_trigger_controller_dag.py for tasks to queue
[2020-12-28 13:57:19,023] {logging_mixin.py:103} INFO - [2020-12-28 13:57:19,022] {dagbag.py:440} INFO - Filling up the DagBag from /opt/anaconda3/lib/python3.7/site-packages/airflow/example_dags/example_trigger_controller_dag.py
[2020-12-28 13:57:19,034] {scheduler_job.py:639} INFO - DAG(s) dict_keys(['example_trigger_controller_dag']) retrieved from /opt/anaconda3/lib/python3.7/site-packages/airflow/example_dags/example_trigger_controller_dag.py
[2020-12-28 13:57:19,035] {logging_mixin.py:103} INFO - [2020-12-28 13:57:19,035] {dag.py:1813} INFO - Sync 1 DAGs
[2020-12-28 13:57:19,052] {logging_mixin.py:103} INFO - [2020-12-28 13:57:19,052] {dag.py:2266} INFO - Setting next_dagrun for example_trigger_controller_dag to 2020-12-26 00:00:00+00:00
[2020-12-28 13:57:19,065] {scheduler_job.py:189} INFO - Processing /opt/anaconda3/lib/python3.7/site-packages/airflow/example_dags/example_trigger_controller_dag.py took 0.049 seconds
[2020-12-28 13:57:45,860] {scheduler_job.py:181} INFO - Started process (PID=15644) to work on /opt/anaconda3/lib/python3.7/site-packages/airflow/example_dags/example_trigger_controller_dag.py
[2020-12-28 13:57:45,862] {scheduler_job.py:629} INFO - Processing file /opt/anaconda3/lib/python3.7/site-packages/airflow/example_dags/example_trigger_controller_dag.py for tasks to queue
[2020-12-28 13:57:45,863] {logging_mixin.py:103} INFO - [2020-12-28 13:57:45,863] {dagbag.py:440} INFO - Filling up the DagBag from /opt/anaconda3/lib/python3.7/site-packages/airflow/example_dags/example_trigger_controller_dag.py
[2020-12-28 13:57:45,873] {scheduler_job.py:639} INFO - DAG(s) dict_keys(['example_trigger_controller_dag']) retrieved from /opt/anaconda3/lib/python3.7/site-packages/airflow/example_dags/example_trigger_controller_dag.py
[2020-12-28 13:57:45,875] {logging_mixin.py:103} INFO - [2020-12-28 13:57:45,874] {dag.py:1813} INFO - Sync 1 DAGs
[2020-12-28 13:57:45,891] {logging_mixin.py:103} INFO - [2020-12-28 13:57:45,891] {dag.py:2266} INFO - Setting next_dagrun for example_trigger_controller_dag to 2020-12-26 00:00:00+00:00
[2020-12-28 13:57:45,904] {scheduler_job.py:189} INFO - Processing /opt/anaconda3/lib/python3.7/site-packages/airflow/example_dags/example_trigger_controller_dag.py took 0.047 seconds
[2020-12-28 13:58:11,607] {scheduler_job.py:181} INFO - Started process (PID=15748) to work on /opt/anaconda3/lib/python3.7/site-packages/airflow/example_dags/example_trigger_controller_dag.py
[2020-12-28 13:58:11,610] {scheduler_job.py:629} INFO - Processing file /opt/anaconda3/lib/python3.7/site-packages/airflow/example_dags/example_trigger_controller_dag.py for tasks to queue
[2020-12-28 13:58:11,611] {logging_mixin.py:103} INFO - [2020-12-28 13:58:11,610] {dagbag.py:440} INFO - Filling up the DagBag from /opt/anaconda3/lib/python3.7/site-packages/airflow/example_dags/example_trigger_controller_dag.py
[2020-12-28 13:58:11,621] {scheduler_job.py:639} INFO - DAG(s) dict_keys(['example_trigger_controller_dag']) retrieved from /opt/anaconda3/lib/python3.7/site-packages/airflow/example_dags/example_trigger_controller_dag.py
[2020-12-28 13:58:11,622] {logging_mixin.py:103} INFO - [2020-12-28 13:58:11,622] {dag.py:1813} INFO - Sync 1 DAGs
[2020-12-28 13:58:11,639] {logging_mixin.py:103} INFO - [2020-12-28 13:58:11,638] {dag.py:2266} INFO - Setting next_dagrun for example_trigger_controller_dag to 2020-12-26 00:00:00+00:00
[2020-12-28 13:58:11,651] {scheduler_job.py:189} INFO - Processing /opt/anaconda3/lib/python3.7/site-packages/airflow/example_dags/example_trigger_controller_dag.py took 0.048 seconds
[2020-12-28 13:58:38,471] {scheduler_job.py:181} INFO - Started process (PID=15837) to work on /opt/anaconda3/lib/python3.7/site-packages/airflow/example_dags/example_trigger_controller_dag.py
[2020-12-28 13:58:38,473] {scheduler_job.py:629} INFO - Processing file /opt/anaconda3/lib/python3.7/site-packages/airflow/example_dags/example_trigger_controller_dag.py for tasks to queue
[2020-12-28 13:58:38,474] {logging_mixin.py:103} INFO - [2020-12-28 13:58:38,474] {dagbag.py:440} INFO - Filling up the DagBag from /opt/anaconda3/lib/python3.7/site-packages/airflow/example_dags/example_trigger_controller_dag.py
[2020-12-28 13:58:38,484] {scheduler_job.py:639} INFO - DAG(s) dict_keys(['example_trigger_controller_dag']) retrieved from /opt/anaconda3/lib/python3.7/site-packages/airflow/example_dags/example_trigger_controller_dag.py
[2020-12-28 13:58:38,485] {logging_mixin.py:103} INFO - [2020-12-28 13:58:38,485] {dag.py:1813} INFO - Sync 1 DAGs
[2020-12-28 13:58:38,501] {logging_mixin.py:103} INFO - [2020-12-28 13:58:38,501] {dag.py:2266} INFO - Setting next_dagrun for example_trigger_controller_dag to 2020-12-26 00:00:00+00:00
[2020-12-28 13:58:38,514] {scheduler_job.py:189} INFO - Processing /opt/anaconda3/lib/python3.7/site-packages/airflow/example_dags/example_trigger_controller_dag.py took 0.046 seconds
[2020-12-28 13:59:04,184] {scheduler_job.py:181} INFO - Started process (PID=15923) to work on /opt/anaconda3/lib/python3.7/site-packages/airflow/example_dags/example_trigger_controller_dag.py
[2020-12-28 13:59:04,185] {scheduler_job.py:629} INFO - Processing file /opt/anaconda3/lib/python3.7/site-packages/airflow/example_dags/example_trigger_controller_dag.py for tasks to queue
[2020-12-28 13:59:04,186] {logging_mixin.py:103} INFO - [2020-12-28 13:59:04,186] {dagbag.py:440} INFO - Filling up the DagBag from /opt/anaconda3/lib/python3.7/site-packages/airflow/example_dags/example_trigger_controller_dag.py
[2020-12-28 13:59:04,197] {scheduler_job.py:639} INFO - DAG(s) dict_keys(['example_trigger_controller_dag']) retrieved from /opt/anaconda3/lib/python3.7/site-packages/airflow/example_dags/example_trigger_controller_dag.py
[2020-12-28 13:59:04,198] {logging_mixin.py:103} INFO - [2020-12-28 13:59:04,198] {dag.py:1813} INFO - Sync 1 DAGs
[2020-12-28 13:59:04,215] {logging_mixin.py:103} INFO - [2020-12-28 13:59:04,215] {dag.py:2266} INFO - Setting next_dagrun for example_trigger_controller_dag to 2020-12-26 00:00:00+00:00
[2020-12-28 13:59:04,228] {scheduler_job.py:189} INFO - Processing /opt/anaconda3/lib/python3.7/site-packages/airflow/example_dags/example_trigger_controller_dag.py took 0.048 seconds
[2020-12-28 13:59:29,900] {scheduler_job.py:181} INFO - Started process (PID=16008) to work on /opt/anaconda3/lib/python3.7/site-packages/airflow/example_dags/example_trigger_controller_dag.py
[2020-12-28 13:59:29,902] {scheduler_job.py:629} INFO - Processing file /opt/anaconda3/lib/python3.7/site-packages/airflow/example_dags/example_trigger_controller_dag.py for tasks to queue
[2020-12-28 13:59:29,903] {logging_mixin.py:103} INFO - [2020-12-28 13:59:29,903] {dagbag.py:440} INFO - Filling up the DagBag from /opt/anaconda3/lib/python3.7/site-packages/airflow/example_dags/example_trigger_controller_dag.py
[2020-12-28 13:59:29,914] {scheduler_job.py:639} INFO - DAG(s) dict_keys(['example_trigger_controller_dag']) retrieved from /opt/anaconda3/lib/python3.7/site-packages/airflow/example_dags/example_trigger_controller_dag.py
[2020-12-28 13:59:29,915] {logging_mixin.py:103} INFO - [2020-12-28 13:59:29,915] {dag.py:1813} INFO - Sync 1 DAGs
[2020-12-28 13:59:29,931] {logging_mixin.py:103} INFO - [2020-12-28 13:59:29,931] {dag.py:2266} INFO - Setting next_dagrun for example_trigger_controller_dag to 2020-12-26 00:00:00+00:00
[2020-12-28 13:59:29,943] {scheduler_job.py:189} INFO - Processing /opt/anaconda3/lib/python3.7/site-packages/airflow/example_dags/example_trigger_controller_dag.py took 0.046 seconds
[2020-12-28 13:59:55,616] {scheduler_job.py:181} INFO - Started process (PID=16092) to work on /opt/anaconda3/lib/python3.7/site-packages/airflow/example_dags/example_trigger_controller_dag.py
[2020-12-28 13:59:55,617] {scheduler_job.py:629} INFO - Processing file /opt/anaconda3/lib/python3.7/site-packages/airflow/example_dags/example_trigger_controller_dag.py for tasks to queue
[2020-12-28 13:59:55,618] {logging_mixin.py:103} INFO - [2020-12-28 13:59:55,618] {dagbag.py:440} INFO - Filling up the DagBag from /opt/anaconda3/lib/python3.7/site-packages/airflow/example_dags/example_trigger_controller_dag.py
[2020-12-28 13:59:55,625] {scheduler_job.py:639} INFO - DAG(s) dict_keys(['example_trigger_controller_dag']) retrieved from /opt/anaconda3/lib/python3.7/site-packages/airflow/example_dags/example_trigger_controller_dag.py
[2020-12-28 13:59:55,626] {logging_mixin.py:103} INFO - [2020-12-28 13:59:55,626] {dag.py:1813} INFO - Sync 1 DAGs
[2020-12-28 13:59:55,638] {logging_mixin.py:103} INFO - [2020-12-28 13:59:55,638] {dag.py:2266} INFO - Setting next_dagrun for example_trigger_controller_dag to 2020-12-26 00:00:00+00:00
[2020-12-28 13:59:55,646] {scheduler_job.py:189} INFO - Processing /opt/anaconda3/lib/python3.7/site-packages/airflow/example_dags/example_trigger_controller_dag.py took 0.033 seconds
[2020-12-28 14:00:22,450] {scheduler_job.py:181} INFO - Started process (PID=16178) to work on /opt/anaconda3/lib/python3.7/site-packages/airflow/example_dags/example_trigger_controller_dag.py
[2020-12-28 14:00:22,452] {scheduler_job.py:629} INFO - Processing file /opt/anaconda3/lib/python3.7/site-packages/airflow/example_dags/example_trigger_controller_dag.py for tasks to queue
[2020-12-28 14:00:22,453] {logging_mixin.py:103} INFO - [2020-12-28 14:00:22,452] {dagbag.py:440} INFO - Filling up the DagBag from /opt/anaconda3/lib/python3.7/site-packages/airflow/example_dags/example_trigger_controller_dag.py
[2020-12-28 14:00:22,463] {scheduler_job.py:639} INFO - DAG(s) dict_keys(['example_trigger_controller_dag']) retrieved from /opt/anaconda3/lib/python3.7/site-packages/airflow/example_dags/example_trigger_controller_dag.py
[2020-12-28 14:00:22,464] {logging_mixin.py:103} INFO - [2020-12-28 14:00:22,464] {dag.py:1813} INFO - Sync 1 DAGs
[2020-12-28 14:00:22,481] {logging_mixin.py:103} INFO - [2020-12-28 14:00:22,481] {dag.py:2266} INFO - Setting next_dagrun for example_trigger_controller_dag to 2020-12-26 00:00:00+00:00
[2020-12-28 14:00:22,494] {scheduler_job.py:189} INFO - Processing /opt/anaconda3/lib/python3.7/site-packages/airflow/example_dags/example_trigger_controller_dag.py took 0.047 seconds
[2020-12-28 14:00:48,165] {scheduler_job.py:181} INFO - Started process (PID=16282) to work on /opt/anaconda3/lib/python3.7/site-packages/airflow/example_dags/example_trigger_controller_dag.py
[2020-12-28 14:00:48,166] {scheduler_job.py:629} INFO - Processing file /opt/anaconda3/lib/python3.7/site-packages/airflow/example_dags/example_trigger_controller_dag.py for tasks to queue
[2020-12-28 14:00:48,167] {logging_mixin.py:103} INFO - [2020-12-28 14:00:48,167] {dagbag.py:440} INFO - Filling up the DagBag from /opt/anaconda3/lib/python3.7/site-packages/airflow/example_dags/example_trigger_controller_dag.py
[2020-12-28 14:00:48,177] {scheduler_job.py:639} INFO - DAG(s) dict_keys(['example_trigger_controller_dag']) retrieved from /opt/anaconda3/lib/python3.7/site-packages/airflow/example_dags/example_trigger_controller_dag.py
[2020-12-28 14:00:48,179] {logging_mixin.py:103} INFO - [2020-12-28 14:00:48,179] {dag.py:1813} INFO - Sync 1 DAGs
[2020-12-28 14:00:48,195] {logging_mixin.py:103} INFO - [2020-12-28 14:00:48,195] {dag.py:2266} INFO - Setting next_dagrun for example_trigger_controller_dag to 2020-12-26 00:00:00+00:00
[2020-12-28 14:00:48,207] {scheduler_job.py:189} INFO - Processing /opt/anaconda3/lib/python3.7/site-packages/airflow/example_dags/example_trigger_controller_dag.py took 0.046 seconds
[2020-12-28 14:01:14,449] {scheduler_job.py:181} INFO - Started process (PID=16370) to work on /opt/anaconda3/lib/python3.7/site-packages/airflow/example_dags/example_trigger_controller_dag.py
[2020-12-28 14:01:14,450] {scheduler_job.py:629} INFO - Processing file /opt/anaconda3/lib/python3.7/site-packages/airflow/example_dags/example_trigger_controller_dag.py for tasks to queue
[2020-12-28 14:01:14,451] {logging_mixin.py:103} INFO - [2020-12-28 14:01:14,451] {dagbag.py:440} INFO - Filling up the DagBag from /opt/anaconda3/lib/python3.7/site-packages/airflow/example_dags/example_trigger_controller_dag.py
[2020-12-28 14:01:14,461] {scheduler_job.py:639} INFO - DAG(s) dict_keys(['example_trigger_controller_dag']) retrieved from /opt/anaconda3/lib/python3.7/site-packages/airflow/example_dags/example_trigger_controller_dag.py
[2020-12-28 14:01:14,462] {logging_mixin.py:103} INFO - [2020-12-28 14:01:14,462] {dag.py:1813} INFO - Sync 1 DAGs
[2020-12-28 14:01:14,480] {logging_mixin.py:103} INFO - [2020-12-28 14:01:14,479] {dag.py:2266} INFO - Setting next_dagrun for example_trigger_controller_dag to 2020-12-26 00:00:00+00:00
[2020-12-28 14:01:14,492] {scheduler_job.py:189} INFO - Processing /opt/anaconda3/lib/python3.7/site-packages/airflow/example_dags/example_trigger_controller_dag.py took 0.047 seconds
[2020-12-28 14:01:40,173] {scheduler_job.py:181} INFO - Started process (PID=16459) to work on /opt/anaconda3/lib/python3.7/site-packages/airflow/example_dags/example_trigger_controller_dag.py
[2020-12-28 14:01:40,174] {scheduler_job.py:629} INFO - Processing file /opt/anaconda3/lib/python3.7/site-packages/airflow/example_dags/example_trigger_controller_dag.py for tasks to queue
[2020-12-28 14:01:40,175] {logging_mixin.py:103} INFO - [2020-12-28 14:01:40,175] {dagbag.py:440} INFO - Filling up the DagBag from /opt/anaconda3/lib/python3.7/site-packages/airflow/example_dags/example_trigger_controller_dag.py
[2020-12-28 14:01:40,186] {scheduler_job.py:639} INFO - DAG(s) dict_keys(['example_trigger_controller_dag']) retrieved from /opt/anaconda3/lib/python3.7/site-packages/airflow/example_dags/example_trigger_controller_dag.py
[2020-12-28 14:01:40,187] {logging_mixin.py:103} INFO - [2020-12-28 14:01:40,187] {dag.py:1813} INFO - Sync 1 DAGs
[2020-12-28 14:01:40,204] {logging_mixin.py:103} INFO - [2020-12-28 14:01:40,204] {dag.py:2266} INFO - Setting next_dagrun for example_trigger_controller_dag to 2020-12-26 00:00:00+00:00
[2020-12-28 14:01:40,216] {scheduler_job.py:189} INFO - Processing /opt/anaconda3/lib/python3.7/site-packages/airflow/example_dags/example_trigger_controller_dag.py took 0.047 seconds
[2020-12-28 14:02:07,033] {scheduler_job.py:181} INFO - Started process (PID=16600) to work on /opt/anaconda3/lib/python3.7/site-packages/airflow/example_dags/example_trigger_controller_dag.py
[2020-12-28 14:02:07,036] {scheduler_job.py:629} INFO - Processing file /opt/anaconda3/lib/python3.7/site-packages/airflow/example_dags/example_trigger_controller_dag.py for tasks to queue
[2020-12-28 14:02:07,037] {logging_mixin.py:103} INFO - [2020-12-28 14:02:07,037] {dagbag.py:440} INFO - Filling up the DagBag from /opt/anaconda3/lib/python3.7/site-packages/airflow/example_dags/example_trigger_controller_dag.py
[2020-12-28 14:02:07,048] {scheduler_job.py:639} INFO - DAG(s) dict_keys(['example_trigger_controller_dag']) retrieved from /opt/anaconda3/lib/python3.7/site-packages/airflow/example_dags/example_trigger_controller_dag.py
[2020-12-28 14:02:07,049] {logging_mixin.py:103} INFO - [2020-12-28 14:02:07,049] {dag.py:1813} INFO - Sync 1 DAGs
[2020-12-28 14:02:07,068] {logging_mixin.py:103} INFO - [2020-12-28 14:02:07,068] {dag.py:2266} INFO - Setting next_dagrun for example_trigger_controller_dag to 2020-12-26 00:00:00+00:00
[2020-12-28 14:02:07,082] {scheduler_job.py:189} INFO - Processing /opt/anaconda3/lib/python3.7/site-packages/airflow/example_dags/example_trigger_controller_dag.py took 0.052 seconds
[2020-12-28 14:02:32,721] {scheduler_job.py:181} INFO - Started process (PID=16735) to work on /opt/anaconda3/lib/python3.7/site-packages/airflow/example_dags/example_trigger_controller_dag.py
[2020-12-28 14:02:32,722] {scheduler_job.py:629} INFO - Processing file /opt/anaconda3/lib/python3.7/site-packages/airflow/example_dags/example_trigger_controller_dag.py for tasks to queue
[2020-12-28 14:02:32,724] {logging_mixin.py:103} INFO - [2020-12-28 14:02:32,723] {dagbag.py:440} INFO - Filling up the DagBag from /opt/anaconda3/lib/python3.7/site-packages/airflow/example_dags/example_trigger_controller_dag.py
[2020-12-28 14:02:32,734] {scheduler_job.py:639} INFO - DAG(s) dict_keys(['example_trigger_controller_dag']) retrieved from /opt/anaconda3/lib/python3.7/site-packages/airflow/example_dags/example_trigger_controller_dag.py
[2020-12-28 14:02:32,735] {logging_mixin.py:103} INFO - [2020-12-28 14:02:32,735] {dag.py:1813} INFO - Sync 1 DAGs
[2020-12-28 14:02:32,751] {logging_mixin.py:103} INFO - [2020-12-28 14:02:32,751] {dag.py:2266} INFO - Setting next_dagrun for example_trigger_controller_dag to 2020-12-26 00:00:00+00:00
[2020-12-28 14:02:32,764] {scheduler_job.py:189} INFO - Processing /opt/anaconda3/lib/python3.7/site-packages/airflow/example_dags/example_trigger_controller_dag.py took 0.047 seconds
[2020-12-28 14:02:59,307] {scheduler_job.py:181} INFO - Started process (PID=16823) to work on /opt/anaconda3/lib/python3.7/site-packages/airflow/example_dags/example_trigger_controller_dag.py
[2020-12-28 14:02:59,308] {scheduler_job.py:629} INFO - Processing file /opt/anaconda3/lib/python3.7/site-packages/airflow/example_dags/example_trigger_controller_dag.py for tasks to queue
[2020-12-28 14:02:59,309] {logging_mixin.py:103} INFO - [2020-12-28 14:02:59,309] {dagbag.py:440} INFO - Filling up the DagBag from /opt/anaconda3/lib/python3.7/site-packages/airflow/example_dags/example_trigger_controller_dag.py
[2020-12-28 14:02:59,319] {scheduler_job.py:639} INFO - DAG(s) dict_keys(['example_trigger_controller_dag']) retrieved from /opt/anaconda3/lib/python3.7/site-packages/airflow/example_dags/example_trigger_controller_dag.py
[2020-12-28 14:02:59,321] {logging_mixin.py:103} INFO - [2020-12-28 14:02:59,321] {dag.py:1813} INFO - Sync 1 DAGs
[2020-12-28 14:02:59,338] {logging_mixin.py:103} INFO - [2020-12-28 14:02:59,337] {dag.py:2266} INFO - Setting next_dagrun for example_trigger_controller_dag to 2020-12-26 00:00:00+00:00
[2020-12-28 14:02:59,350] {scheduler_job.py:189} INFO - Processing /opt/anaconda3/lib/python3.7/site-packages/airflow/example_dags/example_trigger_controller_dag.py took 0.047 seconds
[2020-12-28 14:03:26,417] {scheduler_job.py:181} INFO - Started process (PID=16910) to work on /opt/anaconda3/lib/python3.7/site-packages/airflow/example_dags/example_trigger_controller_dag.py
[2020-12-28 14:03:26,418] {scheduler_job.py:629} INFO - Processing file /opt/anaconda3/lib/python3.7/site-packages/airflow/example_dags/example_trigger_controller_dag.py for tasks to queue
[2020-12-28 14:03:26,419] {logging_mixin.py:103} INFO - [2020-12-28 14:03:26,419] {dagbag.py:440} INFO - Filling up the DagBag from /opt/anaconda3/lib/python3.7/site-packages/airflow/example_dags/example_trigger_controller_dag.py
[2020-12-28 14:03:26,429] {scheduler_job.py:639} INFO - DAG(s) dict_keys(['example_trigger_controller_dag']) retrieved from /opt/anaconda3/lib/python3.7/site-packages/airflow/example_dags/example_trigger_controller_dag.py
[2020-12-28 14:03:26,430] {logging_mixin.py:103} INFO - [2020-12-28 14:03:26,430] {dag.py:1813} INFO - Sync 1 DAGs
[2020-12-28 14:03:26,446] {logging_mixin.py:103} INFO - [2020-12-28 14:03:26,446] {dag.py:2266} INFO - Setting next_dagrun for example_trigger_controller_dag to 2020-12-26 00:00:00+00:00
[2020-12-28 14:03:26,459] {scheduler_job.py:189} INFO - Processing /opt/anaconda3/lib/python3.7/site-packages/airflow/example_dags/example_trigger_controller_dag.py took 0.046 seconds
[2020-12-28 14:03:52,125] {scheduler_job.py:181} INFO - Started process (PID=17011) to work on /opt/anaconda3/lib/python3.7/site-packages/airflow/example_dags/example_trigger_controller_dag.py
[2020-12-28 14:03:52,126] {scheduler_job.py:629} INFO - Processing file /opt/anaconda3/lib/python3.7/site-packages/airflow/example_dags/example_trigger_controller_dag.py for tasks to queue
[2020-12-28 14:03:52,127] {logging_mixin.py:103} INFO - [2020-12-28 14:03:52,126] {dagbag.py:440} INFO - Filling up the DagBag from /opt/anaconda3/lib/python3.7/site-packages/airflow/example_dags/example_trigger_controller_dag.py
[2020-12-28 14:03:52,135] {scheduler_job.py:639} INFO - DAG(s) dict_keys(['example_trigger_controller_dag']) retrieved from /opt/anaconda3/lib/python3.7/site-packages/airflow/example_dags/example_trigger_controller_dag.py
[2020-12-28 14:03:52,136] {logging_mixin.py:103} INFO - [2020-12-28 14:03:52,136] {dag.py:1813} INFO - Sync 1 DAGs
[2020-12-28 14:03:52,150] {logging_mixin.py:103} INFO - [2020-12-28 14:03:52,150] {dag.py:2266} INFO - Setting next_dagrun for example_trigger_controller_dag to 2020-12-26 00:00:00+00:00
[2020-12-28 14:03:52,161] {scheduler_job.py:189} INFO - Processing /opt/anaconda3/lib/python3.7/site-packages/airflow/example_dags/example_trigger_controller_dag.py took 0.038 seconds
[2020-12-28 14:04:17,852] {scheduler_job.py:181} INFO - Started process (PID=17115) to work on /opt/anaconda3/lib/python3.7/site-packages/airflow/example_dags/example_trigger_controller_dag.py
[2020-12-28 14:04:17,853] {scheduler_job.py:629} INFO - Processing file /opt/anaconda3/lib/python3.7/site-packages/airflow/example_dags/example_trigger_controller_dag.py for tasks to queue
[2020-12-28 14:04:17,854] {logging_mixin.py:103} INFO - [2020-12-28 14:04:17,854] {dagbag.py:440} INFO - Filling up the DagBag from /opt/anaconda3/lib/python3.7/site-packages/airflow/example_dags/example_trigger_controller_dag.py
[2020-12-28 14:04:17,863] {scheduler_job.py:639} INFO - DAG(s) dict_keys(['example_trigger_controller_dag']) retrieved from /opt/anaconda3/lib/python3.7/site-packages/airflow/example_dags/example_trigger_controller_dag.py
[2020-12-28 14:04:17,864] {logging_mixin.py:103} INFO - [2020-12-28 14:04:17,864] {dag.py:1813} INFO - Sync 1 DAGs
[2020-12-28 14:04:17,878] {logging_mixin.py:103} INFO - [2020-12-28 14:04:17,878] {dag.py:2266} INFO - Setting next_dagrun for example_trigger_controller_dag to 2020-12-26 00:00:00+00:00
[2020-12-28 14:04:17,888] {scheduler_job.py:189} INFO - Processing /opt/anaconda3/lib/python3.7/site-packages/airflow/example_dags/example_trigger_controller_dag.py took 0.039 seconds
[2020-12-28 14:04:44,123] {scheduler_job.py:181} INFO - Started process (PID=17235) to work on /opt/anaconda3/lib/python3.7/site-packages/airflow/example_dags/example_trigger_controller_dag.py
[2020-12-28 14:04:44,124] {scheduler_job.py:629} INFO - Processing file /opt/anaconda3/lib/python3.7/site-packages/airflow/example_dags/example_trigger_controller_dag.py for tasks to queue
[2020-12-28 14:04:44,125] {logging_mixin.py:103} INFO - [2020-12-28 14:04:44,125] {dagbag.py:440} INFO - Filling up the DagBag from /opt/anaconda3/lib/python3.7/site-packages/airflow/example_dags/example_trigger_controller_dag.py
[2020-12-28 14:04:44,134] {scheduler_job.py:639} INFO - DAG(s) dict_keys(['example_trigger_controller_dag']) retrieved from /opt/anaconda3/lib/python3.7/site-packages/airflow/example_dags/example_trigger_controller_dag.py
[2020-12-28 14:04:44,136] {logging_mixin.py:103} INFO - [2020-12-28 14:04:44,136] {dag.py:1813} INFO - Sync 1 DAGs
[2020-12-28 14:04:44,149] {logging_mixin.py:103} INFO - [2020-12-28 14:04:44,148] {dag.py:1832} INFO - Creating ORM DAG for example_trigger_controller_dag
[2020-12-28 14:04:44,153] {logging_mixin.py:103} INFO - [2020-12-28 14:04:44,153] {dag.py:2266} INFO - Setting next_dagrun for example_trigger_controller_dag to 2020-12-26 00:00:00+00:00
[2020-12-28 14:04:44,173] {scheduler_job.py:189} INFO - Processing /opt/anaconda3/lib/python3.7/site-packages/airflow/example_dags/example_trigger_controller_dag.py took 0.054 seconds
[2020-12-28 14:05:11,032] {scheduler_job.py:181} INFO - Started process (PID=17336) to work on /opt/anaconda3/lib/python3.7/site-packages/airflow/example_dags/example_trigger_controller_dag.py
[2020-12-28 14:05:11,033] {scheduler_job.py:629} INFO - Processing file /opt/anaconda3/lib/python3.7/site-packages/airflow/example_dags/example_trigger_controller_dag.py for tasks to queue
[2020-12-28 14:05:11,034] {logging_mixin.py:103} INFO - [2020-12-28 14:05:11,034] {dagbag.py:440} INFO - Filling up the DagBag from /opt/anaconda3/lib/python3.7/site-packages/airflow/example_dags/example_trigger_controller_dag.py
[2020-12-28 14:05:11,044] {scheduler_job.py:639} INFO - DAG(s) dict_keys(['example_trigger_controller_dag']) retrieved from /opt/anaconda3/lib/python3.7/site-packages/airflow/example_dags/example_trigger_controller_dag.py
[2020-12-28 14:05:11,046] {logging_mixin.py:103} INFO - [2020-12-28 14:05:11,046] {dag.py:1813} INFO - Sync 1 DAGs
[2020-12-28 14:05:11,062] {logging_mixin.py:103} INFO - [2020-12-28 14:05:11,062] {dag.py:2266} INFO - Setting next_dagrun for example_trigger_controller_dag to 2020-12-26 00:00:00+00:00
[2020-12-28 14:05:11,071] {scheduler_job.py:189} INFO - Processing /opt/anaconda3/lib/python3.7/site-packages/airflow/example_dags/example_trigger_controller_dag.py took 0.043 seconds
[2020-12-28 14:05:39,038] {scheduler_job.py:181} INFO - Started process (PID=17452) to work on /opt/anaconda3/lib/python3.7/site-packages/airflow/example_dags/example_trigger_controller_dag.py
[2020-12-28 14:05:39,039] {scheduler_job.py:629} INFO - Processing file /opt/anaconda3/lib/python3.7/site-packages/airflow/example_dags/example_trigger_controller_dag.py for tasks to queue
[2020-12-28 14:05:39,040] {logging_mixin.py:103} INFO - [2020-12-28 14:05:39,040] {dagbag.py:440} INFO - Filling up the DagBag from /opt/anaconda3/lib/python3.7/site-packages/airflow/example_dags/example_trigger_controller_dag.py
[2020-12-28 14:05:39,050] {scheduler_job.py:639} INFO - DAG(s) dict_keys(['example_trigger_controller_dag']) retrieved from /opt/anaconda3/lib/python3.7/site-packages/airflow/example_dags/example_trigger_controller_dag.py
[2020-12-28 14:05:39,052] {logging_mixin.py:103} INFO - [2020-12-28 14:05:39,051] {dag.py:1813} INFO - Sync 1 DAGs
[2020-12-28 14:05:39,069] {logging_mixin.py:103} INFO - [2020-12-28 14:05:39,069] {dag.py:2266} INFO - Setting next_dagrun for example_trigger_controller_dag to 2020-12-26 00:00:00+00:00
[2020-12-28 14:05:39,083] {scheduler_job.py:189} INFO - Processing /opt/anaconda3/lib/python3.7/site-packages/airflow/example_dags/example_trigger_controller_dag.py took 0.048 seconds
