[2020-12-28 13:54:49,899] {scheduler_job.py:181} INFO - Started process (PID=15001) to work on /opt/anaconda3/lib/python3.7/site-packages/airflow/example_dags/example_kubernetes_executor.py
[2020-12-28 13:54:49,901] {scheduler_job.py:629} INFO - Processing file /opt/anaconda3/lib/python3.7/site-packages/airflow/example_dags/example_kubernetes_executor.py for tasks to queue
[2020-12-28 13:54:49,903] {logging_mixin.py:103} INFO - [2020-12-28 13:54:49,902] {dagbag.py:440} INFO - Filling up the DagBag from /opt/anaconda3/lib/python3.7/site-packages/airflow/example_dags/example_kubernetes_executor.py
[2020-12-28 13:54:49,918] {scheduler_job.py:639} INFO - DAG(s) dict_keys(['example_kubernetes_executor']) retrieved from /opt/anaconda3/lib/python3.7/site-packages/airflow/example_dags/example_kubernetes_executor.py
[2020-12-28 13:54:49,919] {logging_mixin.py:103} INFO - [2020-12-28 13:54:49,919] {dag.py:1813} INFO - Sync 1 DAGs
[2020-12-28 13:54:49,937] {logging_mixin.py:103} INFO - [2020-12-28 13:54:49,937] {dag.py:2266} INFO - Setting next_dagrun for example_kubernetes_executor to None
[2020-12-28 13:54:49,963] {scheduler_job.py:189} INFO - Processing /opt/anaconda3/lib/python3.7/site-packages/airflow/example_dags/example_kubernetes_executor.py took 0.069 seconds
[2020-12-28 13:55:15,629] {scheduler_job.py:181} INFO - Started process (PID=15107) to work on /opt/anaconda3/lib/python3.7/site-packages/airflow/example_dags/example_kubernetes_executor.py
[2020-12-28 13:55:15,631] {scheduler_job.py:629} INFO - Processing file /opt/anaconda3/lib/python3.7/site-packages/airflow/example_dags/example_kubernetes_executor.py for tasks to queue
[2020-12-28 13:55:15,632] {logging_mixin.py:103} INFO - [2020-12-28 13:55:15,632] {dagbag.py:440} INFO - Filling up the DagBag from /opt/anaconda3/lib/python3.7/site-packages/airflow/example_dags/example_kubernetes_executor.py
[2020-12-28 13:55:15,644] {scheduler_job.py:639} INFO - DAG(s) dict_keys(['example_kubernetes_executor']) retrieved from /opt/anaconda3/lib/python3.7/site-packages/airflow/example_dags/example_kubernetes_executor.py
[2020-12-28 13:55:15,645] {logging_mixin.py:103} INFO - [2020-12-28 13:55:15,645] {dag.py:1813} INFO - Sync 1 DAGs
[2020-12-28 13:55:15,663] {logging_mixin.py:103} INFO - [2020-12-28 13:55:15,663] {dag.py:2266} INFO - Setting next_dagrun for example_kubernetes_executor to None
[2020-12-28 13:55:15,672] {scheduler_job.py:189} INFO - Processing /opt/anaconda3/lib/python3.7/site-packages/airflow/example_dags/example_kubernetes_executor.py took 0.046 seconds
[2020-12-28 13:55:42,442] {scheduler_job.py:181} INFO - Started process (PID=15205) to work on /opt/anaconda3/lib/python3.7/site-packages/airflow/example_dags/example_kubernetes_executor.py
[2020-12-28 13:55:42,444] {scheduler_job.py:629} INFO - Processing file /opt/anaconda3/lib/python3.7/site-packages/airflow/example_dags/example_kubernetes_executor.py for tasks to queue
[2020-12-28 13:55:42,445] {logging_mixin.py:103} INFO - [2020-12-28 13:55:42,445] {dagbag.py:440} INFO - Filling up the DagBag from /opt/anaconda3/lib/python3.7/site-packages/airflow/example_dags/example_kubernetes_executor.py
[2020-12-28 13:55:42,457] {scheduler_job.py:639} INFO - DAG(s) dict_keys(['example_kubernetes_executor']) retrieved from /opt/anaconda3/lib/python3.7/site-packages/airflow/example_dags/example_kubernetes_executor.py
[2020-12-28 13:55:42,459] {logging_mixin.py:103} INFO - [2020-12-28 13:55:42,458] {dag.py:1813} INFO - Sync 1 DAGs
[2020-12-28 13:55:42,474] {logging_mixin.py:103} INFO - [2020-12-28 13:55:42,473] {dag.py:2266} INFO - Setting next_dagrun for example_kubernetes_executor to None
[2020-12-28 13:55:42,486] {scheduler_job.py:189} INFO - Processing /opt/anaconda3/lib/python3.7/site-packages/airflow/example_dags/example_kubernetes_executor.py took 0.047 seconds
[2020-12-28 13:56:08,144] {scheduler_job.py:181} INFO - Started process (PID=15292) to work on /opt/anaconda3/lib/python3.7/site-packages/airflow/example_dags/example_kubernetes_executor.py
[2020-12-28 13:56:08,145] {scheduler_job.py:629} INFO - Processing file /opt/anaconda3/lib/python3.7/site-packages/airflow/example_dags/example_kubernetes_executor.py for tasks to queue
[2020-12-28 13:56:08,147] {logging_mixin.py:103} INFO - [2020-12-28 13:56:08,146] {dagbag.py:440} INFO - Filling up the DagBag from /opt/anaconda3/lib/python3.7/site-packages/airflow/example_dags/example_kubernetes_executor.py
[2020-12-28 13:56:08,159] {scheduler_job.py:639} INFO - DAG(s) dict_keys(['example_kubernetes_executor']) retrieved from /opt/anaconda3/lib/python3.7/site-packages/airflow/example_dags/example_kubernetes_executor.py
[2020-12-28 13:56:08,160] {logging_mixin.py:103} INFO - [2020-12-28 13:56:08,160] {dag.py:1813} INFO - Sync 1 DAGs
[2020-12-28 13:56:08,176] {logging_mixin.py:103} INFO - [2020-12-28 13:56:08,176] {dag.py:2266} INFO - Setting next_dagrun for example_kubernetes_executor to None
[2020-12-28 13:56:08,188] {scheduler_job.py:189} INFO - Processing /opt/anaconda3/lib/python3.7/site-packages/airflow/example_dags/example_kubernetes_executor.py took 0.048 seconds
[2020-12-28 13:56:35,001] {scheduler_job.py:181} INFO - Started process (PID=15400) to work on /opt/anaconda3/lib/python3.7/site-packages/airflow/example_dags/example_kubernetes_executor.py
[2020-12-28 13:56:35,002] {scheduler_job.py:629} INFO - Processing file /opt/anaconda3/lib/python3.7/site-packages/airflow/example_dags/example_kubernetes_executor.py for tasks to queue
[2020-12-28 13:56:35,003] {logging_mixin.py:103} INFO - [2020-12-28 13:56:35,003] {dagbag.py:440} INFO - Filling up the DagBag from /opt/anaconda3/lib/python3.7/site-packages/airflow/example_dags/example_kubernetes_executor.py
[2020-12-28 13:56:35,016] {scheduler_job.py:639} INFO - DAG(s) dict_keys(['example_kubernetes_executor']) retrieved from /opt/anaconda3/lib/python3.7/site-packages/airflow/example_dags/example_kubernetes_executor.py
[2020-12-28 13:56:35,018] {logging_mixin.py:103} INFO - [2020-12-28 13:56:35,017] {dag.py:1813} INFO - Sync 1 DAGs
[2020-12-28 13:56:35,034] {logging_mixin.py:103} INFO - [2020-12-28 13:56:35,033] {dag.py:2266} INFO - Setting next_dagrun for example_kubernetes_executor to None
[2020-12-28 13:56:35,048] {scheduler_job.py:189} INFO - Processing /opt/anaconda3/lib/python3.7/site-packages/airflow/example_dags/example_kubernetes_executor.py took 0.051 seconds
[2020-12-28 13:57:00,695] {scheduler_job.py:181} INFO - Started process (PID=15499) to work on /opt/anaconda3/lib/python3.7/site-packages/airflow/example_dags/example_kubernetes_executor.py
[2020-12-28 13:57:00,697] {scheduler_job.py:629} INFO - Processing file /opt/anaconda3/lib/python3.7/site-packages/airflow/example_dags/example_kubernetes_executor.py for tasks to queue
[2020-12-28 13:57:00,699] {logging_mixin.py:103} INFO - [2020-12-28 13:57:00,698] {dagbag.py:440} INFO - Filling up the DagBag from /opt/anaconda3/lib/python3.7/site-packages/airflow/example_dags/example_kubernetes_executor.py
[2020-12-28 13:57:00,711] {scheduler_job.py:639} INFO - DAG(s) dict_keys(['example_kubernetes_executor']) retrieved from /opt/anaconda3/lib/python3.7/site-packages/airflow/example_dags/example_kubernetes_executor.py
[2020-12-28 13:57:00,713] {logging_mixin.py:103} INFO - [2020-12-28 13:57:00,713] {dag.py:1813} INFO - Sync 1 DAGs
[2020-12-28 13:57:00,729] {logging_mixin.py:103} INFO - [2020-12-28 13:57:00,729] {dag.py:2266} INFO - Setting next_dagrun for example_kubernetes_executor to None
[2020-12-28 13:57:00,742] {scheduler_job.py:189} INFO - Processing /opt/anaconda3/lib/python3.7/site-packages/airflow/example_dags/example_kubernetes_executor.py took 0.050 seconds
[2020-12-28 13:57:27,291] {scheduler_job.py:181} INFO - Started process (PID=15604) to work on /opt/anaconda3/lib/python3.7/site-packages/airflow/example_dags/example_kubernetes_executor.py
[2020-12-28 13:57:27,293] {scheduler_job.py:629} INFO - Processing file /opt/anaconda3/lib/python3.7/site-packages/airflow/example_dags/example_kubernetes_executor.py for tasks to queue
[2020-12-28 13:57:27,294] {logging_mixin.py:103} INFO - [2020-12-28 13:57:27,294] {dagbag.py:440} INFO - Filling up the DagBag from /opt/anaconda3/lib/python3.7/site-packages/airflow/example_dags/example_kubernetes_executor.py
[2020-12-28 13:57:27,307] {scheduler_job.py:639} INFO - DAG(s) dict_keys(['example_kubernetes_executor']) retrieved from /opt/anaconda3/lib/python3.7/site-packages/airflow/example_dags/example_kubernetes_executor.py
[2020-12-28 13:57:27,308] {logging_mixin.py:103} INFO - [2020-12-28 13:57:27,308] {dag.py:1813} INFO - Sync 1 DAGs
[2020-12-28 13:57:27,324] {logging_mixin.py:103} INFO - [2020-12-28 13:57:27,324] {dag.py:2266} INFO - Setting next_dagrun for example_kubernetes_executor to None
[2020-12-28 13:57:27,339] {scheduler_job.py:189} INFO - Processing /opt/anaconda3/lib/python3.7/site-packages/airflow/example_dags/example_kubernetes_executor.py took 0.051 seconds
[2020-12-28 13:57:53,901] {scheduler_job.py:181} INFO - Started process (PID=15670) to work on /opt/anaconda3/lib/python3.7/site-packages/airflow/example_dags/example_kubernetes_executor.py
[2020-12-28 13:57:53,922] {scheduler_job.py:629} INFO - Processing file /opt/anaconda3/lib/python3.7/site-packages/airflow/example_dags/example_kubernetes_executor.py for tasks to queue
[2020-12-28 13:57:53,935] {logging_mixin.py:103} INFO - [2020-12-28 13:57:53,935] {dagbag.py:440} INFO - Filling up the DagBag from /opt/anaconda3/lib/python3.7/site-packages/airflow/example_dags/example_kubernetes_executor.py
[2020-12-28 13:57:53,945] {scheduler_job.py:639} INFO - DAG(s) dict_keys(['example_kubernetes_executor']) retrieved from /opt/anaconda3/lib/python3.7/site-packages/airflow/example_dags/example_kubernetes_executor.py
[2020-12-28 13:57:53,946] {logging_mixin.py:103} INFO - [2020-12-28 13:57:53,946] {dag.py:1813} INFO - Sync 1 DAGs
[2020-12-28 13:57:53,961] {logging_mixin.py:103} INFO - [2020-12-28 13:57:53,960] {dag.py:2266} INFO - Setting next_dagrun for example_kubernetes_executor to None
[2020-12-28 13:57:53,984] {scheduler_job.py:189} INFO - Processing /opt/anaconda3/lib/python3.7/site-packages/airflow/example_dags/example_kubernetes_executor.py took 0.085 seconds
[2020-12-28 13:58:19,627] {scheduler_job.py:181} INFO - Started process (PID=15774) to work on /opt/anaconda3/lib/python3.7/site-packages/airflow/example_dags/example_kubernetes_executor.py
[2020-12-28 13:58:19,629] {scheduler_job.py:629} INFO - Processing file /opt/anaconda3/lib/python3.7/site-packages/airflow/example_dags/example_kubernetes_executor.py for tasks to queue
[2020-12-28 13:58:19,630] {logging_mixin.py:103} INFO - [2020-12-28 13:58:19,630] {dagbag.py:440} INFO - Filling up the DagBag from /opt/anaconda3/lib/python3.7/site-packages/airflow/example_dags/example_kubernetes_executor.py
[2020-12-28 13:58:19,642] {scheduler_job.py:639} INFO - DAG(s) dict_keys(['example_kubernetes_executor']) retrieved from /opt/anaconda3/lib/python3.7/site-packages/airflow/example_dags/example_kubernetes_executor.py
[2020-12-28 13:58:19,644] {logging_mixin.py:103} INFO - [2020-12-28 13:58:19,643] {dag.py:1813} INFO - Sync 1 DAGs
[2020-12-28 13:58:19,661] {logging_mixin.py:103} INFO - [2020-12-28 13:58:19,661] {dag.py:2266} INFO - Setting next_dagrun for example_kubernetes_executor to None
[2020-12-28 13:58:19,676] {scheduler_job.py:189} INFO - Processing /opt/anaconda3/lib/python3.7/site-packages/airflow/example_dags/example_kubernetes_executor.py took 0.052 seconds
[2020-12-28 13:58:46,449] {scheduler_job.py:181} INFO - Started process (PID=15864) to work on /opt/anaconda3/lib/python3.7/site-packages/airflow/example_dags/example_kubernetes_executor.py
[2020-12-28 13:58:46,450] {scheduler_job.py:629} INFO - Processing file /opt/anaconda3/lib/python3.7/site-packages/airflow/example_dags/example_kubernetes_executor.py for tasks to queue
[2020-12-28 13:58:46,451] {logging_mixin.py:103} INFO - [2020-12-28 13:58:46,451] {dagbag.py:440} INFO - Filling up the DagBag from /opt/anaconda3/lib/python3.7/site-packages/airflow/example_dags/example_kubernetes_executor.py
[2020-12-28 13:58:46,463] {scheduler_job.py:639} INFO - DAG(s) dict_keys(['example_kubernetes_executor']) retrieved from /opt/anaconda3/lib/python3.7/site-packages/airflow/example_dags/example_kubernetes_executor.py
[2020-12-28 13:58:46,465] {logging_mixin.py:103} INFO - [2020-12-28 13:58:46,465] {dag.py:1813} INFO - Sync 1 DAGs
[2020-12-28 13:58:46,481] {logging_mixin.py:103} INFO - [2020-12-28 13:58:46,481] {dag.py:2266} INFO - Setting next_dagrun for example_kubernetes_executor to None
[2020-12-28 13:58:46,494] {scheduler_job.py:189} INFO - Processing /opt/anaconda3/lib/python3.7/site-packages/airflow/example_dags/example_kubernetes_executor.py took 0.048 seconds
[2020-12-28 13:59:12,189] {scheduler_job.py:181} INFO - Started process (PID=15950) to work on /opt/anaconda3/lib/python3.7/site-packages/airflow/example_dags/example_kubernetes_executor.py
[2020-12-28 13:59:12,191] {scheduler_job.py:629} INFO - Processing file /opt/anaconda3/lib/python3.7/site-packages/airflow/example_dags/example_kubernetes_executor.py for tasks to queue
[2020-12-28 13:59:12,192] {logging_mixin.py:103} INFO - [2020-12-28 13:59:12,191] {dagbag.py:440} INFO - Filling up the DagBag from /opt/anaconda3/lib/python3.7/site-packages/airflow/example_dags/example_kubernetes_executor.py
[2020-12-28 13:59:12,204] {scheduler_job.py:639} INFO - DAG(s) dict_keys(['example_kubernetes_executor']) retrieved from /opt/anaconda3/lib/python3.7/site-packages/airflow/example_dags/example_kubernetes_executor.py
[2020-12-28 13:59:12,205] {logging_mixin.py:103} INFO - [2020-12-28 13:59:12,205] {dag.py:1813} INFO - Sync 1 DAGs
[2020-12-28 13:59:12,222] {logging_mixin.py:103} INFO - [2020-12-28 13:59:12,222] {dag.py:2266} INFO - Setting next_dagrun for example_kubernetes_executor to None
[2020-12-28 13:59:12,235] {scheduler_job.py:189} INFO - Processing /opt/anaconda3/lib/python3.7/site-packages/airflow/example_dags/example_kubernetes_executor.py took 0.049 seconds
[2020-12-28 13:59:37,915] {scheduler_job.py:181} INFO - Started process (PID=16033) to work on /opt/anaconda3/lib/python3.7/site-packages/airflow/example_dags/example_kubernetes_executor.py
[2020-12-28 13:59:37,917] {scheduler_job.py:629} INFO - Processing file /opt/anaconda3/lib/python3.7/site-packages/airflow/example_dags/example_kubernetes_executor.py for tasks to queue
[2020-12-28 13:59:37,918] {logging_mixin.py:103} INFO - [2020-12-28 13:59:37,918] {dagbag.py:440} INFO - Filling up the DagBag from /opt/anaconda3/lib/python3.7/site-packages/airflow/example_dags/example_kubernetes_executor.py
[2020-12-28 13:59:37,930] {scheduler_job.py:639} INFO - DAG(s) dict_keys(['example_kubernetes_executor']) retrieved from /opt/anaconda3/lib/python3.7/site-packages/airflow/example_dags/example_kubernetes_executor.py
[2020-12-28 13:59:37,932] {logging_mixin.py:103} INFO - [2020-12-28 13:59:37,931] {dag.py:1813} INFO - Sync 1 DAGs
[2020-12-28 13:59:37,947] {logging_mixin.py:103} INFO - [2020-12-28 13:59:37,947] {dag.py:2266} INFO - Setting next_dagrun for example_kubernetes_executor to None
[2020-12-28 13:59:37,960] {scheduler_job.py:189} INFO - Processing /opt/anaconda3/lib/python3.7/site-packages/airflow/example_dags/example_kubernetes_executor.py took 0.049 seconds
[2020-12-28 14:00:03,632] {scheduler_job.py:181} INFO - Started process (PID=16118) to work on /opt/anaconda3/lib/python3.7/site-packages/airflow/example_dags/example_kubernetes_executor.py
[2020-12-28 14:00:03,633] {scheduler_job.py:629} INFO - Processing file /opt/anaconda3/lib/python3.7/site-packages/airflow/example_dags/example_kubernetes_executor.py for tasks to queue
[2020-12-28 14:00:03,634] {logging_mixin.py:103} INFO - [2020-12-28 14:00:03,634] {dagbag.py:440} INFO - Filling up the DagBag from /opt/anaconda3/lib/python3.7/site-packages/airflow/example_dags/example_kubernetes_executor.py
[2020-12-28 14:00:03,646] {scheduler_job.py:639} INFO - DAG(s) dict_keys(['example_kubernetes_executor']) retrieved from /opt/anaconda3/lib/python3.7/site-packages/airflow/example_dags/example_kubernetes_executor.py
[2020-12-28 14:00:03,648] {logging_mixin.py:103} INFO - [2020-12-28 14:00:03,647] {dag.py:1813} INFO - Sync 1 DAGs
[2020-12-28 14:00:03,665] {logging_mixin.py:103} INFO - [2020-12-28 14:00:03,665] {dag.py:2266} INFO - Setting next_dagrun for example_kubernetes_executor to None
[2020-12-28 14:00:03,679] {scheduler_job.py:189} INFO - Processing /opt/anaconda3/lib/python3.7/site-packages/airflow/example_dags/example_kubernetes_executor.py took 0.050 seconds
[2020-12-28 14:00:29,331] {scheduler_job.py:181} INFO - Started process (PID=16220) to work on /opt/anaconda3/lib/python3.7/site-packages/airflow/example_dags/example_kubernetes_executor.py
[2020-12-28 14:00:29,333] {scheduler_job.py:629} INFO - Processing file /opt/anaconda3/lib/python3.7/site-packages/airflow/example_dags/example_kubernetes_executor.py for tasks to queue
[2020-12-28 14:00:29,334] {logging_mixin.py:103} INFO - [2020-12-28 14:00:29,334] {dagbag.py:440} INFO - Filling up the DagBag from /opt/anaconda3/lib/python3.7/site-packages/airflow/example_dags/example_kubernetes_executor.py
[2020-12-28 14:00:29,346] {scheduler_job.py:639} INFO - DAG(s) dict_keys(['example_kubernetes_executor']) retrieved from /opt/anaconda3/lib/python3.7/site-packages/airflow/example_dags/example_kubernetes_executor.py
[2020-12-28 14:00:29,347] {logging_mixin.py:103} INFO - [2020-12-28 14:00:29,347] {dag.py:1813} INFO - Sync 1 DAGs
[2020-12-28 14:00:29,363] {logging_mixin.py:103} INFO - [2020-12-28 14:00:29,363] {dag.py:2266} INFO - Setting next_dagrun for example_kubernetes_executor to None
[2020-12-28 14:00:29,375] {scheduler_job.py:189} INFO - Processing /opt/anaconda3/lib/python3.7/site-packages/airflow/example_dags/example_kubernetes_executor.py took 0.047 seconds
[2020-12-28 14:00:56,187] {scheduler_job.py:181} INFO - Started process (PID=16310) to work on /opt/anaconda3/lib/python3.7/site-packages/airflow/example_dags/example_kubernetes_executor.py
[2020-12-28 14:00:56,188] {scheduler_job.py:629} INFO - Processing file /opt/anaconda3/lib/python3.7/site-packages/airflow/example_dags/example_kubernetes_executor.py for tasks to queue
[2020-12-28 14:00:56,189] {logging_mixin.py:103} INFO - [2020-12-28 14:00:56,189] {dagbag.py:440} INFO - Filling up the DagBag from /opt/anaconda3/lib/python3.7/site-packages/airflow/example_dags/example_kubernetes_executor.py
[2020-12-28 14:00:56,201] {scheduler_job.py:639} INFO - DAG(s) dict_keys(['example_kubernetes_executor']) retrieved from /opt/anaconda3/lib/python3.7/site-packages/airflow/example_dags/example_kubernetes_executor.py
[2020-12-28 14:00:56,202] {logging_mixin.py:103} INFO - [2020-12-28 14:00:56,202] {dag.py:1813} INFO - Sync 1 DAGs
[2020-12-28 14:00:56,218] {logging_mixin.py:103} INFO - [2020-12-28 14:00:56,218] {dag.py:2266} INFO - Setting next_dagrun for example_kubernetes_executor to None
[2020-12-28 14:00:56,230] {scheduler_job.py:189} INFO - Processing /opt/anaconda3/lib/python3.7/site-packages/airflow/example_dags/example_kubernetes_executor.py took 0.046 seconds
[2020-12-28 14:01:23,001] {scheduler_job.py:181} INFO - Started process (PID=16398) to work on /opt/anaconda3/lib/python3.7/site-packages/airflow/example_dags/example_kubernetes_executor.py
[2020-12-28 14:01:23,002] {scheduler_job.py:629} INFO - Processing file /opt/anaconda3/lib/python3.7/site-packages/airflow/example_dags/example_kubernetes_executor.py for tasks to queue
[2020-12-28 14:01:23,003] {logging_mixin.py:103} INFO - [2020-12-28 14:01:23,003] {dagbag.py:440} INFO - Filling up the DagBag from /opt/anaconda3/lib/python3.7/site-packages/airflow/example_dags/example_kubernetes_executor.py
[2020-12-28 14:01:23,015] {scheduler_job.py:639} INFO - DAG(s) dict_keys(['example_kubernetes_executor']) retrieved from /opt/anaconda3/lib/python3.7/site-packages/airflow/example_dags/example_kubernetes_executor.py
[2020-12-28 14:01:23,017] {logging_mixin.py:103} INFO - [2020-12-28 14:01:23,016] {dag.py:1813} INFO - Sync 1 DAGs
[2020-12-28 14:01:23,034] {logging_mixin.py:103} INFO - [2020-12-28 14:01:23,034] {dag.py:2266} INFO - Setting next_dagrun for example_kubernetes_executor to None
[2020-12-28 14:01:23,047] {scheduler_job.py:189} INFO - Processing /opt/anaconda3/lib/python3.7/site-packages/airflow/example_dags/example_kubernetes_executor.py took 0.050 seconds
[2020-12-28 14:01:48,727] {scheduler_job.py:181} INFO - Started process (PID=16486) to work on /opt/anaconda3/lib/python3.7/site-packages/airflow/example_dags/example_kubernetes_executor.py
[2020-12-28 14:01:48,728] {scheduler_job.py:629} INFO - Processing file /opt/anaconda3/lib/python3.7/site-packages/airflow/example_dags/example_kubernetes_executor.py for tasks to queue
[2020-12-28 14:01:48,729] {logging_mixin.py:103} INFO - [2020-12-28 14:01:48,729] {dagbag.py:440} INFO - Filling up the DagBag from /opt/anaconda3/lib/python3.7/site-packages/airflow/example_dags/example_kubernetes_executor.py
[2020-12-28 14:01:48,742] {scheduler_job.py:639} INFO - DAG(s) dict_keys(['example_kubernetes_executor']) retrieved from /opt/anaconda3/lib/python3.7/site-packages/airflow/example_dags/example_kubernetes_executor.py
[2020-12-28 14:01:48,744] {logging_mixin.py:103} INFO - [2020-12-28 14:01:48,743] {dag.py:1813} INFO - Sync 1 DAGs
[2020-12-28 14:01:48,761] {logging_mixin.py:103} INFO - [2020-12-28 14:01:48,760] {dag.py:2266} INFO - Setting next_dagrun for example_kubernetes_executor to None
[2020-12-28 14:01:48,774] {scheduler_job.py:189} INFO - Processing /opt/anaconda3/lib/python3.7/site-packages/airflow/example_dags/example_kubernetes_executor.py took 0.051 seconds
[2020-12-28 14:02:15,017] {scheduler_job.py:181} INFO - Started process (PID=16682) to work on /opt/anaconda3/lib/python3.7/site-packages/airflow/example_dags/example_kubernetes_executor.py
[2020-12-28 14:02:15,019] {scheduler_job.py:629} INFO - Processing file /opt/anaconda3/lib/python3.7/site-packages/airflow/example_dags/example_kubernetes_executor.py for tasks to queue
[2020-12-28 14:02:15,020] {logging_mixin.py:103} INFO - [2020-12-28 14:02:15,020] {dagbag.py:440} INFO - Filling up the DagBag from /opt/anaconda3/lib/python3.7/site-packages/airflow/example_dags/example_kubernetes_executor.py
[2020-12-28 14:02:15,032] {scheduler_job.py:639} INFO - DAG(s) dict_keys(['example_kubernetes_executor']) retrieved from /opt/anaconda3/lib/python3.7/site-packages/airflow/example_dags/example_kubernetes_executor.py
[2020-12-28 14:02:15,033] {logging_mixin.py:103} INFO - [2020-12-28 14:02:15,033] {dag.py:1813} INFO - Sync 1 DAGs
[2020-12-28 14:02:15,050] {logging_mixin.py:103} INFO - [2020-12-28 14:02:15,049] {dag.py:2266} INFO - Setting next_dagrun for example_kubernetes_executor to None
[2020-12-28 14:02:15,064] {scheduler_job.py:189} INFO - Processing /opt/anaconda3/lib/python3.7/site-packages/airflow/example_dags/example_kubernetes_executor.py took 0.051 seconds
[2020-12-28 14:02:41,259] {scheduler_job.py:181} INFO - Started process (PID=16763) to work on /opt/anaconda3/lib/python3.7/site-packages/airflow/example_dags/example_kubernetes_executor.py
[2020-12-28 14:02:41,261] {scheduler_job.py:629} INFO - Processing file /opt/anaconda3/lib/python3.7/site-packages/airflow/example_dags/example_kubernetes_executor.py for tasks to queue
[2020-12-28 14:02:41,262] {logging_mixin.py:103} INFO - [2020-12-28 14:02:41,261] {dagbag.py:440} INFO - Filling up the DagBag from /opt/anaconda3/lib/python3.7/site-packages/airflow/example_dags/example_kubernetes_executor.py
[2020-12-28 14:02:41,275] {scheduler_job.py:639} INFO - DAG(s) dict_keys(['example_kubernetes_executor']) retrieved from /opt/anaconda3/lib/python3.7/site-packages/airflow/example_dags/example_kubernetes_executor.py
[2020-12-28 14:02:41,277] {logging_mixin.py:103} INFO - [2020-12-28 14:02:41,276] {dag.py:1813} INFO - Sync 1 DAGs
[2020-12-28 14:02:41,293] {logging_mixin.py:103} INFO - [2020-12-28 14:02:41,293] {dag.py:2266} INFO - Setting next_dagrun for example_kubernetes_executor to None
[2020-12-28 14:02:41,306] {scheduler_job.py:189} INFO - Processing /opt/anaconda3/lib/python3.7/site-packages/airflow/example_dags/example_kubernetes_executor.py took 0.050 seconds
[2020-12-28 14:03:07,605] {scheduler_job.py:181} INFO - Started process (PID=16848) to work on /opt/anaconda3/lib/python3.7/site-packages/airflow/example_dags/example_kubernetes_executor.py
[2020-12-28 14:03:07,606] {scheduler_job.py:629} INFO - Processing file /opt/anaconda3/lib/python3.7/site-packages/airflow/example_dags/example_kubernetes_executor.py for tasks to queue
[2020-12-28 14:03:07,607] {logging_mixin.py:103} INFO - [2020-12-28 14:03:07,607] {dagbag.py:440} INFO - Filling up the DagBag from /opt/anaconda3/lib/python3.7/site-packages/airflow/example_dags/example_kubernetes_executor.py
[2020-12-28 14:03:07,620] {scheduler_job.py:639} INFO - DAG(s) dict_keys(['example_kubernetes_executor']) retrieved from /opt/anaconda3/lib/python3.7/site-packages/airflow/example_dags/example_kubernetes_executor.py
[2020-12-28 14:03:07,621] {logging_mixin.py:103} INFO - [2020-12-28 14:03:07,621] {dag.py:1813} INFO - Sync 1 DAGs
[2020-12-28 14:03:07,637] {logging_mixin.py:103} INFO - [2020-12-28 14:03:07,637] {dag.py:2266} INFO - Setting next_dagrun for example_kubernetes_executor to None
[2020-12-28 14:03:07,650] {scheduler_job.py:189} INFO - Processing /opt/anaconda3/lib/python3.7/site-packages/airflow/example_dags/example_kubernetes_executor.py took 0.049 seconds
[2020-12-28 14:03:33,295] {scheduler_job.py:181} INFO - Started process (PID=16934) to work on /opt/anaconda3/lib/python3.7/site-packages/airflow/example_dags/example_kubernetes_executor.py
[2020-12-28 14:03:33,296] {scheduler_job.py:629} INFO - Processing file /opt/anaconda3/lib/python3.7/site-packages/airflow/example_dags/example_kubernetes_executor.py for tasks to queue
[2020-12-28 14:03:33,297] {logging_mixin.py:103} INFO - [2020-12-28 14:03:33,297] {dagbag.py:440} INFO - Filling up the DagBag from /opt/anaconda3/lib/python3.7/site-packages/airflow/example_dags/example_kubernetes_executor.py
[2020-12-28 14:03:33,309] {scheduler_job.py:639} INFO - DAG(s) dict_keys(['example_kubernetes_executor']) retrieved from /opt/anaconda3/lib/python3.7/site-packages/airflow/example_dags/example_kubernetes_executor.py
[2020-12-28 14:03:33,310] {logging_mixin.py:103} INFO - [2020-12-28 14:03:33,310] {dag.py:1813} INFO - Sync 1 DAGs
[2020-12-28 14:03:33,326] {logging_mixin.py:103} INFO - [2020-12-28 14:03:33,326] {dag.py:2266} INFO - Setting next_dagrun for example_kubernetes_executor to None
[2020-12-28 14:03:33,338] {scheduler_job.py:189} INFO - Processing /opt/anaconda3/lib/python3.7/site-packages/airflow/example_dags/example_kubernetes_executor.py took 0.047 seconds
[2020-12-28 14:03:59,011] {scheduler_job.py:181} INFO - Started process (PID=17041) to work on /opt/anaconda3/lib/python3.7/site-packages/airflow/example_dags/example_kubernetes_executor.py
[2020-12-28 14:03:59,012] {scheduler_job.py:629} INFO - Processing file /opt/anaconda3/lib/python3.7/site-packages/airflow/example_dags/example_kubernetes_executor.py for tasks to queue
[2020-12-28 14:03:59,013] {logging_mixin.py:103} INFO - [2020-12-28 14:03:59,013] {dagbag.py:440} INFO - Filling up the DagBag from /opt/anaconda3/lib/python3.7/site-packages/airflow/example_dags/example_kubernetes_executor.py
[2020-12-28 14:03:59,025] {scheduler_job.py:639} INFO - DAG(s) dict_keys(['example_kubernetes_executor']) retrieved from /opt/anaconda3/lib/python3.7/site-packages/airflow/example_dags/example_kubernetes_executor.py
[2020-12-28 14:03:59,027] {logging_mixin.py:103} INFO - [2020-12-28 14:03:59,027] {dag.py:1813} INFO - Sync 1 DAGs
[2020-12-28 14:03:59,043] {logging_mixin.py:103} INFO - [2020-12-28 14:03:59,043] {dag.py:2266} INFO - Setting next_dagrun for example_kubernetes_executor to None
[2020-12-28 14:03:59,057] {scheduler_job.py:189} INFO - Processing /opt/anaconda3/lib/python3.7/site-packages/airflow/example_dags/example_kubernetes_executor.py took 0.050 seconds
[2020-12-28 14:04:27,017] {scheduler_job.py:181} INFO - Started process (PID=17164) to work on /opt/anaconda3/lib/python3.7/site-packages/airflow/example_dags/example_kubernetes_executor.py
[2020-12-28 14:04:27,018] {scheduler_job.py:629} INFO - Processing file /opt/anaconda3/lib/python3.7/site-packages/airflow/example_dags/example_kubernetes_executor.py for tasks to queue
[2020-12-28 14:04:27,019] {logging_mixin.py:103} INFO - [2020-12-28 14:04:27,019] {dagbag.py:440} INFO - Filling up the DagBag from /opt/anaconda3/lib/python3.7/site-packages/airflow/example_dags/example_kubernetes_executor.py
[2020-12-28 14:04:27,031] {scheduler_job.py:639} INFO - DAG(s) dict_keys(['example_kubernetes_executor']) retrieved from /opt/anaconda3/lib/python3.7/site-packages/airflow/example_dags/example_kubernetes_executor.py
[2020-12-28 14:04:27,033] {logging_mixin.py:103} INFO - [2020-12-28 14:04:27,032] {dag.py:1813} INFO - Sync 1 DAGs
[2020-12-28 14:04:27,045] {logging_mixin.py:103} INFO - [2020-12-28 14:04:27,045] {dag.py:1832} INFO - Creating ORM DAG for example_kubernetes_executor
[2020-12-28 14:04:27,050] {logging_mixin.py:103} INFO - [2020-12-28 14:04:27,050] {dag.py:2266} INFO - Setting next_dagrun for example_kubernetes_executor to None
[2020-12-28 14:04:27,070] {scheduler_job.py:189} INFO - Processing /opt/anaconda3/lib/python3.7/site-packages/airflow/example_dags/example_kubernetes_executor.py took 0.056 seconds
[2020-12-28 14:04:52,697] {scheduler_job.py:181} INFO - Started process (PID=17263) to work on /opt/anaconda3/lib/python3.7/site-packages/airflow/example_dags/example_kubernetes_executor.py
[2020-12-28 14:04:52,698] {scheduler_job.py:629} INFO - Processing file /opt/anaconda3/lib/python3.7/site-packages/airflow/example_dags/example_kubernetes_executor.py for tasks to queue
[2020-12-28 14:04:52,699] {logging_mixin.py:103} INFO - [2020-12-28 14:04:52,699] {dagbag.py:440} INFO - Filling up the DagBag from /opt/anaconda3/lib/python3.7/site-packages/airflow/example_dags/example_kubernetes_executor.py
[2020-12-28 14:04:52,711] {scheduler_job.py:639} INFO - DAG(s) dict_keys(['example_kubernetes_executor']) retrieved from /opt/anaconda3/lib/python3.7/site-packages/airflow/example_dags/example_kubernetes_executor.py
[2020-12-28 14:04:52,712] {logging_mixin.py:103} INFO - [2020-12-28 14:04:52,712] {dag.py:1813} INFO - Sync 1 DAGs
[2020-12-28 14:04:52,728] {logging_mixin.py:103} INFO - [2020-12-28 14:04:52,728] {dag.py:2266} INFO - Setting next_dagrun for example_kubernetes_executor to None
[2020-12-28 14:04:52,737] {scheduler_job.py:189} INFO - Processing /opt/anaconda3/lib/python3.7/site-packages/airflow/example_dags/example_kubernetes_executor.py took 0.044 seconds
[2020-12-28 14:05:19,587] {scheduler_job.py:181} INFO - Started process (PID=17374) to work on /opt/anaconda3/lib/python3.7/site-packages/airflow/example_dags/example_kubernetes_executor.py
[2020-12-28 14:05:19,588] {scheduler_job.py:629} INFO - Processing file /opt/anaconda3/lib/python3.7/site-packages/airflow/example_dags/example_kubernetes_executor.py for tasks to queue
[2020-12-28 14:05:19,589] {logging_mixin.py:103} INFO - [2020-12-28 14:05:19,589] {dagbag.py:440} INFO - Filling up the DagBag from /opt/anaconda3/lib/python3.7/site-packages/airflow/example_dags/example_kubernetes_executor.py
[2020-12-28 14:05:19,601] {scheduler_job.py:639} INFO - DAG(s) dict_keys(['example_kubernetes_executor']) retrieved from /opt/anaconda3/lib/python3.7/site-packages/airflow/example_dags/example_kubernetes_executor.py
[2020-12-28 14:05:19,603] {logging_mixin.py:103} INFO - [2020-12-28 14:05:19,603] {dag.py:1813} INFO - Sync 1 DAGs
[2020-12-28 14:05:19,619] {logging_mixin.py:103} INFO - [2020-12-28 14:05:19,619] {dag.py:2266} INFO - Setting next_dagrun for example_kubernetes_executor to None
[2020-12-28 14:05:19,632] {scheduler_job.py:189} INFO - Processing /opt/anaconda3/lib/python3.7/site-packages/airflow/example_dags/example_kubernetes_executor.py took 0.048 seconds
[2020-12-28 14:05:46,995] {scheduler_job.py:181} INFO - Started process (PID=17478) to work on /opt/anaconda3/lib/python3.7/site-packages/airflow/example_dags/example_kubernetes_executor.py
[2020-12-28 14:05:46,996] {scheduler_job.py:629} INFO - Processing file /opt/anaconda3/lib/python3.7/site-packages/airflow/example_dags/example_kubernetes_executor.py for tasks to queue
[2020-12-28 14:05:46,997] {logging_mixin.py:103} INFO - [2020-12-28 14:05:46,997] {dagbag.py:440} INFO - Filling up the DagBag from /opt/anaconda3/lib/python3.7/site-packages/airflow/example_dags/example_kubernetes_executor.py
[2020-12-28 14:05:47,009] {scheduler_job.py:639} INFO - DAG(s) dict_keys(['example_kubernetes_executor']) retrieved from /opt/anaconda3/lib/python3.7/site-packages/airflow/example_dags/example_kubernetes_executor.py
[2020-12-28 14:05:47,011] {logging_mixin.py:103} INFO - [2020-12-28 14:05:47,010] {dag.py:1813} INFO - Sync 1 DAGs
[2020-12-28 14:05:47,027] {logging_mixin.py:103} INFO - [2020-12-28 14:05:47,027] {dag.py:2266} INFO - Setting next_dagrun for example_kubernetes_executor to None
[2020-12-28 14:05:47,040] {scheduler_job.py:189} INFO - Processing /opt/anaconda3/lib/python3.7/site-packages/airflow/example_dags/example_kubernetes_executor.py took 0.049 seconds
