[2020-12-28 13:55:00,190] {scheduler_job.py:181} INFO - Started process (PID=15052) to work on /opt/anaconda3/lib/python3.7/site-packages/airflow/example_dags/example_latest_only_with_trigger.py
[2020-12-28 13:55:00,192] {scheduler_job.py:629} INFO - Processing file /opt/anaconda3/lib/python3.7/site-packages/airflow/example_dags/example_latest_only_with_trigger.py for tasks to queue
[2020-12-28 13:55:00,193] {logging_mixin.py:103} INFO - [2020-12-28 13:55:00,192] {dagbag.py:440} INFO - Filling up the DagBag from /opt/anaconda3/lib/python3.7/site-packages/airflow/example_dags/example_latest_only_with_trigger.py
[2020-12-28 13:55:00,203] {scheduler_job.py:639} INFO - DAG(s) dict_keys(['latest_only_with_trigger']) retrieved from /opt/anaconda3/lib/python3.7/site-packages/airflow/example_dags/example_latest_only_with_trigger.py
[2020-12-28 13:55:00,204] {logging_mixin.py:103} INFO - [2020-12-28 13:55:00,204] {dag.py:1813} INFO - Sync 1 DAGs
[2020-12-28 13:55:00,221] {logging_mixin.py:103} INFO - [2020-12-28 13:55:00,220] {dag.py:2266} INFO - Setting next_dagrun for latest_only_with_trigger to 2020-12-26 00:00:00+00:00
[2020-12-28 13:55:00,236] {scheduler_job.py:189} INFO - Processing /opt/anaconda3/lib/python3.7/site-packages/airflow/example_dags/example_latest_only_with_trigger.py took 0.049 seconds
[2020-12-28 13:55:27,042] {scheduler_job.py:181} INFO - Started process (PID=15149) to work on /opt/anaconda3/lib/python3.7/site-packages/airflow/example_dags/example_latest_only_with_trigger.py
[2020-12-28 13:55:27,043] {scheduler_job.py:629} INFO - Processing file /opt/anaconda3/lib/python3.7/site-packages/airflow/example_dags/example_latest_only_with_trigger.py for tasks to queue
[2020-12-28 13:55:27,044] {logging_mixin.py:103} INFO - [2020-12-28 13:55:27,044] {dagbag.py:440} INFO - Filling up the DagBag from /opt/anaconda3/lib/python3.7/site-packages/airflow/example_dags/example_latest_only_with_trigger.py
[2020-12-28 13:55:27,055] {scheduler_job.py:639} INFO - DAG(s) dict_keys(['latest_only_with_trigger']) retrieved from /opt/anaconda3/lib/python3.7/site-packages/airflow/example_dags/example_latest_only_with_trigger.py
[2020-12-28 13:55:27,057] {logging_mixin.py:103} INFO - [2020-12-28 13:55:27,057] {dag.py:1813} INFO - Sync 1 DAGs
[2020-12-28 13:55:27,073] {logging_mixin.py:103} INFO - [2020-12-28 13:55:27,073] {dag.py:2266} INFO - Setting next_dagrun for latest_only_with_trigger to 2020-12-26 00:00:00+00:00
[2020-12-28 13:55:27,085] {scheduler_job.py:189} INFO - Processing /opt/anaconda3/lib/python3.7/site-packages/airflow/example_dags/example_latest_only_with_trigger.py took 0.047 seconds
[2020-12-28 13:55:53,836] {scheduler_job.py:181} INFO - Started process (PID=15242) to work on /opt/anaconda3/lib/python3.7/site-packages/airflow/example_dags/example_latest_only_with_trigger.py
[2020-12-28 13:55:53,838] {scheduler_job.py:629} INFO - Processing file /opt/anaconda3/lib/python3.7/site-packages/airflow/example_dags/example_latest_only_with_trigger.py for tasks to queue
[2020-12-28 13:55:53,839] {logging_mixin.py:103} INFO - [2020-12-28 13:55:53,838] {dagbag.py:440} INFO - Filling up the DagBag from /opt/anaconda3/lib/python3.7/site-packages/airflow/example_dags/example_latest_only_with_trigger.py
[2020-12-28 13:55:53,852] {scheduler_job.py:639} INFO - DAG(s) dict_keys(['latest_only_with_trigger']) retrieved from /opt/anaconda3/lib/python3.7/site-packages/airflow/example_dags/example_latest_only_with_trigger.py
[2020-12-28 13:55:53,853] {logging_mixin.py:103} INFO - [2020-12-28 13:55:53,853] {dag.py:1813} INFO - Sync 1 DAGs
[2020-12-28 13:55:53,869] {logging_mixin.py:103} INFO - [2020-12-28 13:55:53,869] {dag.py:2266} INFO - Setting next_dagrun for latest_only_with_trigger to 2020-12-26 00:00:00+00:00
[2020-12-28 13:55:53,881] {scheduler_job.py:189} INFO - Processing /opt/anaconda3/lib/python3.7/site-packages/airflow/example_dags/example_latest_only_with_trigger.py took 0.048 seconds
[2020-12-28 13:56:19,572] {scheduler_job.py:181} INFO - Started process (PID=15329) to work on /opt/anaconda3/lib/python3.7/site-packages/airflow/example_dags/example_latest_only_with_trigger.py
[2020-12-28 13:56:19,573] {scheduler_job.py:629} INFO - Processing file /opt/anaconda3/lib/python3.7/site-packages/airflow/example_dags/example_latest_only_with_trigger.py for tasks to queue
[2020-12-28 13:56:19,574] {logging_mixin.py:103} INFO - [2020-12-28 13:56:19,574] {dagbag.py:440} INFO - Filling up the DagBag from /opt/anaconda3/lib/python3.7/site-packages/airflow/example_dags/example_latest_only_with_trigger.py
[2020-12-28 13:56:19,583] {scheduler_job.py:639} INFO - DAG(s) dict_keys(['latest_only_with_trigger']) retrieved from /opt/anaconda3/lib/python3.7/site-packages/airflow/example_dags/example_latest_only_with_trigger.py
[2020-12-28 13:56:19,584] {logging_mixin.py:103} INFO - [2020-12-28 13:56:19,584] {dag.py:1813} INFO - Sync 1 DAGs
[2020-12-28 13:56:19,598] {logging_mixin.py:103} INFO - [2020-12-28 13:56:19,598] {dag.py:2266} INFO - Setting next_dagrun for latest_only_with_trigger to 2020-12-26 00:00:00+00:00
[2020-12-28 13:56:19,609] {scheduler_job.py:189} INFO - Processing /opt/anaconda3/lib/python3.7/site-packages/airflow/example_dags/example_latest_only_with_trigger.py took 0.040 seconds
[2020-12-28 13:56:46,399] {scheduler_job.py:181} INFO - Started process (PID=15437) to work on /opt/anaconda3/lib/python3.7/site-packages/airflow/example_dags/example_latest_only_with_trigger.py
[2020-12-28 13:56:46,400] {scheduler_job.py:629} INFO - Processing file /opt/anaconda3/lib/python3.7/site-packages/airflow/example_dags/example_latest_only_with_trigger.py for tasks to queue
[2020-12-28 13:56:46,401] {logging_mixin.py:103} INFO - [2020-12-28 13:56:46,401] {dagbag.py:440} INFO - Filling up the DagBag from /opt/anaconda3/lib/python3.7/site-packages/airflow/example_dags/example_latest_only_with_trigger.py
[2020-12-28 13:56:46,412] {scheduler_job.py:639} INFO - DAG(s) dict_keys(['latest_only_with_trigger']) retrieved from /opt/anaconda3/lib/python3.7/site-packages/airflow/example_dags/example_latest_only_with_trigger.py
[2020-12-28 13:56:46,413] {logging_mixin.py:103} INFO - [2020-12-28 13:56:46,413] {dag.py:1813} INFO - Sync 1 DAGs
[2020-12-28 13:56:46,430] {logging_mixin.py:103} INFO - [2020-12-28 13:56:46,430] {dag.py:2266} INFO - Setting next_dagrun for latest_only_with_trigger to 2020-12-26 00:00:00+00:00
[2020-12-28 13:56:46,442] {scheduler_job.py:189} INFO - Processing /opt/anaconda3/lib/python3.7/site-packages/airflow/example_dags/example_latest_only_with_trigger.py took 0.047 seconds
[2020-12-28 13:57:12,145] {scheduler_job.py:181} INFO - Started process (PID=15561) to work on /opt/anaconda3/lib/python3.7/site-packages/airflow/example_dags/example_latest_only_with_trigger.py
[2020-12-28 13:57:12,147] {scheduler_job.py:629} INFO - Processing file /opt/anaconda3/lib/python3.7/site-packages/airflow/example_dags/example_latest_only_with_trigger.py for tasks to queue
[2020-12-28 13:57:12,148] {logging_mixin.py:103} INFO - [2020-12-28 13:57:12,147] {dagbag.py:440} INFO - Filling up the DagBag from /opt/anaconda3/lib/python3.7/site-packages/airflow/example_dags/example_latest_only_with_trigger.py
[2020-12-28 13:57:12,159] {scheduler_job.py:639} INFO - DAG(s) dict_keys(['latest_only_with_trigger']) retrieved from /opt/anaconda3/lib/python3.7/site-packages/airflow/example_dags/example_latest_only_with_trigger.py
[2020-12-28 13:57:12,161] {logging_mixin.py:103} INFO - [2020-12-28 13:57:12,160] {dag.py:1813} INFO - Sync 1 DAGs
[2020-12-28 13:57:12,178] {logging_mixin.py:103} INFO - [2020-12-28 13:57:12,178] {dag.py:2266} INFO - Setting next_dagrun for latest_only_with_trigger to 2020-12-26 00:00:00+00:00
[2020-12-28 13:57:12,191] {scheduler_job.py:189} INFO - Processing /opt/anaconda3/lib/python3.7/site-packages/airflow/example_dags/example_latest_only_with_trigger.py took 0.050 seconds
[2020-12-28 13:57:38,447] {scheduler_job.py:181} INFO - Started process (PID=15626) to work on /opt/anaconda3/lib/python3.7/site-packages/airflow/example_dags/example_latest_only_with_trigger.py
[2020-12-28 13:57:38,449] {scheduler_job.py:629} INFO - Processing file /opt/anaconda3/lib/python3.7/site-packages/airflow/example_dags/example_latest_only_with_trigger.py for tasks to queue
[2020-12-28 13:57:38,450] {logging_mixin.py:103} INFO - [2020-12-28 13:57:38,450] {dagbag.py:440} INFO - Filling up the DagBag from /opt/anaconda3/lib/python3.7/site-packages/airflow/example_dags/example_latest_only_with_trigger.py
[2020-12-28 13:57:38,460] {scheduler_job.py:639} INFO - DAG(s) dict_keys(['latest_only_with_trigger']) retrieved from /opt/anaconda3/lib/python3.7/site-packages/airflow/example_dags/example_latest_only_with_trigger.py
[2020-12-28 13:57:38,461] {logging_mixin.py:103} INFO - [2020-12-28 13:57:38,461] {dag.py:1813} INFO - Sync 1 DAGs
[2020-12-28 13:57:38,478] {logging_mixin.py:103} INFO - [2020-12-28 13:57:38,478] {dag.py:2266} INFO - Setting next_dagrun for latest_only_with_trigger to 2020-12-26 00:00:00+00:00
[2020-12-28 13:57:38,491] {scheduler_job.py:189} INFO - Processing /opt/anaconda3/lib/python3.7/site-packages/airflow/example_dags/example_latest_only_with_trigger.py took 0.048 seconds
[2020-12-28 13:58:04,191] {scheduler_job.py:181} INFO - Started process (PID=15710) to work on /opt/anaconda3/lib/python3.7/site-packages/airflow/example_dags/example_latest_only_with_trigger.py
[2020-12-28 13:58:04,193] {scheduler_job.py:629} INFO - Processing file /opt/anaconda3/lib/python3.7/site-packages/airflow/example_dags/example_latest_only_with_trigger.py for tasks to queue
[2020-12-28 13:58:04,194] {logging_mixin.py:103} INFO - [2020-12-28 13:58:04,193] {dagbag.py:440} INFO - Filling up the DagBag from /opt/anaconda3/lib/python3.7/site-packages/airflow/example_dags/example_latest_only_with_trigger.py
[2020-12-28 13:58:04,204] {scheduler_job.py:639} INFO - DAG(s) dict_keys(['latest_only_with_trigger']) retrieved from /opt/anaconda3/lib/python3.7/site-packages/airflow/example_dags/example_latest_only_with_trigger.py
[2020-12-28 13:58:04,206] {logging_mixin.py:103} INFO - [2020-12-28 13:58:04,206] {dag.py:1813} INFO - Sync 1 DAGs
[2020-12-28 13:58:04,222] {logging_mixin.py:103} INFO - [2020-12-28 13:58:04,221] {dag.py:2266} INFO - Setting next_dagrun for latest_only_with_trigger to 2020-12-26 00:00:00+00:00
[2020-12-28 13:58:04,234] {scheduler_job.py:189} INFO - Processing /opt/anaconda3/lib/python3.7/site-packages/airflow/example_dags/example_latest_only_with_trigger.py took 0.046 seconds
[2020-12-28 13:58:31,052] {scheduler_job.py:181} INFO - Started process (PID=15814) to work on /opt/anaconda3/lib/python3.7/site-packages/airflow/example_dags/example_latest_only_with_trigger.py
[2020-12-28 13:58:31,054] {scheduler_job.py:629} INFO - Processing file /opt/anaconda3/lib/python3.7/site-packages/airflow/example_dags/example_latest_only_with_trigger.py for tasks to queue
[2020-12-28 13:58:31,055] {logging_mixin.py:103} INFO - [2020-12-28 13:58:31,055] {dagbag.py:440} INFO - Filling up the DagBag from /opt/anaconda3/lib/python3.7/site-packages/airflow/example_dags/example_latest_only_with_trigger.py
[2020-12-28 13:58:31,066] {scheduler_job.py:639} INFO - DAG(s) dict_keys(['latest_only_with_trigger']) retrieved from /opt/anaconda3/lib/python3.7/site-packages/airflow/example_dags/example_latest_only_with_trigger.py
[2020-12-28 13:58:31,068] {logging_mixin.py:103} INFO - [2020-12-28 13:58:31,068] {dag.py:1813} INFO - Sync 1 DAGs
[2020-12-28 13:58:31,084] {logging_mixin.py:103} INFO - [2020-12-28 13:58:31,084] {dag.py:2266} INFO - Setting next_dagrun for latest_only_with_trigger to 2020-12-26 00:00:00+00:00
[2020-12-28 13:58:31,097] {scheduler_job.py:189} INFO - Processing /opt/anaconda3/lib/python3.7/site-packages/airflow/example_dags/example_latest_only_with_trigger.py took 0.048 seconds
[2020-12-28 13:58:57,031] {scheduler_job.py:181} INFO - Started process (PID=15900) to work on /opt/anaconda3/lib/python3.7/site-packages/airflow/example_dags/example_latest_only_with_trigger.py
[2020-12-28 13:58:57,033] {scheduler_job.py:629} INFO - Processing file /opt/anaconda3/lib/python3.7/site-packages/airflow/example_dags/example_latest_only_with_trigger.py for tasks to queue
[2020-12-28 13:58:57,034] {logging_mixin.py:103} INFO - [2020-12-28 13:58:57,034] {dagbag.py:440} INFO - Filling up the DagBag from /opt/anaconda3/lib/python3.7/site-packages/airflow/example_dags/example_latest_only_with_trigger.py
[2020-12-28 13:58:57,046] {scheduler_job.py:639} INFO - DAG(s) dict_keys(['latest_only_with_trigger']) retrieved from /opt/anaconda3/lib/python3.7/site-packages/airflow/example_dags/example_latest_only_with_trigger.py
[2020-12-28 13:58:57,047] {logging_mixin.py:103} INFO - [2020-12-28 13:58:57,047] {dag.py:1813} INFO - Sync 1 DAGs
[2020-12-28 13:58:57,064] {logging_mixin.py:103} INFO - [2020-12-28 13:58:57,064] {dag.py:2266} INFO - Setting next_dagrun for latest_only_with_trigger to 2020-12-26 00:00:00+00:00
[2020-12-28 13:58:57,077] {scheduler_job.py:189} INFO - Processing /opt/anaconda3/lib/python3.7/site-packages/airflow/example_dags/example_latest_only_with_trigger.py took 0.049 seconds
[2020-12-28 13:59:23,619] {scheduler_job.py:181} INFO - Started process (PID=15976) to work on /opt/anaconda3/lib/python3.7/site-packages/airflow/example_dags/example_latest_only_with_trigger.py
[2020-12-28 13:59:23,620] {scheduler_job.py:629} INFO - Processing file /opt/anaconda3/lib/python3.7/site-packages/airflow/example_dags/example_latest_only_with_trigger.py for tasks to queue
[2020-12-28 13:59:23,621] {logging_mixin.py:103} INFO - [2020-12-28 13:59:23,621] {dagbag.py:440} INFO - Filling up the DagBag from /opt/anaconda3/lib/python3.7/site-packages/airflow/example_dags/example_latest_only_with_trigger.py
[2020-12-28 13:59:23,632] {scheduler_job.py:639} INFO - DAG(s) dict_keys(['latest_only_with_trigger']) retrieved from /opt/anaconda3/lib/python3.7/site-packages/airflow/example_dags/example_latest_only_with_trigger.py
[2020-12-28 13:59:23,633] {logging_mixin.py:103} INFO - [2020-12-28 13:59:23,633] {dag.py:1813} INFO - Sync 1 DAGs
[2020-12-28 13:59:23,651] {logging_mixin.py:103} INFO - [2020-12-28 13:59:23,651] {dag.py:2266} INFO - Setting next_dagrun for latest_only_with_trigger to 2020-12-26 00:00:00+00:00
[2020-12-28 13:59:23,665] {scheduler_job.py:189} INFO - Processing /opt/anaconda3/lib/python3.7/site-packages/airflow/example_dags/example_latest_only_with_trigger.py took 0.050 seconds
[2020-12-28 13:59:48,217] {scheduler_job.py:181} INFO - Started process (PID=16067) to work on /opt/anaconda3/lib/python3.7/site-packages/airflow/example_dags/example_latest_only_with_trigger.py
[2020-12-28 13:59:48,218] {scheduler_job.py:629} INFO - Processing file /opt/anaconda3/lib/python3.7/site-packages/airflow/example_dags/example_latest_only_with_trigger.py for tasks to queue
[2020-12-28 13:59:48,219] {logging_mixin.py:103} INFO - [2020-12-28 13:59:48,219] {dagbag.py:440} INFO - Filling up the DagBag from /opt/anaconda3/lib/python3.7/site-packages/airflow/example_dags/example_latest_only_with_trigger.py
[2020-12-28 13:59:48,231] {scheduler_job.py:639} INFO - DAG(s) dict_keys(['latest_only_with_trigger']) retrieved from /opt/anaconda3/lib/python3.7/site-packages/airflow/example_dags/example_latest_only_with_trigger.py
[2020-12-28 13:59:48,232] {logging_mixin.py:103} INFO - [2020-12-28 13:59:48,232] {dag.py:1813} INFO - Sync 1 DAGs
[2020-12-28 13:59:48,248] {logging_mixin.py:103} INFO - [2020-12-28 13:59:48,248] {dag.py:2266} INFO - Setting next_dagrun for latest_only_with_trigger to 2020-12-26 00:00:00+00:00
[2020-12-28 13:59:48,263] {scheduler_job.py:189} INFO - Processing /opt/anaconda3/lib/python3.7/site-packages/airflow/example_dags/example_latest_only_with_trigger.py took 0.050 seconds
[2020-12-28 14:00:15,033] {scheduler_job.py:181} INFO - Started process (PID=16154) to work on /opt/anaconda3/lib/python3.7/site-packages/airflow/example_dags/example_latest_only_with_trigger.py
[2020-12-28 14:00:15,035] {scheduler_job.py:629} INFO - Processing file /opt/anaconda3/lib/python3.7/site-packages/airflow/example_dags/example_latest_only_with_trigger.py for tasks to queue
[2020-12-28 14:00:15,036] {logging_mixin.py:103} INFO - [2020-12-28 14:00:15,036] {dagbag.py:440} INFO - Filling up the DagBag from /opt/anaconda3/lib/python3.7/site-packages/airflow/example_dags/example_latest_only_with_trigger.py
[2020-12-28 14:00:15,047] {scheduler_job.py:639} INFO - DAG(s) dict_keys(['latest_only_with_trigger']) retrieved from /opt/anaconda3/lib/python3.7/site-packages/airflow/example_dags/example_latest_only_with_trigger.py
[2020-12-28 14:00:15,048] {logging_mixin.py:103} INFO - [2020-12-28 14:00:15,048] {dag.py:1813} INFO - Sync 1 DAGs
[2020-12-28 14:00:15,065] {logging_mixin.py:103} INFO - [2020-12-28 14:00:15,065] {dag.py:2266} INFO - Setting next_dagrun for latest_only_with_trigger to 2020-12-26 00:00:00+00:00
[2020-12-28 14:00:15,079] {scheduler_job.py:189} INFO - Processing /opt/anaconda3/lib/python3.7/site-packages/airflow/example_dags/example_latest_only_with_trigger.py took 0.050 seconds
[2020-12-28 14:00:40,751] {scheduler_job.py:181} INFO - Started process (PID=16258) to work on /opt/anaconda3/lib/python3.7/site-packages/airflow/example_dags/example_latest_only_with_trigger.py
[2020-12-28 14:00:40,753] {scheduler_job.py:629} INFO - Processing file /opt/anaconda3/lib/python3.7/site-packages/airflow/example_dags/example_latest_only_with_trigger.py for tasks to queue
[2020-12-28 14:00:40,754] {logging_mixin.py:103} INFO - [2020-12-28 14:00:40,754] {dagbag.py:440} INFO - Filling up the DagBag from /opt/anaconda3/lib/python3.7/site-packages/airflow/example_dags/example_latest_only_with_trigger.py
[2020-12-28 14:00:40,765] {scheduler_job.py:639} INFO - DAG(s) dict_keys(['latest_only_with_trigger']) retrieved from /opt/anaconda3/lib/python3.7/site-packages/airflow/example_dags/example_latest_only_with_trigger.py
[2020-12-28 14:00:40,766] {logging_mixin.py:103} INFO - [2020-12-28 14:00:40,766] {dag.py:1813} INFO - Sync 1 DAGs
[2020-12-28 14:00:40,783] {logging_mixin.py:103} INFO - [2020-12-28 14:00:40,783] {dag.py:2266} INFO - Setting next_dagrun for latest_only_with_trigger to 2020-12-26 00:00:00+00:00
[2020-12-28 14:00:40,796] {scheduler_job.py:189} INFO - Processing /opt/anaconda3/lib/python3.7/site-packages/airflow/example_dags/example_latest_only_with_trigger.py took 0.048 seconds
[2020-12-28 14:01:07,596] {scheduler_job.py:181} INFO - Started process (PID=16348) to work on /opt/anaconda3/lib/python3.7/site-packages/airflow/example_dags/example_latest_only_with_trigger.py
[2020-12-28 14:01:07,597] {scheduler_job.py:629} INFO - Processing file /opt/anaconda3/lib/python3.7/site-packages/airflow/example_dags/example_latest_only_with_trigger.py for tasks to queue
[2020-12-28 14:01:07,597] {logging_mixin.py:103} INFO - [2020-12-28 14:01:07,597] {dagbag.py:440} INFO - Filling up the DagBag from /opt/anaconda3/lib/python3.7/site-packages/airflow/example_dags/example_latest_only_with_trigger.py
[2020-12-28 14:01:07,606] {scheduler_job.py:639} INFO - DAG(s) dict_keys(['latest_only_with_trigger']) retrieved from /opt/anaconda3/lib/python3.7/site-packages/airflow/example_dags/example_latest_only_with_trigger.py
[2020-12-28 14:01:07,607] {logging_mixin.py:103} INFO - [2020-12-28 14:01:07,607] {dag.py:1813} INFO - Sync 1 DAGs
[2020-12-28 14:01:07,621] {logging_mixin.py:103} INFO - [2020-12-28 14:01:07,621] {dag.py:2266} INFO - Setting next_dagrun for latest_only_with_trigger to 2020-12-26 00:00:00+00:00
[2020-12-28 14:01:07,631] {scheduler_job.py:189} INFO - Processing /opt/anaconda3/lib/python3.7/site-packages/airflow/example_dags/example_latest_only_with_trigger.py took 0.038 seconds
[2020-12-28 14:01:33,289] {scheduler_job.py:181} INFO - Started process (PID=16435) to work on /opt/anaconda3/lib/python3.7/site-packages/airflow/example_dags/example_latest_only_with_trigger.py
[2020-12-28 14:01:33,291] {scheduler_job.py:629} INFO - Processing file /opt/anaconda3/lib/python3.7/site-packages/airflow/example_dags/example_latest_only_with_trigger.py for tasks to queue
[2020-12-28 14:01:33,292] {logging_mixin.py:103} INFO - [2020-12-28 14:01:33,292] {dagbag.py:440} INFO - Filling up the DagBag from /opt/anaconda3/lib/python3.7/site-packages/airflow/example_dags/example_latest_only_with_trigger.py
[2020-12-28 14:01:33,304] {scheduler_job.py:639} INFO - DAG(s) dict_keys(['latest_only_with_trigger']) retrieved from /opt/anaconda3/lib/python3.7/site-packages/airflow/example_dags/example_latest_only_with_trigger.py
[2020-12-28 14:01:33,306] {logging_mixin.py:103} INFO - [2020-12-28 14:01:33,305] {dag.py:1813} INFO - Sync 1 DAGs
[2020-12-28 14:01:33,323] {logging_mixin.py:103} INFO - [2020-12-28 14:01:33,323] {dag.py:2266} INFO - Setting next_dagrun for latest_only_with_trigger to 2020-12-26 00:00:00+00:00
[2020-12-28 14:01:33,336] {scheduler_job.py:189} INFO - Processing /opt/anaconda3/lib/python3.7/site-packages/airflow/example_dags/example_latest_only_with_trigger.py took 0.050 seconds
[2020-12-28 14:01:59,863] {scheduler_job.py:181} INFO - Started process (PID=16563) to work on /opt/anaconda3/lib/python3.7/site-packages/airflow/example_dags/example_latest_only_with_trigger.py
[2020-12-28 14:01:59,864] {scheduler_job.py:629} INFO - Processing file /opt/anaconda3/lib/python3.7/site-packages/airflow/example_dags/example_latest_only_with_trigger.py for tasks to queue
[2020-12-28 14:01:59,865] {logging_mixin.py:103} INFO - [2020-12-28 14:01:59,865] {dagbag.py:440} INFO - Filling up the DagBag from /opt/anaconda3/lib/python3.7/site-packages/airflow/example_dags/example_latest_only_with_trigger.py
[2020-12-28 14:01:59,875] {scheduler_job.py:639} INFO - DAG(s) dict_keys(['latest_only_with_trigger']) retrieved from /opt/anaconda3/lib/python3.7/site-packages/airflow/example_dags/example_latest_only_with_trigger.py
[2020-12-28 14:01:59,876] {logging_mixin.py:103} INFO - [2020-12-28 14:01:59,876] {dag.py:1813} INFO - Sync 1 DAGs
[2020-12-28 14:01:59,889] {logging_mixin.py:103} INFO - [2020-12-28 14:01:59,889] {dag.py:2266} INFO - Setting next_dagrun for latest_only_with_trigger to 2020-12-26 00:00:00+00:00
[2020-12-28 14:01:59,899] {scheduler_job.py:189} INFO - Processing /opt/anaconda3/lib/python3.7/site-packages/airflow/example_dags/example_latest_only_with_trigger.py took 0.039 seconds
[2020-12-28 14:02:26,438] {scheduler_job.py:181} INFO - Started process (PID=16711) to work on /opt/anaconda3/lib/python3.7/site-packages/airflow/example_dags/example_latest_only_with_trigger.py
[2020-12-28 14:02:26,439] {scheduler_job.py:629} INFO - Processing file /opt/anaconda3/lib/python3.7/site-packages/airflow/example_dags/example_latest_only_with_trigger.py for tasks to queue
[2020-12-28 14:02:26,440] {logging_mixin.py:103} INFO - [2020-12-28 14:02:26,440] {dagbag.py:440} INFO - Filling up the DagBag from /opt/anaconda3/lib/python3.7/site-packages/airflow/example_dags/example_latest_only_with_trigger.py
[2020-12-28 14:02:26,452] {scheduler_job.py:639} INFO - DAG(s) dict_keys(['latest_only_with_trigger']) retrieved from /opt/anaconda3/lib/python3.7/site-packages/airflow/example_dags/example_latest_only_with_trigger.py
[2020-12-28 14:02:26,454] {logging_mixin.py:103} INFO - [2020-12-28 14:02:26,453] {dag.py:1813} INFO - Sync 1 DAGs
[2020-12-28 14:02:26,470] {logging_mixin.py:103} INFO - [2020-12-28 14:02:26,470] {dag.py:2266} INFO - Setting next_dagrun for latest_only_with_trigger to 2020-12-26 00:00:00+00:00
[2020-12-28 14:02:26,483] {scheduler_job.py:189} INFO - Processing /opt/anaconda3/lib/python3.7/site-packages/airflow/example_dags/example_latest_only_with_trigger.py took 0.049 seconds
[2020-12-28 14:02:52,163] {scheduler_job.py:181} INFO - Started process (PID=16798) to work on /opt/anaconda3/lib/python3.7/site-packages/airflow/example_dags/example_latest_only_with_trigger.py
[2020-12-28 14:02:52,164] {scheduler_job.py:629} INFO - Processing file /opt/anaconda3/lib/python3.7/site-packages/airflow/example_dags/example_latest_only_with_trigger.py for tasks to queue
[2020-12-28 14:02:52,165] {logging_mixin.py:103} INFO - [2020-12-28 14:02:52,165] {dagbag.py:440} INFO - Filling up the DagBag from /opt/anaconda3/lib/python3.7/site-packages/airflow/example_dags/example_latest_only_with_trigger.py
[2020-12-28 14:02:52,175] {scheduler_job.py:639} INFO - DAG(s) dict_keys(['latest_only_with_trigger']) retrieved from /opt/anaconda3/lib/python3.7/site-packages/airflow/example_dags/example_latest_only_with_trigger.py
[2020-12-28 14:02:52,177] {logging_mixin.py:103} INFO - [2020-12-28 14:02:52,176] {dag.py:1813} INFO - Sync 1 DAGs
[2020-12-28 14:02:52,192] {logging_mixin.py:103} INFO - [2020-12-28 14:02:52,192] {dag.py:2266} INFO - Setting next_dagrun for latest_only_with_trigger to 2020-12-26 00:00:00+00:00
[2020-12-28 14:02:52,204] {scheduler_job.py:189} INFO - Processing /opt/anaconda3/lib/python3.7/site-packages/airflow/example_dags/example_latest_only_with_trigger.py took 0.045 seconds
[2020-12-28 14:03:18,998] {scheduler_job.py:181} INFO - Started process (PID=16886) to work on /opt/anaconda3/lib/python3.7/site-packages/airflow/example_dags/example_latest_only_with_trigger.py
[2020-12-28 14:03:19,000] {scheduler_job.py:629} INFO - Processing file /opt/anaconda3/lib/python3.7/site-packages/airflow/example_dags/example_latest_only_with_trigger.py for tasks to queue
[2020-12-28 14:03:19,001] {logging_mixin.py:103} INFO - [2020-12-28 14:03:19,000] {dagbag.py:440} INFO - Filling up the DagBag from /opt/anaconda3/lib/python3.7/site-packages/airflow/example_dags/example_latest_only_with_trigger.py
[2020-12-28 14:03:19,012] {scheduler_job.py:639} INFO - DAG(s) dict_keys(['latest_only_with_trigger']) retrieved from /opt/anaconda3/lib/python3.7/site-packages/airflow/example_dags/example_latest_only_with_trigger.py
[2020-12-28 14:03:19,013] {logging_mixin.py:103} INFO - [2020-12-28 14:03:19,013] {dag.py:1813} INFO - Sync 1 DAGs
[2020-12-28 14:03:19,030] {logging_mixin.py:103} INFO - [2020-12-28 14:03:19,030] {dag.py:2266} INFO - Setting next_dagrun for latest_only_with_trigger to 2020-12-26 00:00:00+00:00
[2020-12-28 14:03:19,043] {scheduler_job.py:189} INFO - Processing /opt/anaconda3/lib/python3.7/site-packages/airflow/example_dags/example_latest_only_with_trigger.py took 0.048 seconds
[2020-12-28 14:03:44,738] {scheduler_job.py:181} INFO - Started process (PID=16982) to work on /opt/anaconda3/lib/python3.7/site-packages/airflow/example_dags/example_latest_only_with_trigger.py
[2020-12-28 14:03:44,739] {scheduler_job.py:629} INFO - Processing file /opt/anaconda3/lib/python3.7/site-packages/airflow/example_dags/example_latest_only_with_trigger.py for tasks to queue
[2020-12-28 14:03:44,740] {logging_mixin.py:103} INFO - [2020-12-28 14:03:44,740] {dagbag.py:440} INFO - Filling up the DagBag from /opt/anaconda3/lib/python3.7/site-packages/airflow/example_dags/example_latest_only_with_trigger.py
[2020-12-28 14:03:44,750] {scheduler_job.py:639} INFO - DAG(s) dict_keys(['latest_only_with_trigger']) retrieved from /opt/anaconda3/lib/python3.7/site-packages/airflow/example_dags/example_latest_only_with_trigger.py
[2020-12-28 14:03:44,752] {logging_mixin.py:103} INFO - [2020-12-28 14:03:44,752] {dag.py:1813} INFO - Sync 1 DAGs
[2020-12-28 14:03:44,768] {logging_mixin.py:103} INFO - [2020-12-28 14:03:44,768] {dag.py:2266} INFO - Setting next_dagrun for latest_only_with_trigger to 2020-12-26 00:00:00+00:00
[2020-12-28 14:03:44,781] {scheduler_job.py:189} INFO - Processing /opt/anaconda3/lib/python3.7/site-packages/airflow/example_dags/example_latest_only_with_trigger.py took 0.046 seconds
[2020-12-28 14:04:10,443] {scheduler_job.py:181} INFO - Started process (PID=17087) to work on /opt/anaconda3/lib/python3.7/site-packages/airflow/example_dags/example_latest_only_with_trigger.py
[2020-12-28 14:04:10,444] {scheduler_job.py:629} INFO - Processing file /opt/anaconda3/lib/python3.7/site-packages/airflow/example_dags/example_latest_only_with_trigger.py for tasks to queue
[2020-12-28 14:04:10,446] {logging_mixin.py:103} INFO - [2020-12-28 14:04:10,445] {dagbag.py:440} INFO - Filling up the DagBag from /opt/anaconda3/lib/python3.7/site-packages/airflow/example_dags/example_latest_only_with_trigger.py
[2020-12-28 14:04:10,459] {scheduler_job.py:639} INFO - DAG(s) dict_keys(['latest_only_with_trigger']) retrieved from /opt/anaconda3/lib/python3.7/site-packages/airflow/example_dags/example_latest_only_with_trigger.py
[2020-12-28 14:04:10,460] {logging_mixin.py:103} INFO - [2020-12-28 14:04:10,460] {dag.py:1813} INFO - Sync 1 DAGs
[2020-12-28 14:04:10,477] {logging_mixin.py:103} INFO - [2020-12-28 14:04:10,476] {dag.py:2266} INFO - Setting next_dagrun for latest_only_with_trigger to 2020-12-26 00:00:00+00:00
[2020-12-28 14:04:10,489] {scheduler_job.py:189} INFO - Processing /opt/anaconda3/lib/python3.7/site-packages/airflow/example_dags/example_latest_only_with_trigger.py took 0.050 seconds
[2020-12-28 14:04:38,434] {scheduler_job.py:181} INFO - Started process (PID=17203) to work on /opt/anaconda3/lib/python3.7/site-packages/airflow/example_dags/example_latest_only_with_trigger.py
[2020-12-28 14:04:38,435] {scheduler_job.py:629} INFO - Processing file /opt/anaconda3/lib/python3.7/site-packages/airflow/example_dags/example_latest_only_with_trigger.py for tasks to queue
[2020-12-28 14:04:38,436] {logging_mixin.py:103} INFO - [2020-12-28 14:04:38,435] {dagbag.py:440} INFO - Filling up the DagBag from /opt/anaconda3/lib/python3.7/site-packages/airflow/example_dags/example_latest_only_with_trigger.py
[2020-12-28 14:04:38,444] {scheduler_job.py:639} INFO - DAG(s) dict_keys(['latest_only_with_trigger']) retrieved from /opt/anaconda3/lib/python3.7/site-packages/airflow/example_dags/example_latest_only_with_trigger.py
[2020-12-28 14:04:38,445] {logging_mixin.py:103} INFO - [2020-12-28 14:04:38,445] {dag.py:1813} INFO - Sync 1 DAGs
[2020-12-28 14:04:38,457] {logging_mixin.py:103} INFO - [2020-12-28 14:04:38,456] {dag.py:1832} INFO - Creating ORM DAG for latest_only_with_trigger
[2020-12-28 14:04:38,461] {logging_mixin.py:103} INFO - [2020-12-28 14:04:38,460] {dag.py:2266} INFO - Setting next_dagrun for latest_only_with_trigger to 2020-12-26 00:00:00+00:00
[2020-12-28 14:04:38,480] {scheduler_job.py:189} INFO - Processing /opt/anaconda3/lib/python3.7/site-packages/airflow/example_dags/example_latest_only_with_trigger.py took 0.048 seconds
[2020-12-28 14:05:04,148] {scheduler_job.py:181} INFO - Started process (PID=17312) to work on /opt/anaconda3/lib/python3.7/site-packages/airflow/example_dags/example_latest_only_with_trigger.py
[2020-12-28 14:05:04,150] {scheduler_job.py:629} INFO - Processing file /opt/anaconda3/lib/python3.7/site-packages/airflow/example_dags/example_latest_only_with_trigger.py for tasks to queue
[2020-12-28 14:05:04,151] {logging_mixin.py:103} INFO - [2020-12-28 14:05:04,150] {dagbag.py:440} INFO - Filling up the DagBag from /opt/anaconda3/lib/python3.7/site-packages/airflow/example_dags/example_latest_only_with_trigger.py
[2020-12-28 14:05:04,162] {scheduler_job.py:639} INFO - DAG(s) dict_keys(['latest_only_with_trigger']) retrieved from /opt/anaconda3/lib/python3.7/site-packages/airflow/example_dags/example_latest_only_with_trigger.py
[2020-12-28 14:05:04,163] {logging_mixin.py:103} INFO - [2020-12-28 14:05:04,163] {dag.py:1813} INFO - Sync 1 DAGs
[2020-12-28 14:05:04,181] {logging_mixin.py:103} INFO - [2020-12-28 14:05:04,181] {dag.py:2266} INFO - Setting next_dagrun for latest_only_with_trigger to 2020-12-26 00:00:00+00:00
[2020-12-28 14:05:04,191] {scheduler_job.py:189} INFO - Processing /opt/anaconda3/lib/python3.7/site-packages/airflow/example_dags/example_latest_only_with_trigger.py took 0.046 seconds
[2020-12-28 14:05:31,611] {scheduler_job.py:181} INFO - Started process (PID=17418) to work on /opt/anaconda3/lib/python3.7/site-packages/airflow/example_dags/example_latest_only_with_trigger.py
[2020-12-28 14:05:31,612] {scheduler_job.py:629} INFO - Processing file /opt/anaconda3/lib/python3.7/site-packages/airflow/example_dags/example_latest_only_with_trigger.py for tasks to queue
[2020-12-28 14:05:31,613] {logging_mixin.py:103} INFO - [2020-12-28 14:05:31,613] {dagbag.py:440} INFO - Filling up the DagBag from /opt/anaconda3/lib/python3.7/site-packages/airflow/example_dags/example_latest_only_with_trigger.py
[2020-12-28 14:05:31,624] {scheduler_job.py:639} INFO - DAG(s) dict_keys(['latest_only_with_trigger']) retrieved from /opt/anaconda3/lib/python3.7/site-packages/airflow/example_dags/example_latest_only_with_trigger.py
[2020-12-28 14:05:31,625] {logging_mixin.py:103} INFO - [2020-12-28 14:05:31,625] {dag.py:1813} INFO - Sync 1 DAGs
[2020-12-28 14:05:31,643] {logging_mixin.py:103} INFO - [2020-12-28 14:05:31,642] {dag.py:2266} INFO - Setting next_dagrun for latest_only_with_trigger to 2020-12-26 00:00:00+00:00
[2020-12-28 14:05:31,656] {scheduler_job.py:189} INFO - Processing /opt/anaconda3/lib/python3.7/site-packages/airflow/example_dags/example_latest_only_with_trigger.py took 0.049 seconds
