[2020-12-28 13:54:48,141] {scheduler_job.py:181} INFO - Started process (PID=14988) to work on /opt/anaconda3/lib/python3.7/site-packages/airflow/example_dags/example_python_operator.py
[2020-12-28 13:54:48,142] {scheduler_job.py:629} INFO - Processing file /opt/anaconda3/lib/python3.7/site-packages/airflow/example_dags/example_python_operator.py for tasks to queue
[2020-12-28 13:54:48,143] {logging_mixin.py:103} INFO - [2020-12-28 13:54:48,143] {dagbag.py:440} INFO - Filling up the DagBag from /opt/anaconda3/lib/python3.7/site-packages/airflow/example_dags/example_python_operator.py
[2020-12-28 13:54:48,156] {scheduler_job.py:639} INFO - DAG(s) dict_keys(['example_python_operator']) retrieved from /opt/anaconda3/lib/python3.7/site-packages/airflow/example_dags/example_python_operator.py
[2020-12-28 13:54:48,158] {logging_mixin.py:103} INFO - [2020-12-28 13:54:48,157] {dag.py:1813} INFO - Sync 1 DAGs
[2020-12-28 13:54:48,176] {logging_mixin.py:103} INFO - [2020-12-28 13:54:48,175] {dag.py:2266} INFO - Setting next_dagrun for example_python_operator to None
[2020-12-28 13:54:48,196] {scheduler_job.py:189} INFO - Processing /opt/anaconda3/lib/python3.7/site-packages/airflow/example_dags/example_python_operator.py took 0.058 seconds
[2020-12-28 13:55:13,874] {scheduler_job.py:181} INFO - Started process (PID=15101) to work on /opt/anaconda3/lib/python3.7/site-packages/airflow/example_dags/example_python_operator.py
[2020-12-28 13:55:13,875] {scheduler_job.py:629} INFO - Processing file /opt/anaconda3/lib/python3.7/site-packages/airflow/example_dags/example_python_operator.py for tasks to queue
[2020-12-28 13:55:13,877] {logging_mixin.py:103} INFO - [2020-12-28 13:55:13,876] {dagbag.py:440} INFO - Filling up the DagBag from /opt/anaconda3/lib/python3.7/site-packages/airflow/example_dags/example_python_operator.py
[2020-12-28 13:55:13,888] {scheduler_job.py:639} INFO - DAG(s) dict_keys(['example_python_operator']) retrieved from /opt/anaconda3/lib/python3.7/site-packages/airflow/example_dags/example_python_operator.py
[2020-12-28 13:55:13,890] {logging_mixin.py:103} INFO - [2020-12-28 13:55:13,889] {dag.py:1813} INFO - Sync 1 DAGs
[2020-12-28 13:55:13,906] {logging_mixin.py:103} INFO - [2020-12-28 13:55:13,906] {dag.py:2266} INFO - Setting next_dagrun for example_python_operator to None
[2020-12-28 13:55:13,915] {scheduler_job.py:189} INFO - Processing /opt/anaconda3/lib/python3.7/site-packages/airflow/example_dags/example_python_operator.py took 0.045 seconds
[2020-12-28 13:55:40,165] {scheduler_job.py:181} INFO - Started process (PID=15191) to work on /opt/anaconda3/lib/python3.7/site-packages/airflow/example_dags/example_python_operator.py
[2020-12-28 13:55:40,167] {scheduler_job.py:629} INFO - Processing file /opt/anaconda3/lib/python3.7/site-packages/airflow/example_dags/example_python_operator.py for tasks to queue
[2020-12-28 13:55:40,168] {logging_mixin.py:103} INFO - [2020-12-28 13:55:40,168] {dagbag.py:440} INFO - Filling up the DagBag from /opt/anaconda3/lib/python3.7/site-packages/airflow/example_dags/example_python_operator.py
[2020-12-28 13:55:40,180] {scheduler_job.py:639} INFO - DAG(s) dict_keys(['example_python_operator']) retrieved from /opt/anaconda3/lib/python3.7/site-packages/airflow/example_dags/example_python_operator.py
[2020-12-28 13:55:40,182] {logging_mixin.py:103} INFO - [2020-12-28 13:55:40,181] {dag.py:1813} INFO - Sync 1 DAGs
[2020-12-28 13:55:40,198] {logging_mixin.py:103} INFO - [2020-12-28 13:55:40,197] {dag.py:2266} INFO - Setting next_dagrun for example_python_operator to None
[2020-12-28 13:55:40,211] {scheduler_job.py:189} INFO - Processing /opt/anaconda3/lib/python3.7/site-packages/airflow/example_dags/example_python_operator.py took 0.049 seconds
[2020-12-28 13:56:05,874] {scheduler_job.py:181} INFO - Started process (PID=15284) to work on /opt/anaconda3/lib/python3.7/site-packages/airflow/example_dags/example_python_operator.py
[2020-12-28 13:56:05,876] {scheduler_job.py:629} INFO - Processing file /opt/anaconda3/lib/python3.7/site-packages/airflow/example_dags/example_python_operator.py for tasks to queue
[2020-12-28 13:56:05,877] {logging_mixin.py:103} INFO - [2020-12-28 13:56:05,877] {dagbag.py:440} INFO - Filling up the DagBag from /opt/anaconda3/lib/python3.7/site-packages/airflow/example_dags/example_python_operator.py
[2020-12-28 13:56:05,888] {scheduler_job.py:639} INFO - DAG(s) dict_keys(['example_python_operator']) retrieved from /opt/anaconda3/lib/python3.7/site-packages/airflow/example_dags/example_python_operator.py
[2020-12-28 13:56:05,890] {logging_mixin.py:103} INFO - [2020-12-28 13:56:05,890] {dag.py:1813} INFO - Sync 1 DAGs
[2020-12-28 13:56:05,906] {logging_mixin.py:103} INFO - [2020-12-28 13:56:05,906] {dag.py:2266} INFO - Setting next_dagrun for example_python_operator to None
[2020-12-28 13:56:05,919] {scheduler_job.py:189} INFO - Processing /opt/anaconda3/lib/python3.7/site-packages/airflow/example_dags/example_python_operator.py took 0.049 seconds
[2020-12-28 13:56:32,734] {scheduler_job.py:181} INFO - Started process (PID=15394) to work on /opt/anaconda3/lib/python3.7/site-packages/airflow/example_dags/example_python_operator.py
[2020-12-28 13:56:32,736] {scheduler_job.py:629} INFO - Processing file /opt/anaconda3/lib/python3.7/site-packages/airflow/example_dags/example_python_operator.py for tasks to queue
[2020-12-28 13:56:32,738] {logging_mixin.py:103} INFO - [2020-12-28 13:56:32,737] {dagbag.py:440} INFO - Filling up the DagBag from /opt/anaconda3/lib/python3.7/site-packages/airflow/example_dags/example_python_operator.py
[2020-12-28 13:56:32,750] {scheduler_job.py:639} INFO - DAG(s) dict_keys(['example_python_operator']) retrieved from /opt/anaconda3/lib/python3.7/site-packages/airflow/example_dags/example_python_operator.py
[2020-12-28 13:56:32,751] {logging_mixin.py:103} INFO - [2020-12-28 13:56:32,751] {dag.py:1813} INFO - Sync 1 DAGs
[2020-12-28 13:56:32,768] {logging_mixin.py:103} INFO - [2020-12-28 13:56:32,768] {dag.py:2266} INFO - Setting next_dagrun for example_python_operator to None
[2020-12-28 13:56:32,782] {scheduler_job.py:189} INFO - Processing /opt/anaconda3/lib/python3.7/site-packages/airflow/example_dags/example_python_operator.py took 0.051 seconds
[2020-12-28 13:56:58,429] {scheduler_job.py:181} INFO - Started process (PID=15489) to work on /opt/anaconda3/lib/python3.7/site-packages/airflow/example_dags/example_python_operator.py
[2020-12-28 13:56:58,431] {scheduler_job.py:629} INFO - Processing file /opt/anaconda3/lib/python3.7/site-packages/airflow/example_dags/example_python_operator.py for tasks to queue
[2020-12-28 13:56:58,432] {logging_mixin.py:103} INFO - [2020-12-28 13:56:58,432] {dagbag.py:440} INFO - Filling up the DagBag from /opt/anaconda3/lib/python3.7/site-packages/airflow/example_dags/example_python_operator.py
[2020-12-28 13:56:58,444] {scheduler_job.py:639} INFO - DAG(s) dict_keys(['example_python_operator']) retrieved from /opt/anaconda3/lib/python3.7/site-packages/airflow/example_dags/example_python_operator.py
[2020-12-28 13:56:58,445] {logging_mixin.py:103} INFO - [2020-12-28 13:56:58,445] {dag.py:1813} INFO - Sync 1 DAGs
[2020-12-28 13:56:58,463] {logging_mixin.py:103} INFO - [2020-12-28 13:56:58,463] {dag.py:2266} INFO - Setting next_dagrun for example_python_operator to None
[2020-12-28 13:56:58,476] {scheduler_job.py:189} INFO - Processing /opt/anaconda3/lib/python3.7/site-packages/airflow/example_dags/example_python_operator.py took 0.050 seconds
[2020-12-28 13:57:25,012] {scheduler_job.py:181} INFO - Started process (PID=15600) to work on /opt/anaconda3/lib/python3.7/site-packages/airflow/example_dags/example_python_operator.py
[2020-12-28 13:57:25,013] {scheduler_job.py:629} INFO - Processing file /opt/anaconda3/lib/python3.7/site-packages/airflow/example_dags/example_python_operator.py for tasks to queue
[2020-12-28 13:57:25,014] {logging_mixin.py:103} INFO - [2020-12-28 13:57:25,014] {dagbag.py:440} INFO - Filling up the DagBag from /opt/anaconda3/lib/python3.7/site-packages/airflow/example_dags/example_python_operator.py
[2020-12-28 13:57:25,027] {scheduler_job.py:639} INFO - DAG(s) dict_keys(['example_python_operator']) retrieved from /opt/anaconda3/lib/python3.7/site-packages/airflow/example_dags/example_python_operator.py
[2020-12-28 13:57:25,028] {logging_mixin.py:103} INFO - [2020-12-28 13:57:25,028] {dag.py:1813} INFO - Sync 1 DAGs
[2020-12-28 13:57:25,045] {logging_mixin.py:103} INFO - [2020-12-28 13:57:25,045] {dag.py:2266} INFO - Setting next_dagrun for example_python_operator to None
[2020-12-28 13:57:25,058] {scheduler_job.py:189} INFO - Processing /opt/anaconda3/lib/python3.7/site-packages/airflow/example_dags/example_python_operator.py took 0.050 seconds
[2020-12-28 13:57:52,157] {scheduler_job.py:181} INFO - Started process (PID=15666) to work on /opt/anaconda3/lib/python3.7/site-packages/airflow/example_dags/example_python_operator.py
[2020-12-28 13:57:52,158] {scheduler_job.py:629} INFO - Processing file /opt/anaconda3/lib/python3.7/site-packages/airflow/example_dags/example_python_operator.py for tasks to queue
[2020-12-28 13:57:52,159] {logging_mixin.py:103} INFO - [2020-12-28 13:57:52,159] {dagbag.py:440} INFO - Filling up the DagBag from /opt/anaconda3/lib/python3.7/site-packages/airflow/example_dags/example_python_operator.py
[2020-12-28 13:57:52,168] {scheduler_job.py:639} INFO - DAG(s) dict_keys(['example_python_operator']) retrieved from /opt/anaconda3/lib/python3.7/site-packages/airflow/example_dags/example_python_operator.py
[2020-12-28 13:57:52,169] {logging_mixin.py:103} INFO - [2020-12-28 13:57:52,169] {dag.py:1813} INFO - Sync 1 DAGs
[2020-12-28 13:57:52,181] {logging_mixin.py:103} INFO - [2020-12-28 13:57:52,181] {dag.py:2266} INFO - Setting next_dagrun for example_python_operator to None
[2020-12-28 13:57:52,191] {scheduler_job.py:189} INFO - Processing /opt/anaconda3/lib/python3.7/site-packages/airflow/example_dags/example_python_operator.py took 0.036 seconds
[2020-12-28 13:58:17,898] {scheduler_job.py:181} INFO - Started process (PID=15765) to work on /opt/anaconda3/lib/python3.7/site-packages/airflow/example_dags/example_python_operator.py
[2020-12-28 13:58:17,901] {scheduler_job.py:629} INFO - Processing file /opt/anaconda3/lib/python3.7/site-packages/airflow/example_dags/example_python_operator.py for tasks to queue
[2020-12-28 13:58:17,903] {logging_mixin.py:103} INFO - [2020-12-28 13:58:17,902] {dagbag.py:440} INFO - Filling up the DagBag from /opt/anaconda3/lib/python3.7/site-packages/airflow/example_dags/example_python_operator.py
[2020-12-28 13:58:17,915] {scheduler_job.py:639} INFO - DAG(s) dict_keys(['example_python_operator']) retrieved from /opt/anaconda3/lib/python3.7/site-packages/airflow/example_dags/example_python_operator.py
[2020-12-28 13:58:17,916] {logging_mixin.py:103} INFO - [2020-12-28 13:58:17,916] {dag.py:1813} INFO - Sync 1 DAGs
[2020-12-28 13:58:17,933] {logging_mixin.py:103} INFO - [2020-12-28 13:58:17,933] {dag.py:2266} INFO - Setting next_dagrun for example_python_operator to None
[2020-12-28 13:58:17,947] {scheduler_job.py:189} INFO - Processing /opt/anaconda3/lib/python3.7/site-packages/airflow/example_dags/example_python_operator.py took 0.052 seconds
[2020-12-28 13:58:44,163] {scheduler_job.py:181} INFO - Started process (PID=15856) to work on /opt/anaconda3/lib/python3.7/site-packages/airflow/example_dags/example_python_operator.py
[2020-12-28 13:58:44,165] {scheduler_job.py:629} INFO - Processing file /opt/anaconda3/lib/python3.7/site-packages/airflow/example_dags/example_python_operator.py for tasks to queue
[2020-12-28 13:58:44,166] {logging_mixin.py:103} INFO - [2020-12-28 13:58:44,166] {dagbag.py:440} INFO - Filling up the DagBag from /opt/anaconda3/lib/python3.7/site-packages/airflow/example_dags/example_python_operator.py
[2020-12-28 13:58:44,177] {scheduler_job.py:639} INFO - DAG(s) dict_keys(['example_python_operator']) retrieved from /opt/anaconda3/lib/python3.7/site-packages/airflow/example_dags/example_python_operator.py
[2020-12-28 13:58:44,179] {logging_mixin.py:103} INFO - [2020-12-28 13:58:44,179] {dag.py:1813} INFO - Sync 1 DAGs
[2020-12-28 13:58:44,196] {logging_mixin.py:103} INFO - [2020-12-28 13:58:44,195] {dag.py:2266} INFO - Setting next_dagrun for example_python_operator to None
[2020-12-28 13:58:44,209] {scheduler_job.py:189} INFO - Processing /opt/anaconda3/lib/python3.7/site-packages/airflow/example_dags/example_python_operator.py took 0.049 seconds
[2020-12-28 13:59:10,470] {scheduler_job.py:181} INFO - Started process (PID=15943) to work on /opt/anaconda3/lib/python3.7/site-packages/airflow/example_dags/example_python_operator.py
[2020-12-28 13:59:10,472] {scheduler_job.py:629} INFO - Processing file /opt/anaconda3/lib/python3.7/site-packages/airflow/example_dags/example_python_operator.py for tasks to queue
[2020-12-28 13:59:10,473] {logging_mixin.py:103} INFO - [2020-12-28 13:59:10,473] {dagbag.py:440} INFO - Filling up the DagBag from /opt/anaconda3/lib/python3.7/site-packages/airflow/example_dags/example_python_operator.py
[2020-12-28 13:59:10,485] {scheduler_job.py:639} INFO - DAG(s) dict_keys(['example_python_operator']) retrieved from /opt/anaconda3/lib/python3.7/site-packages/airflow/example_dags/example_python_operator.py
[2020-12-28 13:59:10,486] {logging_mixin.py:103} INFO - [2020-12-28 13:59:10,486] {dag.py:1813} INFO - Sync 1 DAGs
[2020-12-28 13:59:10,503] {logging_mixin.py:103} INFO - [2020-12-28 13:59:10,503] {dag.py:2266} INFO - Setting next_dagrun for example_python_operator to None
[2020-12-28 13:59:10,516] {scheduler_job.py:189} INFO - Processing /opt/anaconda3/lib/python3.7/site-packages/airflow/example_dags/example_python_operator.py took 0.050 seconds
[2020-12-28 13:59:36,170] {scheduler_job.py:181} INFO - Started process (PID=16029) to work on /opt/anaconda3/lib/python3.7/site-packages/airflow/example_dags/example_python_operator.py
[2020-12-28 13:59:36,171] {scheduler_job.py:629} INFO - Processing file /opt/anaconda3/lib/python3.7/site-packages/airflow/example_dags/example_python_operator.py for tasks to queue
[2020-12-28 13:59:36,172] {logging_mixin.py:103} INFO - [2020-12-28 13:59:36,172] {dagbag.py:440} INFO - Filling up the DagBag from /opt/anaconda3/lib/python3.7/site-packages/airflow/example_dags/example_python_operator.py
[2020-12-28 13:59:36,184] {scheduler_job.py:639} INFO - DAG(s) dict_keys(['example_python_operator']) retrieved from /opt/anaconda3/lib/python3.7/site-packages/airflow/example_dags/example_python_operator.py
[2020-12-28 13:59:36,185] {logging_mixin.py:103} INFO - [2020-12-28 13:59:36,185] {dag.py:1813} INFO - Sync 1 DAGs
[2020-12-28 13:59:36,201] {logging_mixin.py:103} INFO - [2020-12-28 13:59:36,200] {dag.py:2266} INFO - Setting next_dagrun for example_python_operator to None
[2020-12-28 13:59:36,214] {scheduler_job.py:189} INFO - Processing /opt/anaconda3/lib/python3.7/site-packages/airflow/example_dags/example_python_operator.py took 0.048 seconds
[2020-12-28 14:00:01,887] {scheduler_job.py:181} INFO - Started process (PID=16112) to work on /opt/anaconda3/lib/python3.7/site-packages/airflow/example_dags/example_python_operator.py
[2020-12-28 14:00:01,889] {scheduler_job.py:629} INFO - Processing file /opt/anaconda3/lib/python3.7/site-packages/airflow/example_dags/example_python_operator.py for tasks to queue
[2020-12-28 14:00:01,890] {logging_mixin.py:103} INFO - [2020-12-28 14:00:01,889] {dagbag.py:440} INFO - Filling up the DagBag from /opt/anaconda3/lib/python3.7/site-packages/airflow/example_dags/example_python_operator.py
[2020-12-28 14:00:01,903] {scheduler_job.py:639} INFO - DAG(s) dict_keys(['example_python_operator']) retrieved from /opt/anaconda3/lib/python3.7/site-packages/airflow/example_dags/example_python_operator.py
[2020-12-28 14:00:01,904] {logging_mixin.py:103} INFO - [2020-12-28 14:00:01,904] {dag.py:1813} INFO - Sync 1 DAGs
[2020-12-28 14:00:01,921] {logging_mixin.py:103} INFO - [2020-12-28 14:00:01,921] {dag.py:2266} INFO - Setting next_dagrun for example_python_operator to None
[2020-12-28 14:00:01,934] {scheduler_job.py:189} INFO - Processing /opt/anaconda3/lib/python3.7/site-packages/airflow/example_dags/example_python_operator.py took 0.050 seconds
[2020-12-28 14:00:27,893] {scheduler_job.py:181} INFO - Started process (PID=16205) to work on /opt/anaconda3/lib/python3.7/site-packages/airflow/example_dags/example_python_operator.py
[2020-12-28 14:00:27,894] {scheduler_job.py:629} INFO - Processing file /opt/anaconda3/lib/python3.7/site-packages/airflow/example_dags/example_python_operator.py for tasks to queue
[2020-12-28 14:00:27,895] {logging_mixin.py:103} INFO - [2020-12-28 14:00:27,895] {dagbag.py:440} INFO - Filling up the DagBag from /opt/anaconda3/lib/python3.7/site-packages/airflow/example_dags/example_python_operator.py
[2020-12-28 14:00:27,907] {scheduler_job.py:639} INFO - DAG(s) dict_keys(['example_python_operator']) retrieved from /opt/anaconda3/lib/python3.7/site-packages/airflow/example_dags/example_python_operator.py
[2020-12-28 14:00:27,908] {logging_mixin.py:103} INFO - [2020-12-28 14:00:27,908] {dag.py:1813} INFO - Sync 1 DAGs
[2020-12-28 14:00:27,920] {logging_mixin.py:103} INFO - [2020-12-28 14:00:27,920] {dag.py:2266} INFO - Setting next_dagrun for example_python_operator to None
[2020-12-28 14:00:27,929] {scheduler_job.py:189} INFO - Processing /opt/anaconda3/lib/python3.7/site-packages/airflow/example_dags/example_python_operator.py took 0.039 seconds
[2020-12-28 14:00:53,915] {scheduler_job.py:181} INFO - Started process (PID=16301) to work on /opt/anaconda3/lib/python3.7/site-packages/airflow/example_dags/example_python_operator.py
[2020-12-28 14:00:53,916] {scheduler_job.py:629} INFO - Processing file /opt/anaconda3/lib/python3.7/site-packages/airflow/example_dags/example_python_operator.py for tasks to queue
[2020-12-28 14:00:53,917] {logging_mixin.py:103} INFO - [2020-12-28 14:00:53,917] {dagbag.py:440} INFO - Filling up the DagBag from /opt/anaconda3/lib/python3.7/site-packages/airflow/example_dags/example_python_operator.py
[2020-12-28 14:00:53,929] {scheduler_job.py:639} INFO - DAG(s) dict_keys(['example_python_operator']) retrieved from /opt/anaconda3/lib/python3.7/site-packages/airflow/example_dags/example_python_operator.py
[2020-12-28 14:00:53,930] {logging_mixin.py:103} INFO - [2020-12-28 14:00:53,930] {dag.py:1813} INFO - Sync 1 DAGs
[2020-12-28 14:00:53,946] {logging_mixin.py:103} INFO - [2020-12-28 14:00:53,946] {dag.py:2266} INFO - Setting next_dagrun for example_python_operator to None
[2020-12-28 14:00:53,959] {scheduler_job.py:189} INFO - Processing /opt/anaconda3/lib/python3.7/site-packages/airflow/example_dags/example_python_operator.py took 0.048 seconds
[2020-12-28 14:01:20,735] {scheduler_job.py:181} INFO - Started process (PID=16392) to work on /opt/anaconda3/lib/python3.7/site-packages/airflow/example_dags/example_python_operator.py
[2020-12-28 14:01:20,736] {scheduler_job.py:629} INFO - Processing file /opt/anaconda3/lib/python3.7/site-packages/airflow/example_dags/example_python_operator.py for tasks to queue
[2020-12-28 14:01:20,737] {logging_mixin.py:103} INFO - [2020-12-28 14:01:20,737] {dagbag.py:440} INFO - Filling up the DagBag from /opt/anaconda3/lib/python3.7/site-packages/airflow/example_dags/example_python_operator.py
[2020-12-28 14:01:20,749] {scheduler_job.py:639} INFO - DAG(s) dict_keys(['example_python_operator']) retrieved from /opt/anaconda3/lib/python3.7/site-packages/airflow/example_dags/example_python_operator.py
[2020-12-28 14:01:20,751] {logging_mixin.py:103} INFO - [2020-12-28 14:01:20,750] {dag.py:1813} INFO - Sync 1 DAGs
[2020-12-28 14:01:20,767] {logging_mixin.py:103} INFO - [2020-12-28 14:01:20,767] {dag.py:2266} INFO - Setting next_dagrun for example_python_operator to None
[2020-12-28 14:01:20,780] {scheduler_job.py:189} INFO - Processing /opt/anaconda3/lib/python3.7/site-packages/airflow/example_dags/example_python_operator.py took 0.048 seconds
[2020-12-28 14:01:46,458] {scheduler_job.py:181} INFO - Started process (PID=16479) to work on /opt/anaconda3/lib/python3.7/site-packages/airflow/example_dags/example_python_operator.py
[2020-12-28 14:01:46,459] {scheduler_job.py:629} INFO - Processing file /opt/anaconda3/lib/python3.7/site-packages/airflow/example_dags/example_python_operator.py for tasks to queue
[2020-12-28 14:01:46,461] {logging_mixin.py:103} INFO - [2020-12-28 14:01:46,460] {dagbag.py:440} INFO - Filling up the DagBag from /opt/anaconda3/lib/python3.7/site-packages/airflow/example_dags/example_python_operator.py
[2020-12-28 14:01:46,473] {scheduler_job.py:639} INFO - DAG(s) dict_keys(['example_python_operator']) retrieved from /opt/anaconda3/lib/python3.7/site-packages/airflow/example_dags/example_python_operator.py
[2020-12-28 14:01:46,474] {logging_mixin.py:103} INFO - [2020-12-28 14:01:46,474] {dag.py:1813} INFO - Sync 1 DAGs
[2020-12-28 14:01:46,490] {logging_mixin.py:103} INFO - [2020-12-28 14:01:46,490] {dag.py:2266} INFO - Setting next_dagrun for example_python_operator to None
[2020-12-28 14:01:46,503] {scheduler_job.py:189} INFO - Processing /opt/anaconda3/lib/python3.7/site-packages/airflow/example_dags/example_python_operator.py took 0.048 seconds
[2020-12-28 14:02:12,733] {scheduler_job.py:181} INFO - Started process (PID=16645) to work on /opt/anaconda3/lib/python3.7/site-packages/airflow/example_dags/example_python_operator.py
[2020-12-28 14:02:12,735] {scheduler_job.py:629} INFO - Processing file /opt/anaconda3/lib/python3.7/site-packages/airflow/example_dags/example_python_operator.py for tasks to queue
[2020-12-28 14:02:12,736] {logging_mixin.py:103} INFO - [2020-12-28 14:02:12,736] {dagbag.py:440} INFO - Filling up the DagBag from /opt/anaconda3/lib/python3.7/site-packages/airflow/example_dags/example_python_operator.py
[2020-12-28 14:02:12,747] {scheduler_job.py:639} INFO - DAG(s) dict_keys(['example_python_operator']) retrieved from /opt/anaconda3/lib/python3.7/site-packages/airflow/example_dags/example_python_operator.py
[2020-12-28 14:02:12,749] {logging_mixin.py:103} INFO - [2020-12-28 14:02:12,748] {dag.py:1813} INFO - Sync 1 DAGs
[2020-12-28 14:02:12,765] {logging_mixin.py:103} INFO - [2020-12-28 14:02:12,765] {dag.py:2266} INFO - Setting next_dagrun for example_python_operator to None
[2020-12-28 14:02:12,779] {scheduler_job.py:189} INFO - Processing /opt/anaconda3/lib/python3.7/site-packages/airflow/example_dags/example_python_operator.py took 0.048 seconds
[2020-12-28 14:02:38,998] {scheduler_job.py:181} INFO - Started process (PID=16755) to work on /opt/anaconda3/lib/python3.7/site-packages/airflow/example_dags/example_python_operator.py
[2020-12-28 14:02:39,000] {scheduler_job.py:629} INFO - Processing file /opt/anaconda3/lib/python3.7/site-packages/airflow/example_dags/example_python_operator.py for tasks to queue
[2020-12-28 14:02:39,001] {logging_mixin.py:103} INFO - [2020-12-28 14:02:39,000] {dagbag.py:440} INFO - Filling up the DagBag from /opt/anaconda3/lib/python3.7/site-packages/airflow/example_dags/example_python_operator.py
[2020-12-28 14:02:39,013] {scheduler_job.py:639} INFO - DAG(s) dict_keys(['example_python_operator']) retrieved from /opt/anaconda3/lib/python3.7/site-packages/airflow/example_dags/example_python_operator.py
[2020-12-28 14:02:39,014] {logging_mixin.py:103} INFO - [2020-12-28 14:02:39,014] {dag.py:1813} INFO - Sync 1 DAGs
[2020-12-28 14:02:39,031] {logging_mixin.py:103} INFO - [2020-12-28 14:02:39,031] {dag.py:2266} INFO - Setting next_dagrun for example_python_operator to None
[2020-12-28 14:02:39,044] {scheduler_job.py:189} INFO - Processing /opt/anaconda3/lib/python3.7/site-packages/airflow/example_dags/example_python_operator.py took 0.050 seconds
[2020-12-28 14:03:05,872] {scheduler_job.py:181} INFO - Started process (PID=16842) to work on /opt/anaconda3/lib/python3.7/site-packages/airflow/example_dags/example_python_operator.py
[2020-12-28 14:03:05,873] {scheduler_job.py:629} INFO - Processing file /opt/anaconda3/lib/python3.7/site-packages/airflow/example_dags/example_python_operator.py for tasks to queue
[2020-12-28 14:03:05,874] {logging_mixin.py:103} INFO - [2020-12-28 14:03:05,874] {dagbag.py:440} INFO - Filling up the DagBag from /opt/anaconda3/lib/python3.7/site-packages/airflow/example_dags/example_python_operator.py
[2020-12-28 14:03:05,885] {scheduler_job.py:639} INFO - DAG(s) dict_keys(['example_python_operator']) retrieved from /opt/anaconda3/lib/python3.7/site-packages/airflow/example_dags/example_python_operator.py
[2020-12-28 14:03:05,887] {logging_mixin.py:103} INFO - [2020-12-28 14:03:05,887] {dag.py:1813} INFO - Sync 1 DAGs
[2020-12-28 14:03:05,904] {logging_mixin.py:103} INFO - [2020-12-28 14:03:05,903] {dag.py:2266} INFO - Setting next_dagrun for example_python_operator to None
[2020-12-28 14:03:05,918] {scheduler_job.py:189} INFO - Processing /opt/anaconda3/lib/python3.7/site-packages/airflow/example_dags/example_python_operator.py took 0.049 seconds
[2020-12-28 14:03:31,858] {scheduler_job.py:181} INFO - Started process (PID=16929) to work on /opt/anaconda3/lib/python3.7/site-packages/airflow/example_dags/example_python_operator.py
[2020-12-28 14:03:31,859] {scheduler_job.py:629} INFO - Processing file /opt/anaconda3/lib/python3.7/site-packages/airflow/example_dags/example_python_operator.py for tasks to queue
[2020-12-28 14:03:31,860] {logging_mixin.py:103} INFO - [2020-12-28 14:03:31,860] {dagbag.py:440} INFO - Filling up the DagBag from /opt/anaconda3/lib/python3.7/site-packages/airflow/example_dags/example_python_operator.py
[2020-12-28 14:03:31,871] {scheduler_job.py:639} INFO - DAG(s) dict_keys(['example_python_operator']) retrieved from /opt/anaconda3/lib/python3.7/site-packages/airflow/example_dags/example_python_operator.py
[2020-12-28 14:03:31,872] {logging_mixin.py:103} INFO - [2020-12-28 14:03:31,872] {dag.py:1813} INFO - Sync 1 DAGs
[2020-12-28 14:03:31,885] {logging_mixin.py:103} INFO - [2020-12-28 14:03:31,885] {dag.py:2266} INFO - Setting next_dagrun for example_python_operator to None
[2020-12-28 14:03:31,896] {scheduler_job.py:189} INFO - Processing /opt/anaconda3/lib/python3.7/site-packages/airflow/example_dags/example_python_operator.py took 0.043 seconds
[2020-12-28 14:03:58,409] {scheduler_job.py:181} INFO - Started process (PID=17036) to work on /opt/anaconda3/lib/python3.7/site-packages/airflow/example_dags/example_python_operator.py
[2020-12-28 14:03:58,411] {scheduler_job.py:629} INFO - Processing file /opt/anaconda3/lib/python3.7/site-packages/airflow/example_dags/example_python_operator.py for tasks to queue
[2020-12-28 14:03:58,412] {logging_mixin.py:103} INFO - [2020-12-28 14:03:58,412] {dagbag.py:440} INFO - Filling up the DagBag from /opt/anaconda3/lib/python3.7/site-packages/airflow/example_dags/example_python_operator.py
[2020-12-28 14:03:58,424] {scheduler_job.py:639} INFO - DAG(s) dict_keys(['example_python_operator']) retrieved from /opt/anaconda3/lib/python3.7/site-packages/airflow/example_dags/example_python_operator.py
[2020-12-28 14:03:58,426] {logging_mixin.py:103} INFO - [2020-12-28 14:03:58,426] {dag.py:1813} INFO - Sync 1 DAGs
[2020-12-28 14:03:58,443] {logging_mixin.py:103} INFO - [2020-12-28 14:03:58,442] {dag.py:2266} INFO - Setting next_dagrun for example_python_operator to None
[2020-12-28 14:03:58,456] {scheduler_job.py:189} INFO - Processing /opt/anaconda3/lib/python3.7/site-packages/airflow/example_dags/example_python_operator.py took 0.050 seconds
[2020-12-28 14:04:24,736] {scheduler_job.py:181} INFO - Started process (PID=17154) to work on /opt/anaconda3/lib/python3.7/site-packages/airflow/example_dags/example_python_operator.py
[2020-12-28 14:04:24,737] {scheduler_job.py:629} INFO - Processing file /opt/anaconda3/lib/python3.7/site-packages/airflow/example_dags/example_python_operator.py for tasks to queue
[2020-12-28 14:04:24,738] {logging_mixin.py:103} INFO - [2020-12-28 14:04:24,737] {dagbag.py:440} INFO - Filling up the DagBag from /opt/anaconda3/lib/python3.7/site-packages/airflow/example_dags/example_python_operator.py
[2020-12-28 14:04:24,749] {scheduler_job.py:639} INFO - DAG(s) dict_keys(['example_python_operator']) retrieved from /opt/anaconda3/lib/python3.7/site-packages/airflow/example_dags/example_python_operator.py
[2020-12-28 14:04:24,751] {logging_mixin.py:103} INFO - [2020-12-28 14:04:24,750] {dag.py:1813} INFO - Sync 1 DAGs
[2020-12-28 14:04:24,763] {logging_mixin.py:103} INFO - [2020-12-28 14:04:24,763] {dag.py:1832} INFO - Creating ORM DAG for example_python_operator
[2020-12-28 14:04:24,767] {logging_mixin.py:103} INFO - [2020-12-28 14:04:24,767] {dag.py:2266} INFO - Setting next_dagrun for example_python_operator to None
[2020-12-28 14:04:24,788] {scheduler_job.py:189} INFO - Processing /opt/anaconda3/lib/python3.7/site-packages/airflow/example_dags/example_python_operator.py took 0.055 seconds
[2020-12-28 14:04:50,417] {scheduler_job.py:181} INFO - Started process (PID=17255) to work on /opt/anaconda3/lib/python3.7/site-packages/airflow/example_dags/example_python_operator.py
[2020-12-28 14:04:50,418] {scheduler_job.py:629} INFO - Processing file /opt/anaconda3/lib/python3.7/site-packages/airflow/example_dags/example_python_operator.py for tasks to queue
[2020-12-28 14:04:50,419] {logging_mixin.py:103} INFO - [2020-12-28 14:04:50,419] {dagbag.py:440} INFO - Filling up the DagBag from /opt/anaconda3/lib/python3.7/site-packages/airflow/example_dags/example_python_operator.py
[2020-12-28 14:04:50,431] {scheduler_job.py:639} INFO - DAG(s) dict_keys(['example_python_operator']) retrieved from /opt/anaconda3/lib/python3.7/site-packages/airflow/example_dags/example_python_operator.py
[2020-12-28 14:04:50,432] {logging_mixin.py:103} INFO - [2020-12-28 14:04:50,432] {dag.py:1813} INFO - Sync 1 DAGs
[2020-12-28 14:04:50,449] {logging_mixin.py:103} INFO - [2020-12-28 14:04:50,448] {dag.py:2266} INFO - Setting next_dagrun for example_python_operator to None
[2020-12-28 14:04:50,459] {scheduler_job.py:189} INFO - Processing /opt/anaconda3/lib/python3.7/site-packages/airflow/example_dags/example_python_operator.py took 0.045 seconds
[2020-12-28 14:05:17,321] {scheduler_job.py:181} INFO - Started process (PID=17368) to work on /opt/anaconda3/lib/python3.7/site-packages/airflow/example_dags/example_python_operator.py
[2020-12-28 14:05:17,323] {scheduler_job.py:629} INFO - Processing file /opt/anaconda3/lib/python3.7/site-packages/airflow/example_dags/example_python_operator.py for tasks to queue
[2020-12-28 14:05:17,324] {logging_mixin.py:103} INFO - [2020-12-28 14:05:17,323] {dagbag.py:440} INFO - Filling up the DagBag from /opt/anaconda3/lib/python3.7/site-packages/airflow/example_dags/example_python_operator.py
[2020-12-28 14:05:17,335] {scheduler_job.py:639} INFO - DAG(s) dict_keys(['example_python_operator']) retrieved from /opt/anaconda3/lib/python3.7/site-packages/airflow/example_dags/example_python_operator.py
[2020-12-28 14:05:17,336] {logging_mixin.py:103} INFO - [2020-12-28 14:05:17,336] {dag.py:1813} INFO - Sync 1 DAGs
[2020-12-28 14:05:17,353] {logging_mixin.py:103} INFO - [2020-12-28 14:05:17,353] {dag.py:2266} INFO - Setting next_dagrun for example_python_operator to None
[2020-12-28 14:05:17,367] {scheduler_job.py:189} INFO - Processing /opt/anaconda3/lib/python3.7/site-packages/airflow/example_dags/example_python_operator.py took 0.049 seconds
[2020-12-28 14:05:44,703] {scheduler_job.py:181} INFO - Started process (PID=17472) to work on /opt/anaconda3/lib/python3.7/site-packages/airflow/example_dags/example_python_operator.py
[2020-12-28 14:05:44,705] {scheduler_job.py:629} INFO - Processing file /opt/anaconda3/lib/python3.7/site-packages/airflow/example_dags/example_python_operator.py for tasks to queue
[2020-12-28 14:05:44,706] {logging_mixin.py:103} INFO - [2020-12-28 14:05:44,705] {dagbag.py:440} INFO - Filling up the DagBag from /opt/anaconda3/lib/python3.7/site-packages/airflow/example_dags/example_python_operator.py
[2020-12-28 14:05:44,717] {scheduler_job.py:639} INFO - DAG(s) dict_keys(['example_python_operator']) retrieved from /opt/anaconda3/lib/python3.7/site-packages/airflow/example_dags/example_python_operator.py
[2020-12-28 14:05:44,719] {logging_mixin.py:103} INFO - [2020-12-28 14:05:44,719] {dag.py:1813} INFO - Sync 1 DAGs
[2020-12-28 14:05:44,735] {logging_mixin.py:103} INFO - [2020-12-28 14:05:44,734] {dag.py:2266} INFO - Setting next_dagrun for example_python_operator to None
[2020-12-28 14:05:44,748] {scheduler_job.py:189} INFO - Processing /opt/anaconda3/lib/python3.7/site-packages/airflow/example_dags/example_python_operator.py took 0.048 seconds
