[2020-12-28 13:54:43,213] {scheduler_job.py:181} INFO - Started process (PID=14962) to work on /opt/anaconda3/lib/python3.7/site-packages/airflow/example_dags/example_xcom.py
[2020-12-28 13:54:43,215] {scheduler_job.py:629} INFO - Processing file /opt/anaconda3/lib/python3.7/site-packages/airflow/example_dags/example_xcom.py for tasks to queue
[2020-12-28 13:54:43,216] {logging_mixin.py:103} INFO - [2020-12-28 13:54:43,215] {dagbag.py:440} INFO - Filling up the DagBag from /opt/anaconda3/lib/python3.7/site-packages/airflow/example_dags/example_xcom.py
[2020-12-28 13:54:43,226] {scheduler_job.py:639} INFO - DAG(s) dict_keys(['example_xcom']) retrieved from /opt/anaconda3/lib/python3.7/site-packages/airflow/example_dags/example_xcom.py
[2020-12-28 13:54:43,228] {logging_mixin.py:103} INFO - [2020-12-28 13:54:43,227] {dag.py:1813} INFO - Sync 1 DAGs
[2020-12-28 13:54:43,246] {logging_mixin.py:103} INFO - [2020-12-28 13:54:43,245] {dag.py:2266} INFO - Setting next_dagrun for example_xcom to 2020-12-26 00:00:00+00:00
[2020-12-28 13:54:43,262] {scheduler_job.py:189} INFO - Processing /opt/anaconda3/lib/python3.7/site-packages/airflow/example_dags/example_xcom.py took 0.052 seconds
[2020-12-28 13:55:08,741] {scheduler_job.py:181} INFO - Started process (PID=15084) to work on /opt/anaconda3/lib/python3.7/site-packages/airflow/example_dags/example_xcom.py
[2020-12-28 13:55:08,742] {scheduler_job.py:629} INFO - Processing file /opt/anaconda3/lib/python3.7/site-packages/airflow/example_dags/example_xcom.py for tasks to queue
[2020-12-28 13:55:08,744] {logging_mixin.py:103} INFO - [2020-12-28 13:55:08,743] {dagbag.py:440} INFO - Filling up the DagBag from /opt/anaconda3/lib/python3.7/site-packages/airflow/example_dags/example_xcom.py
[2020-12-28 13:55:08,755] {scheduler_job.py:639} INFO - DAG(s) dict_keys(['example_xcom']) retrieved from /opt/anaconda3/lib/python3.7/site-packages/airflow/example_dags/example_xcom.py
[2020-12-28 13:55:08,757] {logging_mixin.py:103} INFO - [2020-12-28 13:55:08,756] {dag.py:1813} INFO - Sync 1 DAGs
[2020-12-28 13:55:08,773] {logging_mixin.py:103} INFO - [2020-12-28 13:55:08,773] {dag.py:2266} INFO - Setting next_dagrun for example_xcom to 2020-12-26 00:00:00+00:00
[2020-12-28 13:55:08,785] {scheduler_job.py:189} INFO - Processing /opt/anaconda3/lib/python3.7/site-packages/airflow/example_dags/example_xcom.py took 0.048 seconds
[2020-12-28 13:55:35,059] {scheduler_job.py:181} INFO - Started process (PID=15174) to work on /opt/anaconda3/lib/python3.7/site-packages/airflow/example_dags/example_xcom.py
[2020-12-28 13:55:35,061] {scheduler_job.py:629} INFO - Processing file /opt/anaconda3/lib/python3.7/site-packages/airflow/example_dags/example_xcom.py for tasks to queue
[2020-12-28 13:55:35,062] {logging_mixin.py:103} INFO - [2020-12-28 13:55:35,062] {dagbag.py:440} INFO - Filling up the DagBag from /opt/anaconda3/lib/python3.7/site-packages/airflow/example_dags/example_xcom.py
[2020-12-28 13:55:35,074] {scheduler_job.py:639} INFO - DAG(s) dict_keys(['example_xcom']) retrieved from /opt/anaconda3/lib/python3.7/site-packages/airflow/example_dags/example_xcom.py
[2020-12-28 13:55:35,076] {logging_mixin.py:103} INFO - [2020-12-28 13:55:35,075] {dag.py:1813} INFO - Sync 1 DAGs
[2020-12-28 13:55:35,092] {logging_mixin.py:103} INFO - [2020-12-28 13:55:35,092] {dag.py:2266} INFO - Setting next_dagrun for example_xcom to 2020-12-26 00:00:00+00:00
[2020-12-28 13:55:35,105] {scheduler_job.py:189} INFO - Processing /opt/anaconda3/lib/python3.7/site-packages/airflow/example_dags/example_xcom.py took 0.049 seconds
[2020-12-28 13:56:00,730] {scheduler_job.py:181} INFO - Started process (PID=15268) to work on /opt/anaconda3/lib/python3.7/site-packages/airflow/example_dags/example_xcom.py
[2020-12-28 13:56:00,732] {scheduler_job.py:629} INFO - Processing file /opt/anaconda3/lib/python3.7/site-packages/airflow/example_dags/example_xcom.py for tasks to queue
[2020-12-28 13:56:00,733] {logging_mixin.py:103} INFO - [2020-12-28 13:56:00,733] {dagbag.py:440} INFO - Filling up the DagBag from /opt/anaconda3/lib/python3.7/site-packages/airflow/example_dags/example_xcom.py
[2020-12-28 13:56:00,744] {scheduler_job.py:639} INFO - DAG(s) dict_keys(['example_xcom']) retrieved from /opt/anaconda3/lib/python3.7/site-packages/airflow/example_dags/example_xcom.py
[2020-12-28 13:56:00,745] {logging_mixin.py:103} INFO - [2020-12-28 13:56:00,745] {dag.py:1813} INFO - Sync 1 DAGs
[2020-12-28 13:56:00,762] {logging_mixin.py:103} INFO - [2020-12-28 13:56:00,762] {dag.py:2266} INFO - Setting next_dagrun for example_xcom to 2020-12-26 00:00:00+00:00
[2020-12-28 13:56:00,774] {scheduler_job.py:189} INFO - Processing /opt/anaconda3/lib/python3.7/site-packages/airflow/example_dags/example_xcom.py took 0.047 seconds
[2020-12-28 13:56:27,584] {scheduler_job.py:181} INFO - Started process (PID=15378) to work on /opt/anaconda3/lib/python3.7/site-packages/airflow/example_dags/example_xcom.py
[2020-12-28 13:56:27,585] {scheduler_job.py:629} INFO - Processing file /opt/anaconda3/lib/python3.7/site-packages/airflow/example_dags/example_xcom.py for tasks to queue
[2020-12-28 13:56:27,586] {logging_mixin.py:103} INFO - [2020-12-28 13:56:27,586] {dagbag.py:440} INFO - Filling up the DagBag from /opt/anaconda3/lib/python3.7/site-packages/airflow/example_dags/example_xcom.py
[2020-12-28 13:56:27,596] {scheduler_job.py:639} INFO - DAG(s) dict_keys(['example_xcom']) retrieved from /opt/anaconda3/lib/python3.7/site-packages/airflow/example_dags/example_xcom.py
[2020-12-28 13:56:27,597] {logging_mixin.py:103} INFO - [2020-12-28 13:56:27,597] {dag.py:1813} INFO - Sync 1 DAGs
[2020-12-28 13:56:27,611] {logging_mixin.py:103} INFO - [2020-12-28 13:56:27,610] {dag.py:2266} INFO - Setting next_dagrun for example_xcom to 2020-12-26 00:00:00+00:00
[2020-12-28 13:56:27,622] {scheduler_job.py:189} INFO - Processing /opt/anaconda3/lib/python3.7/site-packages/airflow/example_dags/example_xcom.py took 0.041 seconds
[2020-12-28 13:56:54,415] {scheduler_job.py:181} INFO - Started process (PID=15464) to work on /opt/anaconda3/lib/python3.7/site-packages/airflow/example_dags/example_xcom.py
[2020-12-28 13:56:54,416] {scheduler_job.py:629} INFO - Processing file /opt/anaconda3/lib/python3.7/site-packages/airflow/example_dags/example_xcom.py for tasks to queue
[2020-12-28 13:56:54,417] {logging_mixin.py:103} INFO - [2020-12-28 13:56:54,417] {dagbag.py:440} INFO - Filling up the DagBag from /opt/anaconda3/lib/python3.7/site-packages/airflow/example_dags/example_xcom.py
[2020-12-28 13:56:54,428] {scheduler_job.py:639} INFO - DAG(s) dict_keys(['example_xcom']) retrieved from /opt/anaconda3/lib/python3.7/site-packages/airflow/example_dags/example_xcom.py
[2020-12-28 13:56:54,429] {logging_mixin.py:103} INFO - [2020-12-28 13:56:54,429] {dag.py:1813} INFO - Sync 1 DAGs
[2020-12-28 13:56:54,446] {logging_mixin.py:103} INFO - [2020-12-28 13:56:54,446] {dag.py:2266} INFO - Setting next_dagrun for example_xcom to 2020-12-26 00:00:00+00:00
[2020-12-28 13:56:54,461] {scheduler_job.py:189} INFO - Processing /opt/anaconda3/lib/python3.7/site-packages/airflow/example_dags/example_xcom.py took 0.049 seconds
[2020-12-28 13:57:20,151] {scheduler_job.py:181} INFO - Started process (PID=15587) to work on /opt/anaconda3/lib/python3.7/site-packages/airflow/example_dags/example_xcom.py
[2020-12-28 13:57:20,153] {scheduler_job.py:629} INFO - Processing file /opt/anaconda3/lib/python3.7/site-packages/airflow/example_dags/example_xcom.py for tasks to queue
[2020-12-28 13:57:20,154] {logging_mixin.py:103} INFO - [2020-12-28 13:57:20,154] {dagbag.py:440} INFO - Filling up the DagBag from /opt/anaconda3/lib/python3.7/site-packages/airflow/example_dags/example_xcom.py
[2020-12-28 13:57:20,165] {scheduler_job.py:639} INFO - DAG(s) dict_keys(['example_xcom']) retrieved from /opt/anaconda3/lib/python3.7/site-packages/airflow/example_dags/example_xcom.py
[2020-12-28 13:57:20,167] {logging_mixin.py:103} INFO - [2020-12-28 13:57:20,166] {dag.py:1813} INFO - Sync 1 DAGs
[2020-12-28 13:57:20,183] {logging_mixin.py:103} INFO - [2020-12-28 13:57:20,183] {dag.py:2266} INFO - Setting next_dagrun for example_xcom to 2020-12-26 00:00:00+00:00
[2020-12-28 13:57:20,196] {scheduler_job.py:189} INFO - Processing /opt/anaconda3/lib/python3.7/site-packages/airflow/example_dags/example_xcom.py took 0.048 seconds
[2020-12-28 13:57:46,993] {scheduler_job.py:181} INFO - Started process (PID=15646) to work on /opt/anaconda3/lib/python3.7/site-packages/airflow/example_dags/example_xcom.py
[2020-12-28 13:57:46,994] {scheduler_job.py:629} INFO - Processing file /opt/anaconda3/lib/python3.7/site-packages/airflow/example_dags/example_xcom.py for tasks to queue
[2020-12-28 13:57:46,995] {logging_mixin.py:103} INFO - [2020-12-28 13:57:46,995] {dagbag.py:440} INFO - Filling up the DagBag from /opt/anaconda3/lib/python3.7/site-packages/airflow/example_dags/example_xcom.py
[2020-12-28 13:57:47,006] {scheduler_job.py:639} INFO - DAG(s) dict_keys(['example_xcom']) retrieved from /opt/anaconda3/lib/python3.7/site-packages/airflow/example_dags/example_xcom.py
[2020-12-28 13:57:47,008] {logging_mixin.py:103} INFO - [2020-12-28 13:57:47,007] {dag.py:1813} INFO - Sync 1 DAGs
[2020-12-28 13:57:47,025] {logging_mixin.py:103} INFO - [2020-12-28 13:57:47,024] {dag.py:2266} INFO - Setting next_dagrun for example_xcom to 2020-12-26 00:00:00+00:00
[2020-12-28 13:57:47,037] {scheduler_job.py:189} INFO - Processing /opt/anaconda3/lib/python3.7/site-packages/airflow/example_dags/example_xcom.py took 0.048 seconds
[2020-12-28 13:58:12,740] {scheduler_job.py:181} INFO - Started process (PID=15751) to work on /opt/anaconda3/lib/python3.7/site-packages/airflow/example_dags/example_xcom.py
[2020-12-28 13:58:12,742] {scheduler_job.py:629} INFO - Processing file /opt/anaconda3/lib/python3.7/site-packages/airflow/example_dags/example_xcom.py for tasks to queue
[2020-12-28 13:58:12,743] {logging_mixin.py:103} INFO - [2020-12-28 13:58:12,743] {dagbag.py:440} INFO - Filling up the DagBag from /opt/anaconda3/lib/python3.7/site-packages/airflow/example_dags/example_xcom.py
[2020-12-28 13:58:12,754] {scheduler_job.py:639} INFO - DAG(s) dict_keys(['example_xcom']) retrieved from /opt/anaconda3/lib/python3.7/site-packages/airflow/example_dags/example_xcom.py
[2020-12-28 13:58:12,756] {logging_mixin.py:103} INFO - [2020-12-28 13:58:12,756] {dag.py:1813} INFO - Sync 1 DAGs
[2020-12-28 13:58:12,772] {logging_mixin.py:103} INFO - [2020-12-28 13:58:12,772] {dag.py:2266} INFO - Setting next_dagrun for example_xcom to 2020-12-26 00:00:00+00:00
[2020-12-28 13:58:12,785] {scheduler_job.py:189} INFO - Processing /opt/anaconda3/lib/python3.7/site-packages/airflow/example_dags/example_xcom.py took 0.048 seconds
[2020-12-28 13:58:39,600] {scheduler_job.py:181} INFO - Started process (PID=15840) to work on /opt/anaconda3/lib/python3.7/site-packages/airflow/example_dags/example_xcom.py
[2020-12-28 13:58:39,604] {scheduler_job.py:629} INFO - Processing file /opt/anaconda3/lib/python3.7/site-packages/airflow/example_dags/example_xcom.py for tasks to queue
[2020-12-28 13:58:39,605] {logging_mixin.py:103} INFO - [2020-12-28 13:58:39,605] {dagbag.py:440} INFO - Filling up the DagBag from /opt/anaconda3/lib/python3.7/site-packages/airflow/example_dags/example_xcom.py
[2020-12-28 13:58:39,617] {scheduler_job.py:639} INFO - DAG(s) dict_keys(['example_xcom']) retrieved from /opt/anaconda3/lib/python3.7/site-packages/airflow/example_dags/example_xcom.py
[2020-12-28 13:58:39,618] {logging_mixin.py:103} INFO - [2020-12-28 13:58:39,618] {dag.py:1813} INFO - Sync 1 DAGs
[2020-12-28 13:58:39,634] {logging_mixin.py:103} INFO - [2020-12-28 13:58:39,634] {dag.py:2266} INFO - Setting next_dagrun for example_xcom to 2020-12-26 00:00:00+00:00
[2020-12-28 13:58:39,647] {scheduler_job.py:189} INFO - Processing /opt/anaconda3/lib/python3.7/site-packages/airflow/example_dags/example_xcom.py took 0.050 seconds
[2020-12-28 13:59:05,318] {scheduler_job.py:181} INFO - Started process (PID=15926) to work on /opt/anaconda3/lib/python3.7/site-packages/airflow/example_dags/example_xcom.py
[2020-12-28 13:59:05,320] {scheduler_job.py:629} INFO - Processing file /opt/anaconda3/lib/python3.7/site-packages/airflow/example_dags/example_xcom.py for tasks to queue
[2020-12-28 13:59:05,321] {logging_mixin.py:103} INFO - [2020-12-28 13:59:05,320] {dagbag.py:440} INFO - Filling up the DagBag from /opt/anaconda3/lib/python3.7/site-packages/airflow/example_dags/example_xcom.py
[2020-12-28 13:59:05,332] {scheduler_job.py:639} INFO - DAG(s) dict_keys(['example_xcom']) retrieved from /opt/anaconda3/lib/python3.7/site-packages/airflow/example_dags/example_xcom.py
[2020-12-28 13:59:05,334] {logging_mixin.py:103} INFO - [2020-12-28 13:59:05,333] {dag.py:1813} INFO - Sync 1 DAGs
[2020-12-28 13:59:05,349] {logging_mixin.py:103} INFO - [2020-12-28 13:59:05,349] {dag.py:2266} INFO - Setting next_dagrun for example_xcom to 2020-12-26 00:00:00+00:00
[2020-12-28 13:59:05,362] {scheduler_job.py:189} INFO - Processing /opt/anaconda3/lib/python3.7/site-packages/airflow/example_dags/example_xcom.py took 0.048 seconds
[2020-12-28 13:59:31,033] {scheduler_job.py:181} INFO - Started process (PID=16010) to work on /opt/anaconda3/lib/python3.7/site-packages/airflow/example_dags/example_xcom.py
[2020-12-28 13:59:31,035] {scheduler_job.py:629} INFO - Processing file /opt/anaconda3/lib/python3.7/site-packages/airflow/example_dags/example_xcom.py for tasks to queue
[2020-12-28 13:59:31,036] {logging_mixin.py:103} INFO - [2020-12-28 13:59:31,036] {dagbag.py:440} INFO - Filling up the DagBag from /opt/anaconda3/lib/python3.7/site-packages/airflow/example_dags/example_xcom.py
[2020-12-28 13:59:31,048] {scheduler_job.py:639} INFO - DAG(s) dict_keys(['example_xcom']) retrieved from /opt/anaconda3/lib/python3.7/site-packages/airflow/example_dags/example_xcom.py
[2020-12-28 13:59:31,049] {logging_mixin.py:103} INFO - [2020-12-28 13:59:31,049] {dag.py:1813} INFO - Sync 1 DAGs
[2020-12-28 13:59:31,067] {logging_mixin.py:103} INFO - [2020-12-28 13:59:31,067] {dag.py:2266} INFO - Setting next_dagrun for example_xcom to 2020-12-26 00:00:00+00:00
[2020-12-28 13:59:31,080] {scheduler_job.py:189} INFO - Processing /opt/anaconda3/lib/python3.7/site-packages/airflow/example_dags/example_xcom.py took 0.050 seconds
[2020-12-28 13:59:56,470] {scheduler_job.py:181} INFO - Started process (PID=16095) to work on /opt/anaconda3/lib/python3.7/site-packages/airflow/example_dags/example_xcom.py
[2020-12-28 13:59:56,471] {scheduler_job.py:629} INFO - Processing file /opt/anaconda3/lib/python3.7/site-packages/airflow/example_dags/example_xcom.py for tasks to queue
[2020-12-28 13:59:56,472] {logging_mixin.py:103} INFO - [2020-12-28 13:59:56,471] {dagbag.py:440} INFO - Filling up the DagBag from /opt/anaconda3/lib/python3.7/site-packages/airflow/example_dags/example_xcom.py
[2020-12-28 13:59:56,480] {scheduler_job.py:639} INFO - DAG(s) dict_keys(['example_xcom']) retrieved from /opt/anaconda3/lib/python3.7/site-packages/airflow/example_dags/example_xcom.py
[2020-12-28 13:59:56,480] {logging_mixin.py:103} INFO - [2020-12-28 13:59:56,480] {dag.py:1813} INFO - Sync 1 DAGs
[2020-12-28 13:59:56,493] {logging_mixin.py:103} INFO - [2020-12-28 13:59:56,493] {dag.py:2266} INFO - Setting next_dagrun for example_xcom to 2020-12-26 00:00:00+00:00
[2020-12-28 13:59:56,505] {scheduler_job.py:189} INFO - Processing /opt/anaconda3/lib/python3.7/site-packages/airflow/example_dags/example_xcom.py took 0.038 seconds
[2020-12-28 14:00:23,049] {scheduler_job.py:181} INFO - Started process (PID=16181) to work on /opt/anaconda3/lib/python3.7/site-packages/airflow/example_dags/example_xcom.py
[2020-12-28 14:00:23,050] {scheduler_job.py:629} INFO - Processing file /opt/anaconda3/lib/python3.7/site-packages/airflow/example_dags/example_xcom.py for tasks to queue
[2020-12-28 14:00:23,051] {logging_mixin.py:103} INFO - [2020-12-28 14:00:23,051] {dagbag.py:440} INFO - Filling up the DagBag from /opt/anaconda3/lib/python3.7/site-packages/airflow/example_dags/example_xcom.py
[2020-12-28 14:00:23,063] {scheduler_job.py:639} INFO - DAG(s) dict_keys(['example_xcom']) retrieved from /opt/anaconda3/lib/python3.7/site-packages/airflow/example_dags/example_xcom.py
[2020-12-28 14:00:23,064] {logging_mixin.py:103} INFO - [2020-12-28 14:00:23,064] {dag.py:1813} INFO - Sync 1 DAGs
[2020-12-28 14:00:23,080] {logging_mixin.py:103} INFO - [2020-12-28 14:00:23,080] {dag.py:2266} INFO - Setting next_dagrun for example_xcom to 2020-12-26 00:00:00+00:00
[2020-12-28 14:00:23,092] {scheduler_job.py:189} INFO - Processing /opt/anaconda3/lib/python3.7/site-packages/airflow/example_dags/example_xcom.py took 0.047 seconds
[2020-12-28 14:00:48,768] {scheduler_job.py:181} INFO - Started process (PID=16285) to work on /opt/anaconda3/lib/python3.7/site-packages/airflow/example_dags/example_xcom.py
[2020-12-28 14:00:48,770] {scheduler_job.py:629} INFO - Processing file /opt/anaconda3/lib/python3.7/site-packages/airflow/example_dags/example_xcom.py for tasks to queue
[2020-12-28 14:00:48,771] {logging_mixin.py:103} INFO - [2020-12-28 14:00:48,770] {dagbag.py:440} INFO - Filling up the DagBag from /opt/anaconda3/lib/python3.7/site-packages/airflow/example_dags/example_xcom.py
[2020-12-28 14:00:48,781] {scheduler_job.py:639} INFO - DAG(s) dict_keys(['example_xcom']) retrieved from /opt/anaconda3/lib/python3.7/site-packages/airflow/example_dags/example_xcom.py
[2020-12-28 14:00:48,783] {logging_mixin.py:103} INFO - [2020-12-28 14:00:48,782] {dag.py:1813} INFO - Sync 1 DAGs
[2020-12-28 14:00:48,799] {logging_mixin.py:103} INFO - [2020-12-28 14:00:48,798] {dag.py:2266} INFO - Setting next_dagrun for example_xcom to 2020-12-26 00:00:00+00:00
[2020-12-28 14:00:48,810] {scheduler_job.py:189} INFO - Processing /opt/anaconda3/lib/python3.7/site-packages/airflow/example_dags/example_xcom.py took 0.045 seconds
[2020-12-28 14:01:15,591] {scheduler_job.py:181} INFO - Started process (PID=16375) to work on /opt/anaconda3/lib/python3.7/site-packages/airflow/example_dags/example_xcom.py
[2020-12-28 14:01:15,594] {scheduler_job.py:629} INFO - Processing file /opt/anaconda3/lib/python3.7/site-packages/airflow/example_dags/example_xcom.py for tasks to queue
[2020-12-28 14:01:15,595] {logging_mixin.py:103} INFO - [2020-12-28 14:01:15,595] {dagbag.py:440} INFO - Filling up the DagBag from /opt/anaconda3/lib/python3.7/site-packages/airflow/example_dags/example_xcom.py
[2020-12-28 14:01:15,607] {scheduler_job.py:639} INFO - DAG(s) dict_keys(['example_xcom']) retrieved from /opt/anaconda3/lib/python3.7/site-packages/airflow/example_dags/example_xcom.py
[2020-12-28 14:01:15,608] {logging_mixin.py:103} INFO - [2020-12-28 14:01:15,608] {dag.py:1813} INFO - Sync 1 DAGs
[2020-12-28 14:01:15,626] {logging_mixin.py:103} INFO - [2020-12-28 14:01:15,625] {dag.py:2266} INFO - Setting next_dagrun for example_xcom to 2020-12-26 00:00:00+00:00
[2020-12-28 14:01:15,638] {scheduler_job.py:189} INFO - Processing /opt/anaconda3/lib/python3.7/site-packages/airflow/example_dags/example_xcom.py took 0.050 seconds
[2020-12-28 14:01:41,316] {scheduler_job.py:181} INFO - Started process (PID=16463) to work on /opt/anaconda3/lib/python3.7/site-packages/airflow/example_dags/example_xcom.py
[2020-12-28 14:01:41,317] {scheduler_job.py:629} INFO - Processing file /opt/anaconda3/lib/python3.7/site-packages/airflow/example_dags/example_xcom.py for tasks to queue
[2020-12-28 14:01:41,319] {logging_mixin.py:103} INFO - [2020-12-28 14:01:41,318] {dagbag.py:440} INFO - Filling up the DagBag from /opt/anaconda3/lib/python3.7/site-packages/airflow/example_dags/example_xcom.py
[2020-12-28 14:01:41,330] {scheduler_job.py:639} INFO - DAG(s) dict_keys(['example_xcom']) retrieved from /opt/anaconda3/lib/python3.7/site-packages/airflow/example_dags/example_xcom.py
[2020-12-28 14:01:41,332] {logging_mixin.py:103} INFO - [2020-12-28 14:01:41,331] {dag.py:1813} INFO - Sync 1 DAGs
[2020-12-28 14:01:41,348] {logging_mixin.py:103} INFO - [2020-12-28 14:01:41,347] {dag.py:2266} INFO - Setting next_dagrun for example_xcom to 2020-12-26 00:00:00+00:00
[2020-12-28 14:01:41,360] {scheduler_job.py:189} INFO - Processing /opt/anaconda3/lib/python3.7/site-packages/airflow/example_dags/example_xcom.py took 0.048 seconds
[2020-12-28 14:02:08,166] {scheduler_job.py:181} INFO - Started process (PID=16604) to work on /opt/anaconda3/lib/python3.7/site-packages/airflow/example_dags/example_xcom.py
[2020-12-28 14:02:08,168] {scheduler_job.py:629} INFO - Processing file /opt/anaconda3/lib/python3.7/site-packages/airflow/example_dags/example_xcom.py for tasks to queue
[2020-12-28 14:02:08,169] {logging_mixin.py:103} INFO - [2020-12-28 14:02:08,169] {dagbag.py:440} INFO - Filling up the DagBag from /opt/anaconda3/lib/python3.7/site-packages/airflow/example_dags/example_xcom.py
[2020-12-28 14:02:08,181] {scheduler_job.py:639} INFO - DAG(s) dict_keys(['example_xcom']) retrieved from /opt/anaconda3/lib/python3.7/site-packages/airflow/example_dags/example_xcom.py
[2020-12-28 14:02:08,182] {logging_mixin.py:103} INFO - [2020-12-28 14:02:08,182] {dag.py:1813} INFO - Sync 1 DAGs
[2020-12-28 14:02:08,199] {logging_mixin.py:103} INFO - [2020-12-28 14:02:08,198] {dag.py:2266} INFO - Setting next_dagrun for example_xcom to 2020-12-26 00:00:00+00:00
[2020-12-28 14:02:08,212] {scheduler_job.py:189} INFO - Processing /opt/anaconda3/lib/python3.7/site-packages/airflow/example_dags/example_xcom.py took 0.050 seconds
[2020-12-28 14:02:33,851] {scheduler_job.py:181} INFO - Started process (PID=16738) to work on /opt/anaconda3/lib/python3.7/site-packages/airflow/example_dags/example_xcom.py
[2020-12-28 14:02:33,853] {scheduler_job.py:629} INFO - Processing file /opt/anaconda3/lib/python3.7/site-packages/airflow/example_dags/example_xcom.py for tasks to queue
[2020-12-28 14:02:33,854] {logging_mixin.py:103} INFO - [2020-12-28 14:02:33,854] {dagbag.py:440} INFO - Filling up the DagBag from /opt/anaconda3/lib/python3.7/site-packages/airflow/example_dags/example_xcom.py
[2020-12-28 14:02:33,865] {scheduler_job.py:639} INFO - DAG(s) dict_keys(['example_xcom']) retrieved from /opt/anaconda3/lib/python3.7/site-packages/airflow/example_dags/example_xcom.py
[2020-12-28 14:02:33,866] {logging_mixin.py:103} INFO - [2020-12-28 14:02:33,866] {dag.py:1813} INFO - Sync 1 DAGs
[2020-12-28 14:02:33,882] {logging_mixin.py:103} INFO - [2020-12-28 14:02:33,882] {dag.py:2266} INFO - Setting next_dagrun for example_xcom to 2020-12-26 00:00:00+00:00
[2020-12-28 14:02:33,894] {scheduler_job.py:189} INFO - Processing /opt/anaconda3/lib/python3.7/site-packages/airflow/example_dags/example_xcom.py took 0.047 seconds
[2020-12-28 14:03:00,433] {scheduler_job.py:181} INFO - Started process (PID=16826) to work on /opt/anaconda3/lib/python3.7/site-packages/airflow/example_dags/example_xcom.py
[2020-12-28 14:03:00,434] {scheduler_job.py:629} INFO - Processing file /opt/anaconda3/lib/python3.7/site-packages/airflow/example_dags/example_xcom.py for tasks to queue
[2020-12-28 14:03:00,435] {logging_mixin.py:103} INFO - [2020-12-28 14:03:00,434] {dagbag.py:440} INFO - Filling up the DagBag from /opt/anaconda3/lib/python3.7/site-packages/airflow/example_dags/example_xcom.py
[2020-12-28 14:03:00,443] {scheduler_job.py:639} INFO - DAG(s) dict_keys(['example_xcom']) retrieved from /opt/anaconda3/lib/python3.7/site-packages/airflow/example_dags/example_xcom.py
[2020-12-28 14:03:00,444] {logging_mixin.py:103} INFO - [2020-12-28 14:03:00,443] {dag.py:1813} INFO - Sync 1 DAGs
[2020-12-28 14:03:00,458] {logging_mixin.py:103} INFO - [2020-12-28 14:03:00,457] {dag.py:2266} INFO - Setting next_dagrun for example_xcom to 2020-12-26 00:00:00+00:00
[2020-12-28 14:03:00,468] {scheduler_job.py:189} INFO - Processing /opt/anaconda3/lib/python3.7/site-packages/airflow/example_dags/example_xcom.py took 0.038 seconds
[2020-12-28 14:03:27,549] {scheduler_job.py:181} INFO - Started process (PID=16913) to work on /opt/anaconda3/lib/python3.7/site-packages/airflow/example_dags/example_xcom.py
[2020-12-28 14:03:27,550] {scheduler_job.py:629} INFO - Processing file /opt/anaconda3/lib/python3.7/site-packages/airflow/example_dags/example_xcom.py for tasks to queue
[2020-12-28 14:03:27,551] {logging_mixin.py:103} INFO - [2020-12-28 14:03:27,551] {dagbag.py:440} INFO - Filling up the DagBag from /opt/anaconda3/lib/python3.7/site-packages/airflow/example_dags/example_xcom.py
[2020-12-28 14:03:27,562] {scheduler_job.py:639} INFO - DAG(s) dict_keys(['example_xcom']) retrieved from /opt/anaconda3/lib/python3.7/site-packages/airflow/example_dags/example_xcom.py
[2020-12-28 14:03:27,564] {logging_mixin.py:103} INFO - [2020-12-28 14:03:27,564] {dag.py:1813} INFO - Sync 1 DAGs
[2020-12-28 14:03:27,580] {logging_mixin.py:103} INFO - [2020-12-28 14:03:27,580] {dag.py:2266} INFO - Setting next_dagrun for example_xcom to 2020-12-26 00:00:00+00:00
[2020-12-28 14:03:27,592] {scheduler_job.py:189} INFO - Processing /opt/anaconda3/lib/python3.7/site-packages/airflow/example_dags/example_xcom.py took 0.047 seconds
[2020-12-28 14:03:53,255] {scheduler_job.py:181} INFO - Started process (PID=17019) to work on /opt/anaconda3/lib/python3.7/site-packages/airflow/example_dags/example_xcom.py
[2020-12-28 14:03:53,257] {scheduler_job.py:629} INFO - Processing file /opt/anaconda3/lib/python3.7/site-packages/airflow/example_dags/example_xcom.py for tasks to queue
[2020-12-28 14:03:53,258] {logging_mixin.py:103} INFO - [2020-12-28 14:03:53,258] {dagbag.py:440} INFO - Filling up the DagBag from /opt/anaconda3/lib/python3.7/site-packages/airflow/example_dags/example_xcom.py
[2020-12-28 14:03:53,270] {scheduler_job.py:639} INFO - DAG(s) dict_keys(['example_xcom']) retrieved from /opt/anaconda3/lib/python3.7/site-packages/airflow/example_dags/example_xcom.py
[2020-12-28 14:03:53,272] {logging_mixin.py:103} INFO - [2020-12-28 14:03:53,271] {dag.py:1813} INFO - Sync 1 DAGs
[2020-12-28 14:03:53,287] {logging_mixin.py:103} INFO - [2020-12-28 14:03:53,287] {dag.py:2266} INFO - Setting next_dagrun for example_xcom to 2020-12-26 00:00:00+00:00
[2020-12-28 14:03:53,298] {scheduler_job.py:189} INFO - Processing /opt/anaconda3/lib/python3.7/site-packages/airflow/example_dags/example_xcom.py took 0.046 seconds
[2020-12-28 14:04:18,984] {scheduler_job.py:181} INFO - Started process (PID=17118) to work on /opt/anaconda3/lib/python3.7/site-packages/airflow/example_dags/example_xcom.py
[2020-12-28 14:04:18,985] {scheduler_job.py:629} INFO - Processing file /opt/anaconda3/lib/python3.7/site-packages/airflow/example_dags/example_xcom.py for tasks to queue
[2020-12-28 14:04:18,986] {logging_mixin.py:103} INFO - [2020-12-28 14:04:18,986] {dagbag.py:440} INFO - Filling up the DagBag from /opt/anaconda3/lib/python3.7/site-packages/airflow/example_dags/example_xcom.py
[2020-12-28 14:04:18,997] {scheduler_job.py:639} INFO - DAG(s) dict_keys(['example_xcom']) retrieved from /opt/anaconda3/lib/python3.7/site-packages/airflow/example_dags/example_xcom.py
[2020-12-28 14:04:18,999] {logging_mixin.py:103} INFO - [2020-12-28 14:04:18,999] {dag.py:1813} INFO - Sync 1 DAGs
[2020-12-28 14:04:19,016] {logging_mixin.py:103} INFO - [2020-12-28 14:04:19,016] {dag.py:2266} INFO - Setting next_dagrun for example_xcom to 2020-12-26 00:00:00+00:00
[2020-12-28 14:04:19,028] {scheduler_job.py:189} INFO - Processing /opt/anaconda3/lib/python3.7/site-packages/airflow/example_dags/example_xcom.py took 0.048 seconds
[2020-12-28 14:04:45,276] {scheduler_job.py:181} INFO - Started process (PID=17238) to work on /opt/anaconda3/lib/python3.7/site-packages/airflow/example_dags/example_xcom.py
[2020-12-28 14:04:45,277] {scheduler_job.py:629} INFO - Processing file /opt/anaconda3/lib/python3.7/site-packages/airflow/example_dags/example_xcom.py for tasks to queue
[2020-12-28 14:04:45,278] {logging_mixin.py:103} INFO - [2020-12-28 14:04:45,278] {dagbag.py:440} INFO - Filling up the DagBag from /opt/anaconda3/lib/python3.7/site-packages/airflow/example_dags/example_xcom.py
[2020-12-28 14:04:45,289] {scheduler_job.py:639} INFO - DAG(s) dict_keys(['example_xcom']) retrieved from /opt/anaconda3/lib/python3.7/site-packages/airflow/example_dags/example_xcom.py
[2020-12-28 14:04:45,290] {logging_mixin.py:103} INFO - [2020-12-28 14:04:45,290] {dag.py:1813} INFO - Sync 1 DAGs
[2020-12-28 14:04:45,303] {logging_mixin.py:103} INFO - [2020-12-28 14:04:45,302] {dag.py:1832} INFO - Creating ORM DAG for example_xcom
[2020-12-28 14:04:45,307] {logging_mixin.py:103} INFO - [2020-12-28 14:04:45,307] {dag.py:2266} INFO - Setting next_dagrun for example_xcom to 2020-12-26 00:00:00+00:00
[2020-12-28 14:04:45,327] {scheduler_job.py:189} INFO - Processing /opt/anaconda3/lib/python3.7/site-packages/airflow/example_dags/example_xcom.py took 0.055 seconds
[2020-12-28 14:05:12,173] {scheduler_job.py:181} INFO - Started process (PID=17344) to work on /opt/anaconda3/lib/python3.7/site-packages/airflow/example_dags/example_xcom.py
[2020-12-28 14:05:12,174] {scheduler_job.py:629} INFO - Processing file /opt/anaconda3/lib/python3.7/site-packages/airflow/example_dags/example_xcom.py for tasks to queue
[2020-12-28 14:05:12,175] {logging_mixin.py:103} INFO - [2020-12-28 14:05:12,175] {dagbag.py:440} INFO - Filling up the DagBag from /opt/anaconda3/lib/python3.7/site-packages/airflow/example_dags/example_xcom.py
[2020-12-28 14:05:12,184] {scheduler_job.py:639} INFO - DAG(s) dict_keys(['example_xcom']) retrieved from /opt/anaconda3/lib/python3.7/site-packages/airflow/example_dags/example_xcom.py
[2020-12-28 14:05:12,186] {logging_mixin.py:103} INFO - [2020-12-28 14:05:12,185] {dag.py:1813} INFO - Sync 1 DAGs
[2020-12-28 14:05:12,200] {logging_mixin.py:103} INFO - [2020-12-28 14:05:12,199] {dag.py:2266} INFO - Setting next_dagrun for example_xcom to 2020-12-26 00:00:00+00:00
[2020-12-28 14:05:12,207] {scheduler_job.py:189} INFO - Processing /opt/anaconda3/lib/python3.7/site-packages/airflow/example_dags/example_xcom.py took 0.037 seconds
[2020-12-28 14:05:40,170] {scheduler_job.py:181} INFO - Started process (PID=17455) to work on /opt/anaconda3/lib/python3.7/site-packages/airflow/example_dags/example_xcom.py
[2020-12-28 14:05:40,172] {scheduler_job.py:629} INFO - Processing file /opt/anaconda3/lib/python3.7/site-packages/airflow/example_dags/example_xcom.py for tasks to queue
[2020-12-28 14:05:40,173] {logging_mixin.py:103} INFO - [2020-12-28 14:05:40,172] {dagbag.py:440} INFO - Filling up the DagBag from /opt/anaconda3/lib/python3.7/site-packages/airflow/example_dags/example_xcom.py
[2020-12-28 14:05:40,184] {scheduler_job.py:639} INFO - DAG(s) dict_keys(['example_xcom']) retrieved from /opt/anaconda3/lib/python3.7/site-packages/airflow/example_dags/example_xcom.py
[2020-12-28 14:05:40,185] {logging_mixin.py:103} INFO - [2020-12-28 14:05:40,185] {dag.py:1813} INFO - Sync 1 DAGs
[2020-12-28 14:05:40,202] {logging_mixin.py:103} INFO - [2020-12-28 14:05:40,201] {dag.py:2266} INFO - Setting next_dagrun for example_xcom to 2020-12-26 00:00:00+00:00
[2020-12-28 14:05:40,215] {scheduler_job.py:189} INFO - Processing /opt/anaconda3/lib/python3.7/site-packages/airflow/example_dags/example_xcom.py took 0.048 seconds
