[2020-12-28 13:54:52,162] {scheduler_job.py:181} INFO - Started process (PID=15013) to work on /opt/anaconda3/lib/python3.7/site-packages/airflow/example_dags/example_nested_branch_dag.py
[2020-12-28 13:54:52,163] {scheduler_job.py:629} INFO - Processing file /opt/anaconda3/lib/python3.7/site-packages/airflow/example_dags/example_nested_branch_dag.py for tasks to queue
[2020-12-28 13:54:52,164] {logging_mixin.py:103} INFO - [2020-12-28 13:54:52,164] {dagbag.py:440} INFO - Filling up the DagBag from /opt/anaconda3/lib/python3.7/site-packages/airflow/example_dags/example_nested_branch_dag.py
[2020-12-28 13:54:52,180] {scheduler_job.py:639} INFO - DAG(s) dict_keys(['example_nested_branch_dag']) retrieved from /opt/anaconda3/lib/python3.7/site-packages/airflow/example_dags/example_nested_branch_dag.py
[2020-12-28 13:54:52,181] {logging_mixin.py:103} INFO - [2020-12-28 13:54:52,181] {dag.py:1813} INFO - Sync 1 DAGs
[2020-12-28 13:54:52,207] {logging_mixin.py:103} INFO - [2020-12-28 13:54:52,207] {dag.py:2266} INFO - Setting next_dagrun for example_nested_branch_dag to 2020-12-26 00:00:00+00:00
[2020-12-28 13:54:52,220] {scheduler_job.py:189} INFO - Processing /opt/anaconda3/lib/python3.7/site-packages/airflow/example_dags/example_nested_branch_dag.py took 0.062 seconds
[2020-12-28 13:55:17,890] {scheduler_job.py:181} INFO - Started process (PID=15115) to work on /opt/anaconda3/lib/python3.7/site-packages/airflow/example_dags/example_nested_branch_dag.py
[2020-12-28 13:55:17,891] {scheduler_job.py:629} INFO - Processing file /opt/anaconda3/lib/python3.7/site-packages/airflow/example_dags/example_nested_branch_dag.py for tasks to queue
[2020-12-28 13:55:17,892] {logging_mixin.py:103} INFO - [2020-12-28 13:55:17,892] {dagbag.py:440} INFO - Filling up the DagBag from /opt/anaconda3/lib/python3.7/site-packages/airflow/example_dags/example_nested_branch_dag.py
[2020-12-28 13:55:17,904] {scheduler_job.py:639} INFO - DAG(s) dict_keys(['example_nested_branch_dag']) retrieved from /opt/anaconda3/lib/python3.7/site-packages/airflow/example_dags/example_nested_branch_dag.py
[2020-12-28 13:55:17,905] {logging_mixin.py:103} INFO - [2020-12-28 13:55:17,905] {dag.py:1813} INFO - Sync 1 DAGs
[2020-12-28 13:55:17,926] {logging_mixin.py:103} INFO - [2020-12-28 13:55:17,925] {dag.py:2266} INFO - Setting next_dagrun for example_nested_branch_dag to 2020-12-26 00:00:00+00:00
[2020-12-28 13:55:17,938] {scheduler_job.py:189} INFO - Processing /opt/anaconda3/lib/python3.7/site-packages/airflow/example_dags/example_nested_branch_dag.py took 0.051 seconds
[2020-12-28 13:55:44,712] {scheduler_job.py:181} INFO - Started process (PID=15211) to work on /opt/anaconda3/lib/python3.7/site-packages/airflow/example_dags/example_nested_branch_dag.py
[2020-12-28 13:55:44,713] {scheduler_job.py:629} INFO - Processing file /opt/anaconda3/lib/python3.7/site-packages/airflow/example_dags/example_nested_branch_dag.py for tasks to queue
[2020-12-28 13:55:44,714] {logging_mixin.py:103} INFO - [2020-12-28 13:55:44,714] {dagbag.py:440} INFO - Filling up the DagBag from /opt/anaconda3/lib/python3.7/site-packages/airflow/example_dags/example_nested_branch_dag.py
[2020-12-28 13:55:44,728] {scheduler_job.py:639} INFO - DAG(s) dict_keys(['example_nested_branch_dag']) retrieved from /opt/anaconda3/lib/python3.7/site-packages/airflow/example_dags/example_nested_branch_dag.py
[2020-12-28 13:55:44,729] {logging_mixin.py:103} INFO - [2020-12-28 13:55:44,729] {dag.py:1813} INFO - Sync 1 DAGs
[2020-12-28 13:55:44,752] {logging_mixin.py:103} INFO - [2020-12-28 13:55:44,752] {dag.py:2266} INFO - Setting next_dagrun for example_nested_branch_dag to 2020-12-26 00:00:00+00:00
[2020-12-28 13:55:44,764] {scheduler_job.py:189} INFO - Processing /opt/anaconda3/lib/python3.7/site-packages/airflow/example_dags/example_nested_branch_dag.py took 0.055 seconds
[2020-12-28 13:56:10,431] {scheduler_job.py:181} INFO - Started process (PID=15299) to work on /opt/anaconda3/lib/python3.7/site-packages/airflow/example_dags/example_nested_branch_dag.py
[2020-12-28 13:56:10,433] {scheduler_job.py:629} INFO - Processing file /opt/anaconda3/lib/python3.7/site-packages/airflow/example_dags/example_nested_branch_dag.py for tasks to queue
[2020-12-28 13:56:10,434] {logging_mixin.py:103} INFO - [2020-12-28 13:56:10,433] {dagbag.py:440} INFO - Filling up the DagBag from /opt/anaconda3/lib/python3.7/site-packages/airflow/example_dags/example_nested_branch_dag.py
[2020-12-28 13:56:10,447] {scheduler_job.py:639} INFO - DAG(s) dict_keys(['example_nested_branch_dag']) retrieved from /opt/anaconda3/lib/python3.7/site-packages/airflow/example_dags/example_nested_branch_dag.py
[2020-12-28 13:56:10,449] {logging_mixin.py:103} INFO - [2020-12-28 13:56:10,448] {dag.py:1813} INFO - Sync 1 DAGs
[2020-12-28 13:56:10,471] {logging_mixin.py:103} INFO - [2020-12-28 13:56:10,471] {dag.py:2266} INFO - Setting next_dagrun for example_nested_branch_dag to 2020-12-26 00:00:00+00:00
[2020-12-28 13:56:10,482] {scheduler_job.py:189} INFO - Processing /opt/anaconda3/lib/python3.7/site-packages/airflow/example_dags/example_nested_branch_dag.py took 0.055 seconds
[2020-12-28 13:56:36,734] {scheduler_job.py:181} INFO - Started process (PID=15406) to work on /opt/anaconda3/lib/python3.7/site-packages/airflow/example_dags/example_nested_branch_dag.py
[2020-12-28 13:56:36,735] {scheduler_job.py:629} INFO - Processing file /opt/anaconda3/lib/python3.7/site-packages/airflow/example_dags/example_nested_branch_dag.py for tasks to queue
[2020-12-28 13:56:36,736] {logging_mixin.py:103} INFO - [2020-12-28 13:56:36,736] {dagbag.py:440} INFO - Filling up the DagBag from /opt/anaconda3/lib/python3.7/site-packages/airflow/example_dags/example_nested_branch_dag.py
[2020-12-28 13:56:36,752] {scheduler_job.py:639} INFO - DAG(s) dict_keys(['example_nested_branch_dag']) retrieved from /opt/anaconda3/lib/python3.7/site-packages/airflow/example_dags/example_nested_branch_dag.py
[2020-12-28 13:56:36,753] {logging_mixin.py:103} INFO - [2020-12-28 13:56:36,753] {dag.py:1813} INFO - Sync 1 DAGs
[2020-12-28 13:56:36,777] {logging_mixin.py:103} INFO - [2020-12-28 13:56:36,777] {dag.py:2266} INFO - Setting next_dagrun for example_nested_branch_dag to 2020-12-26 00:00:00+00:00
[2020-12-28 13:56:36,789] {scheduler_job.py:189} INFO - Processing /opt/anaconda3/lib/python3.7/site-packages/airflow/example_dags/example_nested_branch_dag.py took 0.059 seconds
[2020-12-28 13:57:02,437] {scheduler_job.py:181} INFO - Started process (PID=15512) to work on /opt/anaconda3/lib/python3.7/site-packages/airflow/example_dags/example_nested_branch_dag.py
[2020-12-28 13:57:02,438] {scheduler_job.py:629} INFO - Processing file /opt/anaconda3/lib/python3.7/site-packages/airflow/example_dags/example_nested_branch_dag.py for tasks to queue
[2020-12-28 13:57:02,439] {logging_mixin.py:103} INFO - [2020-12-28 13:57:02,439] {dagbag.py:440} INFO - Filling up the DagBag from /opt/anaconda3/lib/python3.7/site-packages/airflow/example_dags/example_nested_branch_dag.py
[2020-12-28 13:57:02,453] {scheduler_job.py:639} INFO - DAG(s) dict_keys(['example_nested_branch_dag']) retrieved from /opt/anaconda3/lib/python3.7/site-packages/airflow/example_dags/example_nested_branch_dag.py
[2020-12-28 13:57:02,455] {logging_mixin.py:103} INFO - [2020-12-28 13:57:02,454] {dag.py:1813} INFO - Sync 1 DAGs
[2020-12-28 13:57:02,477] {logging_mixin.py:103} INFO - [2020-12-28 13:57:02,477] {dag.py:2266} INFO - Setting next_dagrun for example_nested_branch_dag to 2020-12-26 00:00:00+00:00
[2020-12-28 13:57:02,490] {scheduler_job.py:189} INFO - Processing /opt/anaconda3/lib/python3.7/site-packages/airflow/example_dags/example_nested_branch_dag.py took 0.056 seconds
[2020-12-28 13:57:29,301] {scheduler_job.py:181} INFO - Started process (PID=15608) to work on /opt/anaconda3/lib/python3.7/site-packages/airflow/example_dags/example_nested_branch_dag.py
[2020-12-28 13:57:29,302] {scheduler_job.py:629} INFO - Processing file /opt/anaconda3/lib/python3.7/site-packages/airflow/example_dags/example_nested_branch_dag.py for tasks to queue
[2020-12-28 13:57:29,303] {logging_mixin.py:103} INFO - [2020-12-28 13:57:29,303] {dagbag.py:440} INFO - Filling up the DagBag from /opt/anaconda3/lib/python3.7/site-packages/airflow/example_dags/example_nested_branch_dag.py
[2020-12-28 13:57:29,318] {scheduler_job.py:639} INFO - DAG(s) dict_keys(['example_nested_branch_dag']) retrieved from /opt/anaconda3/lib/python3.7/site-packages/airflow/example_dags/example_nested_branch_dag.py
[2020-12-28 13:57:29,319] {logging_mixin.py:103} INFO - [2020-12-28 13:57:29,319] {dag.py:1813} INFO - Sync 1 DAGs
[2020-12-28 13:57:29,343] {logging_mixin.py:103} INFO - [2020-12-28 13:57:29,343] {dag.py:2266} INFO - Setting next_dagrun for example_nested_branch_dag to 2020-12-26 00:00:00+00:00
[2020-12-28 13:57:29,356] {scheduler_job.py:189} INFO - Processing /opt/anaconda3/lib/python3.7/site-packages/airflow/example_dags/example_nested_branch_dag.py took 0.059 seconds
[2020-12-28 13:57:55,312] {scheduler_job.py:181} INFO - Started process (PID=15680) to work on /opt/anaconda3/lib/python3.7/site-packages/airflow/example_dags/example_nested_branch_dag.py
[2020-12-28 13:57:55,313] {scheduler_job.py:629} INFO - Processing file /opt/anaconda3/lib/python3.7/site-packages/airflow/example_dags/example_nested_branch_dag.py for tasks to queue
[2020-12-28 13:57:55,314] {logging_mixin.py:103} INFO - [2020-12-28 13:57:55,314] {dagbag.py:440} INFO - Filling up the DagBag from /opt/anaconda3/lib/python3.7/site-packages/airflow/example_dags/example_nested_branch_dag.py
[2020-12-28 13:57:55,328] {scheduler_job.py:639} INFO - DAG(s) dict_keys(['example_nested_branch_dag']) retrieved from /opt/anaconda3/lib/python3.7/site-packages/airflow/example_dags/example_nested_branch_dag.py
[2020-12-28 13:57:55,330] {logging_mixin.py:103} INFO - [2020-12-28 13:57:55,329] {dag.py:1813} INFO - Sync 1 DAGs
[2020-12-28 13:57:55,353] {logging_mixin.py:103} INFO - [2020-12-28 13:57:55,353] {dag.py:2266} INFO - Setting next_dagrun for example_nested_branch_dag to 2020-12-26 00:00:00+00:00
[2020-12-28 13:57:55,366] {scheduler_job.py:189} INFO - Processing /opt/anaconda3/lib/python3.7/site-packages/airflow/example_dags/example_nested_branch_dag.py took 0.058 seconds
[2020-12-28 13:58:21,906] {scheduler_job.py:181} INFO - Started process (PID=15783) to work on /opt/anaconda3/lib/python3.7/site-packages/airflow/example_dags/example_nested_branch_dag.py
[2020-12-28 13:58:21,908] {scheduler_job.py:629} INFO - Processing file /opt/anaconda3/lib/python3.7/site-packages/airflow/example_dags/example_nested_branch_dag.py for tasks to queue
[2020-12-28 13:58:21,909] {logging_mixin.py:103} INFO - [2020-12-28 13:58:21,909] {dagbag.py:440} INFO - Filling up the DagBag from /opt/anaconda3/lib/python3.7/site-packages/airflow/example_dags/example_nested_branch_dag.py
[2020-12-28 13:58:21,923] {scheduler_job.py:639} INFO - DAG(s) dict_keys(['example_nested_branch_dag']) retrieved from /opt/anaconda3/lib/python3.7/site-packages/airflow/example_dags/example_nested_branch_dag.py
[2020-12-28 13:58:21,924] {logging_mixin.py:103} INFO - [2020-12-28 13:58:21,924] {dag.py:1813} INFO - Sync 1 DAGs
[2020-12-28 13:58:21,947] {logging_mixin.py:103} INFO - [2020-12-28 13:58:21,947] {dag.py:2266} INFO - Setting next_dagrun for example_nested_branch_dag to 2020-12-26 00:00:00+00:00
[2020-12-28 13:58:21,961] {scheduler_job.py:189} INFO - Processing /opt/anaconda3/lib/python3.7/site-packages/airflow/example_dags/example_nested_branch_dag.py took 0.059 seconds
[2020-12-28 13:58:48,716] {scheduler_job.py:181} INFO - Started process (PID=15870) to work on /opt/anaconda3/lib/python3.7/site-packages/airflow/example_dags/example_nested_branch_dag.py
[2020-12-28 13:58:48,717] {scheduler_job.py:629} INFO - Processing file /opt/anaconda3/lib/python3.7/site-packages/airflow/example_dags/example_nested_branch_dag.py for tasks to queue
[2020-12-28 13:58:48,718] {logging_mixin.py:103} INFO - [2020-12-28 13:58:48,718] {dagbag.py:440} INFO - Filling up the DagBag from /opt/anaconda3/lib/python3.7/site-packages/airflow/example_dags/example_nested_branch_dag.py
[2020-12-28 13:58:48,732] {scheduler_job.py:639} INFO - DAG(s) dict_keys(['example_nested_branch_dag']) retrieved from /opt/anaconda3/lib/python3.7/site-packages/airflow/example_dags/example_nested_branch_dag.py
[2020-12-28 13:58:48,733] {logging_mixin.py:103} INFO - [2020-12-28 13:58:48,733] {dag.py:1813} INFO - Sync 1 DAGs
[2020-12-28 13:58:48,757] {logging_mixin.py:103} INFO - [2020-12-28 13:58:48,757] {dag.py:2266} INFO - Setting next_dagrun for example_nested_branch_dag to 2020-12-26 00:00:00+00:00
[2020-12-28 13:58:48,771] {scheduler_job.py:189} INFO - Processing /opt/anaconda3/lib/python3.7/site-packages/airflow/example_dags/example_nested_branch_dag.py took 0.059 seconds
[2020-12-28 13:59:14,458] {scheduler_job.py:181} INFO - Started process (PID=15958) to work on /opt/anaconda3/lib/python3.7/site-packages/airflow/example_dags/example_nested_branch_dag.py
[2020-12-28 13:59:14,460] {scheduler_job.py:629} INFO - Processing file /opt/anaconda3/lib/python3.7/site-packages/airflow/example_dags/example_nested_branch_dag.py for tasks to queue
[2020-12-28 13:59:14,461] {logging_mixin.py:103} INFO - [2020-12-28 13:59:14,460] {dagbag.py:440} INFO - Filling up the DagBag from /opt/anaconda3/lib/python3.7/site-packages/airflow/example_dags/example_nested_branch_dag.py
[2020-12-28 13:59:14,475] {scheduler_job.py:639} INFO - DAG(s) dict_keys(['example_nested_branch_dag']) retrieved from /opt/anaconda3/lib/python3.7/site-packages/airflow/example_dags/example_nested_branch_dag.py
[2020-12-28 13:59:14,476] {logging_mixin.py:103} INFO - [2020-12-28 13:59:14,476] {dag.py:1813} INFO - Sync 1 DAGs
[2020-12-28 13:59:14,501] {logging_mixin.py:103} INFO - [2020-12-28 13:59:14,500] {dag.py:2266} INFO - Setting next_dagrun for example_nested_branch_dag to 2020-12-26 00:00:00+00:00
[2020-12-28 13:59:14,516] {scheduler_job.py:189} INFO - Processing /opt/anaconda3/lib/python3.7/site-packages/airflow/example_dags/example_nested_branch_dag.py took 0.062 seconds
[2020-12-28 13:59:39,791] {scheduler_job.py:181} INFO - Started process (PID=16037) to work on /opt/anaconda3/lib/python3.7/site-packages/airflow/example_dags/example_nested_branch_dag.py
[2020-12-28 13:59:39,794] {scheduler_job.py:629} INFO - Processing file /opt/anaconda3/lib/python3.7/site-packages/airflow/example_dags/example_nested_branch_dag.py for tasks to queue
[2020-12-28 13:59:39,795] {logging_mixin.py:103} INFO - [2020-12-28 13:59:39,795] {dagbag.py:440} INFO - Filling up the DagBag from /opt/anaconda3/lib/python3.7/site-packages/airflow/example_dags/example_nested_branch_dag.py
[2020-12-28 13:59:39,810] {scheduler_job.py:639} INFO - DAG(s) dict_keys(['example_nested_branch_dag']) retrieved from /opt/anaconda3/lib/python3.7/site-packages/airflow/example_dags/example_nested_branch_dag.py
[2020-12-28 13:59:39,812] {logging_mixin.py:103} INFO - [2020-12-28 13:59:39,812] {dag.py:1813} INFO - Sync 1 DAGs
[2020-12-28 13:59:39,838] {logging_mixin.py:103} INFO - [2020-12-28 13:59:39,837] {dag.py:2266} INFO - Setting next_dagrun for example_nested_branch_dag to 2020-12-26 00:00:00+00:00
[2020-12-28 13:59:39,851] {scheduler_job.py:189} INFO - Processing /opt/anaconda3/lib/python3.7/site-packages/airflow/example_dags/example_nested_branch_dag.py took 0.063 seconds
[2020-12-28 14:00:05,898] {scheduler_job.py:181} INFO - Started process (PID=16125) to work on /opt/anaconda3/lib/python3.7/site-packages/airflow/example_dags/example_nested_branch_dag.py
[2020-12-28 14:00:05,900] {scheduler_job.py:629} INFO - Processing file /opt/anaconda3/lib/python3.7/site-packages/airflow/example_dags/example_nested_branch_dag.py for tasks to queue
[2020-12-28 14:00:05,901] {logging_mixin.py:103} INFO - [2020-12-28 14:00:05,900] {dagbag.py:440} INFO - Filling up the DagBag from /opt/anaconda3/lib/python3.7/site-packages/airflow/example_dags/example_nested_branch_dag.py
[2020-12-28 14:00:05,916] {scheduler_job.py:639} INFO - DAG(s) dict_keys(['example_nested_branch_dag']) retrieved from /opt/anaconda3/lib/python3.7/site-packages/airflow/example_dags/example_nested_branch_dag.py
[2020-12-28 14:00:05,917] {logging_mixin.py:103} INFO - [2020-12-28 14:00:05,917] {dag.py:1813} INFO - Sync 1 DAGs
[2020-12-28 14:00:05,942] {logging_mixin.py:103} INFO - [2020-12-28 14:00:05,942] {dag.py:2266} INFO - Setting next_dagrun for example_nested_branch_dag to 2020-12-26 00:00:00+00:00
[2020-12-28 14:00:05,957] {scheduler_job.py:189} INFO - Processing /opt/anaconda3/lib/python3.7/site-packages/airflow/example_dags/example_nested_branch_dag.py took 0.062 seconds
[2020-12-28 14:00:31,597] {scheduler_job.py:181} INFO - Started process (PID=16226) to work on /opt/anaconda3/lib/python3.7/site-packages/airflow/example_dags/example_nested_branch_dag.py
[2020-12-28 14:00:31,599] {scheduler_job.py:629} INFO - Processing file /opt/anaconda3/lib/python3.7/site-packages/airflow/example_dags/example_nested_branch_dag.py for tasks to queue
[2020-12-28 14:00:31,600] {logging_mixin.py:103} INFO - [2020-12-28 14:00:31,600] {dagbag.py:440} INFO - Filling up the DagBag from /opt/anaconda3/lib/python3.7/site-packages/airflow/example_dags/example_nested_branch_dag.py
[2020-12-28 14:00:31,616] {scheduler_job.py:639} INFO - DAG(s) dict_keys(['example_nested_branch_dag']) retrieved from /opt/anaconda3/lib/python3.7/site-packages/airflow/example_dags/example_nested_branch_dag.py
[2020-12-28 14:00:31,618] {logging_mixin.py:103} INFO - [2020-12-28 14:00:31,617] {dag.py:1813} INFO - Sync 1 DAGs
[2020-12-28 14:00:31,642] {logging_mixin.py:103} INFO - [2020-12-28 14:00:31,642] {dag.py:2266} INFO - Setting next_dagrun for example_nested_branch_dag to 2020-12-26 00:00:00+00:00
[2020-12-28 14:00:31,655] {scheduler_job.py:189} INFO - Processing /opt/anaconda3/lib/python3.7/site-packages/airflow/example_dags/example_nested_branch_dag.py took 0.060 seconds
[2020-12-28 14:00:58,162] {scheduler_job.py:181} INFO - Started process (PID=16317) to work on /opt/anaconda3/lib/python3.7/site-packages/airflow/example_dags/example_nested_branch_dag.py
[2020-12-28 14:00:58,163] {scheduler_job.py:629} INFO - Processing file /opt/anaconda3/lib/python3.7/site-packages/airflow/example_dags/example_nested_branch_dag.py for tasks to queue
[2020-12-28 14:00:58,164] {logging_mixin.py:103} INFO - [2020-12-28 14:00:58,163] {dagbag.py:440} INFO - Filling up the DagBag from /opt/anaconda3/lib/python3.7/site-packages/airflow/example_dags/example_nested_branch_dag.py
[2020-12-28 14:00:58,175] {scheduler_job.py:639} INFO - DAG(s) dict_keys(['example_nested_branch_dag']) retrieved from /opt/anaconda3/lib/python3.7/site-packages/airflow/example_dags/example_nested_branch_dag.py
[2020-12-28 14:00:58,176] {logging_mixin.py:103} INFO - [2020-12-28 14:00:58,176] {dag.py:1813} INFO - Sync 1 DAGs
[2020-12-28 14:00:58,193] {logging_mixin.py:103} INFO - [2020-12-28 14:00:58,193] {dag.py:2266} INFO - Setting next_dagrun for example_nested_branch_dag to 2020-12-26 00:00:00+00:00
[2020-12-28 14:00:58,204] {scheduler_job.py:189} INFO - Processing /opt/anaconda3/lib/python3.7/site-packages/airflow/example_dags/example_nested_branch_dag.py took 0.044 seconds
[2020-12-28 14:01:24,735] {scheduler_job.py:181} INFO - Started process (PID=16404) to work on /opt/anaconda3/lib/python3.7/site-packages/airflow/example_dags/example_nested_branch_dag.py
[2020-12-28 14:01:24,737] {scheduler_job.py:629} INFO - Processing file /opt/anaconda3/lib/python3.7/site-packages/airflow/example_dags/example_nested_branch_dag.py for tasks to queue
[2020-12-28 14:01:24,738] {logging_mixin.py:103} INFO - [2020-12-28 14:01:24,737] {dagbag.py:440} INFO - Filling up the DagBag from /opt/anaconda3/lib/python3.7/site-packages/airflow/example_dags/example_nested_branch_dag.py
[2020-12-28 14:01:24,752] {scheduler_job.py:639} INFO - DAG(s) dict_keys(['example_nested_branch_dag']) retrieved from /opt/anaconda3/lib/python3.7/site-packages/airflow/example_dags/example_nested_branch_dag.py
[2020-12-28 14:01:24,753] {logging_mixin.py:103} INFO - [2020-12-28 14:01:24,753] {dag.py:1813} INFO - Sync 1 DAGs
[2020-12-28 14:01:24,776] {logging_mixin.py:103} INFO - [2020-12-28 14:01:24,775] {dag.py:2266} INFO - Setting next_dagrun for example_nested_branch_dag to 2020-12-26 00:00:00+00:00
[2020-12-28 14:01:24,788] {scheduler_job.py:189} INFO - Processing /opt/anaconda3/lib/python3.7/site-packages/airflow/example_dags/example_nested_branch_dag.py took 0.056 seconds
[2020-12-28 14:01:50,468] {scheduler_job.py:181} INFO - Started process (PID=16491) to work on /opt/anaconda3/lib/python3.7/site-packages/airflow/example_dags/example_nested_branch_dag.py
[2020-12-28 14:01:50,469] {scheduler_job.py:629} INFO - Processing file /opt/anaconda3/lib/python3.7/site-packages/airflow/example_dags/example_nested_branch_dag.py for tasks to queue
[2020-12-28 14:01:50,470] {logging_mixin.py:103} INFO - [2020-12-28 14:01:50,470] {dagbag.py:440} INFO - Filling up the DagBag from /opt/anaconda3/lib/python3.7/site-packages/airflow/example_dags/example_nested_branch_dag.py
[2020-12-28 14:01:50,484] {scheduler_job.py:639} INFO - DAG(s) dict_keys(['example_nested_branch_dag']) retrieved from /opt/anaconda3/lib/python3.7/site-packages/airflow/example_dags/example_nested_branch_dag.py
[2020-12-28 14:01:50,486] {logging_mixin.py:103} INFO - [2020-12-28 14:01:50,486] {dag.py:1813} INFO - Sync 1 DAGs
[2020-12-28 14:01:50,507] {logging_mixin.py:103} INFO - [2020-12-28 14:01:50,507] {dag.py:2266} INFO - Setting next_dagrun for example_nested_branch_dag to 2020-12-26 00:00:00+00:00
[2020-12-28 14:01:50,519] {scheduler_job.py:189} INFO - Processing /opt/anaconda3/lib/python3.7/site-packages/airflow/example_dags/example_nested_branch_dag.py took 0.054 seconds
[2020-12-28 14:02:17,295] {scheduler_job.py:181} INFO - Started process (PID=16690) to work on /opt/anaconda3/lib/python3.7/site-packages/airflow/example_dags/example_nested_branch_dag.py
[2020-12-28 14:02:17,297] {scheduler_job.py:629} INFO - Processing file /opt/anaconda3/lib/python3.7/site-packages/airflow/example_dags/example_nested_branch_dag.py for tasks to queue
[2020-12-28 14:02:17,298] {logging_mixin.py:103} INFO - [2020-12-28 14:02:17,298] {dagbag.py:440} INFO - Filling up the DagBag from /opt/anaconda3/lib/python3.7/site-packages/airflow/example_dags/example_nested_branch_dag.py
[2020-12-28 14:02:17,312] {scheduler_job.py:639} INFO - DAG(s) dict_keys(['example_nested_branch_dag']) retrieved from /opt/anaconda3/lib/python3.7/site-packages/airflow/example_dags/example_nested_branch_dag.py
[2020-12-28 14:02:17,313] {logging_mixin.py:103} INFO - [2020-12-28 14:02:17,313] {dag.py:1813} INFO - Sync 1 DAGs
[2020-12-28 14:02:17,337] {logging_mixin.py:103} INFO - [2020-12-28 14:02:17,337] {dag.py:2266} INFO - Setting next_dagrun for example_nested_branch_dag to 2020-12-26 00:00:00+00:00
[2020-12-28 14:02:17,351] {scheduler_job.py:189} INFO - Processing /opt/anaconda3/lib/python3.7/site-packages/airflow/example_dags/example_nested_branch_dag.py took 0.059 seconds
[2020-12-28 14:02:43,015] {scheduler_job.py:181} INFO - Started process (PID=16769) to work on /opt/anaconda3/lib/python3.7/site-packages/airflow/example_dags/example_nested_branch_dag.py
[2020-12-28 14:02:43,016] {scheduler_job.py:629} INFO - Processing file /opt/anaconda3/lib/python3.7/site-packages/airflow/example_dags/example_nested_branch_dag.py for tasks to queue
[2020-12-28 14:02:43,017] {logging_mixin.py:103} INFO - [2020-12-28 14:02:43,017] {dagbag.py:440} INFO - Filling up the DagBag from /opt/anaconda3/lib/python3.7/site-packages/airflow/example_dags/example_nested_branch_dag.py
[2020-12-28 14:02:43,031] {scheduler_job.py:639} INFO - DAG(s) dict_keys(['example_nested_branch_dag']) retrieved from /opt/anaconda3/lib/python3.7/site-packages/airflow/example_dags/example_nested_branch_dag.py
[2020-12-28 14:02:43,033] {logging_mixin.py:103} INFO - [2020-12-28 14:02:43,033] {dag.py:1813} INFO - Sync 1 DAGs
[2020-12-28 14:02:43,056] {logging_mixin.py:103} INFO - [2020-12-28 14:02:43,056] {dag.py:2266} INFO - Setting next_dagrun for example_nested_branch_dag to 2020-12-26 00:00:00+00:00
[2020-12-28 14:02:43,070] {scheduler_job.py:189} INFO - Processing /opt/anaconda3/lib/python3.7/site-packages/airflow/example_dags/example_nested_branch_dag.py took 0.059 seconds
[2020-12-28 14:03:09,881] {scheduler_job.py:181} INFO - Started process (PID=16855) to work on /opt/anaconda3/lib/python3.7/site-packages/airflow/example_dags/example_nested_branch_dag.py
[2020-12-28 14:03:09,882] {scheduler_job.py:629} INFO - Processing file /opt/anaconda3/lib/python3.7/site-packages/airflow/example_dags/example_nested_branch_dag.py for tasks to queue
[2020-12-28 14:03:09,883] {logging_mixin.py:103} INFO - [2020-12-28 14:03:09,883] {dagbag.py:440} INFO - Filling up the DagBag from /opt/anaconda3/lib/python3.7/site-packages/airflow/example_dags/example_nested_branch_dag.py
[2020-12-28 14:03:09,896] {scheduler_job.py:639} INFO - DAG(s) dict_keys(['example_nested_branch_dag']) retrieved from /opt/anaconda3/lib/python3.7/site-packages/airflow/example_dags/example_nested_branch_dag.py
[2020-12-28 14:03:09,898] {logging_mixin.py:103} INFO - [2020-12-28 14:03:09,898] {dag.py:1813} INFO - Sync 1 DAGs
[2020-12-28 14:03:09,921] {logging_mixin.py:103} INFO - [2020-12-28 14:03:09,920] {dag.py:2266} INFO - Setting next_dagrun for example_nested_branch_dag to 2020-12-26 00:00:00+00:00
[2020-12-28 14:03:09,932] {scheduler_job.py:189} INFO - Processing /opt/anaconda3/lib/python3.7/site-packages/airflow/example_dags/example_nested_branch_dag.py took 0.055 seconds
[2020-12-28 14:03:35,568] {scheduler_job.py:181} INFO - Started process (PID=16943) to work on /opt/anaconda3/lib/python3.7/site-packages/airflow/example_dags/example_nested_branch_dag.py
[2020-12-28 14:03:35,570] {scheduler_job.py:629} INFO - Processing file /opt/anaconda3/lib/python3.7/site-packages/airflow/example_dags/example_nested_branch_dag.py for tasks to queue
[2020-12-28 14:03:35,571] {logging_mixin.py:103} INFO - [2020-12-28 14:03:35,570] {dagbag.py:440} INFO - Filling up the DagBag from /opt/anaconda3/lib/python3.7/site-packages/airflow/example_dags/example_nested_branch_dag.py
[2020-12-28 14:03:35,584] {scheduler_job.py:639} INFO - DAG(s) dict_keys(['example_nested_branch_dag']) retrieved from /opt/anaconda3/lib/python3.7/site-packages/airflow/example_dags/example_nested_branch_dag.py
[2020-12-28 14:03:35,586] {logging_mixin.py:103} INFO - [2020-12-28 14:03:35,586] {dag.py:1813} INFO - Sync 1 DAGs
[2020-12-28 14:03:35,609] {logging_mixin.py:103} INFO - [2020-12-28 14:03:35,609] {dag.py:2266} INFO - Setting next_dagrun for example_nested_branch_dag to 2020-12-26 00:00:00+00:00
[2020-12-28 14:03:35,623] {scheduler_job.py:189} INFO - Processing /opt/anaconda3/lib/python3.7/site-packages/airflow/example_dags/example_nested_branch_dag.py took 0.059 seconds
[2020-12-28 14:04:01,287] {scheduler_job.py:181} INFO - Started process (PID=17049) to work on /opt/anaconda3/lib/python3.7/site-packages/airflow/example_dags/example_nested_branch_dag.py
[2020-12-28 14:04:01,290] {scheduler_job.py:629} INFO - Processing file /opt/anaconda3/lib/python3.7/site-packages/airflow/example_dags/example_nested_branch_dag.py for tasks to queue
[2020-12-28 14:04:01,291] {logging_mixin.py:103} INFO - [2020-12-28 14:04:01,291] {dagbag.py:440} INFO - Filling up the DagBag from /opt/anaconda3/lib/python3.7/site-packages/airflow/example_dags/example_nested_branch_dag.py
[2020-12-28 14:04:01,308] {scheduler_job.py:639} INFO - DAG(s) dict_keys(['example_nested_branch_dag']) retrieved from /opt/anaconda3/lib/python3.7/site-packages/airflow/example_dags/example_nested_branch_dag.py
[2020-12-28 14:04:01,310] {logging_mixin.py:103} INFO - [2020-12-28 14:04:01,309] {dag.py:1813} INFO - Sync 1 DAGs
[2020-12-28 14:04:01,336] {logging_mixin.py:103} INFO - [2020-12-28 14:04:01,336] {dag.py:2266} INFO - Setting next_dagrun for example_nested_branch_dag to 2020-12-26 00:00:00+00:00
[2020-12-28 14:04:01,350] {scheduler_job.py:189} INFO - Processing /opt/anaconda3/lib/python3.7/site-packages/airflow/example_dags/example_nested_branch_dag.py took 0.068 seconds
[2020-12-28 14:04:28,988] {scheduler_job.py:181} INFO - Started process (PID=17170) to work on /opt/anaconda3/lib/python3.7/site-packages/airflow/example_dags/example_nested_branch_dag.py
[2020-12-28 14:04:28,989] {scheduler_job.py:629} INFO - Processing file /opt/anaconda3/lib/python3.7/site-packages/airflow/example_dags/example_nested_branch_dag.py for tasks to queue
[2020-12-28 14:04:28,990] {logging_mixin.py:103} INFO - [2020-12-28 14:04:28,990] {dagbag.py:440} INFO - Filling up the DagBag from /opt/anaconda3/lib/python3.7/site-packages/airflow/example_dags/example_nested_branch_dag.py
[2020-12-28 14:04:29,004] {scheduler_job.py:639} INFO - DAG(s) dict_keys(['example_nested_branch_dag']) retrieved from /opt/anaconda3/lib/python3.7/site-packages/airflow/example_dags/example_nested_branch_dag.py
[2020-12-28 14:04:29,005] {logging_mixin.py:103} INFO - [2020-12-28 14:04:29,005] {dag.py:1813} INFO - Sync 1 DAGs
[2020-12-28 14:04:29,018] {logging_mixin.py:103} INFO - [2020-12-28 14:04:29,018] {dag.py:1832} INFO - Creating ORM DAG for example_nested_branch_dag
[2020-12-28 14:04:29,028] {logging_mixin.py:103} INFO - [2020-12-28 14:04:29,028] {dag.py:2266} INFO - Setting next_dagrun for example_nested_branch_dag to 2020-12-26 00:00:00+00:00
[2020-12-28 14:04:29,048] {scheduler_job.py:189} INFO - Processing /opt/anaconda3/lib/python3.7/site-packages/airflow/example_dags/example_nested_branch_dag.py took 0.063 seconds
[2020-12-28 14:04:56,743] {scheduler_job.py:181} INFO - Started process (PID=17288) to work on /opt/anaconda3/lib/python3.7/site-packages/airflow/example_dags/example_nested_branch_dag.py
[2020-12-28 14:04:56,744] {scheduler_job.py:629} INFO - Processing file /opt/anaconda3/lib/python3.7/site-packages/airflow/example_dags/example_nested_branch_dag.py for tasks to queue
[2020-12-28 14:04:56,745] {logging_mixin.py:103} INFO - [2020-12-28 14:04:56,745] {dagbag.py:440} INFO - Filling up the DagBag from /opt/anaconda3/lib/python3.7/site-packages/airflow/example_dags/example_nested_branch_dag.py
[2020-12-28 14:04:56,759] {scheduler_job.py:639} INFO - DAG(s) dict_keys(['example_nested_branch_dag']) retrieved from /opt/anaconda3/lib/python3.7/site-packages/airflow/example_dags/example_nested_branch_dag.py
[2020-12-28 14:04:56,760] {logging_mixin.py:103} INFO - [2020-12-28 14:04:56,760] {dag.py:1813} INFO - Sync 1 DAGs
[2020-12-28 14:04:56,783] {logging_mixin.py:103} INFO - [2020-12-28 14:04:56,782] {dag.py:2266} INFO - Setting next_dagrun for example_nested_branch_dag to 2020-12-26 00:00:00+00:00
[2020-12-28 14:04:56,790] {scheduler_job.py:189} INFO - Processing /opt/anaconda3/lib/python3.7/site-packages/airflow/example_dags/example_nested_branch_dag.py took 0.051 seconds
[2020-12-28 14:05:23,594] {scheduler_job.py:181} INFO - Started process (PID=17391) to work on /opt/anaconda3/lib/python3.7/site-packages/airflow/example_dags/example_nested_branch_dag.py
[2020-12-28 14:05:23,596] {scheduler_job.py:629} INFO - Processing file /opt/anaconda3/lib/python3.7/site-packages/airflow/example_dags/example_nested_branch_dag.py for tasks to queue
[2020-12-28 14:05:23,597] {logging_mixin.py:103} INFO - [2020-12-28 14:05:23,596] {dagbag.py:440} INFO - Filling up the DagBag from /opt/anaconda3/lib/python3.7/site-packages/airflow/example_dags/example_nested_branch_dag.py
[2020-12-28 14:05:23,612] {scheduler_job.py:639} INFO - DAG(s) dict_keys(['example_nested_branch_dag']) retrieved from /opt/anaconda3/lib/python3.7/site-packages/airflow/example_dags/example_nested_branch_dag.py
[2020-12-28 14:05:23,613] {logging_mixin.py:103} INFO - [2020-12-28 14:05:23,613] {dag.py:1813} INFO - Sync 1 DAGs
[2020-12-28 14:05:23,637] {logging_mixin.py:103} INFO - [2020-12-28 14:05:23,636] {dag.py:2266} INFO - Setting next_dagrun for example_nested_branch_dag to 2020-12-26 00:00:00+00:00
[2020-12-28 14:05:23,649] {scheduler_job.py:189} INFO - Processing /opt/anaconda3/lib/python3.7/site-packages/airflow/example_dags/example_nested_branch_dag.py took 0.059 seconds
[2020-12-28 14:05:51,534] {scheduler_job.py:181} INFO - Started process (PID=17495) to work on /opt/anaconda3/lib/python3.7/site-packages/airflow/example_dags/example_nested_branch_dag.py
[2020-12-28 14:05:51,536] {scheduler_job.py:629} INFO - Processing file /opt/anaconda3/lib/python3.7/site-packages/airflow/example_dags/example_nested_branch_dag.py for tasks to queue
[2020-12-28 14:05:51,537] {logging_mixin.py:103} INFO - [2020-12-28 14:05:51,536] {dagbag.py:440} INFO - Filling up the DagBag from /opt/anaconda3/lib/python3.7/site-packages/airflow/example_dags/example_nested_branch_dag.py
[2020-12-28 14:05:51,551] {scheduler_job.py:639} INFO - DAG(s) dict_keys(['example_nested_branch_dag']) retrieved from /opt/anaconda3/lib/python3.7/site-packages/airflow/example_dags/example_nested_branch_dag.py
[2020-12-28 14:05:51,552] {logging_mixin.py:103} INFO - [2020-12-28 14:05:51,552] {dag.py:1813} INFO - Sync 1 DAGs
[2020-12-28 14:05:51,576] {logging_mixin.py:103} INFO - [2020-12-28 14:05:51,576] {dag.py:2266} INFO - Setting next_dagrun for example_nested_branch_dag to 2020-12-26 00:00:00+00:00
[2020-12-28 14:05:51,589] {scheduler_job.py:189} INFO - Processing /opt/anaconda3/lib/python3.7/site-packages/airflow/example_dags/example_nested_branch_dag.py took 0.059 seconds
