[2020-12-28 13:54:58,431] {scheduler_job.py:181} INFO - Started process (PID=15043) to work on /opt/anaconda3/lib/python3.7/site-packages/airflow/example_dags/example_skip_dag.py
[2020-12-28 13:54:58,432] {scheduler_job.py:629} INFO - Processing file /opt/anaconda3/lib/python3.7/site-packages/airflow/example_dags/example_skip_dag.py for tasks to queue
[2020-12-28 13:54:58,433] {logging_mixin.py:103} INFO - [2020-12-28 13:54:58,433] {dagbag.py:440} INFO - Filling up the DagBag from /opt/anaconda3/lib/python3.7/site-packages/airflow/example_dags/example_skip_dag.py
[2020-12-28 13:54:58,443] {scheduler_job.py:639} INFO - DAG(s) dict_keys(['example_skip_dag']) retrieved from /opt/anaconda3/lib/python3.7/site-packages/airflow/example_dags/example_skip_dag.py
[2020-12-28 13:54:58,444] {logging_mixin.py:103} INFO - [2020-12-28 13:54:58,444] {dag.py:1813} INFO - Sync 1 DAGs
[2020-12-28 13:54:58,463] {logging_mixin.py:103} INFO - [2020-12-28 13:54:58,463] {dag.py:2266} INFO - Setting next_dagrun for example_skip_dag to 2020-12-26 00:00:00+00:00
[2020-12-28 13:54:58,478] {scheduler_job.py:189} INFO - Processing /opt/anaconda3/lib/python3.7/site-packages/airflow/example_dags/example_skip_dag.py took 0.050 seconds
[2020-12-28 13:55:24,770] {scheduler_job.py:181} INFO - Started process (PID=15137) to work on /opt/anaconda3/lib/python3.7/site-packages/airflow/example_dags/example_skip_dag.py
[2020-12-28 13:55:24,772] {scheduler_job.py:629} INFO - Processing file /opt/anaconda3/lib/python3.7/site-packages/airflow/example_dags/example_skip_dag.py for tasks to queue
[2020-12-28 13:55:24,773] {logging_mixin.py:103} INFO - [2020-12-28 13:55:24,773] {dagbag.py:440} INFO - Filling up the DagBag from /opt/anaconda3/lib/python3.7/site-packages/airflow/example_dags/example_skip_dag.py
[2020-12-28 13:55:24,784] {scheduler_job.py:639} INFO - DAG(s) dict_keys(['example_skip_dag']) retrieved from /opt/anaconda3/lib/python3.7/site-packages/airflow/example_dags/example_skip_dag.py
[2020-12-28 13:55:24,785] {logging_mixin.py:103} INFO - [2020-12-28 13:55:24,785] {dag.py:1813} INFO - Sync 1 DAGs
[2020-12-28 13:55:24,801] {logging_mixin.py:103} INFO - [2020-12-28 13:55:24,801] {dag.py:2266} INFO - Setting next_dagrun for example_skip_dag to 2020-12-26 00:00:00+00:00
[2020-12-28 13:55:24,815] {scheduler_job.py:189} INFO - Processing /opt/anaconda3/lib/python3.7/site-packages/airflow/example_dags/example_skip_dag.py took 0.048 seconds
[2020-12-28 13:55:51,582] {scheduler_job.py:181} INFO - Started process (PID=15236) to work on /opt/anaconda3/lib/python3.7/site-packages/airflow/example_dags/example_skip_dag.py
[2020-12-28 13:55:51,583] {scheduler_job.py:629} INFO - Processing file /opt/anaconda3/lib/python3.7/site-packages/airflow/example_dags/example_skip_dag.py for tasks to queue
[2020-12-28 13:55:51,584] {logging_mixin.py:103} INFO - [2020-12-28 13:55:51,584] {dagbag.py:440} INFO - Filling up the DagBag from /opt/anaconda3/lib/python3.7/site-packages/airflow/example_dags/example_skip_dag.py
[2020-12-28 13:55:51,592] {scheduler_job.py:639} INFO - DAG(s) dict_keys(['example_skip_dag']) retrieved from /opt/anaconda3/lib/python3.7/site-packages/airflow/example_dags/example_skip_dag.py
[2020-12-28 13:55:51,593] {logging_mixin.py:103} INFO - [2020-12-28 13:55:51,593] {dag.py:1813} INFO - Sync 1 DAGs
[2020-12-28 13:55:51,609] {logging_mixin.py:103} INFO - [2020-12-28 13:55:51,608] {dag.py:2266} INFO - Setting next_dagrun for example_skip_dag to 2020-12-26 00:00:00+00:00
[2020-12-28 13:55:51,620] {scheduler_job.py:189} INFO - Processing /opt/anaconda3/lib/python3.7/site-packages/airflow/example_dags/example_skip_dag.py took 0.041 seconds
[2020-12-28 13:56:17,306] {scheduler_job.py:181} INFO - Started process (PID=15322) to work on /opt/anaconda3/lib/python3.7/site-packages/airflow/example_dags/example_skip_dag.py
[2020-12-28 13:56:17,307] {scheduler_job.py:629} INFO - Processing file /opt/anaconda3/lib/python3.7/site-packages/airflow/example_dags/example_skip_dag.py for tasks to queue
[2020-12-28 13:56:17,308] {logging_mixin.py:103} INFO - [2020-12-28 13:56:17,308] {dagbag.py:440} INFO - Filling up the DagBag from /opt/anaconda3/lib/python3.7/site-packages/airflow/example_dags/example_skip_dag.py
[2020-12-28 13:56:17,319] {scheduler_job.py:639} INFO - DAG(s) dict_keys(['example_skip_dag']) retrieved from /opt/anaconda3/lib/python3.7/site-packages/airflow/example_dags/example_skip_dag.py
[2020-12-28 13:56:17,320] {logging_mixin.py:103} INFO - [2020-12-28 13:56:17,320] {dag.py:1813} INFO - Sync 1 DAGs
[2020-12-28 13:56:17,337] {logging_mixin.py:103} INFO - [2020-12-28 13:56:17,336] {dag.py:2266} INFO - Setting next_dagrun for example_skip_dag to 2020-12-26 00:00:00+00:00
[2020-12-28 13:56:17,351] {scheduler_job.py:189} INFO - Processing /opt/anaconda3/lib/python3.7/site-packages/airflow/example_dags/example_skip_dag.py took 0.048 seconds
[2020-12-28 13:56:44,134] {scheduler_job.py:181} INFO - Started process (PID=15430) to work on /opt/anaconda3/lib/python3.7/site-packages/airflow/example_dags/example_skip_dag.py
[2020-12-28 13:56:44,135] {scheduler_job.py:629} INFO - Processing file /opt/anaconda3/lib/python3.7/site-packages/airflow/example_dags/example_skip_dag.py for tasks to queue
[2020-12-28 13:56:44,136] {logging_mixin.py:103} INFO - [2020-12-28 13:56:44,136] {dagbag.py:440} INFO - Filling up the DagBag from /opt/anaconda3/lib/python3.7/site-packages/airflow/example_dags/example_skip_dag.py
[2020-12-28 13:56:44,146] {scheduler_job.py:639} INFO - DAG(s) dict_keys(['example_skip_dag']) retrieved from /opt/anaconda3/lib/python3.7/site-packages/airflow/example_dags/example_skip_dag.py
[2020-12-28 13:56:44,148] {logging_mixin.py:103} INFO - [2020-12-28 13:56:44,147] {dag.py:1813} INFO - Sync 1 DAGs
[2020-12-28 13:56:44,165] {logging_mixin.py:103} INFO - [2020-12-28 13:56:44,164] {dag.py:2266} INFO - Setting next_dagrun for example_skip_dag to 2020-12-26 00:00:00+00:00
[2020-12-28 13:56:44,177] {scheduler_job.py:189} INFO - Processing /opt/anaconda3/lib/python3.7/site-packages/airflow/example_dags/example_skip_dag.py took 0.047 seconds
[2020-12-28 13:57:09,857] {scheduler_job.py:181} INFO - Started process (PID=15555) to work on /opt/anaconda3/lib/python3.7/site-packages/airflow/example_dags/example_skip_dag.py
[2020-12-28 13:57:09,858] {scheduler_job.py:629} INFO - Processing file /opt/anaconda3/lib/python3.7/site-packages/airflow/example_dags/example_skip_dag.py for tasks to queue
[2020-12-28 13:57:09,859] {logging_mixin.py:103} INFO - [2020-12-28 13:57:09,859] {dagbag.py:440} INFO - Filling up the DagBag from /opt/anaconda3/lib/python3.7/site-packages/airflow/example_dags/example_skip_dag.py
[2020-12-28 13:57:09,869] {scheduler_job.py:639} INFO - DAG(s) dict_keys(['example_skip_dag']) retrieved from /opt/anaconda3/lib/python3.7/site-packages/airflow/example_dags/example_skip_dag.py
[2020-12-28 13:57:09,871] {logging_mixin.py:103} INFO - [2020-12-28 13:57:09,870] {dag.py:1813} INFO - Sync 1 DAGs
[2020-12-28 13:57:09,887] {logging_mixin.py:103} INFO - [2020-12-28 13:57:09,887] {dag.py:2266} INFO - Setting next_dagrun for example_skip_dag to 2020-12-26 00:00:00+00:00
[2020-12-28 13:57:09,900] {scheduler_job.py:189} INFO - Processing /opt/anaconda3/lib/python3.7/site-packages/airflow/example_dags/example_skip_dag.py took 0.047 seconds
[2020-12-28 13:57:36,715] {scheduler_job.py:181} INFO - Started process (PID=15622) to work on /opt/anaconda3/lib/python3.7/site-packages/airflow/example_dags/example_skip_dag.py
[2020-12-28 13:57:36,718] {scheduler_job.py:629} INFO - Processing file /opt/anaconda3/lib/python3.7/site-packages/airflow/example_dags/example_skip_dag.py for tasks to queue
[2020-12-28 13:57:36,719] {logging_mixin.py:103} INFO - [2020-12-28 13:57:36,718] {dagbag.py:440} INFO - Filling up the DagBag from /opt/anaconda3/lib/python3.7/site-packages/airflow/example_dags/example_skip_dag.py
[2020-12-28 13:57:36,729] {scheduler_job.py:639} INFO - DAG(s) dict_keys(['example_skip_dag']) retrieved from /opt/anaconda3/lib/python3.7/site-packages/airflow/example_dags/example_skip_dag.py
[2020-12-28 13:57:36,730] {logging_mixin.py:103} INFO - [2020-12-28 13:57:36,730] {dag.py:1813} INFO - Sync 1 DAGs
[2020-12-28 13:57:36,747] {logging_mixin.py:103} INFO - [2020-12-28 13:57:36,747] {dag.py:2266} INFO - Setting next_dagrun for example_skip_dag to 2020-12-26 00:00:00+00:00
[2020-12-28 13:57:36,761] {scheduler_job.py:189} INFO - Processing /opt/anaconda3/lib/python3.7/site-packages/airflow/example_dags/example_skip_dag.py took 0.049 seconds
[2020-12-28 13:58:02,453] {scheduler_job.py:181} INFO - Started process (PID=15706) to work on /opt/anaconda3/lib/python3.7/site-packages/airflow/example_dags/example_skip_dag.py
[2020-12-28 13:58:02,454] {scheduler_job.py:629} INFO - Processing file /opt/anaconda3/lib/python3.7/site-packages/airflow/example_dags/example_skip_dag.py for tasks to queue
[2020-12-28 13:58:02,455] {logging_mixin.py:103} INFO - [2020-12-28 13:58:02,455] {dagbag.py:440} INFO - Filling up the DagBag from /opt/anaconda3/lib/python3.7/site-packages/airflow/example_dags/example_skip_dag.py
[2020-12-28 13:58:02,465] {scheduler_job.py:639} INFO - DAG(s) dict_keys(['example_skip_dag']) retrieved from /opt/anaconda3/lib/python3.7/site-packages/airflow/example_dags/example_skip_dag.py
[2020-12-28 13:58:02,466] {logging_mixin.py:103} INFO - [2020-12-28 13:58:02,466] {dag.py:1813} INFO - Sync 1 DAGs
[2020-12-28 13:58:02,482] {logging_mixin.py:103} INFO - [2020-12-28 13:58:02,482] {dag.py:2266} INFO - Setting next_dagrun for example_skip_dag to 2020-12-26 00:00:00+00:00
[2020-12-28 13:58:02,495] {scheduler_job.py:189} INFO - Processing /opt/anaconda3/lib/python3.7/site-packages/airflow/example_dags/example_skip_dag.py took 0.046 seconds
[2020-12-28 13:58:29,003] {scheduler_job.py:181} INFO - Started process (PID=15807) to work on /opt/anaconda3/lib/python3.7/site-packages/airflow/example_dags/example_skip_dag.py
[2020-12-28 13:58:29,005] {scheduler_job.py:629} INFO - Processing file /opt/anaconda3/lib/python3.7/site-packages/airflow/example_dags/example_skip_dag.py for tasks to queue
[2020-12-28 13:58:29,007] {logging_mixin.py:103} INFO - [2020-12-28 13:58:29,006] {dagbag.py:440} INFO - Filling up the DagBag from /opt/anaconda3/lib/python3.7/site-packages/airflow/example_dags/example_skip_dag.py
[2020-12-28 13:58:29,018] {scheduler_job.py:639} INFO - DAG(s) dict_keys(['example_skip_dag']) retrieved from /opt/anaconda3/lib/python3.7/site-packages/airflow/example_dags/example_skip_dag.py
[2020-12-28 13:58:29,019] {logging_mixin.py:103} INFO - [2020-12-28 13:58:29,019] {dag.py:1813} INFO - Sync 1 DAGs
[2020-12-28 13:58:29,035] {logging_mixin.py:103} INFO - [2020-12-28 13:58:29,035] {dag.py:2266} INFO - Setting next_dagrun for example_skip_dag to 2020-12-26 00:00:00+00:00
[2020-12-28 13:58:29,049] {scheduler_job.py:189} INFO - Processing /opt/anaconda3/lib/python3.7/site-packages/airflow/example_dags/example_skip_dag.py took 0.049 seconds
[2020-12-28 13:58:55,606] {scheduler_job.py:181} INFO - Started process (PID=15893) to work on /opt/anaconda3/lib/python3.7/site-packages/airflow/example_dags/example_skip_dag.py
[2020-12-28 13:58:55,607] {scheduler_job.py:629} INFO - Processing file /opt/anaconda3/lib/python3.7/site-packages/airflow/example_dags/example_skip_dag.py for tasks to queue
[2020-12-28 13:58:55,608] {logging_mixin.py:103} INFO - [2020-12-28 13:58:55,608] {dagbag.py:440} INFO - Filling up the DagBag from /opt/anaconda3/lib/python3.7/site-packages/airflow/example_dags/example_skip_dag.py
[2020-12-28 13:58:55,618] {scheduler_job.py:639} INFO - DAG(s) dict_keys(['example_skip_dag']) retrieved from /opt/anaconda3/lib/python3.7/site-packages/airflow/example_dags/example_skip_dag.py
[2020-12-28 13:58:55,642] {logging_mixin.py:103} INFO - [2020-12-28 13:58:55,642] {dag.py:1813} INFO - Sync 1 DAGs
[2020-12-28 13:58:55,657] {logging_mixin.py:103} INFO - [2020-12-28 13:58:55,656] {dag.py:2266} INFO - Setting next_dagrun for example_skip_dag to 2020-12-26 00:00:00+00:00
[2020-12-28 13:58:55,669] {scheduler_job.py:189} INFO - Processing /opt/anaconda3/lib/python3.7/site-packages/airflow/example_dags/example_skip_dag.py took 0.067 seconds
[2020-12-28 13:59:21,338] {scheduler_job.py:181} INFO - Started process (PID=15972) to work on /opt/anaconda3/lib/python3.7/site-packages/airflow/example_dags/example_skip_dag.py
[2020-12-28 13:59:21,340] {scheduler_job.py:629} INFO - Processing file /opt/anaconda3/lib/python3.7/site-packages/airflow/example_dags/example_skip_dag.py for tasks to queue
[2020-12-28 13:59:21,341] {logging_mixin.py:103} INFO - [2020-12-28 13:59:21,340] {dagbag.py:440} INFO - Filling up the DagBag from /opt/anaconda3/lib/python3.7/site-packages/airflow/example_dags/example_skip_dag.py
[2020-12-28 13:59:21,351] {scheduler_job.py:639} INFO - DAG(s) dict_keys(['example_skip_dag']) retrieved from /opt/anaconda3/lib/python3.7/site-packages/airflow/example_dags/example_skip_dag.py
[2020-12-28 13:59:21,353] {logging_mixin.py:103} INFO - [2020-12-28 13:59:21,353] {dag.py:1813} INFO - Sync 1 DAGs
[2020-12-28 13:59:21,370] {logging_mixin.py:103} INFO - [2020-12-28 13:59:21,370] {dag.py:2266} INFO - Setting next_dagrun for example_skip_dag to 2020-12-26 00:00:00+00:00
[2020-12-28 13:59:21,384] {scheduler_job.py:189} INFO - Processing /opt/anaconda3/lib/python3.7/site-packages/airflow/example_dags/example_skip_dag.py took 0.049 seconds
[2020-12-28 13:59:46,456] {scheduler_job.py:181} INFO - Started process (PID=16060) to work on /opt/anaconda3/lib/python3.7/site-packages/airflow/example_dags/example_skip_dag.py
[2020-12-28 13:59:46,457] {scheduler_job.py:629} INFO - Processing file /opt/anaconda3/lib/python3.7/site-packages/airflow/example_dags/example_skip_dag.py for tasks to queue
[2020-12-28 13:59:46,458] {logging_mixin.py:103} INFO - [2020-12-28 13:59:46,458] {dagbag.py:440} INFO - Filling up the DagBag from /opt/anaconda3/lib/python3.7/site-packages/airflow/example_dags/example_skip_dag.py
[2020-12-28 13:59:46,468] {scheduler_job.py:639} INFO - DAG(s) dict_keys(['example_skip_dag']) retrieved from /opt/anaconda3/lib/python3.7/site-packages/airflow/example_dags/example_skip_dag.py
[2020-12-28 13:59:46,470] {logging_mixin.py:103} INFO - [2020-12-28 13:59:46,469] {dag.py:1813} INFO - Sync 1 DAGs
[2020-12-28 13:59:46,486] {logging_mixin.py:103} INFO - [2020-12-28 13:59:46,486] {dag.py:2266} INFO - Setting next_dagrun for example_skip_dag to 2020-12-26 00:00:00+00:00
[2020-12-28 13:59:46,498] {scheduler_job.py:189} INFO - Processing /opt/anaconda3/lib/python3.7/site-packages/airflow/example_dags/example_skip_dag.py took 0.046 seconds
[2020-12-28 14:00:12,761] {scheduler_job.py:181} INFO - Started process (PID=16146) to work on /opt/anaconda3/lib/python3.7/site-packages/airflow/example_dags/example_skip_dag.py
[2020-12-28 14:00:12,763] {scheduler_job.py:629} INFO - Processing file /opt/anaconda3/lib/python3.7/site-packages/airflow/example_dags/example_skip_dag.py for tasks to queue
[2020-12-28 14:00:12,764] {logging_mixin.py:103} INFO - [2020-12-28 14:00:12,764] {dagbag.py:440} INFO - Filling up the DagBag from /opt/anaconda3/lib/python3.7/site-packages/airflow/example_dags/example_skip_dag.py
[2020-12-28 14:00:12,775] {scheduler_job.py:639} INFO - DAG(s) dict_keys(['example_skip_dag']) retrieved from /opt/anaconda3/lib/python3.7/site-packages/airflow/example_dags/example_skip_dag.py
[2020-12-28 14:00:12,776] {logging_mixin.py:103} INFO - [2020-12-28 14:00:12,776] {dag.py:1813} INFO - Sync 1 DAGs
[2020-12-28 14:00:12,792] {logging_mixin.py:103} INFO - [2020-12-28 14:00:12,792] {dag.py:2266} INFO - Setting next_dagrun for example_skip_dag to 2020-12-26 00:00:00+00:00
[2020-12-28 14:00:12,805] {scheduler_job.py:189} INFO - Processing /opt/anaconda3/lib/python3.7/site-packages/airflow/example_dags/example_skip_dag.py took 0.047 seconds
[2020-12-28 14:00:38,479] {scheduler_job.py:181} INFO - Started process (PID=16250) to work on /opt/anaconda3/lib/python3.7/site-packages/airflow/example_dags/example_skip_dag.py
[2020-12-28 14:00:38,481] {scheduler_job.py:629} INFO - Processing file /opt/anaconda3/lib/python3.7/site-packages/airflow/example_dags/example_skip_dag.py for tasks to queue
[2020-12-28 14:00:38,482] {logging_mixin.py:103} INFO - [2020-12-28 14:00:38,482] {dagbag.py:440} INFO - Filling up the DagBag from /opt/anaconda3/lib/python3.7/site-packages/airflow/example_dags/example_skip_dag.py
[2020-12-28 14:00:38,492] {scheduler_job.py:639} INFO - DAG(s) dict_keys(['example_skip_dag']) retrieved from /opt/anaconda3/lib/python3.7/site-packages/airflow/example_dags/example_skip_dag.py
[2020-12-28 14:00:38,494] {logging_mixin.py:103} INFO - [2020-12-28 14:00:38,493] {dag.py:1813} INFO - Sync 1 DAGs
[2020-12-28 14:00:38,511] {logging_mixin.py:103} INFO - [2020-12-28 14:00:38,511] {dag.py:2266} INFO - Setting next_dagrun for example_skip_dag to 2020-12-26 00:00:00+00:00
[2020-12-28 14:00:38,524] {scheduler_job.py:189} INFO - Processing /opt/anaconda3/lib/python3.7/site-packages/airflow/example_dags/example_skip_dag.py took 0.048 seconds
[2020-12-28 14:01:05,337] {scheduler_job.py:181} INFO - Started process (PID=16341) to work on /opt/anaconda3/lib/python3.7/site-packages/airflow/example_dags/example_skip_dag.py
[2020-12-28 14:01:05,338] {scheduler_job.py:629} INFO - Processing file /opt/anaconda3/lib/python3.7/site-packages/airflow/example_dags/example_skip_dag.py for tasks to queue
[2020-12-28 14:01:05,339] {logging_mixin.py:103} INFO - [2020-12-28 14:01:05,339] {dagbag.py:440} INFO - Filling up the DagBag from /opt/anaconda3/lib/python3.7/site-packages/airflow/example_dags/example_skip_dag.py
[2020-12-28 14:01:05,350] {scheduler_job.py:639} INFO - DAG(s) dict_keys(['example_skip_dag']) retrieved from /opt/anaconda3/lib/python3.7/site-packages/airflow/example_dags/example_skip_dag.py
[2020-12-28 14:01:05,352] {logging_mixin.py:103} INFO - [2020-12-28 14:01:05,351] {dag.py:1813} INFO - Sync 1 DAGs
[2020-12-28 14:01:05,370] {logging_mixin.py:103} INFO - [2020-12-28 14:01:05,370] {dag.py:2266} INFO - Setting next_dagrun for example_skip_dag to 2020-12-26 00:00:00+00:00
[2020-12-28 14:01:05,383] {scheduler_job.py:189} INFO - Processing /opt/anaconda3/lib/python3.7/site-packages/airflow/example_dags/example_skip_dag.py took 0.050 seconds
[2020-12-28 14:01:31,023] {scheduler_job.py:181} INFO - Started process (PID=16428) to work on /opt/anaconda3/lib/python3.7/site-packages/airflow/example_dags/example_skip_dag.py
[2020-12-28 14:01:31,025] {scheduler_job.py:629} INFO - Processing file /opt/anaconda3/lib/python3.7/site-packages/airflow/example_dags/example_skip_dag.py for tasks to queue
[2020-12-28 14:01:31,026] {logging_mixin.py:103} INFO - [2020-12-28 14:01:31,026] {dagbag.py:440} INFO - Filling up the DagBag from /opt/anaconda3/lib/python3.7/site-packages/airflow/example_dags/example_skip_dag.py
[2020-12-28 14:01:31,038] {scheduler_job.py:639} INFO - DAG(s) dict_keys(['example_skip_dag']) retrieved from /opt/anaconda3/lib/python3.7/site-packages/airflow/example_dags/example_skip_dag.py
[2020-12-28 14:01:31,039] {logging_mixin.py:103} INFO - [2020-12-28 14:01:31,039] {dag.py:1813} INFO - Sync 1 DAGs
[2020-12-28 14:01:31,060] {logging_mixin.py:103} INFO - [2020-12-28 14:01:31,059] {dag.py:2266} INFO - Setting next_dagrun for example_skip_dag to 2020-12-26 00:00:00+00:00
[2020-12-28 14:01:31,074] {scheduler_job.py:189} INFO - Processing /opt/anaconda3/lib/python3.7/site-packages/airflow/example_dags/example_skip_dag.py took 0.054 seconds
[2020-12-28 14:01:57,597] {scheduler_job.py:181} INFO - Started process (PID=16542) to work on /opt/anaconda3/lib/python3.7/site-packages/airflow/example_dags/example_skip_dag.py
[2020-12-28 14:01:57,599] {scheduler_job.py:629} INFO - Processing file /opt/anaconda3/lib/python3.7/site-packages/airflow/example_dags/example_skip_dag.py for tasks to queue
[2020-12-28 14:01:57,600] {logging_mixin.py:103} INFO - [2020-12-28 14:01:57,600] {dagbag.py:440} INFO - Filling up the DagBag from /opt/anaconda3/lib/python3.7/site-packages/airflow/example_dags/example_skip_dag.py
[2020-12-28 14:01:57,612] {scheduler_job.py:639} INFO - DAG(s) dict_keys(['example_skip_dag']) retrieved from /opt/anaconda3/lib/python3.7/site-packages/airflow/example_dags/example_skip_dag.py
[2020-12-28 14:01:57,613] {logging_mixin.py:103} INFO - [2020-12-28 14:01:57,613] {dag.py:1813} INFO - Sync 1 DAGs
[2020-12-28 14:01:57,630] {logging_mixin.py:103} INFO - [2020-12-28 14:01:57,630] {dag.py:2266} INFO - Setting next_dagrun for example_skip_dag to 2020-12-26 00:00:00+00:00
[2020-12-28 14:01:57,643] {scheduler_job.py:189} INFO - Processing /opt/anaconda3/lib/python3.7/site-packages/airflow/example_dags/example_skip_dag.py took 0.049 seconds
[2020-12-28 14:02:24,702] {scheduler_job.py:181} INFO - Started process (PID=16706) to work on /opt/anaconda3/lib/python3.7/site-packages/airflow/example_dags/example_skip_dag.py
[2020-12-28 14:02:24,704] {scheduler_job.py:629} INFO - Processing file /opt/anaconda3/lib/python3.7/site-packages/airflow/example_dags/example_skip_dag.py for tasks to queue
[2020-12-28 14:02:24,705] {logging_mixin.py:103} INFO - [2020-12-28 14:02:24,705] {dagbag.py:440} INFO - Filling up the DagBag from /opt/anaconda3/lib/python3.7/site-packages/airflow/example_dags/example_skip_dag.py
[2020-12-28 14:02:24,716] {scheduler_job.py:639} INFO - DAG(s) dict_keys(['example_skip_dag']) retrieved from /opt/anaconda3/lib/python3.7/site-packages/airflow/example_dags/example_skip_dag.py
[2020-12-28 14:02:24,736] {logging_mixin.py:103} INFO - [2020-12-28 14:02:24,736] {dag.py:1813} INFO - Sync 1 DAGs
[2020-12-28 14:02:24,755] {logging_mixin.py:103} INFO - [2020-12-28 14:02:24,754] {dag.py:2266} INFO - Setting next_dagrun for example_skip_dag to 2020-12-26 00:00:00+00:00
[2020-12-28 14:02:24,769] {scheduler_job.py:189} INFO - Processing /opt/anaconda3/lib/python3.7/site-packages/airflow/example_dags/example_skip_dag.py took 0.070 seconds
[2020-12-28 14:02:50,422] {scheduler_job.py:181} INFO - Started process (PID=16792) to work on /opt/anaconda3/lib/python3.7/site-packages/airflow/example_dags/example_skip_dag.py
[2020-12-28 14:02:50,423] {scheduler_job.py:629} INFO - Processing file /opt/anaconda3/lib/python3.7/site-packages/airflow/example_dags/example_skip_dag.py for tasks to queue
[2020-12-28 14:02:50,424] {logging_mixin.py:103} INFO - [2020-12-28 14:02:50,424] {dagbag.py:440} INFO - Filling up the DagBag from /opt/anaconda3/lib/python3.7/site-packages/airflow/example_dags/example_skip_dag.py
[2020-12-28 14:02:50,435] {scheduler_job.py:639} INFO - DAG(s) dict_keys(['example_skip_dag']) retrieved from /opt/anaconda3/lib/python3.7/site-packages/airflow/example_dags/example_skip_dag.py
[2020-12-28 14:02:50,436] {logging_mixin.py:103} INFO - [2020-12-28 14:02:50,436] {dag.py:1813} INFO - Sync 1 DAGs
[2020-12-28 14:02:50,455] {logging_mixin.py:103} INFO - [2020-12-28 14:02:50,455] {dag.py:2266} INFO - Setting next_dagrun for example_skip_dag to 2020-12-26 00:00:00+00:00
[2020-12-28 14:02:50,469] {scheduler_job.py:189} INFO - Processing /opt/anaconda3/lib/python3.7/site-packages/airflow/example_dags/example_skip_dag.py took 0.050 seconds
[2020-12-28 14:03:16,726] {scheduler_job.py:181} INFO - Started process (PID=16879) to work on /opt/anaconda3/lib/python3.7/site-packages/airflow/example_dags/example_skip_dag.py
[2020-12-28 14:03:16,728] {scheduler_job.py:629} INFO - Processing file /opt/anaconda3/lib/python3.7/site-packages/airflow/example_dags/example_skip_dag.py for tasks to queue
[2020-12-28 14:03:16,729] {logging_mixin.py:103} INFO - [2020-12-28 14:03:16,728] {dagbag.py:440} INFO - Filling up the DagBag from /opt/anaconda3/lib/python3.7/site-packages/airflow/example_dags/example_skip_dag.py
[2020-12-28 14:03:16,739] {scheduler_job.py:639} INFO - DAG(s) dict_keys(['example_skip_dag']) retrieved from /opt/anaconda3/lib/python3.7/site-packages/airflow/example_dags/example_skip_dag.py
[2020-12-28 14:03:16,740] {logging_mixin.py:103} INFO - [2020-12-28 14:03:16,740] {dag.py:1813} INFO - Sync 1 DAGs
[2020-12-28 14:03:16,756] {logging_mixin.py:103} INFO - [2020-12-28 14:03:16,756] {dag.py:2266} INFO - Setting next_dagrun for example_skip_dag to 2020-12-26 00:00:00+00:00
[2020-12-28 14:03:16,769] {scheduler_job.py:189} INFO - Processing /opt/anaconda3/lib/python3.7/site-packages/airflow/example_dags/example_skip_dag.py took 0.046 seconds
[2020-12-28 14:03:42,982] {scheduler_job.py:181} INFO - Started process (PID=16967) to work on /opt/anaconda3/lib/python3.7/site-packages/airflow/example_dags/example_skip_dag.py
[2020-12-28 14:03:42,983] {scheduler_job.py:629} INFO - Processing file /opt/anaconda3/lib/python3.7/site-packages/airflow/example_dags/example_skip_dag.py for tasks to queue
[2020-12-28 14:03:42,985] {logging_mixin.py:103} INFO - [2020-12-28 14:03:42,984] {dagbag.py:440} INFO - Filling up the DagBag from /opt/anaconda3/lib/python3.7/site-packages/airflow/example_dags/example_skip_dag.py
[2020-12-28 14:03:42,997] {scheduler_job.py:639} INFO - DAG(s) dict_keys(['example_skip_dag']) retrieved from /opt/anaconda3/lib/python3.7/site-packages/airflow/example_dags/example_skip_dag.py
[2020-12-28 14:03:42,999] {logging_mixin.py:103} INFO - [2020-12-28 14:03:42,998] {dag.py:1813} INFO - Sync 1 DAGs
[2020-12-28 14:03:43,017] {logging_mixin.py:103} INFO - [2020-12-28 14:03:43,017] {dag.py:2266} INFO - Setting next_dagrun for example_skip_dag to 2020-12-26 00:00:00+00:00
[2020-12-28 14:03:43,032] {scheduler_job.py:189} INFO - Processing /opt/anaconda3/lib/python3.7/site-packages/airflow/example_dags/example_skip_dag.py took 0.054 seconds
[2020-12-28 14:04:08,699] {scheduler_job.py:181} INFO - Started process (PID=17072) to work on /opt/anaconda3/lib/python3.7/site-packages/airflow/example_dags/example_skip_dag.py
[2020-12-28 14:04:08,701] {scheduler_job.py:629} INFO - Processing file /opt/anaconda3/lib/python3.7/site-packages/airflow/example_dags/example_skip_dag.py for tasks to queue
[2020-12-28 14:04:08,702] {logging_mixin.py:103} INFO - [2020-12-28 14:04:08,702] {dagbag.py:440} INFO - Filling up the DagBag from /opt/anaconda3/lib/python3.7/site-packages/airflow/example_dags/example_skip_dag.py
[2020-12-28 14:04:08,717] {scheduler_job.py:639} INFO - DAG(s) dict_keys(['example_skip_dag']) retrieved from /opt/anaconda3/lib/python3.7/site-packages/airflow/example_dags/example_skip_dag.py
[2020-12-28 14:04:08,719] {logging_mixin.py:103} INFO - [2020-12-28 14:04:08,719] {dag.py:1813} INFO - Sync 1 DAGs
[2020-12-28 14:04:08,738] {logging_mixin.py:103} INFO - [2020-12-28 14:04:08,737] {dag.py:2266} INFO - Setting next_dagrun for example_skip_dag to 2020-12-26 00:00:00+00:00
[2020-12-28 14:04:08,752] {scheduler_job.py:189} INFO - Processing /opt/anaconda3/lib/python3.7/site-packages/airflow/example_dags/example_skip_dag.py took 0.057 seconds
[2020-12-28 14:04:36,172] {scheduler_job.py:181} INFO - Started process (PID=17194) to work on /opt/anaconda3/lib/python3.7/site-packages/airflow/example_dags/example_skip_dag.py
[2020-12-28 14:04:36,173] {scheduler_job.py:629} INFO - Processing file /opt/anaconda3/lib/python3.7/site-packages/airflow/example_dags/example_skip_dag.py for tasks to queue
[2020-12-28 14:04:36,174] {logging_mixin.py:103} INFO - [2020-12-28 14:04:36,174] {dagbag.py:440} INFO - Filling up the DagBag from /opt/anaconda3/lib/python3.7/site-packages/airflow/example_dags/example_skip_dag.py
[2020-12-28 14:04:36,184] {scheduler_job.py:639} INFO - DAG(s) dict_keys(['example_skip_dag']) retrieved from /opt/anaconda3/lib/python3.7/site-packages/airflow/example_dags/example_skip_dag.py
[2020-12-28 14:04:36,186] {logging_mixin.py:103} INFO - [2020-12-28 14:04:36,185] {dag.py:1813} INFO - Sync 1 DAGs
[2020-12-28 14:04:36,198] {logging_mixin.py:103} INFO - [2020-12-28 14:04:36,197] {dag.py:1832} INFO - Creating ORM DAG for example_skip_dag
[2020-12-28 14:04:36,202] {logging_mixin.py:103} INFO - [2020-12-28 14:04:36,202] {dag.py:2266} INFO - Setting next_dagrun for example_skip_dag to 2020-12-26 00:00:00+00:00
[2020-12-28 14:04:36,222] {scheduler_job.py:189} INFO - Processing /opt/anaconda3/lib/python3.7/site-packages/airflow/example_dags/example_skip_dag.py took 0.054 seconds
[2020-12-28 14:05:01,882] {scheduler_job.py:181} INFO - Started process (PID=17306) to work on /opt/anaconda3/lib/python3.7/site-packages/airflow/example_dags/example_skip_dag.py
[2020-12-28 14:05:01,883] {scheduler_job.py:629} INFO - Processing file /opt/anaconda3/lib/python3.7/site-packages/airflow/example_dags/example_skip_dag.py for tasks to queue
[2020-12-28 14:05:01,884] {logging_mixin.py:103} INFO - [2020-12-28 14:05:01,884] {dagbag.py:440} INFO - Filling up the DagBag from /opt/anaconda3/lib/python3.7/site-packages/airflow/example_dags/example_skip_dag.py
[2020-12-28 14:05:01,895] {scheduler_job.py:639} INFO - DAG(s) dict_keys(['example_skip_dag']) retrieved from /opt/anaconda3/lib/python3.7/site-packages/airflow/example_dags/example_skip_dag.py
[2020-12-28 14:05:01,896] {logging_mixin.py:103} INFO - [2020-12-28 14:05:01,896] {dag.py:1813} INFO - Sync 1 DAGs
[2020-12-28 14:05:01,913] {logging_mixin.py:103} INFO - [2020-12-28 14:05:01,912] {dag.py:2266} INFO - Setting next_dagrun for example_skip_dag to 2020-12-26 00:00:00+00:00
[2020-12-28 14:05:01,921] {scheduler_job.py:189} INFO - Processing /opt/anaconda3/lib/python3.7/site-packages/airflow/example_dags/example_skip_dag.py took 0.042 seconds
[2020-12-28 14:05:29,565] {scheduler_job.py:181} INFO - Started process (PID=17412) to work on /opt/anaconda3/lib/python3.7/site-packages/airflow/example_dags/example_skip_dag.py
[2020-12-28 14:05:29,566] {scheduler_job.py:629} INFO - Processing file /opt/anaconda3/lib/python3.7/site-packages/airflow/example_dags/example_skip_dag.py for tasks to queue
[2020-12-28 14:05:29,567] {logging_mixin.py:103} INFO - [2020-12-28 14:05:29,567] {dagbag.py:440} INFO - Filling up the DagBag from /opt/anaconda3/lib/python3.7/site-packages/airflow/example_dags/example_skip_dag.py
[2020-12-28 14:05:29,578] {scheduler_job.py:639} INFO - DAG(s) dict_keys(['example_skip_dag']) retrieved from /opt/anaconda3/lib/python3.7/site-packages/airflow/example_dags/example_skip_dag.py
[2020-12-28 14:05:29,579] {logging_mixin.py:103} INFO - [2020-12-28 14:05:29,579] {dag.py:1813} INFO - Sync 1 DAGs
[2020-12-28 14:05:29,596] {logging_mixin.py:103} INFO - [2020-12-28 14:05:29,596] {dag.py:2266} INFO - Setting next_dagrun for example_skip_dag to 2020-12-26 00:00:00+00:00
[2020-12-28 14:05:29,610] {scheduler_job.py:189} INFO - Processing /opt/anaconda3/lib/python3.7/site-packages/airflow/example_dags/example_skip_dag.py took 0.048 seconds
